[2023-06-08 16:01:45][[reload_watcher-a]][info] excel to reload:

[2023-06-08 16:01:45][[reload_watcher-a]][info] file to reload:
./gamelogic/service/agent/msg_handles/role.lua
[2023-06-08 16:05:51][[reload_watcher-a]][info] excel to reload:

[2023-06-08 16:05:51][[reload_watcher-a]][info] file to reload:
./service/clusterd/clusterd_utils.lua
[2023-06-08 16:05:51][[clusterd-d]][info] reload_mod begin: clusterd_utils <==> ./service/clusterd/clusterd_utils.lua
[2023-06-08 16:05:52][[reload_watcher-a]][info] excel to reload:

[2023-06-08 16:05:52][[reload_watcher-a]][info] file to reload:
./service/clusterd/clusterd_utils.lua
[2023-06-08 16:05:52][[clusterd-d]][info] reload_mod begin: clusterd_utils <==> ./service/clusterd/clusterd_utils.lua
[2023-06-08 16:06:34][[reload_watcher-a]][info] excel to reload:

[2023-06-08 16:06:34][[reload_watcher-a]][info] file to reload:
./gamelogic/service/agent/meta_table/recharge.lua
[2023-06-08 16:08:33][[reload_watcher-a]][info] excel to reload:

[2023-06-08 16:08:33][[reload_watcher-a]][info] file to reload:
./gamelogic/service/agent/msg_handles/role.lua
[2023-06-08 16:08:34][[reload_watcher-a]][info] excel to reload:

[2023-06-08 16:08:34][[reload_watcher-a]][info] file to reload:
./gamelogic/service/agent/msg_handles/role.lua
[2023-06-08 16:08:36][[reload_watcher-a]][info] excel to reload:

[2023-06-08 16:08:36][[reload_watcher-a]][info] file to reload:
./gamelogic/service/agent/msg_handles/role.lua
[2023-06-08 16:08:37][[reload_watcher-a]][info] excel to reload:

[2023-06-08 16:08:37][[reload_watcher-a]][info] file to reload:
./gamelogic/service/agent/msg_handles/role.lua
[2023-06-08 16:08:39][[reload_watcher-a]][info] excel to reload:

[2023-06-08 16:08:39][[reload_watcher-a]][info] file to reload:
./gamelogic/service/agent/msg_handles/role.lua
[2023-06-08 16:09:26][[reload_watcher-a]][info] excel to reload:

[2023-06-08 16:09:26][[reload_watcher-a]][info] file to reload:
./gamelogic/service/world/lua_handles.lua
[2023-06-08 16:10:20][[reload_watcher-a]][info] excel to reload:

[2023-06-08 16:10:20][[reload_watcher-a]][info] file to reload:
./gamelogic/service/world/lua_handles.lua
[2023-06-08 16:11:26][[reload_watcher-a]][info] excel to reload:

[2023-06-08 16:11:26][[reload_watcher-a]][info] file to reload:
./gamelogic/service/world/lua_handles.lua
[2023-06-08 16:11:27][[reload_watcher-a]][info] excel to reload:

[2023-06-08 16:11:27][[reload_watcher-a]][info] file to reload:
./gamelogic/service/world/lua_handles.lua
[2023-06-08 16:12:36][[reload_watcher-a]][info] excel to reload:

[2023-06-08 16:12:36][[reload_watcher-a]][info] file to reload:
./gamelogic/service/world/lua_handles.lua
[2023-06-08 16:12:37][[reload_watcher-a]][info] excel to reload:

[2023-06-08 16:12:37][[reload_watcher-a]][info] file to reload:
./gamelogic/service/world/lua_handles.lua
[2023-06-08 16:12:39][[reload_watcher-a]][info] excel to reload:

[2023-06-08 16:12:39][[reload_watcher-a]][info] file to reload:
./gamelogic/service/world/lua_handles.lua
[2023-06-08 16:12:40][[reload_watcher-a]][info] excel to reload:

[2023-06-08 16:12:40][[reload_watcher-a]][info] file to reload:
./gamelogic/service/world/lua_handles.lua
[2023-06-08 16:12:48][[reload_watcher-a]][info] excel to reload:

[2023-06-08 16:12:48][[reload_watcher-a]][info] file to reload:
./gamelogic/service/world/lua_handles.lua
[2023-06-08 16:12:49][[reload_watcher-a]][info] excel to reload:

[2023-06-08 16:12:49][[reload_watcher-a]][info] file to reload:
./gamelogic/service/world/lua_handles.lua
[2023-06-08 16:12:50][[reload_watcher-a]][info] excel to reload:

[2023-06-08 16:12:50][[reload_watcher-a]][info] file to reload:
./gamelogic/service/world/lua_handles.lua
[2023-06-08 16:12:51][[reload_watcher-a]][info] excel to reload:

[2023-06-08 16:12:51][[reload_watcher-a]][info] file to reload:
./gamelogic/service/world/lua_handles.lua
[2023-06-08 16:12:55][[reload_watcher-a]][info] excel to reload:

[2023-06-08 16:12:55][[reload_watcher-a]][info] file to reload:
./gamelogic/service/world/lua_handles.lua
[2023-06-08 16:13:05][[reload_watcher-a]][info] excel to reload:

[2023-06-08 16:13:05][[reload_watcher-a]][info] file to reload:
./gamelogic/service/world/lua_handles.lua
[2023-06-08 16:13:13][[reload_watcher-a]][info] excel to reload:

[2023-06-08 16:13:13][[reload_watcher-a]][info] file to reload:
./gamelogic/service/world/lua_handles.lua
[2023-06-08 16:13:15][[reload_watcher-a]][info] excel to reload:

[2023-06-08 16:13:15][[reload_watcher-a]][info] file to reload:
./gamelogic/service/world/lua_handles.lua
[2023-06-08 16:13:16][[reload_watcher-a]][info] excel to reload:

[2023-06-08 16:13:16][[reload_watcher-a]][info] file to reload:
./gamelogic/service/world/lua_handles.lua
[2023-06-08 16:13:18][[reload_watcher-a]][info] excel to reload:

[2023-06-08 16:13:18][[reload_watcher-a]][info] file to reload:
./gamelogic/service/world/lua_handles.lua
[2023-06-08 16:14:23][[reload_watcher-a]][info] excel to reload:

[2023-06-08 16:14:23][[reload_watcher-a]][info] file to reload:
./gamelogic/lualib/schema_world.lua
[2023-06-08 16:15:33][[reload_watcher-a]][info] excel to reload:

[2023-06-08 16:15:33][[reload_watcher-a]][info] file to reload:
./gamelogic/service/world/lua_handles.lua
[2023-06-08 16:15:39][[reload_watcher-a]][info] excel to reload:

[2023-06-08 16:15:39][[reload_watcher-a]][info] file to reload:
./gamelogic/service/world/lua_handles.lua
[2023-06-08 16:15:46][[reload_watcher-a]][info] excel to reload:

[2023-06-08 16:15:46][[reload_watcher-a]][info] file to reload:
./gamelogic/service/world/lua_handles.lua
[2023-06-08 16:15:47][[reload_watcher-a]][info] excel to reload:

[2023-06-08 16:15:47][[reload_watcher-a]][info] file to reload:
./gamelogic/service/world/lua_handles.lua
[2023-06-08 16:15:50][[reload_watcher-a]][info] excel to reload:

[2023-06-08 16:15:50][[reload_watcher-a]][info] file to reload:
./gamelogic/service/world/lua_handles.lua
[2023-06-08 16:15:59][[reload_watcher-a]][info] excel to reload:

[2023-06-08 16:15:59][[reload_watcher-a]][info] file to reload:
./gamelogic/service/agent/msg_handles/role.lua
[2023-06-08 16:19:01][[reload_watcher-a]][info] excel to reload:

[2023-06-08 16:19:01][[reload_watcher-a]][info] file to reload:
./gamelogic/service/agent/msg_handles/role.lua
[2023-06-08 16:19:07][[reload_watcher-a]][info] excel to reload:

[2023-06-08 16:19:07][[reload_watcher-a]][info] file to reload:
./gamelogic/service/agent/msg_handles/role.lua
[2023-06-08 16:19:09][[reload_watcher-a]][info] excel to reload:

[2023-06-08 16:19:09][[reload_watcher-a]][info] file to reload:
./gamelogic/service/agent/msg_handles/role.lua
[2023-06-08 16:19:16][[reload_watcher-a]][info] excel to reload:

[2023-06-08 16:19:16][[reload_watcher-a]][info] file to reload:
./gamelogic/service/agent/msg_handles/role.lua
[2023-06-08 16:19:18][[reload_watcher-a]][info] excel to reload:

[2023-06-08 16:19:18][[reload_watcher-a]][info] file to reload:
./gamelogic/service/agent/msg_handles/role.lua
[2023-06-08 16:19:20][[reload_watcher-a]][info] excel to reload:

[2023-06-08 16:19:20][[reload_watcher-a]][info] file to reload:
./gamelogic/service/agent/msg_handles/role.lua
[2023-06-08 16:19:22][[reload_watcher-a]][info] excel to reload:

[2023-06-08 16:19:22][[reload_watcher-a]][info] file to reload:
./gamelogic/service/agent/msg_handles/role.lua
[2023-06-08 16:19:25][[reload_watcher-a]][info] excel to reload:

[2023-06-08 16:19:25][[reload_watcher-a]][info] file to reload:
./gamelogic/service/agent/msg_handles/role.lua
[2023-06-08 16:19:31][[reload_watcher-a]][info] excel to reload:

[2023-06-08 16:19:31][[reload_watcher-a]][info] file to reload:
./gamelogic/service/agent/msg_handles/role.lua
[2023-06-08 16:19:33][[reload_watcher-a]][info] excel to reload:

[2023-06-08 16:19:33][[reload_watcher-a]][info] file to reload:
./gamelogic/service/agent/msg_handles/role.lua
[2023-06-08 16:19:36][[reload_watcher-a]][info] excel to reload:

[2023-06-08 16:19:36][[reload_watcher-a]][info] file to reload:
./gamelogic/service/agent/msg_handles/role.lua
[2023-06-08 16:19:38][[reload_watcher-a]][info] excel to reload:

[2023-06-08 16:19:38][[reload_watcher-a]][info] file to reload:
./gamelogic/service/agent/msg_handles/role.lua
[2023-06-08 16:19:42][[reload_watcher-a]][info] excel to reload:

[2023-06-08 16:19:42][[reload_watcher-a]][info] file to reload:
./gamelogic/service/agent/msg_handles/role.lua
[2023-06-08 16:19:44][[reload_watcher-a]][info] excel to reload:

[2023-06-08 16:19:44][[reload_watcher-a]][info] file to reload:
./gamelogic/service/agent/msg_handles/role.lua
[2023-06-08 16:19:46][[reload_watcher-a]][info] excel to reload:

[2023-06-08 16:19:46][[reload_watcher-a]][info] file to reload:
./gamelogic/service/agent/msg_handles/role.lua
[2023-06-08 16:19:57][[reload_watcher-a]][info] excel to reload:

[2023-06-08 16:19:57][[reload_watcher-a]][info] file to reload:
./gamelogic/service/agent/msg_handles/role.lua
[2023-06-08 16:22:02][[reload_watcher-a]][info] excel to reload:

[2023-06-08 16:22:02][[reload_watcher-a]][info] file to reload:
./gamelogic/lualib/node_base.lua
[2023-06-08 16:22:02][[chat_launcher-8]][info] reload_mod begin: node_base <==> ./gamelogic/lualib/node_base.lua
[2023-06-08 16:22:02][[chat-10]][info] reload_mod begin: msg_utils.sproto_msg_utils <==> ./lualib/msg_utils/sproto_msg_utils.lua
[2023-06-08 16:22:02][[chat_launcher-8]][info] reload_mod begin: msg_utils.sproto_msg_utils <==> ./lualib/msg_utils/sproto_msg_utils.lua
[2023-06-08 16:22:56][[reload_watcher-a]][info] excel to reload:

[2023-06-08 16:22:56][[reload_watcher-a]][info] file to reload:
./gamelogic/service/agent/msg_handles/role.lua
[2023-06-08 16:23:01][[reload_watcher-a]][info] excel to reload:

[2023-06-08 16:23:01][[reload_watcher-a]][info] file to reload:
./gamelogic/service/agent/msg_handles/role.lua
[2023-06-08 16:23:07][[reload_watcher-a]][info] excel to reload:

[2023-06-08 16:23:07][[reload_watcher-a]][info] file to reload:
./gamelogic/service/agent/msg_handles/role.lua
[2023-06-08 16:24:03][[reload_watcher-a]][info] excel to reload:

[2023-06-08 16:24:03][[reload_watcher-a]][info] file to reload:
./gamelogic/service/agent/msg_handles/role.lua
[2023-06-08 16:24:43][[reload_watcher-a]][info] excel to reload:

[2023-06-08 16:24:43][[reload_watcher-a]][info] file to reload:
./gamelogic/service/agent/msg_handles/role.lua
[2023-06-08 16:28:31][[reload_watcher-a]][info] ["reload_watcher:",10]
[2023-06-08 16:28:31][[common_init-c]][info] uuid init<55|35>, tag<1J_Z_>
[2023-06-08 16:28:31][[clusterd-d]][info] connect s2800_cluster_router 117.50.193.85:40301
[2023-06-08 16:28:31][[clusterd-d]][info] ["clusterd start:",13]
[2023-06-08 16:28:31][[clusterd-d]][info] socket accept from ::ffff:117.50.193.85:38320, 5
[2023-06-08 16:28:31][[clusterd-d]][info] clusterd show_self s2800_cluster_router
[2023-06-08 16:28:32][[common_init-c]][info] SqlQueryCount: 5
[2023-06-08 16:28:34][[gamelog-9]][info] ["gamelog start:",9]
[2023-06-08 16:28:34][[clusterd-d]][info] connect s55_game 117.50.193.85:15516
[2023-06-08 16:28:34][[clusterd-d]][info] socket accept from ::ffff:117.50.193.85:38328, 7
[2023-06-08 16:28:34][[clusterd-d]][info] clusterd show_self s55_game
[2023-06-08 16:28:34][[chat-10]][info] ["chat start:",16]
[2023-06-08 16:33:46][[reload_watcher-a]][info] excel to reload:

[2023-06-08 16:33:46][[reload_watcher-a]][info] file to reload:
./gamelogic/service/world/lua_handles.lua
[2023-06-08 16:33:54][[reload_watcher-a]][info] excel to reload:

[2023-06-08 16:33:54][[reload_watcher-a]][info] file to reload:
./gamelogic/service/world/lua_handles.lua
[2023-06-08 16:34:00][[reload_watcher-a]][info] excel to reload:

[2023-06-08 16:34:00][[reload_watcher-a]][info] file to reload:
./gamelogic/service/world/lua_handles.lua
[2023-06-08 16:34:04][[reload_watcher-a]][info] excel to reload:

[2023-06-08 16:34:04][[reload_watcher-a]][info] file to reload:
./gamelogic/service/world/lua_handles.lua
[2023-06-08 16:34:10][[reload_watcher-a]][info] excel to reload:

[2023-06-08 16:34:10][[reload_watcher-a]][info] file to reload:
./gamelogic/service/world/lua_handles.lua
[2023-06-08 16:34:16][[reload_watcher-a]][info] excel to reload:

[2023-06-08 16:34:16][[reload_watcher-a]][info] file to reload:
./gamelogic/service/world/lua_handles.lua
[2023-06-08 16:34:18][[reload_watcher-a]][info] excel to reload:

[2023-06-08 16:34:18][[reload_watcher-a]][info] file to reload:
./gamelogic/service/world/lua_handles.lua
[2023-06-08 16:34:21][[reload_watcher-a]][info] excel to reload:

[2023-06-08 16:34:21][[reload_watcher-a]][info] file to reload:
./gamelogic/service/world/lua_handles.lua
[2023-06-08 16:36:37][[reload_watcher-a]][info] excel to reload:

[2023-06-08 16:36:37][[reload_watcher-a]][info] file to reload:
./gamelogic/service/world/lua_handles.lua
[2023-06-08 16:38:53][[reload_watcher-a]][info] excel to reload:

[2023-06-08 16:38:53][[reload_watcher-a]][info] file to reload:
./gamelogic/service/world/lua_handles.lua
[2023-06-08 16:39:05][[reload_watcher-a]][info] excel to reload:

[2023-06-08 16:39:05][[reload_watcher-a]][info] file to reload:
./gamelogic/service/world/lua_handles.lua
[2023-06-08 16:39:14][[reload_watcher-a]][info] excel to reload:

[2023-06-08 16:39:14][[reload_watcher-a]][info] file to reload:
./gamelogic/service/world/lua_handles.lua
[2023-06-08 16:39:22][[reload_watcher-a]][info] excel to reload:

[2023-06-08 16:39:22][[reload_watcher-a]][info] file to reload:
./gamelogic/service/world/lua_handles.lua
[2023-06-08 16:39:37][[reload_watcher-a]][info] excel to reload:

[2023-06-08 16:39:37][[reload_watcher-a]][info] file to reload:
./gamelogic/service/agent/msg_handles/role.lua
[2023-06-08 16:39:42][[reload_watcher-a]][info] excel to reload:

[2023-06-08 16:39:42][[reload_watcher-a]][info] file to reload:
./gamelogic/service/agent/msg_handles/role.lua
[2023-06-08 16:40:17][[reload_watcher-a]][info] excel to reload:

[2023-06-08 16:40:17][[reload_watcher-a]][info] file to reload:
./gamelogic/service/agent/msg_handles/role.lua
[2023-06-08 16:41:32][[reload_watcher-a]][info] excel to reload:

[2023-06-08 16:41:32][[reload_watcher-a]][info] file to reload:
./gamelogic/service/agent/msg_handles/role.lua
[2023-06-08 16:41:49][[reload_watcher-a]][info] excel to reload:

[2023-06-08 16:41:49][[reload_watcher-a]][info] file to reload:
./gamelogic/service/agent/msg_handles/role.lua
[2023-06-08 16:41:50][[reload_watcher-a]][info] excel to reload:

[2023-06-08 16:41:50][[reload_watcher-a]][info] file to reload:
./gamelogic/service/agent/msg_handles/role.lua
[2023-06-08 16:54:52][[reload_watcher-a]][info] excel to reload:

[2023-06-08 16:54:52][[reload_watcher-a]][info] file to reload:
./gamelogic/service/agent/msg_handles/role.lua
[2023-06-08 16:54:53][[reload_watcher-a]][info] excel to reload:

[2023-06-08 16:54:53][[reload_watcher-a]][info] file to reload:
./gamelogic/service/agent/msg_handles/role.lua
