[2023-06-05 17:16:07][[reload_watcher-a]][info] excel to reload:

[2023-06-05 17:16:07][[reload_watcher-a]][info] file to reload:
./gamelogic/service/world/lua_handles.lua
[2023-06-05 17:16:07][[world-11]][info] reload_mod begin: lua_handles <==> ./gamelogic/service/world/lua_handles.lua
[2023-06-05 17:16:18][[reload_watcher-a]][info] excel to reload:

[2023-06-05 17:16:18][[reload_watcher-a]][info] file to reload:
./gamelogic/service/world/gift_key.lua
[2023-06-05 17:16:18][[world-11]][info] reload_mod begin: gift_key <==> ./gamelogic/service/world/gift_key.lua
[2023-06-05 17:17:48][[reload_watcher-a]][info] excel to reload:

[2023-06-05 17:17:48][[reload_watcher-a]][info] file to reload:
./gamelogic/service/world/lua_handles.lua
[2023-06-05 17:17:48][[world-11]][info] reload_mod begin: lua_handles <==> ./gamelogic/service/world/lua_handles.lua
[2023-06-05 17:17:52][[reload_watcher-a]][info] excel to reload:

[2023-06-05 17:17:52][[reload_watcher-a]][info] file to reload:
./gamelogic/service/world/lua_handles.lua
[2023-06-05 17:17:52][[world-11]][info] reload_mod begin: lua_handles <==> ./gamelogic/service/world/lua_handles.lua
[2023-06-05 17:17:58][[reload_watcher-a]][info] excel to reload:

[2023-06-05 17:17:58][[reload_watcher-a]][info] file to reload:
./gamelogic/service/world/lua_handles.lua
[2023-06-05 17:17:58][[world-11]][info] reload_mod begin: lua_handles <==> ./gamelogic/service/world/lua_handles.lua
[2023-06-05 17:18:02][[reload_watcher-a]][info] excel to reload:

[2023-06-05 17:18:02][[reload_watcher-a]][info] file to reload:
./gamelogic/service/world/lua_handles.lua
[2023-06-05 17:18:02][[world-11]][info] reload_mod begin: lua_handles <==> ./gamelogic/service/world/lua_handles.lua
[2023-06-05 17:18:06][[reload_watcher-a]][info] excel to reload:

[2023-06-05 17:18:06][[reload_watcher-a]][info] file to reload:
./gamelogic/service/world/lua_handles.lua
[2023-06-05 17:18:06][[world-11]][info] reload_mod begin: lua_handles <==> ./gamelogic/service/world/lua_handles.lua
[2023-06-05 17:18:11][[reload_watcher-a]][info] excel to reload:

[2023-06-05 17:18:11][[reload_watcher-a]][info] file to reload:
./gamelogic/service/world/lua_handles.lua
[2023-06-05 17:18:11][[world-11]][info] reload_mod begin: lua_handles <==> ./gamelogic/service/world/lua_handles.lua
[2023-06-05 17:21:34][[game_database-10]][info] SqlQueryCount: 3
[2023-06-05 17:21:49][[game_database-10]][info] SqlQueryCount: 1
[2023-06-05 17:24:20][[game_database-10]][info] SqlQueryCount: 1
[2023-06-05 17:37:23][[game_database-10]][info] SqlQueryCount: 2
[2023-06-05 17:37:49][[game_database-10]][info] SqlQueryCount: 1
[2023-06-05 17:38:14][[reload_watcher-a]][info] excel to reload:

[2023-06-05 17:38:14][[reload_watcher-a]][info] file to reload:
./gamelogic/service/world/gift_key.lua
[2023-06-05 17:38:14][[world-11]][info] reload_mod begin: gift_key <==> ./gamelogic/service/world/gift_key.lua
[2023-06-05 17:38:15][[reload_watcher-a]][info] excel to reload:

[2023-06-05 17:38:15][[reload_watcher-a]][info] file to reload:
./gamelogic/service/world/gift_key.lua
[2023-06-05 17:38:15][[world-11]][info] reload_mod begin: gift_key <==> ./gamelogic/service/world/gift_key.lua
[2023-06-05 17:38:54][[reload_watcher-a]][info] excel to reload:

[2023-06-05 17:38:54][[reload_watcher-a]][info] file to reload:
./gamelogic/service/world/gift_key.lua
[2023-06-05 17:38:54][[world-11]][info] reload_mod begin: gift_key <==> ./gamelogic/service/world/gift_key.lua
[2023-06-05 17:38:58][[reload_watcher-a]][info] excel to reload:

[2023-06-05 17:38:58][[reload_watcher-a]][info] file to reload:
./gamelogic/service/world/gift_key.lua
[2023-06-05 17:38:58][[world-11]][info] reload_mod begin: gift_key <==> ./gamelogic/service/world/gift_key.lua
[2023-06-05 17:39:02][[reload_watcher-a]][info] excel to reload:

[2023-06-05 17:39:02][[reload_watcher-a]][info] file to reload:
./gamelogic/service/world/gift_key.lua
[2023-06-05 17:39:02][[world-11]][info] reload_mod begin: gift_key <==> ./gamelogic/service/world/gift_key.lua
[2023-06-05 17:39:07][[reload_watcher-a]][info] excel to reload:

[2023-06-05 17:39:07][[reload_watcher-a]][info] file to reload:
./gamelogic/service/world/gift_key.lua
[2023-06-05 17:39:07][[world-11]][info] reload_mod begin: gift_key <==> ./gamelogic/service/world/gift_key.lua
[2023-06-05 17:39:07][[game_database-10]][info] SqlQueryCount: 1
[2023-06-05 17:39:08][[game_database-10]][info] SqlQueryCount: 1
[2023-06-05 17:39:24][[reload_watcher-a]][info] excel to reload:

[2023-06-05 17:39:24][[reload_watcher-a]][info] file to reload:
./gamelogic/service/world/gift_key.lua
[2023-06-05 17:39:24][[world-11]][info] reload_mod begin: gift_key <==> ./gamelogic/service/world/gift_key.lua
[2023-06-05 17:39:26][[reload_watcher-a]][info] excel to reload:

[2023-06-05 17:39:26][[reload_watcher-a]][info] file to reload:
./gamelogic/service/world/gift_key.lua
[2023-06-05 17:39:26][[world-11]][info] reload_mod begin: gift_key <==> ./gamelogic/service/world/gift_key.lua
[2023-06-05 17:39:30][[reload_watcher-a]][info] excel to reload:

[2023-06-05 17:39:30][[reload_watcher-a]][info] file to reload:
./gamelogic/service/world/gift_key.lua
[2023-06-05 17:39:30][[world-11]][info] reload_mod begin: gift_key <==> ./gamelogic/service/world/gift_key.lua
[2023-06-05 17:39:34][[reload_watcher-a]][info] excel to reload:

[2023-06-05 17:39:34][[reload_watcher-a]][info] file to reload:
./gamelogic/service/world/gift_key.lua
[2023-06-05 17:39:34][[world-11]][info] reload_mod begin: gift_key <==> ./gamelogic/service/world/gift_key.lua
[2023-06-05 17:39:42][[reload_watcher-a]][info] excel to reload:

[2023-06-05 17:39:42][[reload_watcher-a]][info] file to reload:
./gamelogic/service/world/gift_key.lua
[2023-06-05 17:39:42][[world-11]][info] reload_mod begin: gift_key <==> ./gamelogic/service/world/gift_key.lua
[2023-06-05 17:39:43][[game_database-10]][info] SqlQueryCount: 1
[2023-06-05 17:39:58][[game_database-10]][info] SqlQueryCount: 1
[2023-06-05 17:40:07][[game_database-10]][info] SqlQueryCount: 2
[2023-06-05 17:40:11][[game_database-10]][info] SqlQueryCount: 1
[2023-06-05 17:40:15][[game_database-10]][info] SqlQueryCount: 1
[2023-06-05 17:40:36][[game_database-10]][info] SqlQueryCount: 2
[2023-06-05 17:41:34][[game_database-10]][info] SqlQueryCount: 1
[2023-06-05 17:41:38][[game_database-10]][info] SqlQueryCount: 1
[2023-06-05 17:43:19][[reload_watcher-a]][info] excel to reload:

[2023-06-05 17:43:19][[reload_watcher-a]][info] file to reload:
./gamelogic/service/world/gift_key.lua
[2023-06-05 17:43:19][[world-11]][info] reload_mod begin: gift_key <==> ./gamelogic/service/world/gift_key.lua
[2023-06-05 17:43:24][[reload_watcher-a]][info] excel to reload:

[2023-06-05 17:43:24][[reload_watcher-a]][info] file to reload:
./gamelogic/service/world/gift_key.lua
[2023-06-05 17:43:24][[world-11]][info] reload_mod begin: gift_key <==> ./gamelogic/service/world/gift_key.lua
[2023-06-05 17:43:27][[reload_watcher-a]][info] excel to reload:

[2023-06-05 17:43:27][[reload_watcher-a]][info] file to reload:
./gamelogic/service/world/gift_key.lua
[2023-06-05 17:43:27][[world-11]][info] reload_mod begin: gift_key <==> ./gamelogic/service/world/gift_key.lua
[2023-06-05 17:43:36][[game_database-10]][info] SqlQueryCount: 2
[2023-06-05 17:43:37][[game_database-10]][info] SqlQueryCount: 1
[2023-06-05 17:43:51][[game_database-10]][info] SqlQueryCount: 1
[2023-06-05 17:44:42][[clusterd-d]][info] close socket 9
[2023-06-05 17:44:42][[clusterd-d]][info] close socket 11
[2023-06-05 17:44:49][[reload_watcher-a]][info] ["reload_watcher:",10]
[2023-06-05 17:44:49][[common_init-c]][info] uuid init<2801|12>, tag<25T_C_>
[2023-06-05 17:44:49][[clusterd-d]][info] connect s2800_cluster_router 117.50.193.85:40301
[2023-06-05 17:44:49][[clusterd-d]][info] ["clusterd start:",13]
[2023-06-05 17:44:49][[clusterd-d]][info] socket accept from ::ffff:117.50.193.85:16854, 5
[2023-06-05 17:44:49][[clusterd-d]][info] clusterd show_self s2800_cluster_router
[2023-06-05 17:44:50][[common_init-c]][info] SqlQueryCount: 5
[2023-06-05 17:44:52][[gamelog-9]][info] ["gamelog start:",9]
[2023-06-05 17:44:52][[game_database-10]][info] gamedb service boot success!
[2023-06-05 17:44:52][[world-11]][info] refresh schema:schema_world
[2023-06-05 17:44:52][[world-11]][info] ["world start:",17]
[2023-06-05 17:44:53][[game_database-10]][info] SqlQueryCount: 12
[2023-06-05 17:45:55][[clusterd-d]][info] socket accept from ::ffff:117.50.193.85:16948, 8
[2023-06-05 17:45:55][[clusterd-d]][info] clusterd show_self s2803_gm_router
[2023-06-05 17:45:55][[clusterd-d]][info] connect s2803_gm_router 117.50.193.85:40201
[2023-06-05 17:45:56][[game_database-10]][info] SqlQueryCount: 3
[2023-06-05 17:46:11][[game_database-10]][info] SqlQueryCount: 1
[2023-06-05 17:49:34][[clusterd-d]][info] close socket 8
[2023-06-05 17:49:34][[clusterd-d]][info] close socket 9
[2023-06-05 17:51:33][[reload_watcher-a]][info] ["reload_watcher:",10]
[2023-06-05 17:51:33][[common_init-c]][info] uuid init<2801|13>, tag<25T_D_>
[2023-06-05 17:51:33][[clusterd-d]][info] connect s2800_cluster_router 117.50.193.85:40301
[2023-06-05 17:51:33][[clusterd-d]][info] ["clusterd start:",13]
[2023-06-05 17:51:33][[clusterd-d]][info] socket accept from ::ffff:117.50.193.85:16990, 5
[2023-06-05 17:51:33][[clusterd-d]][info] clusterd show_self s2800_cluster_router
[2023-06-05 17:51:34][[common_init-c]][info] SqlQueryCount: 5
[2023-06-05 17:51:36][[gamelog-9]][info] ["gamelog start:",9]
[2023-06-05 17:51:37][[game_database-10]][info] gamedb service boot success!
[2023-06-05 17:51:37][[world-11]][info] refresh schema:schema_world
[2023-06-05 17:51:37][[world-11]][info] ["world start:",17]
[2023-06-05 17:51:38][[game_database-10]][info] SqlQueryCount: 24
[2023-06-05 17:52:11][[clusterd-d]][info] socket accept from ::ffff:117.50.193.85:17086, 8
[2023-06-05 17:52:11][[clusterd-d]][info] clusterd show_self s2803_gm_router
[2023-06-05 17:52:11][[clusterd-d]][info] connect s2803_gm_router 117.50.193.85:40201
[2023-06-05 17:52:12][[game_database-10]][info] SqlQueryCount: 3
[2023-06-05 17:52:26][[game_database-10]][info] SqlQueryCount: 1
[2023-06-05 17:53:04][[reload_watcher-a]][info] excel to reload:

[2023-06-05 17:53:04][[reload_watcher-a]][info] file to reload:
./gamelogic/lualib/schema_world.lua
[2023-06-05 17:53:04][[world-11]][info] reload_mod begin: schema_world <==> ./gamelogic/lualib/schema_world.lua
[2023-06-05 17:53:04][[world-11]][info] refresh schema:schema_world
[2023-06-05 17:53:04][[game_database-10]][info] SqlQueryCount: 11
[2023-06-05 17:54:34][[game_database-10]][info] SqlQueryCount: 1
[2023-06-05 17:54:50][[game_database-10]][info] SqlQueryCount: 3
[2023-06-05 17:54:56][[game_database-10]][info] SqlQueryCount: 1
[2023-06-05 17:55:07][[reload_watcher-a]][info] excel to reload:

[2023-06-05 17:55:07][[reload_watcher-a]][info] file to reload:
./gamelogic/lualib/schema_world.lua
[2023-06-05 17:55:07][[world-11]][info] reload_mod begin: schema_world <==> ./gamelogic/lualib/schema_world.lua
[2023-06-05 17:55:07][[world-11]][info] refresh schema:schema_world
[2023-06-05 17:55:07][[game_database-10]][info] SqlQueryCount: 8
[2023-06-05 17:57:25][[game_database-10]][info] SqlQueryCount: 1
[2023-06-05 17:59:20][[game_database-10]][info] SqlQueryCount: 1
