[2023-06-05 18:00:14][[reload_watcher-a]][info] excel to reload:

[2023-06-05 18:00:14][[reload_watcher-a]][info] file to reload:
./gamelogic/service/world/gift_key.lua
[2023-06-05 18:00:14][[world-11]][info] reload_mod begin: gift_key <==> ./gamelogic/service/world/gift_key.lua
[2023-06-05 18:00:15][[reload_watcher-a]][info] excel to reload:

[2023-06-05 18:00:15][[reload_watcher-a]][info] file to reload:
./gamelogic/service/world/gift_key.lua
[2023-06-05 18:00:15][[world-11]][info] reload_mod begin: gift_key <==> ./gamelogic/service/world/gift_key.lua
[2023-06-05 18:00:25][[reload_watcher-a]][info] excel to reload:

[2023-06-05 18:00:25][[reload_watcher-a]][info] file to reload:
./gamelogic/service/world/gift_key.lua
[2023-06-05 18:00:25][[world-11]][info] reload_mod begin: gift_key <==> ./gamelogic/service/world/gift_key.lua
[2023-06-05 18:00:29][[reload_watcher-a]][info] excel to reload:

[2023-06-05 18:00:29][[reload_watcher-a]][info] file to reload:
./gamelogic/service/world/gift_key.lua
[2023-06-05 18:00:29][[world-11]][info] reload_mod begin: gift_key <==> ./gamelogic/service/world/gift_key.lua
[2023-06-05 18:00:31][[reload_watcher-a]][info] excel to reload:

[2023-06-05 18:00:31][[reload_watcher-a]][info] file to reload:
./gamelogic/service/world/gift_key.lua
[2023-06-05 18:00:31][[world-11]][info] reload_mod begin: gift_key <==> ./gamelogic/service/world/gift_key.lua
[2023-06-05 18:00:32][[reload_watcher-a]][info] excel to reload:

[2023-06-05 18:00:32][[reload_watcher-a]][info] file to reload:
./gamelogic/service/world/gift_key.lua
[2023-06-05 18:00:32][[world-11]][info] reload_mod begin: gift_key <==> ./gamelogic/service/world/gift_key.lua
[2023-06-05 18:00:34][[reload_watcher-a]][info] excel to reload:

[2023-06-05 18:00:34][[reload_watcher-a]][info] file to reload:
./gamelogic/service/world/gift_key.lua
[2023-06-05 18:00:34][[world-11]][info] reload_mod begin: gift_key <==> ./gamelogic/service/world/gift_key.lua
[2023-06-05 18:00:36][[game_database-10]][info] SqlQueryCount: 1
[2023-06-05 18:01:53][[game_database-10]][info] SqlQueryCount: 1
[2023-06-05 18:01:56][[game_database-10]][info] SqlQueryCount: 1
[2023-06-05 18:02:09][[game_database-10]][info] SqlQueryCount: 1
[2023-06-05 18:02:29][[reload_watcher-a]][info] excel to reload:

[2023-06-05 18:02:29][[reload_watcher-a]][info] file to reload:
./gamelogic/service/world/gift_key.lua
[2023-06-05 18:02:29][[world-11]][info] reload_mod begin: gift_key <==> ./gamelogic/service/world/gift_key.lua
[2023-06-05 18:02:47][[reload_watcher-a]][info] excel to reload:

[2023-06-05 18:02:47][[reload_watcher-a]][info] file to reload:
./gamelogic/service/world/gift_key.lua
[2023-06-05 18:02:47][[world-11]][info] reload_mod begin: gift_key <==> ./gamelogic/service/world/gift_key.lua
[2023-06-05 18:02:50][[reload_watcher-a]][info] excel to reload:

[2023-06-05 18:02:50][[reload_watcher-a]][info] file to reload:
./gamelogic/service/world/gift_key.lua
[2023-06-05 18:02:50][[world-11]][info] reload_mod begin: gift_key <==> ./gamelogic/service/world/gift_key.lua
[2023-06-05 18:02:51][[reload_watcher-a]][info] excel to reload:

[2023-06-05 18:02:51][[reload_watcher-a]][info] file to reload:
./gamelogic/service/world/gift_key.lua
[2023-06-05 18:02:51][[world-11]][info] reload_mod begin: gift_key <==> ./gamelogic/service/world/gift_key.lua
[2023-06-05 18:02:53][[reload_watcher-a]][info] excel to reload:

[2023-06-05 18:02:53][[reload_watcher-a]][info] file to reload:
./gamelogic/service/world/gift_key.lua
[2023-06-05 18:02:53][[world-11]][info] reload_mod begin: gift_key <==> ./gamelogic/service/world/gift_key.lua
[2023-06-05 18:02:55][[reload_watcher-a]][info] excel to reload:

[2023-06-05 18:02:55][[reload_watcher-a]][info] file to reload:
./gamelogic/service/world/gift_key.lua
[2023-06-05 18:02:55][[world-11]][info] reload_mod begin: gift_key <==> ./gamelogic/service/world/gift_key.lua
[2023-06-05 18:02:56][[reload_watcher-a]][info] excel to reload:

[2023-06-05 18:02:56][[reload_watcher-a]][info] file to reload:
./gamelogic/service/world/gift_key.lua
[2023-06-05 18:02:56][[world-11]][info] reload_mod begin: gift_key <==> ./gamelogic/service/world/gift_key.lua
[2023-06-05 18:02:59][[reload_watcher-a]][info] excel to reload:

[2023-06-05 18:02:59][[reload_watcher-a]][info] file to reload:
./gamelogic/service/world/gift_key.lua
[2023-06-05 18:02:59][[world-11]][info] reload_mod begin: gift_key <==> ./gamelogic/service/world/gift_key.lua
[2023-06-05 18:03:01][[reload_watcher-a]][info] excel to reload:

[2023-06-05 18:03:01][[reload_watcher-a]][info] file to reload:
./gamelogic/service/world/gift_key.lua
[2023-06-05 18:03:01][[world-11]][info] reload_mod begin: gift_key <==> ./gamelogic/service/world/gift_key.lua
[2023-06-05 18:03:04][[reload_watcher-a]][info] excel to reload:

[2023-06-05 18:03:04][[reload_watcher-a]][info] file to reload:
./gamelogic/service/world/gift_key.lua
[2023-06-05 18:03:04][[world-11]][info] reload_mod begin: gift_key <==> ./gamelogic/service/world/gift_key.lua
[2023-06-05 18:03:07][[reload_watcher-a]][info] excel to reload:

[2023-06-05 18:03:07][[reload_watcher-a]][info] file to reload:
./gamelogic/service/world/gift_key.lua
[2023-06-05 18:03:07][[world-11]][info] reload_mod begin: gift_key <==> ./gamelogic/service/world/gift_key.lua
[2023-06-05 18:03:28][[reload_watcher-a]][info] excel to reload:

[2023-06-05 18:03:28][[reload_watcher-a]][info] file to reload:
./gamelogic/service/world/gift_key.lua
[2023-06-05 18:03:28][[world-11]][info] reload_mod begin: gift_key <==> ./gamelogic/service/world/gift_key.lua
[2023-06-05 18:03:29][[reload_watcher-a]][info] excel to reload:

[2023-06-05 18:03:29][[reload_watcher-a]][info] file to reload:
./gamelogic/service/world/gift_key.lua
[2023-06-05 18:03:29][[world-11]][info] reload_mod begin: gift_key <==> ./gamelogic/service/world/gift_key.lua
[2023-06-05 18:03:37][[reload_watcher-a]][info] excel to reload:

[2023-06-05 18:03:37][[reload_watcher-a]][info] file to reload:
./gamelogic/service/world/gift_key.lua
[2023-06-05 18:03:37][[world-11]][info] reload_mod begin: gift_key <==> ./gamelogic/service/world/gift_key.lua
[2023-06-05 18:03:44][[reload_watcher-a]][info] excel to reload:

[2023-06-05 18:03:44][[reload_watcher-a]][info] file to reload:
./gamelogic/service/world/gift_key.lua
[2023-06-05 18:03:44][[world-11]][info] reload_mod begin: gift_key <==> ./gamelogic/service/world/gift_key.lua
[2023-06-05 18:03:46][[reload_watcher-a]][info] excel to reload:

[2023-06-05 18:03:46][[reload_watcher-a]][info] file to reload:
./gamelogic/service/world/gift_key.lua
[2023-06-05 18:03:46][[world-11]][info] reload_mod begin: gift_key <==> ./gamelogic/service/world/gift_key.lua
[2023-06-05 18:03:53][[reload_watcher-a]][info] excel to reload:

[2023-06-05 18:03:53][[reload_watcher-a]][info] file to reload:
./gamelogic/service/world/gift_key.lua
[2023-06-05 18:03:53][[world-11]][info] reload_mod begin: gift_key <==> ./gamelogic/service/world/gift_key.lua
[2023-06-05 18:04:52][[reload_watcher-a]][info] excel to reload:

[2023-06-05 18:04:52][[reload_watcher-a]][info] file to reload:
./gamelogic/service/world/gift_key.lua
[2023-06-05 18:04:52][[world-11]][info] reload_mod begin: gift_key <==> ./gamelogic/service/world/gift_key.lua
[2023-06-05 18:04:53][[reload_watcher-a]][info] excel to reload:

[2023-06-05 18:04:53][[reload_watcher-a]][info] file to reload:
./gamelogic/service/world/gift_key.lua
[2023-06-05 18:04:53][[world-11]][info] reload_mod begin: gift_key <==> ./gamelogic/service/world/gift_key.lua
[2023-06-05 18:04:56][[reload_watcher-a]][info] excel to reload:

[2023-06-05 18:04:56][[reload_watcher-a]][info] file to reload:
./gamelogic/service/world/gift_key.lua
[2023-06-05 18:04:56][[world-11]][info] reload_mod begin: gift_key <==> ./gamelogic/service/world/gift_key.lua
[2023-06-05 18:05:04][[reload_watcher-a]][info] excel to reload:

[2023-06-05 18:05:04][[reload_watcher-a]][info] file to reload:
./gamelogic/service/world/gift_key.lua
[2023-06-05 18:05:04][[world-11]][info] reload_mod begin: gift_key <==> ./gamelogic/service/world/gift_key.lua
[2023-06-05 18:05:14][[reload_watcher-a]][info] excel to reload:

[2023-06-05 18:05:14][[reload_watcher-a]][info] file to reload:
./gamelogic/service/world/gift_key.lua
[2023-06-05 18:05:14][[world-11]][info] reload_mod begin: gift_key <==> ./gamelogic/service/world/gift_key.lua
[2023-06-05 18:05:47][[reload_watcher-a]][info] excel to reload:

[2023-06-05 18:05:47][[reload_watcher-a]][info] file to reload:
./gamelogic/service/world/gift_key.lua
[2023-06-05 18:05:47][[world-11]][info] reload_mod begin: gift_key <==> ./gamelogic/service/world/gift_key.lua
[2023-06-05 18:05:49][[reload_watcher-a]][info] excel to reload:

[2023-06-05 18:05:49][[reload_watcher-a]][info] file to reload:
./gamelogic/service/world/gift_key.lua
[2023-06-05 18:05:49][[world-11]][info] reload_mod begin: gift_key <==> ./gamelogic/service/world/gift_key.lua
[2023-06-05 18:05:53][[reload_watcher-a]][info] excel to reload:

[2023-06-05 18:05:53][[reload_watcher-a]][info] file to reload:
./gamelogic/service/world/gift_key.lua
[2023-06-05 18:05:53][[world-11]][info] reload_mod begin: gift_key <==> ./gamelogic/service/world/gift_key.lua
[2023-06-05 18:05:54][[reload_watcher-a]][info] excel to reload:

[2023-06-05 18:05:54][[reload_watcher-a]][info] file to reload:
./gamelogic/service/world/gift_key.lua
[2023-06-05 18:05:54][[world-11]][info] reload_mod begin: gift_key <==> ./gamelogic/service/world/gift_key.lua
[2023-06-05 18:06:03][[reload_watcher-a]][info] excel to reload:

[2023-06-05 18:06:03][[reload_watcher-a]][info] file to reload:
./gamelogic/service/world/gift_key.lua
[2023-06-05 18:06:03][[world-11]][info] reload_mod begin: gift_key <==> ./gamelogic/service/world/gift_key.lua
[2023-06-05 18:06:09][[reload_watcher-a]][info] excel to reload:

[2023-06-05 18:06:09][[reload_watcher-a]][info] file to reload:
./gamelogic/service/world/gift_key.lua
[2023-06-05 18:06:09][[world-11]][info] reload_mod begin: gift_key <==> ./gamelogic/service/world/gift_key.lua
[2023-06-05 18:06:13][[reload_watcher-a]][info] excel to reload:

[2023-06-05 18:06:13][[reload_watcher-a]][info] file to reload:
./gamelogic/service/world/gift_key.lua
[2023-06-05 18:06:13][[world-11]][info] reload_mod begin: gift_key <==> ./gamelogic/service/world/gift_key.lua
[2023-06-05 18:06:14][[reload_watcher-a]][info] excel to reload:

[2023-06-05 18:06:14][[reload_watcher-a]][info] file to reload:
./gamelogic/service/world/gift_key.lua
[2023-06-05 18:06:14][[world-11]][info] reload_mod begin: gift_key <==> ./gamelogic/service/world/gift_key.lua
[2023-06-05 18:06:15][[reload_watcher-a]][info] excel to reload:

[2023-06-05 18:06:15][[reload_watcher-a]][info] file to reload:
./gamelogic/service/world/gift_key.lua
[2023-06-05 18:06:15][[world-11]][info] reload_mod begin: gift_key <==> ./gamelogic/service/world/gift_key.lua
[2023-06-05 18:06:16][[reload_watcher-a]][info] excel to reload:

[2023-06-05 18:06:16][[reload_watcher-a]][info] file to reload:
./gamelogic/service/world/gift_key.lua
[2023-06-05 18:06:16][[world-11]][info] reload_mod begin: gift_key <==> ./gamelogic/service/world/gift_key.lua
[2023-06-05 18:06:17][[reload_watcher-a]][info] excel to reload:

[2023-06-05 18:06:17][[reload_watcher-a]][info] file to reload:
./gamelogic/service/world/gift_key.lua
[2023-06-05 18:06:17][[world-11]][info] reload_mod begin: gift_key <==> ./gamelogic/service/world/gift_key.lua
[2023-06-05 18:06:31][[reload_watcher-a]][info] excel to reload:

[2023-06-05 18:06:31][[reload_watcher-a]][info] file to reload:
./gamelogic/service/world/gift_key.lua
[2023-06-05 18:06:31][[world-11]][info] reload_mod begin: gift_key <==> ./gamelogic/service/world/gift_key.lua
[2023-06-05 18:07:22][[reload_watcher-a]][info] excel to reload:

[2023-06-05 18:07:22][[reload_watcher-a]][info] file to reload:
./gamelogic/service/world/gift_key.lua
[2023-06-05 18:07:22][[world-11]][info] reload_mod begin: gift_key <==> ./gamelogic/service/world/gift_key.lua
[2023-06-05 18:07:24][[reload_watcher-a]][info] excel to reload:

[2023-06-05 18:07:24][[reload_watcher-a]][info] file to reload:
./gamelogic/service/world/gift_key.lua
[2023-06-05 18:07:24][[world-11]][info] reload_mod begin: gift_key <==> ./gamelogic/service/world/gift_key.lua
[2023-06-05 18:07:35][[reload_watcher-a]][info] excel to reload:

[2023-06-05 18:07:35][[reload_watcher-a]][info] file to reload:
./gamelogic/service/world/gift_key.lua
[2023-06-05 18:07:35][[world-11]][info] reload_mod begin: gift_key <==> ./gamelogic/service/world/gift_key.lua
[2023-06-05 18:07:36][[reload_watcher-a]][info] excel to reload:

[2023-06-05 18:07:36][[reload_watcher-a]][info] file to reload:
./gamelogic/service/world/gift_key.lua
[2023-06-05 18:07:36][[world-11]][info] reload_mod begin: gift_key <==> ./gamelogic/service/world/gift_key.lua
[2023-06-05 18:07:37][[reload_watcher-a]][info] excel to reload:

[2023-06-05 18:07:37][[reload_watcher-a]][info] file to reload:
./gamelogic/service/world/gift_key.lua
[2023-06-05 18:07:37][[world-11]][info] reload_mod begin: gift_key <==> ./gamelogic/service/world/gift_key.lua
[2023-06-05 18:07:38][[reload_watcher-a]][info] excel to reload:

[2023-06-05 18:07:38][[reload_watcher-a]][info] file to reload:
./gamelogic/service/world/gift_key.lua
[2023-06-05 18:07:38][[world-11]][info] reload_mod begin: gift_key <==> ./gamelogic/service/world/gift_key.lua
[2023-06-05 18:07:43][[reload_watcher-a]][info] excel to reload:

[2023-06-05 18:07:43][[reload_watcher-a]][info] file to reload:
./gamelogic/service/world/gift_key.lua
[2023-06-05 18:07:43][[world-11]][info] reload_mod begin: gift_key <==> ./gamelogic/service/world/gift_key.lua
[2023-06-05 18:07:44][[reload_watcher-a]][info] excel to reload:

[2023-06-05 18:07:44][[reload_watcher-a]][info] file to reload:
./gamelogic/service/world/gift_key.lua
[2023-06-05 18:07:44][[world-11]][info] reload_mod begin: gift_key <==> ./gamelogic/service/world/gift_key.lua
[2023-06-05 18:07:45][[reload_watcher-a]][info] excel to reload:

[2023-06-05 18:07:45][[reload_watcher-a]][info] file to reload:
./gamelogic/service/world/gift_key.lua
[2023-06-05 18:07:45][[world-11]][info] reload_mod begin: gift_key <==> ./gamelogic/service/world/gift_key.lua
[2023-06-05 18:07:46][[reload_watcher-a]][info] excel to reload:

[2023-06-05 18:07:46][[reload_watcher-a]][info] file to reload:
./gamelogic/service/world/gift_key.lua
[2023-06-05 18:07:46][[world-11]][info] reload_mod begin: gift_key <==> ./gamelogic/service/world/gift_key.lua
[2023-06-05 18:08:07][[reload_watcher-a]][info] excel to reload:

[2023-06-05 18:08:07][[reload_watcher-a]][info] file to reload:
./gamelogic/service/world/gift_key.lua
[2023-06-05 18:08:07][[world-11]][info] reload_mod begin: gift_key <==> ./gamelogic/service/world/gift_key.lua
[2023-06-05 18:08:19][[reload_watcher-a]][info] excel to reload:

[2023-06-05 18:08:19][[reload_watcher-a]][info] file to reload:
./gamelogic/service/world/gift_key.lua
[2023-06-05 18:08:19][[world-11]][info] reload_mod begin: gift_key <==> ./gamelogic/service/world/gift_key.lua
[2023-06-05 18:08:20][[reload_watcher-a]][info] excel to reload:

[2023-06-05 18:08:20][[reload_watcher-a]][info] file to reload:
./gamelogic/service/world/gift_key.lua
[2023-06-05 18:08:20][[world-11]][info] reload_mod begin: gift_key <==> ./gamelogic/service/world/gift_key.lua
[2023-06-05 18:11:29][[reload_watcher-a]][info] excel to reload:

[2023-06-05 18:11:29][[reload_watcher-a]][info] file to reload:
./gamelogic/service/world/gift_key.lua
[2023-06-05 18:11:29][[world-11]][info] reload_mod begin: gift_key <==> ./gamelogic/service/world/gift_key.lua
[2023-06-05 18:11:30][[reload_watcher-a]][info] excel to reload:

[2023-06-05 18:11:30][[reload_watcher-a]][info] file to reload:
./gamelogic/service/world/gift_key.lua
[2023-06-05 18:11:30][[world-11]][info] reload_mod begin: gift_key <==> ./gamelogic/service/world/gift_key.lua
[2023-06-05 18:11:36][[reload_watcher-a]][info] excel to reload:

[2023-06-05 18:11:36][[reload_watcher-a]][info] file to reload:
./gamelogic/service/world/gift_key.lua
[2023-06-05 18:11:36][[world-11]][info] reload_mod begin: gift_key <==> ./gamelogic/service/world/gift_key.lua
[2023-06-05 18:11:40][[reload_watcher-a]][info] excel to reload:

[2023-06-05 18:11:40][[reload_watcher-a]][info] file to reload:
./gamelogic/service/world/gift_key.lua
[2023-06-05 18:11:40][[world-11]][info] reload_mod begin: gift_key <==> ./gamelogic/service/world/gift_key.lua
[2023-06-05 18:11:41][[reload_watcher-a]][info] excel to reload:

[2023-06-05 18:11:41][[reload_watcher-a]][info] file to reload:
./gamelogic/service/world/gift_key.lua
[2023-06-05 18:11:41][[world-11]][info] reload_mod begin: gift_key <==> ./gamelogic/service/world/gift_key.lua
[2023-06-05 18:11:46][[reload_watcher-a]][info] excel to reload:

[2023-06-05 18:11:46][[reload_watcher-a]][info] file to reload:
./gamelogic/service/world/gift_key.lua
[2023-06-05 18:11:46][[world-11]][info] reload_mod begin: gift_key <==> ./gamelogic/service/world/gift_key.lua
[2023-06-05 18:11:52][[reload_watcher-a]][info] excel to reload:

[2023-06-05 18:11:52][[reload_watcher-a]][info] file to reload:
./gamelogic/service/world/gift_key.lua
[2023-06-05 18:11:52][[world-11]][info] reload_mod begin: gift_key <==> ./gamelogic/service/world/gift_key.lua
[2023-06-05 18:11:53][[reload_watcher-a]][info] excel to reload:

[2023-06-05 18:11:53][[reload_watcher-a]][info] file to reload:
./gamelogic/service/world/gift_key.lua
[2023-06-05 18:11:53][[world-11]][info] reload_mod begin: gift_key <==> ./gamelogic/service/world/gift_key.lua
[2023-06-05 18:11:56][[reload_watcher-a]][info] excel to reload:

[2023-06-05 18:11:56][[reload_watcher-a]][info] file to reload:
./gamelogic/service/world/gift_key.lua
[2023-06-05 18:11:56][[world-11]][info] reload_mod begin: gift_key <==> ./gamelogic/service/world/gift_key.lua
[2023-06-05 18:11:58][[reload_watcher-a]][info] excel to reload:

[2023-06-05 18:11:58][[reload_watcher-a]][info] file to reload:
./gamelogic/service/world/gift_key.lua
[2023-06-05 18:11:58][[world-11]][info] reload_mod begin: gift_key <==> ./gamelogic/service/world/gift_key.lua
[2023-06-05 18:11:59][[reload_watcher-a]][info] excel to reload:

[2023-06-05 18:11:59][[reload_watcher-a]][info] file to reload:
./gamelogic/service/world/gift_key.lua
[2023-06-05 18:11:59][[world-11]][info] reload_mod begin: gift_key <==> ./gamelogic/service/world/gift_key.lua
[2023-06-05 18:12:01][[reload_watcher-a]][info] excel to reload:

[2023-06-05 18:12:01][[reload_watcher-a]][info] file to reload:
./gamelogic/service/world/gift_key.lua
[2023-06-05 18:12:01][[world-11]][info] reload_mod begin: gift_key <==> ./gamelogic/service/world/gift_key.lua
[2023-06-05 18:12:02][[reload_watcher-a]][info] excel to reload:

[2023-06-05 18:12:02][[reload_watcher-a]][info] file to reload:
./gamelogic/service/world/gift_key.lua
[2023-06-05 18:12:02][[world-11]][info] reload_mod begin: gift_key <==> ./gamelogic/service/world/gift_key.lua
[2023-06-05 18:12:04][[reload_watcher-a]][info] excel to reload:

[2023-06-05 18:12:04][[reload_watcher-a]][info] file to reload:
./gamelogic/service/world/gift_key.lua
[2023-06-05 18:12:04][[world-11]][info] reload_mod begin: gift_key <==> ./gamelogic/service/world/gift_key.lua
[2023-06-05 18:12:05][[reload_watcher-a]][info] excel to reload:

[2023-06-05 18:12:05][[reload_watcher-a]][info] file to reload:
./gamelogic/service/world/gift_key.lua
[2023-06-05 18:12:05][[world-11]][info] reload_mod begin: gift_key <==> ./gamelogic/service/world/gift_key.lua
[2023-06-05 18:12:09][[reload_watcher-a]][info] excel to reload:

[2023-06-05 18:12:09][[reload_watcher-a]][info] file to reload:
./gamelogic/service/world/gift_key.lua
[2023-06-05 18:12:09][[world-11]][info] reload_mod begin: gift_key <==> ./gamelogic/service/world/gift_key.lua
[2023-06-05 18:12:14][[reload_watcher-a]][info] excel to reload:

[2023-06-05 18:12:14][[reload_watcher-a]][info] file to reload:
./gamelogic/service/world/gift_key.lua
[2023-06-05 18:12:14][[world-11]][info] reload_mod begin: gift_key <==> ./gamelogic/service/world/gift_key.lua
[2023-06-05 18:12:20][[reload_watcher-a]][info] excel to reload:

[2023-06-05 18:12:20][[reload_watcher-a]][info] file to reload:
./gamelogic/service/world/gift_key.lua
[2023-06-05 18:12:20][[world-11]][info] reload_mod begin: gift_key <==> ./gamelogic/service/world/gift_key.lua
[2023-06-05 18:13:29][[reload_watcher-a]][info] excel to reload:

[2023-06-05 18:13:29][[reload_watcher-a]][info] file to reload:
./gamelogic/service/world/gift_key.lua
[2023-06-05 18:13:29][[world-11]][info] reload_mod begin: gift_key <==> ./gamelogic/service/world/gift_key.lua
[2023-06-05 18:13:30][[reload_watcher-a]][info] excel to reload:

[2023-06-05 18:13:30][[reload_watcher-a]][info] file to reload:
./gamelogic/service/world/gift_key.lua
[2023-06-05 18:13:30][[world-11]][info] reload_mod begin: gift_key <==> ./gamelogic/service/world/gift_key.lua
[2023-06-05 18:13:32][[reload_watcher-a]][info] excel to reload:

[2023-06-05 18:13:32][[reload_watcher-a]][info] file to reload:
./gamelogic/service/world/gift_key.lua
[2023-06-05 18:13:32][[world-11]][info] reload_mod begin: gift_key <==> ./gamelogic/service/world/gift_key.lua
[2023-06-05 18:13:34][[reload_watcher-a]][info] excel to reload:

[2023-06-05 18:13:34][[reload_watcher-a]][info] file to reload:
./gamelogic/service/world/gift_key.lua
[2023-06-05 18:13:34][[world-11]][info] reload_mod begin: gift_key <==> ./gamelogic/service/world/gift_key.lua
[2023-06-05 18:13:38][[game_database-10]][info] SqlQueryCount: 2
[2023-06-05 18:14:22][[reload_watcher-a]][info] excel to reload:

[2023-06-05 18:14:22][[reload_watcher-a]][info] file to reload:
./gamelogic/service/world/gift_key.lua
[2023-06-05 18:14:22][[world-11]][info] reload_mod begin: gift_key <==> ./gamelogic/service/world/gift_key.lua
[2023-06-05 18:14:23][[reload_watcher-a]][info] excel to reload:

[2023-06-05 18:14:23][[reload_watcher-a]][info] file to reload:
./gamelogic/service/world/gift_key.lua
[2023-06-05 18:14:23][[world-11]][info] reload_mod begin: gift_key <==> ./gamelogic/service/world/gift_key.lua
[2023-06-05 18:14:29][[reload_watcher-a]][info] excel to reload:

[2023-06-05 18:14:29][[reload_watcher-a]][info] file to reload:
./gamelogic/service/world/gift_key.lua
[2023-06-05 18:14:29][[world-11]][info] reload_mod begin: gift_key <==> ./gamelogic/service/world/gift_key.lua
[2023-06-05 18:14:37][[reload_watcher-a]][info] excel to reload:

[2023-06-05 18:14:37][[reload_watcher-a]][info] file to reload:
./gamelogic/service/world/gift_key.lua
[2023-06-05 18:14:37][[world-11]][info] reload_mod begin: gift_key <==> ./gamelogic/service/world/gift_key.lua
[2023-06-05 18:14:40][[reload_watcher-a]][info] excel to reload:

[2023-06-05 18:14:40][[reload_watcher-a]][info] file to reload:
./gamelogic/service/world/gift_key.lua
[2023-06-05 18:14:40][[world-11]][info] reload_mod begin: gift_key <==> ./gamelogic/service/world/gift_key.lua
[2023-06-05 18:14:42][[reload_watcher-a]][info] excel to reload:

[2023-06-05 18:14:42][[reload_watcher-a]][info] file to reload:
./gamelogic/service/world/gift_key.lua
[2023-06-05 18:14:42][[world-11]][info] reload_mod begin: gift_key <==> ./gamelogic/service/world/gift_key.lua
[2023-06-05 18:14:45][[game_database-10]][info] SqlQueryCount: 2
[2023-06-05 18:14:57][[reload_watcher-a]][info] excel to reload:

[2023-06-05 18:14:57][[reload_watcher-a]][info] file to reload:
./gamelogic/service/world/gift_key.lua
[2023-06-05 18:14:57][[world-11]][info] reload_mod begin: gift_key <==> ./gamelogic/service/world/gift_key.lua
[2023-06-05 18:14:58][[reload_watcher-a]][info] excel to reload:

[2023-06-05 18:14:58][[reload_watcher-a]][info] file to reload:
./gamelogic/service/world/gift_key.lua
[2023-06-05 18:14:58][[world-11]][info] reload_mod begin: gift_key <==> ./gamelogic/service/world/gift_key.lua
[2023-06-05 18:15:01][[reload_watcher-a]][info] excel to reload:

[2023-06-05 18:15:01][[reload_watcher-a]][info] file to reload:
./gamelogic/service/world/gift_key.lua
[2023-06-05 18:15:01][[world-11]][info] reload_mod begin: gift_key <==> ./gamelogic/service/world/gift_key.lua
[2023-06-05 18:15:05][[reload_watcher-a]][info] excel to reload:

[2023-06-05 18:15:05][[reload_watcher-a]][info] file to reload:
./gamelogic/service/world/gift_key.lua
[2023-06-05 18:15:05][[world-11]][info] reload_mod begin: gift_key <==> ./gamelogic/service/world/gift_key.lua
[2023-06-05 18:15:10][[reload_watcher-a]][info] excel to reload:

[2023-06-05 18:15:10][[reload_watcher-a]][info] file to reload:
./gamelogic/service/world/gift_key.lua
[2023-06-05 18:15:10][[world-11]][info] reload_mod begin: gift_key <==> ./gamelogic/service/world/gift_key.lua
[2023-06-05 18:15:11][[reload_watcher-a]][info] excel to reload:

[2023-06-05 18:15:11][[reload_watcher-a]][info] file to reload:
./gamelogic/service/world/gift_key.lua
[2023-06-05 18:15:11][[world-11]][info] reload_mod begin: gift_key <==> ./gamelogic/service/world/gift_key.lua
[2023-06-05 18:15:13][[reload_watcher-a]][info] excel to reload:

[2023-06-05 18:15:13][[reload_watcher-a]][info] file to reload:
./gamelogic/service/world/gift_key.lua
[2023-06-05 18:15:13][[world-11]][info] reload_mod begin: gift_key <==> ./gamelogic/service/world/gift_key.lua
[2023-06-05 18:15:14][[reload_watcher-a]][info] excel to reload:

[2023-06-05 18:15:14][[reload_watcher-a]][info] file to reload:
./gamelogic/service/world/gift_key.lua
[2023-06-05 18:15:14][[world-11]][info] reload_mod begin: gift_key <==> ./gamelogic/service/world/gift_key.lua
[2023-06-05 18:15:14][[game_database-10]][info] SqlQueryCount: 2
[2023-06-05 18:15:25][[reload_watcher-a]][info] excel to reload:

[2023-06-05 18:15:25][[reload_watcher-a]][info] file to reload:
./gamelogic/service/world/gift_key.lua
[2023-06-05 18:15:25][[world-11]][info] reload_mod begin: gift_key <==> ./gamelogic/service/world/gift_key.lua
[2023-06-05 18:15:26][[reload_watcher-a]][info] excel to reload:

[2023-06-05 18:15:26][[reload_watcher-a]][info] file to reload:
./gamelogic/service/world/gift_key.lua
[2023-06-05 18:15:26][[world-11]][info] reload_mod begin: gift_key <==> ./gamelogic/service/world/gift_key.lua
[2023-06-05 18:15:27][[reload_watcher-a]][info] excel to reload:

[2023-06-05 18:15:27][[reload_watcher-a]][info] file to reload:
./gamelogic/service/world/gift_key.lua
[2023-06-05 18:15:27][[world-11]][info] reload_mod begin: gift_key <==> ./gamelogic/service/world/gift_key.lua
[2023-06-05 18:15:28][[reload_watcher-a]][info] excel to reload:

[2023-06-05 18:15:28][[reload_watcher-a]][info] file to reload:
./gamelogic/service/world/gift_key.lua
[2023-06-05 18:15:28][[world-11]][info] reload_mod begin: gift_key <==> ./gamelogic/service/world/gift_key.lua
[2023-06-05 18:15:28][[game_database-10]][info] SqlQueryCount: 2
[2023-06-05 18:15:49][[reload_watcher-a]][info] excel to reload:

[2023-06-05 18:15:49][[reload_watcher-a]][info] file to reload:
./gamelogic/service/world/gift_key.lua
[2023-06-05 18:15:49][[world-11]][info] reload_mod begin: gift_key <==> ./gamelogic/service/world/gift_key.lua
[2023-06-05 18:15:50][[game_database-10]][info] SqlQueryCount: 2
[2023-06-05 18:16:05][[reload_watcher-a]][info] excel to reload:

[2023-06-05 18:16:05][[reload_watcher-a]][info] file to reload:
./gamelogic/service/world/gift_key.lua
[2023-06-05 18:16:05][[world-11]][info] reload_mod begin: gift_key <==> ./gamelogic/service/world/gift_key.lua
[2023-06-05 18:16:05][[game_database-10]][info] SqlQueryCount: 2
[2023-06-05 18:22:14][[reload_watcher-a]][info] excel to reload:

[2023-06-05 18:22:14][[reload_watcher-a]][info] file to reload:
./gamelogic/service/world/gift_key.lua
[2023-06-05 18:22:14][[world-11]][info] reload_mod begin: gift_key <==> ./gamelogic/service/world/gift_key.lua
[2023-06-05 18:22:24][[reload_watcher-a]][info] excel to reload:

[2023-06-05 18:22:24][[reload_watcher-a]][info] file to reload:
./gamelogic/service/world/gift_key.lua
[2023-06-05 18:22:24][[world-11]][info] reload_mod begin: gift_key <==> ./gamelogic/service/world/gift_key.lua
[2023-06-05 18:22:25][[reload_watcher-a]][info] excel to reload:

[2023-06-05 18:22:25][[reload_watcher-a]][info] file to reload:
./gamelogic/service/world/gift_key.lua
[2023-06-05 18:22:25][[world-11]][info] reload_mod begin: gift_key <==> ./gamelogic/service/world/gift_key.lua
[2023-06-05 18:22:26][[reload_watcher-a]][info] excel to reload:

[2023-06-05 18:22:26][[reload_watcher-a]][info] file to reload:
./gamelogic/service/world/gift_key.lua
[2023-06-05 18:22:26][[world-11]][info] reload_mod begin: gift_key <==> ./gamelogic/service/world/gift_key.lua
[2023-06-05 18:22:30][[reload_watcher-a]][info] excel to reload:

[2023-06-05 18:22:30][[reload_watcher-a]][info] file to reload:
./gamelogic/service/world/gift_key.lua
[2023-06-05 18:22:30][[world-11]][info] reload_mod begin: gift_key <==> ./gamelogic/service/world/gift_key.lua
[2023-06-05 18:22:31][[reload_watcher-a]][info] excel to reload:

[2023-06-05 18:22:31][[reload_watcher-a]][info] file to reload:
./gamelogic/service/world/gift_key.lua
[2023-06-05 18:22:31][[world-11]][info] reload_mod begin: gift_key <==> ./gamelogic/service/world/gift_key.lua
[2023-06-05 18:22:34][[reload_watcher-a]][info] excel to reload:

[2023-06-05 18:22:34][[reload_watcher-a]][info] file to reload:
./gamelogic/service/world/gift_key.lua
[2023-06-05 18:22:34][[world-11]][info] reload_mod begin: gift_key <==> ./gamelogic/service/world/gift_key.lua
[2023-06-05 18:23:07][[reload_watcher-a]][info] excel to reload:

[2023-06-05 18:23:07][[reload_watcher-a]][info] file to reload:
./gamelogic/service/world/gift_key.lua
[2023-06-05 18:23:07][[world-11]][info] reload_mod begin: gift_key <==> ./gamelogic/service/world/gift_key.lua
[2023-06-05 18:23:15][[reload_watcher-a]][info] excel to reload:

[2023-06-05 18:23:15][[reload_watcher-a]][info] file to reload:
./gamelogic/service/world/gift_key.lua
[2023-06-05 18:23:15][[world-11]][info] reload_mod begin: gift_key <==> ./gamelogic/service/world/gift_key.lua
[2023-06-05 18:23:31][[reload_watcher-a]][info] excel to reload:

[2023-06-05 18:23:31][[reload_watcher-a]][info] file to reload:
./gamelogic/service/world/gift_key.lua
[2023-06-05 18:23:31][[world-11]][info] reload_mod begin: gift_key <==> ./gamelogic/service/world/gift_key.lua
[2023-06-05 18:23:33][[reload_watcher-a]][info] excel to reload:

[2023-06-05 18:23:33][[reload_watcher-a]][info] file to reload:
./gamelogic/service/world/gift_key.lua
[2023-06-05 18:23:33][[world-11]][info] reload_mod begin: gift_key <==> ./gamelogic/service/world/gift_key.lua
[2023-06-05 18:23:34][[reload_watcher-a]][info] excel to reload:

[2023-06-05 18:23:34][[reload_watcher-a]][info] file to reload:
./gamelogic/service/world/gift_key.lua
[2023-06-05 18:23:34][[world-11]][info] reload_mod begin: gift_key <==> ./gamelogic/service/world/gift_key.lua
[2023-06-05 18:24:24][[reload_watcher-a]][info] excel to reload:

[2023-06-05 18:24:24][[reload_watcher-a]][info] file to reload:
./gamelogic/service/world/gift_key.lua
[2023-06-05 18:24:24][[world-11]][info] reload_mod begin: gift_key <==> ./gamelogic/service/world/gift_key.lua
[2023-06-05 18:24:26][[reload_watcher-a]][info] excel to reload:

[2023-06-05 18:24:26][[reload_watcher-a]][info] file to reload:
./gamelogic/service/world/gift_key.lua
[2023-06-05 18:24:26][[world-11]][info] reload_mod begin: gift_key <==> ./gamelogic/service/world/gift_key.lua
[2023-06-05 18:24:28][[reload_watcher-a]][info] excel to reload:

[2023-06-05 18:24:28][[reload_watcher-a]][info] file to reload:
./gamelogic/service/world/gift_key.lua
[2023-06-05 18:24:28][[world-11]][info] reload_mod begin: gift_key <==> ./gamelogic/service/world/gift_key.lua
[2023-06-05 18:24:31][[reload_watcher-a]][info] excel to reload:

[2023-06-05 18:24:31][[reload_watcher-a]][info] file to reload:
./gamelogic/service/world/gift_key.lua
[2023-06-05 18:24:31][[world-11]][info] reload_mod begin: gift_key <==> ./gamelogic/service/world/gift_key.lua
[2023-06-05 18:24:33][[reload_watcher-a]][info] excel to reload:

[2023-06-05 18:24:33][[reload_watcher-a]][info] file to reload:
./gamelogic/service/world/gift_key.lua
[2023-06-05 18:24:33][[world-11]][info] reload_mod begin: gift_key <==> ./gamelogic/service/world/gift_key.lua
[2023-06-05 18:24:38][[reload_watcher-a]][info] excel to reload:

[2023-06-05 18:24:38][[reload_watcher-a]][info] file to reload:
./gamelogic/service/world/gift_key.lua
[2023-06-05 18:24:38][[world-11]][info] reload_mod begin: gift_key <==> ./gamelogic/service/world/gift_key.lua
[2023-06-05 18:25:00][[clusterd-d]][info] socket accept from ::ffff:92.63.196.54:42536, 11
[2023-06-05 18:25:02][[clusterd-d]][info] close socket 11
[2023-06-05 18:25:07][[reload_watcher-a]][info] excel to reload:

[2023-06-05 18:25:07][[reload_watcher-a]][info] file to reload:
./gamelogic/service/world/gift_key.lua
[2023-06-05 18:25:07][[world-11]][info] reload_mod begin: gift_key <==> ./gamelogic/service/world/gift_key.lua
[2023-06-05 18:25:08][[reload_watcher-a]][info] excel to reload:

[2023-06-05 18:25:08][[reload_watcher-a]][info] file to reload:
./gamelogic/service/world/gift_key.lua
[2023-06-05 18:25:08][[world-11]][info] reload_mod begin: gift_key <==> ./gamelogic/service/world/gift_key.lua
[2023-06-05 18:25:10][[reload_watcher-a]][info] excel to reload:

[2023-06-05 18:25:10][[reload_watcher-a]][info] file to reload:
./gamelogic/service/world/gift_key.lua
[2023-06-05 18:25:10][[world-11]][info] reload_mod begin: gift_key <==> ./gamelogic/service/world/gift_key.lua
[2023-06-05 18:25:11][[reload_watcher-a]][info] excel to reload:

[2023-06-05 18:25:11][[reload_watcher-a]][info] file to reload:
./gamelogic/service/world/gift_key.lua
[2023-06-05 18:25:11][[world-11]][info] reload_mod begin: gift_key <==> ./gamelogic/service/world/gift_key.lua
[2023-06-05 18:25:13][[reload_watcher-a]][info] excel to reload:

[2023-06-05 18:25:13][[reload_watcher-a]][info] file to reload:
./gamelogic/service/world/gift_key.lua
[2023-06-05 18:25:13][[world-11]][info] reload_mod begin: gift_key <==> ./gamelogic/service/world/gift_key.lua
[2023-06-05 18:25:14][[reload_watcher-a]][info] excel to reload:

[2023-06-05 18:25:14][[reload_watcher-a]][info] file to reload:
./gamelogic/service/world/gift_key.lua
[2023-06-05 18:25:14][[world-11]][info] reload_mod begin: gift_key <==> ./gamelogic/service/world/gift_key.lua
[2023-06-05 18:25:17][[reload_watcher-a]][info] excel to reload:

[2023-06-05 18:25:17][[reload_watcher-a]][info] file to reload:
./gamelogic/service/world/gift_key.lua
[2023-06-05 18:25:17][[world-11]][info] reload_mod begin: gift_key <==> ./gamelogic/service/world/gift_key.lua
[2023-06-05 18:25:18][[reload_watcher-a]][info] excel to reload:

[2023-06-05 18:25:18][[reload_watcher-a]][info] file to reload:
./gamelogic/service/world/gift_key.lua
[2023-06-05 18:25:18][[world-11]][info] reload_mod begin: gift_key <==> ./gamelogic/service/world/gift_key.lua
[2023-06-05 18:25:20][[reload_watcher-a]][info] excel to reload:

[2023-06-05 18:25:20][[reload_watcher-a]][info] file to reload:
./gamelogic/service/world/gift_key.lua
[2023-06-05 18:25:20][[world-11]][info] reload_mod begin: gift_key <==> ./gamelogic/service/world/gift_key.lua
[2023-06-05 18:25:21][[reload_watcher-a]][info] excel to reload:

[2023-06-05 18:25:21][[reload_watcher-a]][info] file to reload:
./gamelogic/service/world/gift_key.lua
[2023-06-05 18:25:21][[world-11]][info] reload_mod begin: gift_key <==> ./gamelogic/service/world/gift_key.lua
[2023-06-05 18:25:58][[reload_watcher-a]][info] excel to reload:

[2023-06-05 18:25:58][[reload_watcher-a]][info] file to reload:
./gamelogic/service/world/gift_key.lua
[2023-06-05 18:25:58][[world-11]][info] reload_mod begin: gift_key <==> ./gamelogic/service/world/gift_key.lua
[2023-06-05 18:26:07][[reload_watcher-a]][info] excel to reload:

[2023-06-05 18:26:07][[reload_watcher-a]][info] file to reload:
./gamelogic/service/world/gift_key.lua
[2023-06-05 18:26:07][[world-11]][info] reload_mod begin: gift_key <==> ./gamelogic/service/world/gift_key.lua
[2023-06-05 18:26:10][[reload_watcher-a]][info] excel to reload:

[2023-06-05 18:26:10][[reload_watcher-a]][info] file to reload:
./gamelogic/service/world/gift_key.lua
[2023-06-05 18:26:10][[world-11]][info] reload_mod begin: gift_key <==> ./gamelogic/service/world/gift_key.lua
[2023-06-05 18:26:13][[reload_watcher-a]][info] excel to reload:

[2023-06-05 18:26:13][[reload_watcher-a]][info] file to reload:
./gamelogic/service/world/gift_key.lua
[2023-06-05 18:26:13][[world-11]][info] reload_mod begin: gift_key <==> ./gamelogic/service/world/gift_key.lua
[2023-06-05 18:26:14][[reload_watcher-a]][info] excel to reload:

[2023-06-05 18:26:14][[reload_watcher-a]][info] file to reload:
./gamelogic/service/world/gift_key.lua
[2023-06-05 18:26:14][[world-11]][info] reload_mod begin: gift_key <==> ./gamelogic/service/world/gift_key.lua
[2023-06-05 18:26:20][[reload_watcher-a]][info] excel to reload:

[2023-06-05 18:26:20][[reload_watcher-a]][info] file to reload:
./gamelogic/service/world/gift_key.lua
[2023-06-05 18:26:20][[world-11]][info] reload_mod begin: gift_key <==> ./gamelogic/service/world/gift_key.lua
[2023-06-05 18:26:33][[reload_watcher-a]][info] excel to reload:

[2023-06-05 18:26:33][[reload_watcher-a]][info] file to reload:
./gamelogic/service/world/gift_key.lua
[2023-06-05 18:26:33][[world-11]][info] reload_mod begin: gift_key <==> ./gamelogic/service/world/gift_key.lua
[2023-06-05 18:26:34][[reload_watcher-a]][info] excel to reload:

[2023-06-05 18:26:34][[reload_watcher-a]][info] file to reload:
./gamelogic/service/world/gift_key.lua
[2023-06-05 18:26:34][[world-11]][info] reload_mod begin: gift_key <==> ./gamelogic/service/world/gift_key.lua
[2023-06-05 18:26:35][[reload_watcher-a]][info] excel to reload:

[2023-06-05 18:26:35][[reload_watcher-a]][info] file to reload:
./gamelogic/service/world/gift_key.lua
[2023-06-05 18:26:35][[world-11]][info] reload_mod begin: gift_key <==> ./gamelogic/service/world/gift_key.lua
[2023-06-05 18:26:37][[reload_watcher-a]][info] excel to reload:

[2023-06-05 18:26:37][[reload_watcher-a]][info] file to reload:
./gamelogic/service/world/gift_key.lua
[2023-06-05 18:26:37][[world-11]][info] reload_mod begin: gift_key <==> ./gamelogic/service/world/gift_key.lua
[2023-06-05 18:26:40][[reload_watcher-a]][info] excel to reload:

[2023-06-05 18:26:40][[reload_watcher-a]][info] file to reload:
./gamelogic/service/world/gift_key.lua
[2023-06-05 18:26:40][[world-11]][info] reload_mod begin: gift_key <==> ./gamelogic/service/world/gift_key.lua
[2023-06-05 18:26:43][[reload_watcher-a]][info] excel to reload:

[2023-06-05 18:26:43][[reload_watcher-a]][info] file to reload:
./gamelogic/service/world/gift_key.lua
[2023-06-05 18:26:43][[world-11]][info] reload_mod begin: gift_key <==> ./gamelogic/service/world/gift_key.lua
[2023-06-05 18:26:44][[reload_watcher-a]][info] excel to reload:

[2023-06-05 18:26:44][[reload_watcher-a]][info] file to reload:
./gamelogic/service/world/gift_key.lua
[2023-06-05 18:26:44][[world-11]][info] reload_mod begin: gift_key <==> ./gamelogic/service/world/gift_key.lua
[2023-06-05 18:27:04][[game_database-10]][info] SqlQueryCount: 2
[2023-06-05 18:27:19][[reload_watcher-a]][info] excel to reload:

[2023-06-05 18:27:19][[reload_watcher-a]][info] file to reload:
./gamelogic/service/world/gift_key.lua
[2023-06-05 18:27:19][[world-11]][info] reload_mod begin: gift_key <==> ./gamelogic/service/world/gift_key.lua
[2023-06-05 18:27:21][[reload_watcher-a]][info] excel to reload:

[2023-06-05 18:27:21][[reload_watcher-a]][info] file to reload:
./gamelogic/service/world/gift_key.lua
[2023-06-05 18:27:21][[world-11]][info] reload_mod begin: gift_key <==> ./gamelogic/service/world/gift_key.lua
[2023-06-05 18:27:22][[game_database-10]][info] SqlQueryCount: 2
[2023-06-05 18:27:40][[reload_watcher-a]][info] excel to reload:

[2023-06-05 18:27:40][[reload_watcher-a]][info] file to reload:
./gamelogic/service/world/gift_key.lua
[2023-06-05 18:27:40][[world-11]][info] reload_mod begin: gift_key <==> ./gamelogic/service/world/gift_key.lua
[2023-06-05 18:27:41][[reload_watcher-a]][info] excel to reload:

[2023-06-05 18:27:41][[reload_watcher-a]][info] file to reload:
./gamelogic/service/world/gift_key.lua
[2023-06-05 18:27:41][[world-11]][info] reload_mod begin: gift_key <==> ./gamelogic/service/world/gift_key.lua
[2023-06-05 18:27:42][[reload_watcher-a]][info] excel to reload:

[2023-06-05 18:27:42][[reload_watcher-a]][info] file to reload:
./gamelogic/service/world/gift_key.lua
[2023-06-05 18:27:42][[world-11]][info] reload_mod begin: gift_key <==> ./gamelogic/service/world/gift_key.lua
[2023-06-05 18:27:49][[reload_watcher-a]][info] excel to reload:

[2023-06-05 18:27:49][[reload_watcher-a]][info] file to reload:
./gamelogic/service/world/gift_key.lua
[2023-06-05 18:27:49][[world-11]][info] reload_mod begin: gift_key <==> ./gamelogic/service/world/gift_key.lua
[2023-06-05 18:27:51][[reload_watcher-a]][info] excel to reload:

[2023-06-05 18:27:51][[reload_watcher-a]][info] file to reload:
./gamelogic/service/world/gift_key.lua
[2023-06-05 18:27:51][[world-11]][info] reload_mod begin: gift_key <==> ./gamelogic/service/world/gift_key.lua
[2023-06-05 18:27:52][[game_database-10]][info] SqlQueryCount: 2
[2023-06-05 18:28:11][[reload_watcher-a]][info] excel to reload:

[2023-06-05 18:28:11][[reload_watcher-a]][info] file to reload:
./gamelogic/service/world/gift_key.lua
[2023-06-05 18:28:11][[world-11]][info] reload_mod begin: gift_key <==> ./gamelogic/service/world/gift_key.lua
[2023-06-05 18:28:12][[reload_watcher-a]][info] excel to reload:

[2023-06-05 18:28:12][[reload_watcher-a]][info] file to reload:
./gamelogic/service/world/gift_key.lua
[2023-06-05 18:28:12][[world-11]][info] reload_mod begin: gift_key <==> ./gamelogic/service/world/gift_key.lua
[2023-06-05 18:28:15][[reload_watcher-a]][info] excel to reload:

[2023-06-05 18:28:15][[reload_watcher-a]][info] file to reload:
./gamelogic/service/world/gift_key.lua
[2023-06-05 18:28:15][[world-11]][info] reload_mod begin: gift_key <==> ./gamelogic/service/world/gift_key.lua
[2023-06-05 18:28:18][[reload_watcher-a]][info] excel to reload:

[2023-06-05 18:28:18][[reload_watcher-a]][info] file to reload:
./gamelogic/service/world/gift_key.lua
[2023-06-05 18:28:18][[world-11]][info] reload_mod begin: gift_key <==> ./gamelogic/service/world/gift_key.lua
[2023-06-05 18:28:19][[reload_watcher-a]][info] excel to reload:

[2023-06-05 18:28:19][[reload_watcher-a]][info] file to reload:
./gamelogic/service/world/gift_key.lua
[2023-06-05 18:28:19][[world-11]][info] reload_mod begin: gift_key <==> ./gamelogic/service/world/gift_key.lua
[2023-06-05 18:28:26][[game_database-10]][info] SqlQueryCount: 2
[2023-06-05 18:28:47][[reload_watcher-a]][info] excel to reload:

[2023-06-05 18:28:47][[reload_watcher-a]][info] file to reload:
./gamelogic/service/world/gift_key.lua
[2023-06-05 18:28:47][[world-11]][info] reload_mod begin: gift_key <==> ./gamelogic/service/world/gift_key.lua
[2023-06-05 18:29:07][[reload_watcher-a]][info] excel to reload:

[2023-06-05 18:29:07][[reload_watcher-a]][info] file to reload:
./gamelogic/service/world/gift_key.lua
[2023-06-05 18:29:07][[world-11]][info] reload_mod begin: gift_key <==> ./gamelogic/service/world/gift_key.lua
[2023-06-05 18:29:08][[reload_watcher-a]][info] excel to reload:

[2023-06-05 18:29:08][[reload_watcher-a]][info] file to reload:
./gamelogic/service/world/gift_key.lua
[2023-06-05 18:29:08][[world-11]][info] reload_mod begin: gift_key <==> ./gamelogic/service/world/gift_key.lua
[2023-06-05 18:29:17][[game_database-10]][info] SqlQueryCount: 2
[2023-06-05 18:30:07][[reload_watcher-a]][info] excel to reload:

[2023-06-05 18:30:07][[reload_watcher-a]][info] file to reload:
./gamelogic/service/world/gift_key.lua
[2023-06-05 18:30:07][[world-11]][info] reload_mod begin: gift_key <==> ./gamelogic/service/world/gift_key.lua
[2023-06-05 18:30:10][[reload_watcher-a]][info] excel to reload:

[2023-06-05 18:30:10][[reload_watcher-a]][info] file to reload:
./gamelogic/service/world/gift_key.lua
[2023-06-05 18:30:10][[world-11]][info] reload_mod begin: gift_key <==> ./gamelogic/service/world/gift_key.lua
[2023-06-05 18:30:12][[game_database-10]][info] SqlQueryCount: 2
[2023-06-05 18:30:22][[reload_watcher-a]][info] excel to reload:

[2023-06-05 18:30:22][[reload_watcher-a]][info] file to reload:
./gamelogic/service/world/gift_key.lua
[2023-06-05 18:30:22][[world-11]][info] reload_mod begin: gift_key <==> ./gamelogic/service/world/gift_key.lua
[2023-06-05 18:30:24][[reload_watcher-a]][info] excel to reload:

[2023-06-05 18:30:24][[reload_watcher-a]][info] file to reload:
./gamelogic/service/world/gift_key.lua
[2023-06-05 18:30:24][[world-11]][info] reload_mod begin: gift_key <==> ./gamelogic/service/world/gift_key.lua
[2023-06-05 18:30:30][[reload_watcher-a]][info] excel to reload:

[2023-06-05 18:30:30][[reload_watcher-a]][info] file to reload:
./gamelogic/service/world/gift_key.lua
[2023-06-05 18:30:30][[world-11]][info] reload_mod begin: gift_key <==> ./gamelogic/service/world/gift_key.lua
[2023-06-05 18:30:31][[reload_watcher-a]][info] excel to reload:

[2023-06-05 18:30:31][[reload_watcher-a]][info] file to reload:
./gamelogic/service/world/gift_key.lua
[2023-06-05 18:30:31][[world-11]][info] reload_mod begin: gift_key <==> ./gamelogic/service/world/gift_key.lua
[2023-06-05 18:30:37][[reload_watcher-a]][info] excel to reload:

[2023-06-05 18:30:37][[reload_watcher-a]][info] file to reload:
./gamelogic/service/world/gift_key.lua
[2023-06-05 18:30:37][[world-11]][info] reload_mod begin: gift_key <==> ./gamelogic/service/world/gift_key.lua
[2023-06-05 18:30:39][[reload_watcher-a]][info] excel to reload:

[2023-06-05 18:30:39][[reload_watcher-a]][info] file to reload:
./gamelogic/service/world/gift_key.lua
[2023-06-05 18:30:39][[world-11]][info] reload_mod begin: gift_key <==> ./gamelogic/service/world/gift_key.lua
[2023-06-05 18:30:40][[reload_watcher-a]][info] excel to reload:

[2023-06-05 18:30:40][[reload_watcher-a]][info] file to reload:
./gamelogic/service/world/gift_key.lua
[2023-06-05 18:30:40][[world-11]][info] reload_mod begin: gift_key <==> ./gamelogic/service/world/gift_key.lua
[2023-06-05 18:30:41][[reload_watcher-a]][info] excel to reload:

[2023-06-05 18:30:41][[reload_watcher-a]][info] file to reload:
./gamelogic/service/world/gift_key.lua
[2023-06-05 18:30:41][[world-11]][info] reload_mod begin: gift_key <==> ./gamelogic/service/world/gift_key.lua
[2023-06-05 18:30:42][[reload_watcher-a]][info] excel to reload:

[2023-06-05 18:30:42][[reload_watcher-a]][info] file to reload:
./gamelogic/service/world/gift_key.lua
[2023-06-05 18:30:42][[world-11]][info] reload_mod begin: gift_key <==> ./gamelogic/service/world/gift_key.lua
[2023-06-05 18:30:43][[game_database-10]][info] SqlQueryCount: 2
[2023-06-05 18:32:39][[reload_watcher-a]][info] excel to reload:

[2023-06-05 18:32:39][[reload_watcher-a]][info] file to reload:
./gamelogic/service/world/gift_key.lua
[2023-06-05 18:32:39][[world-11]][info] reload_mod begin: gift_key <==> ./gamelogic/service/world/gift_key.lua
[2023-06-05 18:32:48][[reload_watcher-a]][info] excel to reload:

[2023-06-05 18:32:48][[reload_watcher-a]][info] file to reload:
./gamelogic/service/world/gift_key.lua
[2023-06-05 18:32:48][[world-11]][info] reload_mod begin: gift_key <==> ./gamelogic/service/world/gift_key.lua
[2023-06-05 18:32:56][[reload_watcher-a]][info] excel to reload:

[2023-06-05 18:32:56][[reload_watcher-a]][info] file to reload:
./gamelogic/service/world/gift_key.lua
[2023-06-05 18:32:56][[world-11]][info] reload_mod begin: gift_key <==> ./gamelogic/service/world/gift_key.lua
[2023-06-05 18:33:00][[reload_watcher-a]][info] excel to reload:

[2023-06-05 18:33:00][[reload_watcher-a]][info] file to reload:
./gamelogic/service/world/gift_key.lua
[2023-06-05 18:33:00][[world-11]][info] reload_mod begin: gift_key <==> ./gamelogic/service/world/gift_key.lua
[2023-06-05 18:33:01][[reload_watcher-a]][info] excel to reload:

[2023-06-05 18:33:01][[reload_watcher-a]][info] file to reload:
./gamelogic/service/world/gift_key.lua
[2023-06-05 18:33:01][[world-11]][info] reload_mod begin: gift_key <==> ./gamelogic/service/world/gift_key.lua
[2023-06-05 18:33:03][[game_database-10]][info] SqlQueryCount: 2
[2023-06-05 18:33:11][[reload_watcher-a]][info] excel to reload:

[2023-06-05 18:33:11][[reload_watcher-a]][info] file to reload:
./gamelogic/service/world/gift_key.lua
[2023-06-05 18:33:11][[world-11]][info] reload_mod begin: gift_key <==> ./gamelogic/service/world/gift_key.lua
[2023-06-05 18:36:19][[reload_watcher-a]][info] excel to reload:

[2023-06-05 18:36:19][[reload_watcher-a]][info] file to reload:
./gamelogic/service/world/gift_key.lua
[2023-06-05 18:36:19][[world-11]][info] reload_mod begin: gift_key <==> ./gamelogic/service/world/gift_key.lua
[2023-06-05 18:36:20][[reload_watcher-a]][info] excel to reload:

[2023-06-05 18:36:20][[reload_watcher-a]][info] file to reload:
./gamelogic/service/world/gift_key.lua
[2023-06-05 18:36:20][[world-11]][info] reload_mod begin: gift_key <==> ./gamelogic/service/world/gift_key.lua
[2023-06-05 18:36:22][[reload_watcher-a]][info] excel to reload:

[2023-06-05 18:36:22][[reload_watcher-a]][info] file to reload:
./gamelogic/service/world/gift_key.lua
[2023-06-05 18:36:22][[world-11]][info] reload_mod begin: gift_key <==> ./gamelogic/service/world/gift_key.lua
[2023-06-05 18:36:26][[reload_watcher-a]][info] excel to reload:

[2023-06-05 18:36:26][[reload_watcher-a]][info] file to reload:
./gamelogic/service/world/gift_key.lua
[2023-06-05 18:36:26][[world-11]][info] reload_mod begin: gift_key <==> ./gamelogic/service/world/gift_key.lua
[2023-06-05 18:36:27][[reload_watcher-a]][info] excel to reload:

[2023-06-05 18:36:27][[reload_watcher-a]][info] file to reload:
./gamelogic/service/world/gift_key.lua
[2023-06-05 18:36:27][[world-11]][info] reload_mod begin: gift_key <==> ./gamelogic/service/world/gift_key.lua
[2023-06-05 18:36:32][[reload_watcher-a]][info] excel to reload:

[2023-06-05 18:36:32][[reload_watcher-a]][info] file to reload:
./gamelogic/service/world/gift_key.lua
[2023-06-05 18:36:32][[world-11]][info] reload_mod begin: gift_key <==> ./gamelogic/service/world/gift_key.lua
[2023-06-05 18:36:33][[reload_watcher-a]][info] excel to reload:

[2023-06-05 18:36:33][[reload_watcher-a]][info] file to reload:
./gamelogic/service/world/gift_key.lua
[2023-06-05 18:36:33][[world-11]][info] reload_mod begin: gift_key <==> ./gamelogic/service/world/gift_key.lua
[2023-06-05 18:36:37][[reload_watcher-a]][info] excel to reload:

[2023-06-05 18:36:37][[reload_watcher-a]][info] file to reload:
./gamelogic/service/world/gift_key.lua
[2023-06-05 18:36:37][[world-11]][info] reload_mod begin: gift_key <==> ./gamelogic/service/world/gift_key.lua
[2023-06-05 18:36:38][[game_database-10]][info] SqlQueryCount: 2
[2023-06-05 18:37:12][[reload_watcher-a]][info] excel to reload:

[2023-06-05 18:37:12][[reload_watcher-a]][info] file to reload:
./gamelogic/service/world/gift_key.lua
[2023-06-05 18:37:12][[world-11]][info] reload_mod begin: gift_key <==> ./gamelogic/service/world/gift_key.lua
[2023-06-05 18:37:17][[reload_watcher-a]][info] excel to reload:

[2023-06-05 18:37:17][[reload_watcher-a]][info] file to reload:
./gamelogic/service/world/gift_key.lua
[2023-06-05 18:37:17][[world-11]][info] reload_mod begin: gift_key <==> ./gamelogic/service/world/gift_key.lua
[2023-06-05 18:37:42][[reload_watcher-a]][info] excel to reload:

[2023-06-05 18:37:42][[reload_watcher-a]][info] file to reload:
./gamelogic/service/world/gift_key.lua
[2023-06-05 18:37:42][[world-11]][info] reload_mod begin: gift_key <==> ./gamelogic/service/world/gift_key.lua
[2023-06-05 18:37:43][[reload_watcher-a]][info] excel to reload:

[2023-06-05 18:37:43][[reload_watcher-a]][info] file to reload:
./gamelogic/service/world/gift_key.lua
[2023-06-05 18:37:43][[world-11]][info] reload_mod begin: gift_key <==> ./gamelogic/service/world/gift_key.lua
[2023-06-05 18:37:47][[reload_watcher-a]][info] excel to reload:

[2023-06-05 18:37:47][[reload_watcher-a]][info] file to reload:
./gamelogic/service/world/gift_key.lua
[2023-06-05 18:37:47][[world-11]][info] reload_mod begin: gift_key <==> ./gamelogic/service/world/gift_key.lua
[2023-06-05 18:37:50][[reload_watcher-a]][info] excel to reload:

[2023-06-05 18:37:50][[reload_watcher-a]][info] file to reload:
./gamelogic/service/world/gift_key.lua
[2023-06-05 18:37:50][[world-11]][info] reload_mod begin: gift_key <==> ./gamelogic/service/world/gift_key.lua
[2023-06-05 18:37:52][[reload_watcher-a]][info] excel to reload:

[2023-06-05 18:37:52][[reload_watcher-a]][info] file to reload:
./gamelogic/service/world/gift_key.lua
[2023-06-05 18:37:52][[world-11]][info] reload_mod begin: gift_key <==> ./gamelogic/service/world/gift_key.lua
[2023-06-05 18:37:53][[reload_watcher-a]][info] excel to reload:

[2023-06-05 18:37:53][[reload_watcher-a]][info] file to reload:
./gamelogic/service/world/gift_key.lua
[2023-06-05 18:37:53][[world-11]][info] reload_mod begin: gift_key <==> ./gamelogic/service/world/gift_key.lua
[2023-06-05 18:37:56][[reload_watcher-a]][info] excel to reload:

[2023-06-05 18:37:56][[reload_watcher-a]][info] file to reload:
./gamelogic/service/world/gift_key.lua
[2023-06-05 18:37:56][[world-11]][info] reload_mod begin: gift_key <==> ./gamelogic/service/world/gift_key.lua
[2023-06-05 18:37:57][[reload_watcher-a]][info] excel to reload:

[2023-06-05 18:37:57][[reload_watcher-a]][info] file to reload:
./gamelogic/service/world/gift_key.lua
[2023-06-05 18:37:57][[world-11]][info] reload_mod begin: gift_key <==> ./gamelogic/service/world/gift_key.lua
[2023-06-05 18:38:11][[reload_watcher-a]][info] excel to reload:

[2023-06-05 18:38:11][[reload_watcher-a]][info] file to reload:
./gamelogic/service/world/gift_key.lua
[2023-06-05 18:38:11][[world-11]][info] reload_mod begin: gift_key <==> ./gamelogic/service/world/gift_key.lua
[2023-06-05 18:38:12][[reload_watcher-a]][info] excel to reload:

[2023-06-05 18:38:12][[reload_watcher-a]][info] file to reload:
./gamelogic/service/world/gift_key.lua
[2023-06-05 18:38:12][[world-11]][info] reload_mod begin: gift_key <==> ./gamelogic/service/world/gift_key.lua
[2023-06-05 18:38:16][[reload_watcher-a]][info] excel to reload:

[2023-06-05 18:38:16][[reload_watcher-a]][info] file to reload:
./gamelogic/service/world/gift_key.lua
[2023-06-05 18:38:16][[world-11]][info] reload_mod begin: gift_key <==> ./gamelogic/service/world/gift_key.lua
[2023-06-05 18:38:18][[reload_watcher-a]][info] excel to reload:

[2023-06-05 18:38:18][[reload_watcher-a]][info] file to reload:
./gamelogic/service/world/gift_key.lua
[2023-06-05 18:38:18][[world-11]][info] reload_mod begin: gift_key <==> ./gamelogic/service/world/gift_key.lua
[2023-06-05 18:38:19][[reload_watcher-a]][info] excel to reload:

[2023-06-05 18:38:19][[reload_watcher-a]][info] file to reload:
./gamelogic/service/world/gift_key.lua
[2023-06-05 18:38:19][[world-11]][info] reload_mod begin: gift_key <==> ./gamelogic/service/world/gift_key.lua
[2023-06-05 18:38:27][[reload_watcher-a]][info] excel to reload:

[2023-06-05 18:38:27][[reload_watcher-a]][info] file to reload:
./gamelogic/service/world/gift_key.lua
[2023-06-05 18:38:27][[world-11]][info] reload_mod begin: gift_key <==> ./gamelogic/service/world/gift_key.lua
[2023-06-05 18:38:32][[reload_watcher-a]][info] excel to reload:

[2023-06-05 18:38:32][[reload_watcher-a]][info] file to reload:
./gamelogic/service/world/gift_key.lua
[2023-06-05 18:38:32][[world-11]][info] reload_mod begin: gift_key <==> ./gamelogic/service/world/gift_key.lua
[2023-06-05 18:38:39][[game_database-10]][info] SqlQueryCount: 2
[2023-06-05 18:39:09][[reload_watcher-a]][info] excel to reload:

[2023-06-05 18:39:09][[reload_watcher-a]][info] file to reload:
./gamelogic/service/world/gift_key.lua
[2023-06-05 18:39:09][[world-11]][info] reload_mod begin: gift_key <==> ./gamelogic/service/world/gift_key.lua
[2023-06-05 18:39:10][[reload_watcher-a]][info] excel to reload:

[2023-06-05 18:39:10][[reload_watcher-a]][info] file to reload:
./gamelogic/service/world/gift_key.lua
[2023-06-05 18:39:10][[world-11]][info] reload_mod begin: gift_key <==> ./gamelogic/service/world/gift_key.lua
[2023-06-05 18:39:11][[reload_watcher-a]][info] excel to reload:

[2023-06-05 18:39:11][[reload_watcher-a]][info] file to reload:
./gamelogic/service/world/gift_key.lua
[2023-06-05 18:39:11][[world-11]][info] reload_mod begin: gift_key <==> ./gamelogic/service/world/gift_key.lua
[2023-06-05 18:39:12][[reload_watcher-a]][info] excel to reload:

[2023-06-05 18:39:12][[reload_watcher-a]][info] file to reload:
./gamelogic/service/world/gift_key.lua
[2023-06-05 18:39:12][[world-11]][info] reload_mod begin: gift_key <==> ./gamelogic/service/world/gift_key.lua
[2023-06-05 18:39:17][[reload_watcher-a]][info] excel to reload:

[2023-06-05 18:39:17][[reload_watcher-a]][info] file to reload:
./gamelogic/service/world/gift_key.lua
[2023-06-05 18:39:17][[world-11]][info] reload_mod begin: gift_key <==> ./gamelogic/service/world/gift_key.lua
[2023-06-05 18:39:21][[reload_watcher-a]][info] excel to reload:

[2023-06-05 18:39:21][[reload_watcher-a]][info] file to reload:
./gamelogic/service/world/gift_key.lua
[2023-06-05 18:39:21][[world-11]][info] reload_mod begin: gift_key <==> ./gamelogic/service/world/gift_key.lua
[2023-06-05 18:39:25][[game_database-10]][info] SqlQueryCount: 2
[2023-06-05 18:39:38][[reload_watcher-a]][info] excel to reload:

[2023-06-05 18:39:38][[reload_watcher-a]][info] file to reload:
./gamelogic/service/world/gift_key.lua
[2023-06-05 18:39:38][[world-11]][info] reload_mod begin: gift_key <==> ./gamelogic/service/world/gift_key.lua
[2023-06-05 18:39:41][[reload_watcher-a]][info] excel to reload:

[2023-06-05 18:39:41][[reload_watcher-a]][info] file to reload:
./gamelogic/service/world/gift_key.lua
[2023-06-05 18:39:41][[world-11]][info] reload_mod begin: gift_key <==> ./gamelogic/service/world/gift_key.lua
[2023-06-05 18:39:44][[reload_watcher-a]][info] excel to reload:

[2023-06-05 18:39:44][[reload_watcher-a]][info] file to reload:
./gamelogic/service/world/gift_key.lua
[2023-06-05 18:39:44][[world-11]][info] reload_mod begin: gift_key <==> ./gamelogic/service/world/gift_key.lua
[2023-06-05 18:39:46][[reload_watcher-a]][info] excel to reload:

[2023-06-05 18:39:46][[reload_watcher-a]][info] file to reload:
./gamelogic/service/world/gift_key.lua
[2023-06-05 18:39:46][[world-11]][info] reload_mod begin: gift_key <==> ./gamelogic/service/world/gift_key.lua
[2023-06-05 18:40:00][[reload_watcher-a]][info] excel to reload:

[2023-06-05 18:40:00][[reload_watcher-a]][info] file to reload:
./gamelogic/service/world/gift_key.lua
[2023-06-05 18:40:00][[world-11]][info] reload_mod begin: gift_key <==> ./gamelogic/service/world/gift_key.lua
[2023-06-05 18:40:01][[reload_watcher-a]][info] excel to reload:

[2023-06-05 18:40:01][[reload_watcher-a]][info] file to reload:
./gamelogic/service/world/gift_key.lua
[2023-06-05 18:40:01][[world-11]][info] reload_mod begin: gift_key <==> ./gamelogic/service/world/gift_key.lua
[2023-06-05 18:40:04][[reload_watcher-a]][info] excel to reload:

[2023-06-05 18:40:04][[reload_watcher-a]][info] file to reload:
./gamelogic/service/world/gift_key.lua
[2023-06-05 18:40:04][[world-11]][info] reload_mod begin: gift_key <==> ./gamelogic/service/world/gift_key.lua
[2023-06-05 18:40:04][[game_database-10]][info] SqlQueryCount: 2
[2023-06-05 18:40:33][[reload_watcher-a]][info] excel to reload:

[2023-06-05 18:40:33][[reload_watcher-a]][info] file to reload:
./gamelogic/service/world/gift_key.lua
[2023-06-05 18:40:33][[world-11]][info] reload_mod begin: gift_key <==> ./gamelogic/service/world/gift_key.lua
[2023-06-05 18:40:34][[reload_watcher-a]][info] excel to reload:

[2023-06-05 18:40:34][[reload_watcher-a]][info] file to reload:
./gamelogic/service/world/gift_key.lua
[2023-06-05 18:40:34][[world-11]][info] reload_mod begin: gift_key <==> ./gamelogic/service/world/gift_key.lua
[2023-06-05 18:40:36][[reload_watcher-a]][info] excel to reload:

[2023-06-05 18:40:36][[reload_watcher-a]][info] file to reload:
./gamelogic/service/world/gift_key.lua
[2023-06-05 18:40:36][[world-11]][info] reload_mod begin: gift_key <==> ./gamelogic/service/world/gift_key.lua
[2023-06-05 18:40:40][[reload_watcher-a]][info] excel to reload:

[2023-06-05 18:40:40][[reload_watcher-a]][info] file to reload:
./gamelogic/service/world/gift_key.lua
[2023-06-05 18:40:40][[world-11]][info] reload_mod begin: gift_key <==> ./gamelogic/service/world/gift_key.lua
[2023-06-05 18:40:41][[reload_watcher-a]][info] excel to reload:

[2023-06-05 18:40:41][[reload_watcher-a]][info] file to reload:
./gamelogic/service/world/gift_key.lua
[2023-06-05 18:40:41][[world-11]][info] reload_mod begin: gift_key <==> ./gamelogic/service/world/gift_key.lua
[2023-06-05 18:40:43][[reload_watcher-a]][info] excel to reload:

[2023-06-05 18:40:43][[reload_watcher-a]][info] file to reload:
./gamelogic/service/world/gift_key.lua
[2023-06-05 18:40:43][[world-11]][info] reload_mod begin: gift_key <==> ./gamelogic/service/world/gift_key.lua
[2023-06-05 18:40:44][[reload_watcher-a]][info] excel to reload:

[2023-06-05 18:40:44][[reload_watcher-a]][info] file to reload:
./gamelogic/service/world/gift_key.lua
[2023-06-05 18:40:44][[world-11]][info] reload_mod begin: gift_key <==> ./gamelogic/service/world/gift_key.lua
[2023-06-05 18:40:44][[game_database-10]][info] SqlQueryCount: 2
[2023-06-05 18:43:55][[game_database-10]][info] SqlQueryCount: 2
[2023-06-05 18:45:00][[game_database-10]][info] SqlQueryCount: 2
[2023-06-05 18:59:59][[game_database-10]][info] SqlQueryCount: 2
