[2023-06-05 14:21:22][[reload_watcher-a]][info] excel to reload:

[2023-06-05 14:21:22][[reload_watcher-a]][info] file to reload:
./service/gm_router/gm_router.lua
[2023-06-05 14:21:23][[reload_watcher-a]][info] excel to reload:

[2023-06-05 14:21:23][[reload_watcher-a]][info] file to reload:
./service/gm_router/gm_router.lua
[2023-06-05 14:22:42][[reload_watcher-a]][info] excel to reload:

[2023-06-05 14:22:42][[reload_watcher-a]][info] file to reload:
./gamelogic/service/world/lua_handles.lua
[2023-06-05 14:22:42][[world-11]][info] reload_mod begin: lua_handles <==> ./gamelogic/service/world/lua_handles.lua
[2023-06-05 14:22:46][[reload_watcher-a]][info] excel to reload:

[2023-06-05 14:22:46][[reload_watcher-a]][info] file to reload:
./gamelogic/service/world/lua_handles.lua
[2023-06-05 14:22:46][[world-11]][info] reload_mod begin: lua_handles <==> ./gamelogic/service/world/lua_handles.lua
[2023-06-05 14:22:51][[reload_watcher-a]][info] excel to reload:

[2023-06-05 14:22:51][[reload_watcher-a]][info] file to reload:
./gamelogic/service/world/lua_handles.lua
[2023-06-05 14:22:51][[world-11]][info] reload_mod begin: lua_handles <==> ./gamelogic/service/world/lua_handles.lua
[2023-06-05 14:22:53][[reload_watcher-a]][info] excel to reload:

[2023-06-05 14:22:53][[reload_watcher-a]][info] file to reload:
./gamelogic/service/world/lua_handles.lua
[2023-06-05 14:22:53][[world-11]][info] reload_mod begin: lua_handles <==> ./gamelogic/service/world/lua_handles.lua
[2023-06-05 14:22:58][[reload_watcher-a]][info] excel to reload:

[2023-06-05 14:22:58][[reload_watcher-a]][info] file to reload:
./gamelogic/service/world/lua_handles.lua
[2023-06-05 14:22:58][[world-11]][info] reload_mod begin: lua_handles <==> ./gamelogic/service/world/lua_handles.lua
[2023-06-05 14:23:03][[reload_watcher-a]][info] excel to reload:

[2023-06-05 14:23:03][[reload_watcher-a]][info] file to reload:
./gamelogic/service/world/lua_handles.lua
[2023-06-05 14:23:03][[world-11]][info] reload_mod begin: lua_handles <==> ./gamelogic/service/world/lua_handles.lua
[2023-06-05 14:23:08][[reload_watcher-a]][info] excel to reload:

[2023-06-05 14:23:08][[reload_watcher-a]][info] file to reload:
./gamelogic/service/world/lua_handles.lua
[2023-06-05 14:23:08][[world-11]][info] reload_mod begin: lua_handles <==> ./gamelogic/service/world/lua_handles.lua
[2023-06-05 14:23:11][[game_database-10]][info] SqlQueryCount: 1
[2023-06-05 14:23:20][[game_database-10]][info] SqlQueryCount: 1
[2023-06-05 14:24:23][[reload_watcher-a]][info] excel to reload:

[2023-06-05 14:24:23][[reload_watcher-a]][info] file to reload:
./gamelogic/service/world/gift_key.lua
[2023-06-05 14:24:23][[world-11]][info] reload_mod begin: gift_key <==> ./gamelogic/service/world/gift_key.lua
[2023-06-05 14:24:24][[game_database-10]][info] SqlQueryCount: 1
[2023-06-05 14:24:31][[reload_watcher-a]][info] excel to reload:

[2023-06-05 14:24:31][[reload_watcher-a]][info] file to reload:
./gamelogic/service/world/gift_key.lua
[2023-06-05 14:24:31][[world-11]][info] reload_mod begin: gift_key <==> ./gamelogic/service/world/gift_key.lua
[2023-06-05 14:24:43][[reload_watcher-a]][info] excel to reload:

[2023-06-05 14:24:43][[reload_watcher-a]][info] file to reload:
./gamelogic/service/world/lua_handles.lua
[2023-06-05 14:24:43][[world-11]][info] reload_mod begin: lua_handles <==> ./gamelogic/service/world/lua_handles.lua
[2023-06-05 14:24:46][[reload_watcher-a]][info] excel to reload:

[2023-06-05 14:24:46][[reload_watcher-a]][info] file to reload:
./gamelogic/service/world/lua_handles.lua
[2023-06-05 14:24:46][[world-11]][info] reload_mod begin: lua_handles <==> ./gamelogic/service/world/lua_handles.lua
[2023-06-05 14:24:52][[game_database-10]][info] SqlQueryCount: 1
[2023-06-05 14:24:57][[game_database-10]][info] SqlQueryCount: 1
[2023-06-05 14:25:56][[reload_watcher-a]][info] excel to reload:

[2023-06-05 14:25:56][[reload_watcher-a]][info] file to reload:
./gamelogic/service/world/gift_key.lua
[2023-06-05 14:25:56][[world-11]][info] reload_mod begin: gift_key <==> ./gamelogic/service/world/gift_key.lua
[2023-06-05 14:26:00][[reload_watcher-a]][info] excel to reload:

[2023-06-05 14:26:00][[reload_watcher-a]][info] file to reload:
./gamelogic/service/world/gift_key.lua
[2023-06-05 14:26:00][[world-11]][info] reload_mod begin: gift_key <==> ./gamelogic/service/world/gift_key.lua
[2023-06-05 14:26:02][[game_database-10]][info] SqlQueryCount: 1
[2023-06-05 14:26:20][[clusterd-d]][info] socket accept from ::ffff:45.135.232.28:64434, 12
[2023-06-05 14:27:53][[game_database-10]][info] SqlQueryCount: 1
[2023-06-05 14:31:54][[clusterd-d]][info] close socket 12
[2023-06-05 14:35:03][[game_database-10]][info] SqlQueryCount: 1
[2023-06-05 14:36:39][[game_database-10]][info] SqlQueryCount: 1
[2023-06-05 14:37:41][[game_database-10]][info] SqlQueryCount: 1
