[2023-06-05 13:24:31][[reload_watcher-a]][info] excel to reload:

[2023-06-05 13:24:31][[reload_watcher-a]][info] file to reload:
./gamelogic/service/world/gift_key.lua
[2023-06-05 13:24:31][[world-11]][info] reload_mod begin: gift_key <==> ./gamelogic/service/world/gift_key.lua
[2023-06-05 13:24:35][[reload_watcher-a]][info] excel to reload:

[2023-06-05 13:24:35][[reload_watcher-a]][info] file to reload:
./gamelogic/service/world/gift_key.lua
[2023-06-05 13:24:35][[world-11]][info] reload_mod begin: gift_key <==> ./gamelogic/service/world/gift_key.lua
[2023-06-05 13:24:39][[reload_watcher-a]][info] excel to reload:

[2023-06-05 13:24:39][[reload_watcher-a]][info] file to reload:
./gamelogic/service/world/gift_key.lua
[2023-06-05 13:24:39][[world-11]][info] reload_mod begin: gift_key <==> ./gamelogic/service/world/gift_key.lua
[2023-06-05 13:24:42][[reload_watcher-a]][info] excel to reload:

[2023-06-05 13:24:42][[reload_watcher-a]][info] file to reload:
./gamelogic/service/world/gift_key.lua
[2023-06-05 13:24:42][[world-11]][info] reload_mod begin: gift_key <==> ./gamelogic/service/world/gift_key.lua
[2023-06-05 13:24:43][[reload_watcher-a]][info] excel to reload:

[2023-06-05 13:24:43][[reload_watcher-a]][info] file to reload:
./gamelogic/service/world/gift_key.lua
[2023-06-05 13:24:43][[world-11]][info] reload_mod begin: gift_key <==> ./gamelogic/service/world/gift_key.lua
[2023-06-05 13:24:44][[reload_watcher-a]][info] excel to reload:

[2023-06-05 13:24:44][[reload_watcher-a]][info] file to reload:
./gamelogic/service/world/gift_key.lua
[2023-06-05 13:24:44][[world-11]][info] reload_mod begin: gift_key <==> ./gamelogic/service/world/gift_key.lua
[2023-06-05 13:24:46][[reload_watcher-a]][info] excel to reload:

[2023-06-05 13:24:46][[reload_watcher-a]][info] file to reload:
./gamelogic/service/world/gift_key.lua
[2023-06-05 13:24:46][[world-11]][info] reload_mod begin: gift_key <==> ./gamelogic/service/world/gift_key.lua
[2023-06-05 13:24:49][[reload_watcher-a]][info] excel to reload:

[2023-06-05 13:24:49][[reload_watcher-a]][info] file to reload:
./gamelogic/service/world/gift_key.lua
[2023-06-05 13:24:49][[world-11]][info] reload_mod begin: gift_key <==> ./gamelogic/service/world/gift_key.lua
[2023-06-05 13:24:51][[reload_watcher-a]][info] excel to reload:

[2023-06-05 13:24:51][[reload_watcher-a]][info] file to reload:
./gamelogic/service/world/gift_key.lua
[2023-06-05 13:24:51][[world-11]][info] reload_mod begin: gift_key <==> ./gamelogic/service/world/gift_key.lua
[2023-06-05 13:24:57][[reload_watcher-a]][info] excel to reload:

[2023-06-05 13:24:57][[reload_watcher-a]][info] file to reload:
./gamelogic/service/world/gift_key.lua
[2023-06-05 13:24:57][[world-11]][info] reload_mod begin: gift_key <==> ./gamelogic/service/world/gift_key.lua
[2023-06-05 13:24:59][[reload_watcher-a]][info] excel to reload:

[2023-06-05 13:24:59][[reload_watcher-a]][info] file to reload:
./gamelogic/service/world/gift_key.lua
[2023-06-05 13:24:59][[world-11]][info] reload_mod begin: gift_key <==> ./gamelogic/service/world/gift_key.lua
[2023-06-05 13:25:00][[reload_watcher-a]][info] excel to reload:

[2023-06-05 13:25:00][[reload_watcher-a]][info] file to reload:
./gamelogic/service/world/gift_key.lua
[2023-06-05 13:25:00][[world-11]][info] reload_mod begin: gift_key <==> ./gamelogic/service/world/gift_key.lua
[2023-06-05 13:25:59][[clusterd-d]][info] socket accept from ::ffff:117.50.193.85:16358, 9
[2023-06-05 13:25:59][[clusterd-d]][info] clusterd show_self s2803_gm_router
[2023-06-05 13:25:59][[clusterd-d]][info] connect s2803_gm_router 117.50.193.85:40201
[2023-06-05 13:26:00][[game_database-10]][info] SqlQueryCount: 3
[2023-06-05 13:26:03][[game_database-10]][info] SqlQueryCount: 2
[2023-06-05 13:26:17][[game_database-10]][info] SqlQueryCount: 2
[2023-06-05 13:26:45][[game_database-10]][info] SqlQueryCount: 2
[2023-06-05 13:27:26][[game_database-10]][info] SqlQueryCount: 2
[2023-06-05 13:27:47][[game_database-10]][info] SqlQueryCount: 2
[2023-06-05 13:28:03][[reload_watcher-a]][info] excel to reload:

[2023-06-05 13:28:03][[reload_watcher-a]][info] file to reload:
./gamelogic/service/world/gift_key.lua
[2023-06-05 13:28:03][[world-11]][info] reload_mod begin: gift_key <==> ./gamelogic/service/world/gift_key.lua
[2023-06-05 13:28:04][[reload_watcher-a]][info] excel to reload:

[2023-06-05 13:28:04][[reload_watcher-a]][info] file to reload:
./gamelogic/service/world/gift_key.lua
[2023-06-05 13:28:04][[world-11]][info] reload_mod begin: gift_key <==> ./gamelogic/service/world/gift_key.lua
[2023-06-05 13:28:08][[reload_watcher-a]][info] excel to reload:

[2023-06-05 13:28:08][[reload_watcher-a]][info] file to reload:
./gamelogic/service/world/gift_key.lua
[2023-06-05 13:28:08][[world-11]][info] reload_mod begin: gift_key <==> ./gamelogic/service/world/gift_key.lua
[2023-06-05 13:28:17][[reload_watcher-a]][info] excel to reload:

[2023-06-05 13:28:17][[reload_watcher-a]][info] file to reload:
./gamelogic/service/world/gift_key.lua
[2023-06-05 13:28:17][[world-11]][info] reload_mod begin: gift_key <==> ./gamelogic/service/world/gift_key.lua
[2023-06-05 13:31:30][[reload_watcher-a]][info] excel to reload:

[2023-06-05 13:31:30][[reload_watcher-a]][info] file to reload:
./gamelogic/service/world/gift_key.lua
[2023-06-05 13:31:30][[world-11]][info] reload_mod begin: gift_key <==> ./gamelogic/service/world/gift_key.lua
[2023-06-05 13:31:33][[reload_watcher-a]][info] excel to reload:

[2023-06-05 13:31:33][[reload_watcher-a]][info] file to reload:
./gamelogic/service/world/gift_key.lua
[2023-06-05 13:31:33][[world-11]][info] reload_mod begin: gift_key <==> ./gamelogic/service/world/gift_key.lua
[2023-06-05 13:31:34][[reload_watcher-a]][info] excel to reload:

[2023-06-05 13:31:34][[reload_watcher-a]][info] file to reload:
./gamelogic/service/world/gift_key.lua
[2023-06-05 13:31:34][[world-11]][info] reload_mod begin: gift_key <==> ./gamelogic/service/world/gift_key.lua
[2023-06-05 13:31:38][[game_database-10]][info] SqlQueryCount: 2
[2023-06-05 13:31:50][[reload_watcher-a]][info] excel to reload:

[2023-06-05 13:31:50][[reload_watcher-a]][info] file to reload:
./gamelogic/service/world/gift_key.lua
[2023-06-05 13:31:50][[world-11]][info] reload_mod begin: gift_key <==> ./gamelogic/service/world/gift_key.lua
[2023-06-05 13:31:52][[game_database-10]][info] SqlQueryCount: 2
[2023-06-05 13:35:37][[game_database-10]][info] SqlQueryCount: 1
[2023-06-05 13:36:34][[reload_watcher-a]][info] excel to reload:

[2023-06-05 13:36:34][[reload_watcher-a]][info] file to reload:
./gamelogic/service/world/gift_key.lua
[2023-06-05 13:36:34][[world-11]][info] reload_mod begin: gift_key <==> ./gamelogic/service/world/gift_key.lua
[2023-06-05 13:36:36][[game_database-10]][info] SqlQueryCount: 1
[2023-06-05 13:36:48][[game_database-10]][info] SqlQueryCount: 1
[2023-06-05 13:36:48][[reload_watcher-a]][info] excel to reload:

[2023-06-05 13:36:48][[reload_watcher-a]][info] file to reload:
./gamelogic/service/world/gift_key.lua
[2023-06-05 13:36:48][[world-11]][info] reload_mod begin: gift_key <==> ./gamelogic/service/world/gift_key.lua
[2023-06-05 13:36:51][[game_database-10]][info] SqlQueryCount: 1
[2023-06-05 13:47:43][[reload_watcher-a]][info] excel to reload:

[2023-06-05 13:47:43][[reload_watcher-a]][info] file to reload:
./gamelogic/service/world/gift_key.lua
[2023-06-05 13:47:43][[world-11]][info] reload_mod begin: gift_key <==> ./gamelogic/service/world/gift_key.lua
[2023-06-05 13:47:45][[reload_watcher-a]][info] excel to reload:

[2023-06-05 13:47:45][[reload_watcher-a]][info] file to reload:
./gamelogic/service/world/gift_key.lua
[2023-06-05 13:47:45][[world-11]][info] reload_mod begin: gift_key <==> ./gamelogic/service/world/gift_key.lua
[2023-06-05 13:47:49][[reload_watcher-a]][info] excel to reload:

[2023-06-05 13:47:49][[reload_watcher-a]][info] file to reload:
./gamelogic/service/world/gift_key.lua
[2023-06-05 13:47:49][[world-11]][info] reload_mod begin: gift_key <==> ./gamelogic/service/world/gift_key.lua
[2023-06-05 13:47:51][[reload_watcher-a]][info] excel to reload:

[2023-06-05 13:47:51][[reload_watcher-a]][info] file to reload:
./gamelogic/service/world/gift_key.lua
[2023-06-05 13:47:51][[world-11]][info] reload_mod begin: gift_key <==> ./gamelogic/service/world/gift_key.lua
[2023-06-05 13:47:56][[reload_watcher-a]][info] excel to reload:

[2023-06-05 13:47:56][[reload_watcher-a]][info] file to reload:
./gamelogic/service/world/gift_key.lua
[2023-06-05 13:47:56][[world-11]][info] reload_mod begin: gift_key <==> ./gamelogic/service/world/gift_key.lua
[2023-06-05 13:48:00][[game_database-10]][info] SqlQueryCount: 2
[2023-06-05 13:48:15][[reload_watcher-a]][info] excel to reload:

[2023-06-05 13:48:15][[reload_watcher-a]][info] file to reload:
./gamelogic/service/world/gift_key.lua
[2023-06-05 13:48:15][[world-11]][info] reload_mod begin: gift_key <==> ./gamelogic/service/world/gift_key.lua
[2023-06-05 13:48:17][[reload_watcher-a]][info] excel to reload:

[2023-06-05 13:48:17][[reload_watcher-a]][info] file to reload:
./gamelogic/service/world/gift_key.lua
[2023-06-05 13:48:17][[world-11]][info] reload_mod begin: gift_key <==> ./gamelogic/service/world/gift_key.lua
[2023-06-05 13:48:23][[reload_watcher-a]][info] excel to reload:

[2023-06-05 13:48:23][[reload_watcher-a]][info] file to reload:
./gamelogic/service/world/gift_key.lua
[2023-06-05 13:48:23][[world-11]][info] reload_mod begin: gift_key <==> ./gamelogic/service/world/gift_key.lua
[2023-06-05 13:48:25][[reload_watcher-a]][info] excel to reload:

[2023-06-05 13:48:25][[reload_watcher-a]][info] file to reload:
./gamelogic/service/world/gift_key.lua
[2023-06-05 13:48:25][[world-11]][info] reload_mod begin: gift_key <==> ./gamelogic/service/world/gift_key.lua
[2023-06-05 13:48:27][[reload_watcher-a]][info] excel to reload:

[2023-06-05 13:48:27][[reload_watcher-a]][info] file to reload:
./gamelogic/service/world/gift_key.lua
[2023-06-05 13:48:27][[world-11]][info] reload_mod begin: gift_key <==> ./gamelogic/service/world/gift_key.lua
[2023-06-05 13:48:34][[reload_watcher-a]][info] excel to reload:

[2023-06-05 13:48:34][[reload_watcher-a]][info] file to reload:
./gamelogic/service/world/gift_key.lua
[2023-06-05 13:48:34][[world-11]][info] reload_mod begin: gift_key <==> ./gamelogic/service/world/gift_key.lua
[2023-06-05 13:49:48][[reload_watcher-a]][info] excel to reload:

[2023-06-05 13:49:48][[reload_watcher-a]][info] file to reload:
./gamelogic/service/world/gift_key.lua
[2023-06-05 13:49:48][[world-11]][info] reload_mod begin: gift_key <==> ./gamelogic/service/world/gift_key.lua
[2023-06-05 13:51:45][[reload_watcher-a]][info] excel to reload:

[2023-06-05 13:51:45][[reload_watcher-a]][info] file to reload:
./gamelogic/service/world/gift_key.lua
[2023-06-05 13:51:45][[world-11]][info] reload_mod begin: gift_key <==> ./gamelogic/service/world/gift_key.lua
[2023-06-05 13:52:10][[reload_watcher-a]][info] excel to reload:

[2023-06-05 13:52:10][[reload_watcher-a]][info] file to reload:
./gamelogic/service/world/gift_key.lua
[2023-06-05 13:52:10][[world-11]][info] reload_mod begin: gift_key <==> ./gamelogic/service/world/gift_key.lua
[2023-06-05 13:52:13][[reload_watcher-a]][info] excel to reload:

[2023-06-05 13:52:13][[reload_watcher-a]][info] file to reload:
./gamelogic/service/world/gift_key.lua
[2023-06-05 13:52:13][[world-11]][info] reload_mod begin: gift_key <==> ./gamelogic/service/world/gift_key.lua
[2023-06-05 13:53:41][[reload_watcher-a]][info] excel to reload:

[2023-06-05 13:53:41][[reload_watcher-a]][info] file to reload:
./service/gm_router/gm_router.lua
[2023-06-05 13:53:45][[reload_watcher-a]][info] excel to reload:

[2023-06-05 13:53:45][[reload_watcher-a]][info] file to reload:
./service/gm_router/gm_router.lua
[2023-06-05 13:53:50][[reload_watcher-a]][info] excel to reload:

[2023-06-05 13:53:50][[reload_watcher-a]][info] file to reload:
./service/gm_router/gm_router.lua
[2023-06-05 13:53:52][[reload_watcher-a]][info] excel to reload:

[2023-06-05 13:53:52][[reload_watcher-a]][info] file to reload:
./service/gm_router/gm_router.lua
[2023-06-05 13:53:58][[reload_watcher-a]][info] excel to reload:

[2023-06-05 13:53:58][[reload_watcher-a]][info] file to reload:
./service/gm_router/gm_router.lua
[2023-06-05 13:54:12][[reload_watcher-a]][info] excel to reload:

[2023-06-05 13:54:12][[reload_watcher-a]][info] file to reload:
./service/gm_router/gm_router.lua
[2023-06-05 13:54:16][[reload_watcher-a]][info] excel to reload:

[2023-06-05 13:54:16][[reload_watcher-a]][info] file to reload:
./service/gm_router/gm_router.lua
[2023-06-05 13:54:22][[reload_watcher-a]][info] excel to reload:

[2023-06-05 13:54:22][[reload_watcher-a]][info] file to reload:
./service/gm_router/gm_router.lua
