[2023-06-05 15:10:31][[game_database-10]][SqlQuery] {"query":"select * from t_GiftKey","use_time":0,"size":23}
[2023-06-05 15:10:35][[game_database-10]][SqlQuery] {"query":"select * from t_GiftKey","use_time":0,"size":23}
[2023-06-05 15:11:49][[game_database-10]][SqlQuery] {"query":"select * from t_GiftKey","use_time":0,"size":23}
[2023-06-05 15:12:09][[game_database-10]][SqlQuery] {"query":"insert into t_GiftKeyBatch (batch_id,ite ... :1}]',1,'',1685977200,'00r',1685894400,1)","use_time":0.0099999904632568,"size":187}
[2023-06-05 15:12:09][[game_database-10]][SqlQuery] {"query":"insert into t_GiftKey (gift_key) values ('00rsnt9v7wpak');","use_time":0,"size":58}
[2023-06-05 15:12:13][[game_database-10]][SqlQuery] {"query":"select * from t_GiftKey","use_time":0,"size":23}
[2023-06-05 15:16:03][[game_database-10]][SqlQuery] {"query":"select * from t_GiftKeyBatch","use_time":0.0099999904632568,"size":28}
[2023-06-05 15:19:27][[game_database-10]][SqlQuery] {"query":"select * from t_GiftKey","use_time":0,"size":23}
[2023-06-05 15:19:27][[game_database-10]][SqlQuery] {"query":"select * from t_GiftKeyBatch","use_time":0,"size":28}
[2023-06-05 15:22:00][[game_database-10]][SqlQuery] {"query":"select * from t_GiftKey","use_time":0.0099999904632568,"size":23}
[2023-06-05 15:22:00][[game_database-10]][SqlQuery] {"query":"select * from t_GiftKeyBatch","use_time":0,"size":28}
[2023-06-05 15:24:08][[game_database-10]][SqlQuery] {"query":"select * from t_GiftKey","use_time":0,"size":23}
[2023-06-05 15:24:08][[game_database-10]][SqlQuery] {"query":"select * from t_GiftKeyBatch","use_time":0,"size":28}
[2023-06-05 15:25:18][[game_database-10]][SqlQuery] {"query":"select * from t_GiftKey","use_time":0,"size":23}
[2023-06-05 15:25:18][[game_database-10]][SqlQuery] {"query":"select * from t_GiftKeyBatch","use_time":0,"size":28}
[2023-06-05 15:25:58][[game_database-10]][SqlQuery] {"query":"select * from t_GiftKey","use_time":0,"size":23}
[2023-06-05 15:25:58][[game_database-10]][SqlQuery] {"query":"select * from t_GiftKeyBatch","use_time":0,"size":28}
[2023-06-05 15:27:07][[game_database-10]][SqlQuery] {"query":"select * from t_GiftKey","use_time":0.0099999904632568,"size":23}
[2023-06-05 15:27:37][[game_database-10]][SqlQuery] {"query":"select * from t_GiftKey","use_time":0,"size":23}
[2023-06-05 15:27:59][[game_database-10]][SqlQuery] {"query":"select * from t_GiftKey","use_time":0.0099999904632568,"size":23}
[2023-06-05 15:28:04][[game_database-10]][SqlQuery] {"query":"select * from t_GiftKey","use_time":0.0099999904632568,"size":23}
[2023-06-05 15:32:59][[game_database-10]][SqlQuery] {"query":"select * from t_GiftKey","use_time":0.0099999904632568,"size":23}
[2023-06-05 15:33:04][[game_database-10]][SqlQuery] {"query":"select * from t_GiftKey","use_time":0.0099999904632568,"size":23}
[2023-06-05 15:33:17][[game_database-10]][SqlQuery] {"query":"select * from t_GiftKey","use_time":0,"size":23}
[2023-06-05 15:33:20][[game_database-10]][SqlQuery] {"query":"select * from t_GiftKey","use_time":0,"size":23}
[2023-06-05 15:33:23][[game_database-10]][SqlQuery] {"query":"select * from t_GiftKey","use_time":0,"size":23}
[2023-06-05 15:33:24][[game_database-10]][SqlQuery] {"query":"select * from t_GiftKey","use_time":0.0099999904632568,"size":23}
[2023-06-05 15:33:33][[game_database-10]][SqlQuery] {"query":"insert into t_GiftKeyBatch (batch_id,ite ... :1}]',1,'',1685948400,'00s',1685894400,1)","use_time":0,"size":187}
[2023-06-05 15:33:33][[game_database-10]][SqlQuery] {"query":"insert into t_GiftKey (gift_key) values ('00sy65xz1artx');","use_time":0,"size":58}
[2023-06-05 15:33:34][[game_database-10]][SqlQuery] {"query":"select * from t_GiftKey","use_time":0.0099999904632568,"size":23}
[2023-06-05 15:33:35][[game_database-10]][SqlQuery] {"query":"select * from t_GiftKey","use_time":0,"size":23}
[2023-06-05 15:33:36][[game_database-10]][SqlQuery] {"query":"select * from t_GiftKey","use_time":0,"size":23}
[2023-06-05 15:33:38][[game_database-10]][SqlQuery] {"query":"select * from t_GiftKey","use_time":0,"size":23}
[2023-06-05 15:33:41][[game_database-10]][SqlQuery] {"query":"select * from t_GiftKey","use_time":0,"size":23}
[2023-06-05 15:33:45][[game_database-10]][SqlQuery] {"query":"select * from t_GiftKey","use_time":0.0099999904632568,"size":23}
[2023-06-05 15:33:47][[game_database-10]][SqlQuery] {"query":"select * from t_GiftKey","use_time":0,"size":23}
[2023-06-05 15:36:17][[game_database-10]][SqlQuery] {"query":"select * from t_GiftKey","use_time":0.0099999904632568,"size":23}
[2023-06-05 15:36:19][[game_database-10]][SqlQuery] {"query":"select * from t_GiftKey","use_time":0.0099999904632568,"size":23}
[2023-06-05 15:36:20][[game_database-10]][SqlQuery] {"query":"select * from t_GiftKey","use_time":0.0099999904632568,"size":23}
[2023-06-05 15:36:20][[game_database-10]][SqlQuery] {"query":"select * from t_GiftKey","use_time":0,"size":23}
[2023-06-05 15:36:21][[game_database-10]][SqlQuery] {"query":"select * from t_GiftKey","use_time":0,"size":23}
[2023-06-05 15:37:37][[game_database-10]][SqlQuery] {"query":"select * from t_GiftKey","use_time":0,"size":23}
[2023-06-05 15:37:39][[game_database-10]][SqlQuery] {"query":"select * from t_GiftKey","use_time":0,"size":23}
[2023-06-05 15:40:38][[game_database-10]][SqlQuery] {"query":"select * from t_GiftKey","use_time":0.0099999904632568,"size":23}
[2023-06-05 15:40:39][[game_database-10]][SqlQuery] {"query":"select * from t_GiftKey","use_time":0.0099999904632568,"size":23}
[2023-06-05 15:41:39][[game_database-10]][SqlQuery] {"query":"select * from t_GiftKey","use_time":0,"size":23}
[2023-06-05 15:41:40][[game_database-10]][SqlQuery] {"query":"select * from t_GiftKey","use_time":0,"size":23}
[2023-06-05 15:41:50][[game_database-10]][SqlQuery] {"query":"insert into t_GiftKeyBatch (batch_id,ite ... :1}]',1,'',1685977200,'00t',1685894400,1)","use_time":0.0099999904632568,"size":187}
[2023-06-05 15:41:50][[game_database-10]][SqlQuery] {"query":"insert into t_GiftKey (gift_key) values ('00tau9rd2u4zu');","use_time":0,"size":58}
[2023-06-05 15:42:16][[game_database-10]][SqlQuery] {"query":"select * from t_GiftKey","use_time":0,"size":23}
[2023-06-05 15:42:25][[game_database-10]][SqlQuery] {"query":"insert into t_GiftKeyBatch (batch_id,ite ... :1}]',1,'',1685977200,'00u',1685894400,1)","use_time":0,"size":187}
[2023-06-05 15:42:25][[game_database-10]][SqlQuery] {"query":"insert into t_GiftKey (gift_key) values ('00uepnswf01eb');","use_time":0,"size":58}
[2023-06-05 15:42:26][[game_database-10]][SqlQuery] {"query":"select * from t_GiftKey","use_time":0,"size":23}
[2023-06-05 15:43:26][[game_database-10]][SqlQuery] {"query":"select * from t_GiftKey","use_time":0.0099999904632568,"size":23}
[2023-06-05 15:45:40][[game_database-10]][SqlQuery] {"query":"select * from t_GiftKey","use_time":0.0099999904632568,"size":23}
[2023-06-05 15:45:54][[game_database-10]][SqlQuery] {"query":"select * from t_GiftKey","use_time":0,"size":23}
[2023-06-05 15:48:22][[game_database-10]][SqlQuery] {"query":"select * from t_GiftKey where gift_key='005s5t7m5qfny'","use_time":0,"size":54}
[2023-06-05 15:48:22][[game_database-10]][SqlQuery] {"query":"select * from t_GiftKey","use_time":0,"size":23}
