[2023-06-05 17:21:34][[game_database-10]][SqlQuery] {"query":"use hd_world","use_time":0,"size":12}
[2023-06-05 17:21:34][[game_database-10]][SqlQuery] {"query":"SET NAMES utf8mb4","use_time":0,"size":17}
[2023-06-05 17:21:34][[game_database-10]][SqlQuery] {"query":"select * from t_GiftKey","use_time":0.029999971389771,"size":23}
[2023-06-05 17:21:49][[game_database-10]][SqlQuery] {"query":"select * from t_GiftKey","use_time":0,"size":23}
[2023-06-05 17:24:20][[game_database-10]][SqlQuery] {"query":"select * from t_GiftKey where gift_key='005s5t7m5qfny'","use_time":0,"size":54}
[2023-06-05 17:37:23][[game_database-10]][SqlQuery] {"query":"insert into t_GiftKeyBatch (batch_id,tot ... lues (31,1,1685977200,'00v',1685894400,1)","use_time":0,"size":133}
[2023-06-05 17:37:23][[game_database-10]][SqlQuery] {"query":"insert into t_GiftKey (gift_key) values ('00vsq762ceit2');","use_time":0,"size":58}
[2023-06-05 17:37:49][[game_database-10]][SqlQuery] {"query":"select * from t_GiftKey where gift_key='005s5t7m5qfny'","use_time":0,"size":54}
[2023-06-05 17:39:07][[game_database-10]][SqlQuery] {"query":"select * from t_GiftKey where gift_key='005s5t7m5qfny'","use_time":0.0099999904632568,"size":54}
[2023-06-05 17:39:08][[game_database-10]][SqlQuery] {"query":"select * from t_GiftKey where gift_key='005s5t7m5qfny'","use_time":0.0099999904632568,"size":54}
[2023-06-05 17:39:43][[game_database-10]][SqlQuery] {"query":"select * from t_GiftKey where gift_key='005s5t7m5qfny'","use_time":0,"size":54}
[2023-06-05 17:39:58][[game_database-10]][SqlQuery] {"query":"select * from t_GiftKey where gift_key='00uepnswf01eb'","use_time":0,"size":54}
[2023-06-05 17:40:07][[game_database-10]][SqlQuery] {"query":"insert into t_GiftKeyBatch (batch_id,tot ... lues (32,1,1685977200,'00w',1685894400,1)","use_time":0.0099999904632568,"size":133}
[2023-06-05 17:40:07][[game_database-10]][SqlQuery] {"query":"insert into t_GiftKey (gift_key) values ('00wc3d3gut9e3');","use_time":0,"size":58}
[2023-06-05 17:40:11][[game_database-10]][SqlQuery] {"query":"select * from t_GiftKey","use_time":0.019999980926514,"size":23}
[2023-06-05 17:40:15][[game_database-10]][SqlQuery] {"query":"select * from t_GiftKey where gift_key='00wc3d3gut9e3'","use_time":0,"size":54}
[2023-06-05 17:40:36][[game_database-10]][SqlQuery] {"query":"insert into t_GiftKeyBatch (batch_id,tot ... lues (33,1,1685977200,'00x',1685894400,1)","use_time":0.0099999904632568,"size":133}
[2023-06-05 17:40:36][[game_database-10]][SqlQuery] {"query":"insert into t_GiftKey (gift_key) values ('00xi0rkvkea9w');","use_time":0,"size":58}
[2023-06-05 17:41:34][[game_database-10]][SqlQuery] {"query":"select * from t_GiftKey","use_time":0,"size":23}
[2023-06-05 17:41:38][[game_database-10]][SqlQuery] {"query":"select * from t_GiftKey where gift_key='00xi0rkvkea9w'","use_time":0.0099999904632568,"size":54}
[2023-06-05 17:43:36][[game_database-10]][SqlQuery] {"query":"insert into t_GiftKeyBatch (batch_id,ite ... t\\\":1}]',1,1685977200,'00y',1685894400,1)","use_time":0,"size":180}
[2023-06-05 17:43:36][[game_database-10]][SqlQuery] {"query":"insert into t_GiftKey (gift_key) values ('00ywi6agma3k9');","use_time":0.0099999904632568,"size":58}
[2023-06-05 17:43:37][[game_database-10]][SqlQuery] {"query":"select * from t_GiftKey","use_time":0,"size":23}
[2023-06-05 17:43:51][[game_database-10]][SqlQuery] {"query":"select * from t_GiftKey where gift_key='00ywi6agma3k9'","use_time":0.0099999904632568,"size":54}
[2023-06-05 17:44:49][[common_init-c]][SqlConnect] {"host":"127.0.0.1","user":"root"}
[2023-06-05 17:44:49][[common_init-c]][SqlQuery] {"query":"use hd_game2801","use_time":0.0099999904632568,"size":15}
[2023-06-05 17:44:49][[common_init-c]][SqlQuery] {"query":"SET NAMES utf8mb4","use_time":0,"size":17}
[2023-06-05 17:44:49][[common_init-c]][SqlQuery] {"query":"select count(*) from t_uuid_alloc","use_time":0.0099999904632568,"size":33}
[2023-06-05 17:44:49][[common_init-c]][SqlQuery] {"query":"insert t_uuid_alloc (rand_key) values (\"v5whIomAzhQ4iBRR\")","use_time":0,"size":58}
[2023-06-05 17:44:49][[common_init-c]][SqlQuery] {"query":"select * from t_uuid_alloc where rand_key='v5whIomAzhQ4iBRR'","use_time":0.010000228881836,"size":60}
[2023-06-05 17:44:49][[common_init-c]][SqlClose] {"host":"127.0.0.1","user":"root"}
[2023-06-05 17:44:52][[game_database-10]][SqlConnect] {"host":"127.0.0.1","user":"root"}
[2023-06-05 17:44:52][[game_database-10]][SqlQuery] {"query":"use hd_world","use_time":0.0099999904632568,"size":12}
[2023-06-05 17:44:52][[game_database-10]][SqlQuery] {"query":"SET NAMES utf8mb4","use_time":0,"size":17}
[2023-06-05 17:44:52][[game_database-10]][SqlQuery] {"query":"select count(*) from t_lua_schema","use_time":0,"size":33}
[2023-06-05 17:44:52][[game_database-10]][SqlQuery] {"query":"select * from t_lua_schema where name='t_WorldConf'","use_time":0,"size":51}
[2023-06-05 17:44:52][[game_database-10]][SqlQuery] {"query":"select count(*) from t_lua_schema","use_time":0,"size":33}
[2023-06-05 17:44:52][[game_database-10]][SqlQuery] {"query":"select * from t_lua_schema where name='t_PayOrder'","use_time":0,"size":50}
[2023-06-05 17:44:52][[game_database-10]][SqlQuery] {"query":"select count(*) from t_lua_schema","use_time":0,"size":33}
[2023-06-05 17:44:52][[game_database-10]][SqlQuery] {"query":"select * from t_lua_schema where name='t_GiftKey'","use_time":0,"size":49}
[2023-06-05 17:44:52][[game_database-10]][SqlQuery] {"query":"select count(*) from t_lua_schema","use_time":0.0099999904632568,"size":33}
[2023-06-05 17:44:52][[game_database-10]][SqlQuery] {"query":"select * from t_lua_schema where name='t_GiftKeyBatch'","use_time":0.0099999904632568,"size":54}
[2023-06-05 17:44:52][[game_database-10]][SqlQuery] {"query":"select * from t_GiftKeyBatch","use_time":0,"size":28}
[2023-06-05 17:44:52][[game_database-10]][SqlQuery] {"query":"select * from t_WorldConf where conf_name='gift_key'","use_time":0,"size":52}
[2023-06-05 17:45:55][[game_database-10]][SqlQuery] {"query":"insert into t_GiftKeyBatch (batch_id,ite ... t\\\":1}]',1,1685977200,'00z',1685894400,1)","use_time":0.0099999904632568,"size":180}
[2023-06-05 17:45:55][[game_database-10]][SqlQuery] {"query":"insert into t_GiftKey (gift_key) values ('00zo1g1p0mwl2');","use_time":0,"size":58}
[2023-06-05 17:45:55][[game_database-10]][SqlQuery] {"query":"select * from t_GiftKey","use_time":0,"size":23}
[2023-06-05 17:46:10][[game_database-10]][SqlQuery] {"query":"select * from t_GiftKey where gift_key='00zo1g1p0mwl2'","use_time":0,"size":54}
[2023-06-05 17:51:34][[common_init-c]][SqlConnect] {"host":"127.0.0.1","user":"root"}
[2023-06-05 17:51:34][[common_init-c]][SqlQuery] {"query":"use hd_game2801","use_time":0.0099999904632568,"size":15}
[2023-06-05 17:51:34][[common_init-c]][SqlQuery] {"query":"SET NAMES utf8mb4","use_time":0,"size":17}
[2023-06-05 17:51:34][[common_init-c]][SqlQuery] {"query":"select count(*) from t_uuid_alloc","use_time":0,"size":33}
[2023-06-05 17:51:34][[common_init-c]][SqlQuery] {"query":"insert t_uuid_alloc (rand_key) values (\"ZrzPsTC5GYMtaAmC\")","use_time":0.019999980926514,"size":58}
[2023-06-05 17:51:34][[common_init-c]][SqlQuery] {"query":"select * from t_uuid_alloc where rand_key='ZrzPsTC5GYMtaAmC'","use_time":0,"size":60}
[2023-06-05 17:51:34][[common_init-c]][SqlClose] {"host":"127.0.0.1","user":"root"}
[2023-06-05 17:51:37][[game_database-10]][SqlConnect] {"host":"127.0.0.1","user":"root"}
[2023-06-05 17:51:37][[game_database-10]][SqlError] {"result":{"errno":1049,"badresult":true,"sqlstate":"42000","err":"Unknown database 'hd_world'"},"query":"use hd_world"}
[2023-06-05 17:51:37][[game_database-10]][SqlQuery] {"query":"create database hd_world character set utf8mb4","use_time":0,"size":46}
[2023-06-05 17:51:37][[game_database-10]][SqlQuery] {"query":"use hd_world","use_time":0,"size":12}
[2023-06-05 17:51:37][[game_database-10]][SqlQuery] {"query":"SET NAMES utf8mb4","use_time":0.0099999904632568,"size":17}
[2023-06-05 17:51:37][[game_database-10]][SqlError] {"result":{"errno":1146,"badresult":true,"sqlstate":"42S02","err":"Table 'hd_world.t_lua_schema' doesn't exist"},"query":"select count(*) from t_lua_schema"}
[2023-06-05 17:51:37][[game_database-10]][SqlQuery] {"query":"create table t_lua_schema(\nname varchar( ... mary key (name))  DEFAULT CHARSET=utf8mb4","use_time":0.040000200271606,"size":116}
[2023-06-05 17:51:37][[game_database-10]][SqlQuery] {"query":"select * from t_lua_schema where name='t_WorldConf'","use_time":0.0099999904632568,"size":51}
[2023-06-05 17:51:37][[game_database-10]][SqlQuery] {"query":"create table t_WorldConf(\nconf_content J ... key (conf_name))  DEFAULT CHARSET=utf8mb4","use_time":0.029999971389771,"size":117}
[2023-06-05 17:51:37][[game_database-10]][SqlQuery] {"query":"insert into t_lua_schema (name,lua_schem ... _name)\\\"],\\\"debug_version\\\":1}' as json))","use_time":0.0099999904632568,"size":225}
[2023-06-05 17:51:37][[game_database-10]][SqlQuery] {"query":"select count(*) from t_lua_schema","use_time":0,"size":33}
[2023-06-05 17:51:37][[game_database-10]][SqlQuery] {"query":"select * from t_lua_schema where name='t_PayOrder'","use_time":0.0099999904632568,"size":50}
[2023-06-05 17:51:37][[game_database-10]][SqlQuery] {"query":"create table t_PayOrder(\ntransaction_id  ... transaction_id))  DEFAULT CHARSET=utf8mb4","use_time":0.029999971389771,"size":328}
[2023-06-05 17:51:37][[game_database-10]][SqlQuery] {"query":"insert into t_lua_schema (name,lua_schem ... on_id)\\\"],\\\"debug_version\\\":1}' as json))","use_time":0.019999980926514,"size":499}
[2023-06-05 17:51:37][[game_database-10]][SqlQuery] {"query":"select count(*) from t_lua_schema","use_time":0,"size":33}
[2023-06-05 17:51:37][[game_database-10]][SqlQuery] {"query":"select * from t_lua_schema where name='t_GiftKey'","use_time":0.0099999904632568,"size":49}
[2023-06-05 17:51:37][[game_database-10]][SqlQuery] {"query":"create table t_GiftKey(\nuse_count int de ...  key (gift_key))  DEFAULT CHARSET=utf8mb4","use_time":0.039999961853027,"size":119}
[2023-06-05 17:51:37][[game_database-10]][SqlQuery] {"query":"insert into t_lua_schema (name,lua_schem ... t_key)\\\"],\\\"debug_version\\\":1}' as json))","use_time":0.0099999904632568,"size":227}
[2023-06-05 17:51:37][[game_database-10]][SqlQuery] {"query":"select count(*) from t_lua_schema","use_time":0,"size":33}
[2023-06-05 17:51:37][[game_database-10]][SqlQuery] {"query":"select * from t_lua_schema where name='t_GiftKeyBatch'","use_time":0.0099999904632568,"size":54}
[2023-06-05 17:51:37][[game_database-10]][SqlQuery] {"query":"create table t_GiftKeyBatch(\nbatch_id in ...  key (batch_id))  DEFAULT CHARSET=utf8mb4","use_time":0.019999980926514,"size":201}
[2023-06-05 17:51:37][[game_database-10]][SqlQuery] {"query":"insert into t_lua_schema (name,lua_schem ... ch_id)\\\"],\\\"debug_version\\\":1}' as json))","use_time":0.0099999904632568,"size":351}
[2023-06-05 17:51:37][[game_database-10]][SqlQuery] {"query":"select * from t_GiftKeyBatch","use_time":0.0099999904632568,"size":28}
[2023-06-05 17:51:37][[game_database-10]][SqlQuery] {"query":"select * from t_WorldConf where conf_name='gift_key'","use_time":0,"size":52}
[2023-06-05 17:51:37][[game_database-10]][SqlQuery] {"query":"insert into t_WorldConf (conf_content,conf_name) values ('{}','gift_key')","use_time":0,"size":73}
[2023-06-05 17:52:11][[game_database-10]][SqlQuery] {"query":"insert into t_GiftKeyBatch (batch_id,ite ... t\\\":1}]',1,1685977200,'001',1685894400,1)","use_time":0.0099999904632568,"size":179}
[2023-06-05 17:52:11][[game_database-10]][SqlQuery] {"query":"insert into t_GiftKey (gift_key) values ('0014158jg2ig5');","use_time":0,"size":58}
[2023-06-05 17:52:11][[game_database-10]][SqlQuery] {"query":"select * from t_GiftKey","use_time":0,"size":23}
[2023-06-05 17:52:25][[game_database-10]][SqlQuery] {"query":"select * from t_GiftKey where gift_key='0014158jg2ig5'","use_time":0,"size":54}
[2023-06-05 17:53:04][[game_database-10]][SqlQuery] {"query":"select count(*) from t_lua_schema","use_time":0,"size":33}
[2023-06-05 17:53:04][[game_database-10]][SqlQuery] {"query":"select * from t_lua_schema where name='t_WorldConf'","use_time":0,"size":51}
[2023-06-05 17:53:04][[game_database-10]][SqlQuery] {"query":"select count(*) from t_lua_schema","use_time":0,"size":33}
[2023-06-05 17:53:04][[game_database-10]][SqlQuery] {"query":"select * from t_lua_schema where name='t_PayOrder'","use_time":0,"size":50}
[2023-06-05 17:53:04][[game_database-10]][SqlQuery] {"query":"select count(*) from t_lua_schema","use_time":0,"size":33}
[2023-06-05 17:53:04][[game_database-10]][SqlQuery] {"query":"select * from t_lua_schema where name='t_GiftKey'","use_time":0,"size":49}
[2023-06-05 17:53:04][[game_database-10]][SqlQuery] {"query":"select count(*) from t_lua_schema","use_time":0,"size":33}
[2023-06-05 17:53:04][[game_database-10]][SqlQuery] {"query":"select * from t_lua_schema where name='t_GiftKeyBatch'","use_time":0,"size":54}
[2023-06-05 17:53:04][[game_database-10]][SqlQuery] {"query":"alter table t_GiftKeyBatch drop column tag","use_time":0.059999942779541,"size":42}
[2023-06-05 17:53:04][[game_database-10]][SqlQuery] {"query":"alter table t_GiftKeyBatch add column group_name text","use_time":0.040000200271606,"size":53}
[2023-06-05 17:53:04][[game_database-10]][SqlQuery] {"query":"update t_lua_schema set lua_schema=cast( ... :1}' as json) where name='t_GiftKeyBatch'","use_time":0,"size":352}
[2023-06-05 17:54:33][[game_database-10]][SqlQuery] {"query":"select * from t_GiftKey where gift_key='0014158jg2ig5'","use_time":0,"size":54}
[2023-06-05 17:54:49][[game_database-10]][SqlQuery] {"query":"insert into t_GiftKeyBatch (batch_id,ite ... 啊啊啊',1685977200,'002',1685894400,1)","use_time":0,"size":202}
[2023-06-05 17:54:49][[game_database-10]][SqlQuery] {"query":"insert into t_GiftKey (gift_key) values ('002a6u64ugdvy');","use_time":0,"size":58}
[2023-06-05 17:54:49][[game_database-10]][SqlQuery] {"query":"select * from t_GiftKey","use_time":0,"size":23}
[2023-06-05 17:54:55][[game_database-10]][SqlQuery] {"query":"select * from t_GiftKey where gift_key='002a6u64ugdvy'","use_time":0,"size":54}
[2023-06-05 17:55:07][[game_database-10]][SqlQuery] {"query":"select count(*) from t_lua_schema","use_time":0.0099999904632568,"size":33}
[2023-06-05 17:55:07][[game_database-10]][SqlQuery] {"query":"select * from t_lua_schema where name='t_WorldConf'","use_time":0,"size":51}
[2023-06-05 17:55:07][[game_database-10]][SqlQuery] {"query":"select count(*) from t_lua_schema","use_time":0,"size":33}
[2023-06-05 17:55:07][[game_database-10]][SqlQuery] {"query":"select * from t_lua_schema where name='t_PayOrder'","use_time":0,"size":50}
[2023-06-05 17:55:07][[game_database-10]][SqlQuery] {"query":"select count(*) from t_lua_schema","use_time":0,"size":33}
[2023-06-05 17:55:07][[game_database-10]][SqlQuery] {"query":"select * from t_lua_schema where name='t_GiftKey'","use_time":0,"size":49}
[2023-06-05 17:55:07][[game_database-10]][SqlQuery] {"query":"select count(*) from t_lua_schema","use_time":0,"size":33}
[2023-06-05 17:55:07][[game_database-10]][SqlQuery] {"query":"select * from t_lua_schema where name='t_GiftKeyBatch'","use_time":0,"size":54}
[2023-06-05 17:57:25][[game_database-10]][SqlQuery] {"query":"select * from t_GiftKey where gift_key='002a6u64ugdvy'","use_time":0,"size":54}
[2023-06-05 17:59:19][[game_database-10]][SqlQuery] {"query":"select * from t_GiftKey where gift_key='002a6u64ugdvy'","use_time":0,"size":54}
