[2023-06-05 18:00:36][[game_database-10]][SqlQuery] {"query":"select * from t_GiftKey where gift_key='002a6u64ugdvy'","use_time":0,"size":54}
[2023-06-05 18:01:52][[game_database-10]][SqlQuery] {"query":"select * from t_GiftKey where gift_key='002a6u64ugdvy'","use_time":0,"size":54}
[2023-06-05 18:01:55][[game_database-10]][SqlQuery] {"query":"select * from t_GiftKey","use_time":0,"size":23}
[2023-06-05 18:02:09][[game_database-10]][SqlQuery] {"query":"select * from t_GiftKey where gift_key='002a6u64ugdvy'","use_time":0,"size":54}
[2023-06-05 18:13:37][[game_database-10]][SqlQuery] {"query":"select * from t_GiftKey","use_time":0,"size":23}
[2023-06-05 18:13:37][[game_database-10]][SqlQuery] {"query":"select * from t_GiftKeyBatch","use_time":0.0099999904632568,"size":28}
[2023-06-05 18:14:44][[game_database-10]][SqlQuery] {"query":"select * from t_GiftKey","use_time":0,"size":23}
[2023-06-05 18:14:44][[game_database-10]][SqlQuery] {"query":"select * from t_GiftKeyBatch","use_time":0,"size":28}
[2023-06-05 18:15:13][[game_database-10]][SqlQuery] {"query":"select * from t_GiftKey","use_time":0,"size":23}
[2023-06-05 18:15:13][[game_database-10]][SqlQuery] {"query":"select * from t_GiftKeyBatch","use_time":0,"size":28}
[2023-06-05 18:15:27][[game_database-10]][SqlQuery] {"query":"select * from t_GiftKey","use_time":0,"size":23}
[2023-06-05 18:15:27][[game_database-10]][SqlQuery] {"query":"select * from t_GiftKeyBatch","use_time":0,"size":28}
[2023-06-05 18:15:50][[game_database-10]][SqlQuery] {"query":"select * from t_GiftKey","use_time":0,"size":23}
[2023-06-05 18:15:50][[game_database-10]][SqlQuery] {"query":"select * from t_GiftKeyBatch","use_time":0,"size":28}
[2023-06-05 18:16:05][[game_database-10]][SqlQuery] {"query":"select * from t_GiftKey","use_time":0,"size":23}
[2023-06-05 18:16:05][[game_database-10]][SqlQuery] {"query":"select * from t_GiftKeyBatch","use_time":0,"size":28}
[2023-06-05 18:27:03][[game_database-10]][SqlQuery] {"query":"select * from t_GiftKey","use_time":0.0099999904632568,"size":23}
[2023-06-05 18:27:03][[game_database-10]][SqlQuery] {"query":"select * from t_GiftKeyBatch","use_time":0,"size":28}
[2023-06-05 18:27:21][[game_database-10]][SqlQuery] {"query":"select * from t_GiftKey","use_time":0,"size":23}
[2023-06-05 18:27:21][[game_database-10]][SqlQuery] {"query":"select * from t_GiftKeyBatch","use_time":0,"size":28}
[2023-06-05 18:27:51][[game_database-10]][SqlQuery] {"query":"select * from t_GiftKey","use_time":0,"size":23}
[2023-06-05 18:27:51][[game_database-10]][SqlQuery] {"query":"select * from t_GiftKeyBatch","use_time":0,"size":28}
[2023-06-05 18:28:25][[game_database-10]][SqlQuery] {"query":"select * from t_GiftKey","use_time":0,"size":23}
[2023-06-05 18:28:25][[game_database-10]][SqlQuery] {"query":"select * from t_GiftKeyBatch","use_time":0,"size":28}
[2023-06-05 18:29:16][[game_database-10]][SqlQuery] {"query":"select * from t_GiftKey","use_time":0,"size":23}
[2023-06-05 18:29:16][[game_database-10]][SqlQuery] {"query":"select * from t_GiftKeyBatch","use_time":0,"size":28}
[2023-06-05 18:30:11][[game_database-10]][SqlQuery] {"query":"select * from t_GiftKey","use_time":0,"size":23}
[2023-06-05 18:30:11][[game_database-10]][SqlQuery] {"query":"select * from t_GiftKeyBatch","use_time":0,"size":28}
[2023-06-05 18:30:42][[game_database-10]][SqlQuery] {"query":"select * from t_GiftKey","use_time":0,"size":23}
[2023-06-05 18:30:42][[game_database-10]][SqlQuery] {"query":"select * from t_GiftKeyBatch","use_time":0,"size":28}
[2023-06-05 18:33:02][[game_database-10]][SqlQuery] {"query":"select * from t_GiftKey","use_time":0,"size":23}
[2023-06-05 18:33:02][[game_database-10]][SqlQuery] {"query":"select * from t_GiftKeyBatch","use_time":0,"size":28}
[2023-06-05 18:36:37][[game_database-10]][SqlQuery] {"query":"select * from t_GiftKey","use_time":0,"size":23}
[2023-06-05 18:36:37][[game_database-10]][SqlQuery] {"query":"select * from t_GiftKeyBatch","use_time":0,"size":28}
[2023-06-05 18:38:39][[game_database-10]][SqlQuery] {"query":"select * from t_GiftKey","use_time":0,"size":23}
[2023-06-05 18:38:39][[game_database-10]][SqlQuery] {"query":"select * from t_GiftKeyBatch","use_time":0,"size":28}
[2023-06-05 18:39:25][[game_database-10]][SqlQuery] {"query":"select * from t_GiftKey","use_time":0,"size":23}
[2023-06-05 18:39:25][[game_database-10]][SqlQuery] {"query":"select * from t_GiftKeyBatch","use_time":0,"size":28}
[2023-06-05 18:40:04][[game_database-10]][SqlQuery] {"query":"select * from t_GiftKey","use_time":0,"size":23}
[2023-06-05 18:40:04][[game_database-10]][SqlQuery] {"query":"select * from t_GiftKeyBatch","use_time":0,"size":28}
[2023-06-05 18:40:43][[game_database-10]][SqlQuery] {"query":"select * from t_GiftKey","use_time":0,"size":23}
[2023-06-05 18:40:43][[game_database-10]][SqlQuery] {"query":"select * from t_GiftKeyBatch","use_time":0,"size":28}
[2023-06-05 18:43:54][[game_database-10]][SqlQuery] {"query":"select * from t_GiftKey","use_time":0,"size":23}
[2023-06-05 18:43:54][[game_database-10]][SqlQuery] {"query":"select * from t_GiftKeyBatch","use_time":0,"size":28}
[2023-06-05 18:44:59][[game_database-10]][SqlQuery] {"query":"select * from t_GiftKey","use_time":0,"size":23}
[2023-06-05 18:44:59][[game_database-10]][SqlQuery] {"query":"select * from t_GiftKeyBatch","use_time":0,"size":28}
[2023-06-05 18:59:58][[game_database-10]][SqlQuery] {"query":"select * from t_GiftKey","use_time":0.0099999904632568,"size":23}
[2023-06-05 18:59:58][[game_database-10]][SqlQuery] {"query":"select * from t_GiftKeyBatch","use_time":0,"size":28}
