[2023-06-05 19:02:01][[game_database-10]][SqlQuery] {"query":"select * from t_GiftKey","use_time":0,"size":23}
[2023-06-05 19:02:01][[game_database-10]][SqlQuery] {"query":"select * from t_GiftKeyBatch","use_time":0,"size":28}
[2023-06-05 19:03:17][[game_database-10]][SqlQuery] {"query":"select * from t_GiftKey","use_time":0,"size":23}
[2023-06-05 19:03:17][[game_database-10]][SqlQuery] {"query":"select * from t_GiftKeyBatch","use_time":0,"size":28}
[2023-06-05 19:04:48][[game_database-10]][SqlQuery] {"query":"select * from t_GiftKey","use_time":0,"size":23}
[2023-06-05 19:04:48][[game_database-10]][SqlQuery] {"query":"select * from t_GiftKeyBatch","use_time":0,"size":28}
[2023-06-05 19:05:54][[game_database-10]][SqlQuery] {"query":"select * from t_GiftKey","use_time":0,"size":23}
[2023-06-05 19:05:54][[game_database-10]][SqlQuery] {"query":"select * from t_GiftKeyBatch","use_time":0,"size":28}
[2023-06-05 19:06:31][[game_database-10]][SqlQuery] {"query":"select * from t_GiftKey","use_time":0,"size":23}
[2023-06-05 19:06:31][[game_database-10]][SqlQuery] {"query":"select * from t_GiftKeyBatch","use_time":0,"size":28}
[2023-06-05 19:16:31][[common_init-c]][SqlConnect] {"host":"127.0.0.1","user":"root"}
[2023-06-05 19:16:31][[common_init-c]][SqlQuery] {"query":"use hd_game2801","use_time":0.0099999904632568,"size":15}
[2023-06-05 19:16:31][[common_init-c]][SqlQuery] {"query":"SET NAMES utf8mb4","use_time":0,"size":17}
[2023-06-05 19:16:31][[common_init-c]][SqlQuery] {"query":"select count(*) from t_uuid_alloc","use_time":0.019999980926514,"size":33}
[2023-06-05 19:16:31][[common_init-c]][SqlQuery] {"query":"insert t_uuid_alloc (rand_key) values (\"JdWQJFHqt4fkf0QD\")","use_time":0.0099999904632568,"size":58}
[2023-06-05 19:16:31][[common_init-c]][SqlQuery] {"query":"select * from t_uuid_alloc where rand_key='JdWQJFHqt4fkf0QD'","use_time":0,"size":60}
[2023-06-05 19:16:31][[common_init-c]][SqlClose] {"host":"127.0.0.1","user":"root"}
[2023-06-05 19:16:35][[game_database-10]][SqlConnect] {"host":"127.0.0.1","user":"root"}
[2023-06-05 19:16:35][[game_database-10]][SqlQuery] {"query":"use hd_world","use_time":0.0099999904632568,"size":12}
[2023-06-05 19:16:35][[game_database-10]][SqlQuery] {"query":"SET NAMES utf8mb4","use_time":0,"size":17}
[2023-06-05 19:16:35][[game_database-10]][SqlQuery] {"query":"select count(*) from t_lua_schema","use_time":0.0099999904632568,"size":33}
[2023-06-05 19:16:35][[game_database-10]][SqlQuery] {"query":"select * from t_lua_schema where name='t_WorldConf'","use_time":0,"size":51}
[2023-06-05 19:16:35][[game_database-10]][SqlQuery] {"query":"select count(*) from t_lua_schema","use_time":0,"size":33}
[2023-06-05 19:16:35][[game_database-10]][SqlQuery] {"query":"select * from t_lua_schema where name='t_PayOrder'","use_time":0,"size":50}
[2023-06-05 19:16:35][[game_database-10]][SqlQuery] {"query":"select count(*) from t_lua_schema","use_time":0.0099999904632568,"size":33}
[2023-06-05 19:16:35][[game_database-10]][SqlQuery] {"query":"select * from t_lua_schema where name='t_GiftKey'","use_time":0,"size":49}
[2023-06-05 19:16:35][[game_database-10]][SqlQuery] {"query":"select count(*) from t_lua_schema","use_time":0,"size":33}
[2023-06-05 19:16:35][[game_database-10]][SqlQuery] {"query":"select * from t_lua_schema where name='t_GiftKeyBatch'","use_time":0,"size":54}
[2023-06-05 19:16:35][[game_database-10]][SqlQuery] {"query":"select * from t_GiftKeyBatch","use_time":0.0099999904632568,"size":28}
[2023-06-05 19:16:35][[game_database-10]][SqlQuery] {"query":"select * from t_WorldConf where conf_name='gift_key'","use_time":0.0099999904632568,"size":52}
[2023-06-05 19:16:53][[game_database-10]][SqlQuery] {"query":"select * from t_GiftKey","use_time":0,"size":23}
[2023-06-05 19:16:53][[game_database-10]][SqlQuery] {"query":"select * from t_GiftKeyBatch","use_time":0.0099999904632568,"size":28}
[2023-06-05 19:18:12][[game_database-10]][SqlQuery] {"query":"insert into t_GiftKeyBatch (batch_id,ite ... 1}]',1,'1',1685977200,'003',1685894400,1)","use_time":0,"size":227}
[2023-06-05 19:18:12][[game_database-10]][SqlQuery] {"query":"insert into t_GiftKey (gift_key) values ('00327m2x7kgzy');","use_time":0.0099999904632568,"size":58}
[2023-06-05 19:18:13][[game_database-10]][SqlQuery] {"query":"select * from t_GiftKey","use_time":0,"size":23}
[2023-06-05 19:18:13][[game_database-10]][SqlQuery] {"query":"select * from t_GiftKeyBatch","use_time":0,"size":28}
[2023-06-05 19:19:10][[game_database-10]][SqlQuery] {"query":"select * from t_GiftKey","use_time":0.049999952316284,"size":23}
[2023-06-05 19:19:10][[game_database-10]][SqlQuery] {"query":"select * from t_GiftKeyBatch","use_time":0,"size":28}
[2023-06-05 19:45:08][[game_database-10]][SqlQuery] {"query":"select * from t_GiftKey where gift_key='00327m2x7kgzy'","use_time":0.0099999904632568,"size":54}
