[2023-06-05 17:16:06][[reload_watcher-a]][info] excel to reload:

[2023-06-05 17:16:06][[reload_watcher-a]][info] file to reload:
./gamelogic/service/world/lua_handles.lua
[2023-06-05 17:16:17][[reload_watcher-a]][info] excel to reload:

[2023-06-05 17:16:17][[reload_watcher-a]][info] file to reload:
./gamelogic/service/world/gift_key.lua
[2023-06-05 17:17:47][[reload_watcher-a]][info] excel to reload:

[2023-06-05 17:17:47][[reload_watcher-a]][info] file to reload:
./gamelogic/service/world/lua_handles.lua
[2023-06-05 17:17:51][[reload_watcher-a]][info] excel to reload:

[2023-06-05 17:17:51][[reload_watcher-a]][info] file to reload:
./gamelogic/service/world/lua_handles.lua
[2023-06-05 17:17:57][[reload_watcher-a]][info] excel to reload:

[2023-06-05 17:17:57][[reload_watcher-a]][info] file to reload:
./gamelogic/service/world/lua_handles.lua
[2023-06-05 17:18:01][[reload_watcher-a]][info] excel to reload:

[2023-06-05 17:18:01][[reload_watcher-a]][info] file to reload:
./gamelogic/service/world/lua_handles.lua
[2023-06-05 17:18:05][[reload_watcher-a]][info] excel to reload:

[2023-06-05 17:18:05][[reload_watcher-a]][info] file to reload:
./gamelogic/service/world/lua_handles.lua
[2023-06-05 17:18:10][[reload_watcher-a]][info] excel to reload:

[2023-06-05 17:18:10][[reload_watcher-a]][info] file to reload:
./gamelogic/service/world/lua_handles.lua
[2023-06-05 17:38:13][[reload_watcher-a]][info] excel to reload:

[2023-06-05 17:38:13][[reload_watcher-a]][info] file to reload:
./gamelogic/service/world/gift_key.lua
[2023-06-05 17:38:14][[reload_watcher-a]][info] excel to reload:

[2023-06-05 17:38:14][[reload_watcher-a]][info] file to reload:
./gamelogic/service/world/gift_key.lua
[2023-06-05 17:38:53][[reload_watcher-a]][info] excel to reload:

[2023-06-05 17:38:53][[reload_watcher-a]][info] file to reload:
./gamelogic/service/world/gift_key.lua
[2023-06-05 17:38:57][[reload_watcher-a]][info] excel to reload:

[2023-06-05 17:38:57][[reload_watcher-a]][info] file to reload:
./gamelogic/service/world/gift_key.lua
[2023-06-05 17:39:01][[reload_watcher-a]][info] excel to reload:

[2023-06-05 17:39:01][[reload_watcher-a]][info] file to reload:
./gamelogic/service/world/gift_key.lua
[2023-06-05 17:39:06][[reload_watcher-a]][info] excel to reload:

[2023-06-05 17:39:06][[reload_watcher-a]][info] file to reload:
./gamelogic/service/world/gift_key.lua
[2023-06-05 17:39:23][[reload_watcher-a]][info] excel to reload:

[2023-06-05 17:39:23][[reload_watcher-a]][info] file to reload:
./gamelogic/service/world/gift_key.lua
[2023-06-05 17:39:25][[reload_watcher-a]][info] excel to reload:

[2023-06-05 17:39:25][[reload_watcher-a]][info] file to reload:
./gamelogic/service/world/gift_key.lua
[2023-06-05 17:39:29][[reload_watcher-a]][info] excel to reload:

[2023-06-05 17:39:29][[reload_watcher-a]][info] file to reload:
./gamelogic/service/world/gift_key.lua
[2023-06-05 17:39:33][[reload_watcher-a]][info] excel to reload:

[2023-06-05 17:39:33][[reload_watcher-a]][info] file to reload:
./gamelogic/service/world/gift_key.lua
[2023-06-05 17:39:41][[reload_watcher-a]][info] excel to reload:

[2023-06-05 17:39:41][[reload_watcher-a]][info] file to reload:
./gamelogic/service/world/gift_key.lua
[2023-06-05 17:43:18][[reload_watcher-a]][info] excel to reload:

[2023-06-05 17:43:18][[reload_watcher-a]][info] file to reload:
./gamelogic/service/world/gift_key.lua
[2023-06-05 17:43:23][[reload_watcher-a]][info] excel to reload:

[2023-06-05 17:43:23][[reload_watcher-a]][info] file to reload:
./gamelogic/service/world/gift_key.lua
[2023-06-05 17:43:26][[reload_watcher-a]][info] excel to reload:

[2023-06-05 17:43:26][[reload_watcher-a]][info] file to reload:
./gamelogic/service/world/gift_key.lua
[2023-06-05 17:45:00][[reload_watcher-a]][info] ["reload_watcher:",10]
[2023-06-05 17:45:00][[common_init-c]][info] uuid init<55|27>, tag<1J_R_>
[2023-06-05 17:45:00][[clusterd-d]][info] connect s2800_cluster_router 117.50.193.85:40301
[2023-06-05 17:45:00][[clusterd-d]][info] ["clusterd start:",13]
[2023-06-05 17:45:00][[clusterd-d]][info] socket accept from ::ffff:117.50.193.85:33562, 5
[2023-06-05 17:45:00][[clusterd-d]][info] clusterd show_self s2800_cluster_router
[2023-06-05 17:45:01][[common_init-c]][info] SqlQueryCount: 5
[2023-06-05 17:45:03][[gamelog-9]][info] ["gamelog start:",9]
[2023-06-05 17:45:04][[clusterd-d]][info] connect s55_game 117.50.193.85:15516
[2023-06-05 17:45:04][[clusterd-d]][info] socket accept from ::ffff:117.50.193.85:33580, 7
[2023-06-05 17:45:04][[clusterd-d]][info] clusterd show_self s55_game
[2023-06-05 17:45:04][[dynasty-10]][info] refresh schema:schema_dynasty
[2023-06-05 17:45:04][[dynasty-10]][info] ["dynasty_mgr_start start:",16]
[2023-06-05 17:49:08][[clusterd-d]][info] close socket 7
[2023-06-05 17:49:08][[clusterd-d]][info] close socket 6
[2023-06-05 17:51:45][[reload_watcher-a]][info] ["reload_watcher:",10]
[2023-06-05 17:51:45][[common_init-c]][info] uuid init<55|30>, tag<1J_U_>
[2023-06-05 17:51:45][[clusterd-d]][info] connect s2800_cluster_router 117.50.193.85:40301
[2023-06-05 17:51:45][[clusterd-d]][info] ["clusterd start:",13]
[2023-06-05 17:51:45][[clusterd-d]][info] socket accept from ::ffff:117.50.193.85:33706, 5
[2023-06-05 17:51:45][[clusterd-d]][info] clusterd show_self s2800_cluster_router
[2023-06-05 17:51:46][[common_init-c]][info] SqlQueryCount: 5
[2023-06-05 17:51:47][[clusterd-d]][info] connect s55_game 117.50.193.85:15516
[2023-06-05 17:51:47][[clusterd-d]][info] socket accept from ::ffff:117.50.193.85:33718, 7
[2023-06-05 17:51:47][[clusterd-d]][info] clusterd show_self s55_game
[2023-06-05 17:51:47][[dynasty-10]][info] refresh schema:schema_dynasty
[2023-06-05 17:51:47][[dynasty-10]][info] ["dynasty_mgr_start start:",16]
[2023-06-05 17:51:48][[gamelog-9]][info] ["gamelog start:",9]
[2023-06-05 17:53:04][[reload_watcher-a]][info] excel to reload:

[2023-06-05 17:53:04][[reload_watcher-a]][info] file to reload:
./gamelogic/lualib/schema_world.lua
[2023-06-05 17:55:06][[reload_watcher-a]][info] excel to reload:

[2023-06-05 17:55:06][[reload_watcher-a]][info] file to reload:
./gamelogic/lualib/schema_world.lua
[2023-06-05 17:55:07][[reload_watcher-a]][info] excel to reload:

[2023-06-05 17:55:07][[reload_watcher-a]][info] file to reload:
./gamelogic/lualib/schema_world.lua
