[2023-06-05 10:24:29][[reload_watcher-a]][info] ["reload_watcher:",10]
[2023-06-05 10:24:29][[common_init-c]][info] uuid init<55|24>, tag<1J_O_>
[2023-06-05 10:24:29][[clusterd-d]][info] connect s2800_cluster_router 117.50.193.85:40301
[2023-06-05 10:24:29][[clusterd-d]][info] ["clusterd start:",13]
[2023-06-05 10:24:29][[clusterd-d]][info] socket accept from ::ffff:117.50.193.85:29860, 5
[2023-06-05 10:24:29][[clusterd-d]][info] clusterd show_self s2800_cluster_router
[2023-06-05 10:24:30][[common_init-c]][info] SqlQueryCount: 5
[2023-06-05 10:24:32][[gamelog-9]][info] ["gamelog start:",9]
[2023-06-05 10:24:37][[clusterd-d]][info] connect s55_game 117.50.193.85:15516
[2023-06-05 10:24:37][[clusterd-d]][info] socket accept from ::ffff:117.50.193.85:29870, 7
[2023-06-05 10:24:37][[clusterd-d]][info] clusterd show_self s55_game
[2023-06-05 10:24:37][[dynasty-10]][info] refresh schema:schema_dynasty
[2023-06-05 10:24:37][[dynasty-10]][info] ["dynasty_mgr_start start:",16]
[2023-06-05 10:41:48][[reload_watcher-a]][info] excel to reload:

[2023-06-05 10:41:48][[reload_watcher-a]][info] file to reload:
./service/gm_router/gm_router.lua
[2023-06-05 10:41:52][[reload_watcher-a]][info] excel to reload:

[2023-06-05 10:41:52][[reload_watcher-a]][info] file to reload:
./service/gm_router/gm_router.lua
[2023-06-05 10:41:56][[reload_watcher-a]][info] excel to reload:

[2023-06-05 10:41:56][[reload_watcher-a]][info] file to reload:

[2023-06-05 10:43:49][[reload_watcher-a]][info] excel to reload:

[2023-06-05 10:43:49][[reload_watcher-a]][info] file to reload:
./service/gm_router/gm_router.lua
[2023-06-05 10:43:50][[reload_watcher-a]][info] excel to reload:

[2023-06-05 10:43:50][[reload_watcher-a]][info] file to reload:
./service/gm_router/gm_router.lua
