[2023-06-05 14:21:21][[reload_watcher-a]][info] excel to reload:

[2023-06-05 14:21:21][[reload_watcher-a]][info] file to reload:
./service/gm_router/gm_router.lua
[2023-06-05 14:21:22][[reload_watcher-a]][info] excel to reload:

[2023-06-05 14:21:22][[reload_watcher-a]][info] file to reload:
./service/gm_router/gm_router.lua
[2023-06-05 14:22:41][[reload_watcher-a]][info] excel to reload:

[2023-06-05 14:22:41][[reload_watcher-a]][info] file to reload:
./gamelogic/service/world/lua_handles.lua
[2023-06-05 14:22:44][[reload_watcher-a]][info] excel to reload:

[2023-06-05 14:22:44][[reload_watcher-a]][info] file to reload:
./gamelogic/service/world/lua_handles.lua
[2023-06-05 14:22:50][[reload_watcher-a]][info] excel to reload:

[2023-06-05 14:22:50][[reload_watcher-a]][info] file to reload:
./gamelogic/service/world/lua_handles.lua
[2023-06-05 14:22:52][[reload_watcher-a]][info] excel to reload:

[2023-06-05 14:22:52][[reload_watcher-a]][info] file to reload:
./gamelogic/service/world/lua_handles.lua
[2023-06-05 14:22:57][[reload_watcher-a]][info] excel to reload:

[2023-06-05 14:22:57][[reload_watcher-a]][info] file to reload:
./gamelogic/service/world/lua_handles.lua
[2023-06-05 14:23:02][[reload_watcher-a]][info] excel to reload:

[2023-06-05 14:23:02][[reload_watcher-a]][info] file to reload:
./gamelogic/service/world/lua_handles.lua
[2023-06-05 14:23:07][[reload_watcher-a]][info] excel to reload:

[2023-06-05 14:23:07][[reload_watcher-a]][info] file to reload:
./gamelogic/service/world/lua_handles.lua
[2023-06-05 14:24:22][[reload_watcher-a]][info] excel to reload:

[2023-06-05 14:24:22][[reload_watcher-a]][info] file to reload:
./gamelogic/service/world/gift_key.lua
[2023-06-05 14:24:30][[reload_watcher-a]][info] excel to reload:

[2023-06-05 14:24:30][[reload_watcher-a]][info] file to reload:
./gamelogic/service/world/gift_key.lua
[2023-06-05 14:24:42][[reload_watcher-a]][info] excel to reload:

[2023-06-05 14:24:42][[reload_watcher-a]][info] file to reload:
./gamelogic/service/world/lua_handles.lua
[2023-06-05 14:24:45][[reload_watcher-a]][info] excel to reload:

[2023-06-05 14:24:45][[reload_watcher-a]][info] file to reload:
./gamelogic/service/world/lua_handles.lua
[2023-06-05 14:25:55][[reload_watcher-a]][info] excel to reload:

[2023-06-05 14:25:55][[reload_watcher-a]][info] file to reload:
./gamelogic/service/world/gift_key.lua
[2023-06-05 14:25:59][[reload_watcher-a]][info] excel to reload:

[2023-06-05 14:25:59][[reload_watcher-a]][info] file to reload:
./gamelogic/service/world/gift_key.lua
