[2023-06-08 16:01:44][[reload_watcher-a]][info] excel to reload:

[2023-06-08 16:01:44][[reload_watcher-a]][info] file to reload:
./gamelogic/service/agent/msg_handles/role.lua
[2023-06-08 16:05:51][[reload_watcher-a]][info] excel to reload:

[2023-06-08 16:05:51][[reload_watcher-a]][info] file to reload:
./service/clusterd/clusterd_utils.lua
[2023-06-08 16:05:51][[clusterd-d]][info] reload_mod begin: clusterd_utils <==> ./service/clusterd/clusterd_utils.lua
[2023-06-08 16:06:34][[reload_watcher-a]][info] excel to reload:

[2023-06-08 16:06:34][[reload_watcher-a]][info] file to reload:
./gamelogic/service/agent/meta_table/recharge.lua
[2023-06-08 16:08:33][[reload_watcher-a]][info] excel to reload:

[2023-06-08 16:08:33][[reload_watcher-a]][info] file to reload:
./gamelogic/service/agent/msg_handles/role.lua
[2023-06-08 16:08:34][[reload_watcher-a]][info] excel to reload:

[2023-06-08 16:08:34][[reload_watcher-a]][info] file to reload:
./gamelogic/service/agent/msg_handles/role.lua
[2023-06-08 16:08:36][[reload_watcher-a]][info] excel to reload:

[2023-06-08 16:08:36][[reload_watcher-a]][info] file to reload:
./gamelogic/service/agent/msg_handles/role.lua
[2023-06-08 16:08:37][[reload_watcher-a]][info] excel to reload:

[2023-06-08 16:08:37][[reload_watcher-a]][info] file to reload:
./gamelogic/service/agent/msg_handles/role.lua
[2023-06-08 16:08:39][[reload_watcher-a]][info] excel to reload:

[2023-06-08 16:08:39][[reload_watcher-a]][info] file to reload:
./gamelogic/service/agent/msg_handles/role.lua
[2023-06-08 16:09:26][[reload_watcher-a]][info] excel to reload:

[2023-06-08 16:09:26][[reload_watcher-a]][info] file to reload:
./gamelogic/service/world/lua_handles.lua
[2023-06-08 16:10:19][[reload_watcher-a]][info] excel to reload:

[2023-06-08 16:10:19][[reload_watcher-a]][info] file to reload:
./gamelogic/service/world/lua_handles.lua
[2023-06-08 16:11:26][[reload_watcher-a]][info] excel to reload:

[2023-06-08 16:11:26][[reload_watcher-a]][info] file to reload:
./gamelogic/service/world/lua_handles.lua
[2023-06-08 16:11:27][[reload_watcher-a]][info] excel to reload:

[2023-06-08 16:11:27][[reload_watcher-a]][info] file to reload:
./gamelogic/service/world/lua_handles.lua
[2023-06-08 16:12:36][[reload_watcher-a]][info] excel to reload:

[2023-06-08 16:12:36][[reload_watcher-a]][info] file to reload:
./gamelogic/service/world/lua_handles.lua
[2023-06-08 16:12:39][[reload_watcher-a]][info] excel to reload:

[2023-06-08 16:12:39][[reload_watcher-a]][info] file to reload:
./gamelogic/service/world/lua_handles.lua
[2023-06-08 16:12:48][[reload_watcher-a]][info] excel to reload:

[2023-06-08 16:12:48][[reload_watcher-a]][info] file to reload:
./gamelogic/service/world/lua_handles.lua
[2023-06-08 16:12:50][[reload_watcher-a]][info] excel to reload:

[2023-06-08 16:12:50][[reload_watcher-a]][info] file to reload:
./gamelogic/service/world/lua_handles.lua
[2023-06-08 16:12:54][[reload_watcher-a]][info] excel to reload:

[2023-06-08 16:12:54][[reload_watcher-a]][info] file to reload:
./gamelogic/service/world/lua_handles.lua
[2023-06-08 16:12:55][[reload_watcher-a]][info] excel to reload:

[2023-06-08 16:12:55][[reload_watcher-a]][info] file to reload:
./gamelogic/service/world/lua_handles.lua
[2023-06-08 16:13:04][[reload_watcher-a]][info] excel to reload:

[2023-06-08 16:13:04][[reload_watcher-a]][info] file to reload:
./gamelogic/service/world/lua_handles.lua
[2023-06-08 16:13:12][[reload_watcher-a]][info] excel to reload:

[2023-06-08 16:13:12][[reload_watcher-a]][info] file to reload:
./gamelogic/service/world/lua_handles.lua
[2023-06-08 16:13:15][[reload_watcher-a]][info] excel to reload:

[2023-06-08 16:13:15][[reload_watcher-a]][info] file to reload:
./gamelogic/service/world/lua_handles.lua
[2023-06-08 16:13:17][[reload_watcher-a]][info] excel to reload:

[2023-06-08 16:13:17][[reload_watcher-a]][info] file to reload:
./gamelogic/service/world/lua_handles.lua
[2023-06-08 16:14:23][[reload_watcher-a]][info] excel to reload:

[2023-06-08 16:14:23][[reload_watcher-a]][info] file to reload:
./gamelogic/lualib/schema_world.lua
[2023-06-08 16:15:33][[reload_watcher-a]][info] excel to reload:

[2023-06-08 16:15:33][[reload_watcher-a]][info] file to reload:
./gamelogic/service/world/lua_handles.lua
[2023-06-08 16:15:39][[reload_watcher-a]][info] excel to reload:

[2023-06-08 16:15:39][[reload_watcher-a]][info] file to reload:
./gamelogic/service/world/lua_handles.lua
[2023-06-08 16:15:45][[reload_watcher-a]][info] excel to reload:

[2023-06-08 16:15:45][[reload_watcher-a]][info] file to reload:
./gamelogic/service/world/lua_handles.lua
[2023-06-08 16:15:46][[reload_watcher-a]][info] excel to reload:

[2023-06-08 16:15:46][[reload_watcher-a]][info] file to reload:
./gamelogic/service/world/lua_handles.lua
[2023-06-08 16:15:49][[reload_watcher-a]][info] excel to reload:

[2023-06-08 16:15:49][[reload_watcher-a]][info] file to reload:
./gamelogic/service/world/lua_handles.lua
[2023-06-08 16:15:58][[reload_watcher-a]][info] excel to reload:

[2023-06-08 16:15:58][[reload_watcher-a]][info] file to reload:
./gamelogic/service/agent/msg_handles/role.lua
[2023-06-08 16:19:01][[reload_watcher-a]][info] excel to reload:

[2023-06-08 16:19:01][[reload_watcher-a]][info] file to reload:
./gamelogic/service/agent/msg_handles/role.lua
[2023-06-08 16:19:07][[reload_watcher-a]][info] excel to reload:

[2023-06-08 16:19:07][[reload_watcher-a]][info] file to reload:
./gamelogic/service/agent/msg_handles/role.lua
[2023-06-08 16:19:09][[reload_watcher-a]][info] excel to reload:

[2023-06-08 16:19:09][[reload_watcher-a]][info] file to reload:
./gamelogic/service/agent/msg_handles/role.lua
[2023-06-08 16:19:16][[reload_watcher-a]][info] excel to reload:

[2023-06-08 16:19:16][[reload_watcher-a]][info] file to reload:
./gamelogic/service/agent/msg_handles/role.lua
[2023-06-08 16:19:18][[reload_watcher-a]][info] excel to reload:

[2023-06-08 16:19:18][[reload_watcher-a]][info] file to reload:
./gamelogic/service/agent/msg_handles/role.lua
[2023-06-08 16:19:20][[reload_watcher-a]][info] excel to reload:

[2023-06-08 16:19:20][[reload_watcher-a]][info] file to reload:
./gamelogic/service/agent/msg_handles/role.lua
[2023-06-08 16:19:22][[reload_watcher-a]][info] excel to reload:

[2023-06-08 16:19:22][[reload_watcher-a]][info] file to reload:
./gamelogic/service/agent/msg_handles/role.lua
[2023-06-08 16:19:25][[reload_watcher-a]][info] excel to reload:

[2023-06-08 16:19:25][[reload_watcher-a]][info] file to reload:
./gamelogic/service/agent/msg_handles/role.lua
[2023-06-08 16:19:31][[reload_watcher-a]][info] excel to reload:

[2023-06-08 16:19:31][[reload_watcher-a]][info] file to reload:
./gamelogic/service/agent/msg_handles/role.lua
[2023-06-08 16:19:33][[reload_watcher-a]][info] excel to reload:

[2023-06-08 16:19:33][[reload_watcher-a]][info] file to reload:
./gamelogic/service/agent/msg_handles/role.lua
[2023-06-08 16:19:36][[reload_watcher-a]][info] excel to reload:

[2023-06-08 16:19:36][[reload_watcher-a]][info] file to reload:
./gamelogic/service/agent/msg_handles/role.lua
[2023-06-08 16:19:38][[reload_watcher-a]][info] excel to reload:

[2023-06-08 16:19:38][[reload_watcher-a]][info] file to reload:
./gamelogic/service/agent/msg_handles/role.lua
[2023-06-08 16:19:42][[reload_watcher-a]][info] excel to reload:

[2023-06-08 16:19:42][[reload_watcher-a]][info] file to reload:
./gamelogic/service/agent/msg_handles/role.lua
[2023-06-08 16:19:44][[reload_watcher-a]][info] excel to reload:

[2023-06-08 16:19:44][[reload_watcher-a]][info] file to reload:
./gamelogic/service/agent/msg_handles/role.lua
[2023-06-08 16:19:46][[reload_watcher-a]][info] excel to reload:

[2023-06-08 16:19:46][[reload_watcher-a]][info] file to reload:
./gamelogic/service/agent/msg_handles/role.lua
[2023-06-08 16:19:57][[reload_watcher-a]][info] excel to reload:

[2023-06-08 16:19:57][[reload_watcher-a]][info] file to reload:
./gamelogic/service/agent/msg_handles/role.lua
[2023-06-08 16:22:02][[reload_watcher-a]][info] excel to reload:

[2023-06-08 16:22:02][[reload_watcher-a]][info] file to reload:
./gamelogic/lualib/node_base.lua
[2023-06-08 16:22:02][[cluster_router_launcher-8]][info] reload_mod begin: node_base <==> ./gamelogic/lualib/node_base.lua
[2023-06-08 16:22:02][[cluster_router-10]][info] reload_mod begin: msg_utils.sproto_msg_utils <==> ./lualib/msg_utils/sproto_msg_utils.lua
[2023-06-08 16:22:02][[cluster_router_launcher-8]][info] reload_mod begin: msg_utils.sproto_msg_utils <==> ./lualib/msg_utils/sproto_msg_utils.lua
[2023-06-08 16:22:56][[reload_watcher-a]][info] excel to reload:

[2023-06-08 16:22:56][[reload_watcher-a]][info] file to reload:
./gamelogic/service/agent/msg_handles/role.lua
[2023-06-08 16:23:01][[reload_watcher-a]][info] excel to reload:

[2023-06-08 16:23:01][[reload_watcher-a]][info] file to reload:
./gamelogic/service/agent/msg_handles/role.lua
[2023-06-08 16:23:07][[reload_watcher-a]][info] excel to reload:

[2023-06-08 16:23:07][[reload_watcher-a]][info] file to reload:
./gamelogic/service/agent/msg_handles/role.lua
[2023-06-08 16:24:02][[reload_watcher-a]][info] excel to reload:

[2023-06-08 16:24:02][[reload_watcher-a]][info] file to reload:
./gamelogic/service/agent/msg_handles/role.lua
[2023-06-08 16:24:43][[reload_watcher-a]][info] excel to reload:

[2023-06-08 16:24:43][[reload_watcher-a]][info] file to reload:
./gamelogic/service/agent/msg_handles/role.lua
[2023-06-08 16:28:16][[reload_watcher-a]][info] ["reload_watcher:",10]
[2023-06-08 16:28:16][[common_init-c]][info] uuid init<2800|15>, tag<25S_F_>
[2023-06-08 16:28:16][[clusterd-d]][info] ["clusterd start:",13]
[2023-06-08 16:28:16][[cluster_router-10]][info] ["cluster_router start:",16]
[2023-06-08 16:28:17][[common_init-c]][info] SqlQueryCount: 5
[2023-06-08 16:28:19][[gamelog-9]][info] ["gamelog start:",9]
[2023-06-08 16:28:19][[clusterd-d]][info] socket accept from ::ffff:117.50.193.85:46702, 4
[2023-06-08 16:28:19][[clusterd-d]][info] clusterd show_self s2801_world
[2023-06-08 16:28:19][[cluster_router-10]][info] ["NodeUp","s2801_world","117.50.193.85:40001"]
[2023-06-08 16:28:19][[clusterd-d]][info] connect s2801_world 117.50.193.85:40001
[2023-06-08 16:28:19][[clusterd-d]][info] socket accept from ::ffff:117.50.193.85:46710, 6
[2023-06-08 16:28:19][[clusterd-d]][info] clusterd show_self s2803_gm_router
[2023-06-08 16:28:19][[cluster_router-10]][info] ["NodeUp","s2803_gm_router","117.50.193.85:40201"]
[2023-06-08 16:28:19][[clusterd-d]][info] connect s2803_gm_router 117.50.193.85:40201
[2023-06-08 16:28:19][[clusterd-d]][info] socket accept from ::ffff:117.50.193.85:46714, 8
[2023-06-08 16:28:19][[clusterd-d]][info] clusterd show_self s2810_login
[2023-06-08 16:28:19][[cluster_router-10]][info] ["NodeUp","s2810_login","117.50.193.85:38101"]
[2023-06-08 16:28:19][[clusterd-d]][info] connect s2810_login 117.50.193.85:38101
[2023-06-08 16:28:19][[clusterd-d]][info] socket accept from ::ffff:117.50.193.85:46718, 10
[2023-06-08 16:28:19][[clusterd-d]][info] clusterd show_self s70_cross
[2023-06-08 16:28:19][[cluster_router-10]][info] ["NodeUp","s70_cross","117.50.193.85:17015"]
[2023-06-08 16:28:19][[clusterd-d]][info] connect s70_cross 117.50.193.85:17015
[2023-06-08 16:28:25][[clusterd-d]][info] socket accept from ::ffff:117.50.193.85:46734, 12
[2023-06-08 16:28:25][[clusterd-d]][info] socket accept from ::ffff:117.50.193.85:46736, 13
[2023-06-08 16:28:25][[clusterd-d]][info] clusterd show_self s50_game
[2023-06-08 16:28:25][[cluster_router-10]][info] ["NodeUp","s50_game","117.50.193.85:15016"]
[2023-06-08 16:28:25][[clusterd-d]][info] connect s50_game 117.50.193.85:15016
[2023-06-08 16:28:25][[clusterd-d]][info] socket accept from ::ffff:117.50.193.85:46740, 15
[2023-06-08 16:28:25][[clusterd-d]][info] clusterd show_self s50_chat
[2023-06-08 16:28:25][[cluster_router-10]][info] ["NodeUp","s50_chat","117.50.193.85:15018"]
[2023-06-08 16:28:25][[clusterd-d]][info] connect s50_chat 117.50.193.85:15018
[2023-06-08 16:28:25][[clusterd-d]][info] clusterd show_self s50_dynasty
[2023-06-08 16:28:25][[cluster_router-10]][info] ["NodeUp","s50_dynasty","117.50.193.85:15020"]
[2023-06-08 16:28:25][[clusterd-d]][info] connect s50_dynasty 117.50.193.85:15020
[2023-06-08 16:28:30][[clusterd-d]][info] socket accept from ::ffff:117.50.193.85:46768, 18
[2023-06-08 16:28:30][[clusterd-d]][info] socket accept from ::ffff:117.50.193.85:46770, 19
[2023-06-08 16:28:31][[clusterd-d]][info] clusterd show_self s55_game
[2023-06-08 16:28:31][[cluster_router-10]][info] ["NodeUp","s55_game","117.50.193.85:15516"]
[2023-06-08 16:28:31][[clusterd-d]][info] connect s55_game 117.50.193.85:15516
[2023-06-08 16:28:31][[clusterd-d]][info] clusterd show_self s55_chat
[2023-06-08 16:28:31][[cluster_router-10]][info] ["NodeUp","s55_chat","117.50.193.85:15518"]
[2023-06-08 16:28:31][[clusterd-d]][info] connect s55_chat 117.50.193.85:15518
[2023-06-08 16:28:31][[clusterd-d]][info] socket accept from ::ffff:117.50.193.85:46776, 22
[2023-06-08 16:28:31][[clusterd-d]][info] clusterd show_self s55_dynasty
[2023-06-08 16:28:31][[cluster_router-10]][info] ["NodeUp","s55_dynasty","117.50.193.85:15520"]
[2023-06-08 16:28:31][[clusterd-d]][info] connect s55_dynasty 117.50.193.85:15520
[2023-06-08 16:33:45][[reload_watcher-a]][info] excel to reload:

[2023-06-08 16:33:45][[reload_watcher-a]][info] file to reload:
./gamelogic/service/world/lua_handles.lua
[2023-06-08 16:33:54][[reload_watcher-a]][info] excel to reload:

[2023-06-08 16:33:54][[reload_watcher-a]][info] file to reload:
./gamelogic/service/world/lua_handles.lua
[2023-06-08 16:34:00][[reload_watcher-a]][info] excel to reload:

[2023-06-08 16:34:00][[reload_watcher-a]][info] file to reload:
./gamelogic/service/world/lua_handles.lua
[2023-06-08 16:34:04][[reload_watcher-a]][info] excel to reload:

[2023-06-08 16:34:04][[reload_watcher-a]][info] file to reload:
./gamelogic/service/world/lua_handles.lua
[2023-06-08 16:34:10][[reload_watcher-a]][info] excel to reload:

[2023-06-08 16:34:10][[reload_watcher-a]][info] file to reload:
./gamelogic/service/world/lua_handles.lua
[2023-06-08 16:34:16][[reload_watcher-a]][info] excel to reload:

[2023-06-08 16:34:16][[reload_watcher-a]][info] file to reload:
./gamelogic/service/world/lua_handles.lua
[2023-06-08 16:34:18][[reload_watcher-a]][info] excel to reload:

[2023-06-08 16:34:18][[reload_watcher-a]][info] file to reload:
./gamelogic/service/world/lua_handles.lua
[2023-06-08 16:34:21][[reload_watcher-a]][info] excel to reload:

[2023-06-08 16:34:21][[reload_watcher-a]][info] file to reload:
./gamelogic/service/world/lua_handles.lua
[2023-06-08 16:36:37][[reload_watcher-a]][info] excel to reload:

[2023-06-08 16:36:37][[reload_watcher-a]][info] file to reload:
./gamelogic/service/world/lua_handles.lua
[2023-06-08 16:38:53][[reload_watcher-a]][info] excel to reload:

[2023-06-08 16:38:53][[reload_watcher-a]][info] file to reload:
./gamelogic/service/world/lua_handles.lua
[2023-06-08 16:39:05][[reload_watcher-a]][info] excel to reload:

[2023-06-08 16:39:05][[reload_watcher-a]][info] file to reload:
./gamelogic/service/world/lua_handles.lua
[2023-06-08 16:39:14][[reload_watcher-a]][info] excel to reload:

[2023-06-08 16:39:14][[reload_watcher-a]][info] file to reload:
./gamelogic/service/world/lua_handles.lua
[2023-06-08 16:39:22][[reload_watcher-a]][info] excel to reload:

[2023-06-08 16:39:22][[reload_watcher-a]][info] file to reload:
./gamelogic/service/world/lua_handles.lua
[2023-06-08 16:39:37][[reload_watcher-a]][info] excel to reload:

[2023-06-08 16:39:37][[reload_watcher-a]][info] file to reload:
./gamelogic/service/agent/msg_handles/role.lua
[2023-06-08 16:39:42][[reload_watcher-a]][info] excel to reload:

[2023-06-08 16:39:42][[reload_watcher-a]][info] file to reload:
./gamelogic/service/agent/msg_handles/role.lua
[2023-06-08 16:40:17][[reload_watcher-a]][info] excel to reload:

[2023-06-08 16:40:17][[reload_watcher-a]][info] file to reload:
./gamelogic/service/agent/msg_handles/role.lua
[2023-06-08 16:41:32][[reload_watcher-a]][info] excel to reload:

[2023-06-08 16:41:32][[reload_watcher-a]][info] file to reload:
./gamelogic/service/agent/msg_handles/role.lua
[2023-06-08 16:41:49][[reload_watcher-a]][info] excel to reload:

[2023-06-08 16:41:49][[reload_watcher-a]][info] file to reload:
./gamelogic/service/agent/msg_handles/role.lua
[2023-06-08 16:41:50][[reload_watcher-a]][info] excel to reload:

[2023-06-08 16:41:50][[reload_watcher-a]][info] file to reload:
./gamelogic/service/agent/msg_handles/role.lua
[2023-06-08 16:54:52][[reload_watcher-a]][info] excel to reload:

[2023-06-08 16:54:52][[reload_watcher-a]][info] file to reload:
./gamelogic/service/agent/msg_handles/role.lua
[2023-06-08 16:54:53][[reload_watcher-a]][info] excel to reload:

[2023-06-08 16:54:53][[reload_watcher-a]][info] file to reload:
./gamelogic/service/agent/msg_handles/role.lua
