[2023-06-05 13:16:54][[gm_router-10]][info] ["RecvGm",{"sign":"1eb0b4b93936a2f8c0b01e39c6e0215b","ts":1685942214,"data":"{\"gm_name\": \"get_server_list\"}"}]
[2023-06-05 13:16:54][[gm_router-10]][info] ["ret",{"65":{"server_id":65,"allow_login":1,"mapped_server_id":65,"area_name":"程序区","name":"game65","open_time":"2019-03-01 00:00:00","node_name":"s65_game","ip":"117.50.193.85","recommend_status":0,"state":"free","recommend_priority":1,"open_ts":1551369600,"enable_ssl":false,"area_id":2,"login_port":16515,"ssl_login_port":0},"50":{"server_id":50,"allow_login":1,"mapped_server_id":50,"area_name":"程序区","name":"game50","open_time":"2023-03-09 20:00:00","node_name":"s50_game","ip":"117.50.193.85","recommend_status":0,"state":"free","recommend_priority":1,"open_ts":1678363200,"enable_ssl":false,"area_id":2,"login_port":15015,"ssl_login_port":0},"67":{"server_id":67,"allow_login":1,"mapped_server_id":67,"area_name":"程序区","name":"game67","open_time":"2019-03-01 00:00:00","node_name":"s67_game","ip":"117.50.193.85","recommend_status":0,"state":"free","recommend_priority":1,"open_ts":1551369600,"enable_ssl":false,"area_id":2,"login_port":16715,"ssl_login_port":0},"68":{"server_id":68,"allow_login":1,"mapped_server_id":68,"area_name":"程序区","name":"game68","open_time":"2019-03-01 00:00:00","node_name":"s68_game","ip":"117.50.193.85","recommend_status":0,"state":"free","recommend_priority":1,"open_ts":1551369600,"enable_ssl":false,"area_id":2,"login_port":16815,"ssl_login_port":0},"53":{"server_id":53,"allow_login":1,"mapped_server_id":53,"area_name":"程序区","name":"郝继胜服","open_time":"2019-03-01 00:00:00","node_name":"s53_game","ip":"117.50.193.85","recommend_status":0,"state":"free","recommend_priority":1,"open_ts":1551369600,"enable_ssl":false,"area_id":2,"login_port":15315,"ssl_login_port":0},"55":{"server_id":55,"area_name":"测试区","node_name":"s55_game","ip":"117.50.193.85","recommend_priority":1,"login_port":15515,"ssl_login_port":15514,"name":"game55","area_id":2,"state":"free","mapped_server_id":55,"open_time":"2023-03-09 20:00:00","open_ts":1678363200,"enable_ssl":true,"ssh_ip":"117.50.193.85","recommend_status":0,"allow_login":1},"51":{"server_id":51,"allow_login":1,"mapped_server_id":51,"area_name":"程序区","name":"game51","open_time":"2019-03-01 00:00:00","node_name":"s51_game","ip":"117.50.193.85","recommend_status":0,"state":"free","recommend_priority":1,"open_ts":1551369600,"enable_ssl":false,"area_id":2,"login_port":15115,"ssl_login_port":0},"60":{"server_id":60,"allow_login":1,"mapped_server_id":60,"area_name":"程序区","name":"game60","open_time":"2019-03-01 00:00:00","node_name":"s60_game","ip":"117.50.193.85","recommend_status":0,"state":"free","recommend_priority":1,"open_ts":1551369600,"enable_ssl":false,"area_id":2,"login_port":16015,"ssl_login_port":0},"61":{"server_id":61,"allow_login":1,"mapped_server_id":61,"area_name":"策划区","name":"策划1服","open_time":"2019-03-01 00:00:00","node_name":"s61_game","ip":"117.50.193.85","recommend_status":0,"state":"free","recommend_priority":1,"open_ts":1551369600,"enable_ssl":false,"area_id":3,"login_port":16115,"ssl_login_port":0},"62":{"server_id":62,"allow_login":1,"mapped_server_id":62,"area_name":"策划区","name":"策划2服","open_time":"2019-03-01 00:00:00","node_name":"s62_game","ip":"117.50.193.85","recommend_status":0,"state":"free","recommend_priority":1,"open_ts":1551369600,"enable_ssl":false,"area_id":3,"login_port":16215,"ssl_login_port":0},"63":{"server_id":63,"allow_login":1,"mapped_server_id":63,"area_name":"策划区","name":"策划3服","open_time":"2019-03-01 00:00:00","node_name":"s63_game","ip":"117.50.193.85","recommend_status":0,"state":"free","recommend_priority":1,"open_ts":1551369600,"enable_ssl":false,"area_id":3,"login_port":16315,"ssl_login_port":0}}]
[2023-06-05 13:16:54][[gm_router-10]][info] ["GmFail",{"65":{"server_id":65,"allow_login":1,"mapped_server_id":65,"area_name":"程序区","name":"game65","open_time":"2019-03-01 00:00:00","node_name":"s65_game","ip":"117.50.193.85","recommend_status":0,"state":"free","recommend_priority":1,"open_ts":1551369600,"enable_ssl":false,"area_id":2,"login_port":16515,"ssl_login_port":0},"50":{"server_id":50,"allow_login":1,"mapped_server_id":50,"area_name":"程序区","name":"game50","open_time":"2023-03-09 20:00:00","node_name":"s50_game","ip":"117.50.193.85","recommend_status":0,"state":"free","recommend_priority":1,"open_ts":1678363200,"enable_ssl":false,"area_id":2,"login_port":15015,"ssl_login_port":0},"67":{"server_id":67,"allow_login":1,"mapped_server_id":67,"area_name":"程序区","name":"game67","open_time":"2019-03-01 00:00:00","node_name":"s67_game","ip":"117.50.193.85","recommend_status":0,"state":"free","recommend_priority":1,"open_ts":1551369600,"enable_ssl":false,"area_id":2,"login_port":16715,"ssl_login_port":0},"68":{"server_id":68,"allow_login":1,"mapped_server_id":68,"area_name":"程序区","name":"game68","open_time":"2019-03-01 00:00:00","node_name":"s68_game","ip":"117.50.193.85","recommend_status":0,"state":"free","recommend_priority":1,"open_ts":1551369600,"enable_ssl":false,"area_id":2,"login_port":16815,"ssl_login_port":0},"53":{"server_id":53,"allow_login":1,"mapped_server_id":53,"area_name":"程序区","name":"郝继胜服","open_time":"2019-03-01 00:00:00","node_name":"s53_game","ip":"117.50.193.85","recommend_status":0,"state":"free","recommend_priority":1,"open_ts":1551369600,"enable_ssl":false,"area_id":2,"login_port":15315,"ssl_login_port":0},"55":{"server_id":55,"area_name":"测试区","node_name":"s55_game","ip":"117.50.193.85","recommend_priority":1,"login_port":15515,"ssl_login_port":15514,"name":"game55","area_id":2,"state":"free","mapped_server_id":55,"open_time":"2023-03-09 20:00:00","open_ts":1678363200,"enable_ssl":true,"ssh_ip":"117.50.193.85","recommend_status":0,"allow_login":1},"51":{"server_id":51,"allow_login":1,"mapped_server_id":51,"area_name":"程序区","name":"game51","open_time":"2019-03-01 00:00:00","node_name":"s51_game","ip":"117.50.193.85","recommend_status":0,"state":"free","recommend_priority":1,"open_ts":1551369600,"enable_ssl":false,"area_id":2,"login_port":15115,"ssl_login_port":0},"60":{"server_id":60,"allow_login":1,"mapped_server_id":60,"area_name":"程序区","name":"game60","open_time":"2019-03-01 00:00:00","node_name":"s60_game","ip":"117.50.193.85","recommend_status":0,"state":"free","recommend_priority":1,"open_ts":1551369600,"enable_ssl":false,"area_id":2,"login_port":16015,"ssl_login_port":0},"61":{"server_id":61,"allow_login":1,"mapped_server_id":61,"area_name":"策划区","name":"策划1服","open_time":"2019-03-01 00:00:00","node_name":"s61_game","ip":"117.50.193.85","recommend_status":0,"state":"free","recommend_priority":1,"open_ts":1551369600,"enable_ssl":false,"area_id":3,"login_port":16115,"ssl_login_port":0},"62":{"server_id":62,"allow_login":1,"mapped_server_id":62,"area_name":"策划区","name":"策划2服","open_time":"2019-03-01 00:00:00","node_name":"s62_game","ip":"117.50.193.85","recommend_status":0,"state":"free","recommend_priority":1,"open_ts":1551369600,"enable_ssl":false,"area_id":3,"login_port":16215,"ssl_login_port":0},"63":{"server_id":63,"allow_login":1,"mapped_server_id":63,"area_name":"策划区","name":"策划3服","open_time":"2019-03-01 00:00:00","node_name":"s63_game","ip":"117.50.193.85","recommend_status":0,"state":"free","recommend_priority":1,"open_ts":1551369600,"enable_ssl":false,"area_id":3,"login_port":16315,"ssl_login_port":0}}]
[2023-06-05 13:16:54][[gm_router-10]][info] ["RecvGm",{"sign":"73acffc4d97853c88e8c3461a8fc6ef9","ts":1685942214,"data":"{\"server_id\": \"55\", \"gm_name\": \"get_server_info_role_online\"}"}]
[2023-06-05 13:16:54][[gm_router-10]][info] ["ret",{"data":{"role_total_num":1,"role_online_num":0},"code":0}]
[2023-06-05 13:16:54][[gm_router-10]][info] ["GmSuccess",{"data":{"role_total_num":1,"role_online_num":0},"code":0}]
[2023-06-05 13:16:54][[gm_router-10]][info] ["RecvGm",{"sign":"f56e200166170fa182120b51afac4e27","ts":1685942214,"data":"{\"server_id\": \"51\", \"gm_name\": \"get_server_info_role_online\"}"}]
[2023-06-05 13:16:54][[gm_router-10]][info] ["ret",{"err_msg":"服务器出错","code":1003}]
[2023-06-05 13:16:54][[gm_router-10]][info] ["GmFail",{"err_msg":"服务器出错","code":1003}]
[2023-06-05 13:16:54][[gm_router-10]][info] ["RecvGm",{"sign":"db5bca585b970e3ac6ae499c585083a7","ts":1685942214,"data":"{\"server_id\": \"50\", \"gm_name\": \"get_server_info_role_online\"}"}]
[2023-06-05 13:16:54][[gm_router-10]][info] ["ret",{"data":{"role_total_num":0,"role_online_num":0},"code":0}]
[2023-06-05 13:16:54][[gm_router-10]][info] ["GmSuccess",{"data":{"role_total_num":0,"role_online_num":0},"code":0}]
[2023-06-05 13:16:55][[gm_router-10]][info] ["RecvGm",{"sign":"c51e9a2944233a339741fc2eff1402b5","ts":1685942214,"data":"{\"server_id\": \"53\", \"gm_name\": \"get_server_info_role_online\"}"}]
[2023-06-05 13:16:55][[gm_router-10]][info] ["ret",{"err_msg":"服务器出错","code":1003}]
[2023-06-05 13:16:55][[gm_router-10]][info] ["GmFail",{"err_msg":"服务器出错","code":1003}]
[2023-06-05 13:16:55][[gm_router-10]][info] ["RecvGm",{"sign":"725f8ff5aa382c02829c527b85b25d68","ts":1685942214,"data":"{\"server_id\": \"60\", \"gm_name\": \"get_server_info_role_online\"}"}]
[2023-06-05 13:16:55][[gm_router-10]][info] ["ret",{"err_msg":"服务器出错","code":1003}]
[2023-06-05 13:16:55][[gm_router-10]][info] ["GmFail",{"err_msg":"服务器出错","code":1003}]
[2023-06-05 13:16:55][[gm_router-10]][info] ["RecvGm",{"sign":"065a6134e3311f33f269115f670a74a9","ts":1685942214,"data":"{\"server_id\": \"61\", \"gm_name\": \"get_server_info_role_online\"}"}]
[2023-06-05 13:16:55][[gm_router-10]][info] ["ret",{"err_msg":"服务器出错","code":1003}]
[2023-06-05 13:16:55][[gm_router-10]][info] ["GmFail",{"err_msg":"服务器出错","code":1003}]
[2023-06-05 13:16:55][[gm_router-10]][info] ["RecvGm",{"sign":"28bc9dfb289215781ef9e40cb8c69f65","ts":1685942214,"data":"{\"server_id\": \"62\", \"gm_name\": \"get_server_info_role_online\"}"}]
[2023-06-05 13:16:55][[gm_router-10]][info] ["ret",{"err_msg":"服务器出错","code":1003}]
[2023-06-05 13:16:55][[gm_router-10]][info] ["GmFail",{"err_msg":"服务器出错","code":1003}]
[2023-06-05 13:16:55][[gm_router-10]][info] ["RecvGm",{"sign":"1556f4061c8d95cb16c6f7a670a8bffe","ts":1685942214,"data":"{\"server_id\": \"63\", \"gm_name\": \"get_server_info_role_online\"}"}]
[2023-06-05 13:16:55][[gm_router-10]][info] ["ret",{"err_msg":"服务器出错","code":1003}]
[2023-06-05 13:16:55][[gm_router-10]][info] ["GmFail",{"err_msg":"服务器出错","code":1003}]
[2023-06-05 13:16:55][[gm_router-10]][info] ["RecvGm",{"sign":"733190a41bc073cd89b7aecdaefa4262","ts":1685942214,"data":"{\"server_id\": \"65\", \"gm_name\": \"get_server_info_role_online\"}"}]
[2023-06-05 13:16:55][[gm_router-10]][info] ["ret",{"err_msg":"服务器出错","code":1003}]
[2023-06-05 13:16:55][[gm_router-10]][info] ["GmFail",{"err_msg":"服务器出错","code":1003}]
[2023-06-05 13:16:55][[gm_router-10]][info] ["RecvGm",{"sign":"c27b9f72ddb3d2a5e31b9a8952491877","ts":1685942214,"data":"{\"server_id\": \"67\", \"gm_name\": \"get_server_info_role_online\"}"}]
[2023-06-05 13:16:55][[gm_router-10]][info] ["ret",{"err_msg":"服务器出错","code":1003}]
[2023-06-05 13:16:55][[gm_router-10]][info] ["GmFail",{"err_msg":"服务器出错","code":1003}]
[2023-06-05 13:16:55][[gm_router-10]][info] ["RecvGm",{"sign":"371da4ab36c005970c35b08695030894","ts":1685942214,"data":"{\"server_id\": \"68\", \"gm_name\": \"get_server_info_role_online\"}"}]
[2023-06-05 13:16:55][[gm_router-10]][info] ["ret",{"err_msg":"服务器出错","code":1003}]
[2023-06-05 13:16:55][[gm_router-10]][info] ["GmFail",{"err_msg":"服务器出错","code":1003}]
[2023-06-05 13:16:56][[gm_router-10]][info] ["RecvGm",{"sign":"e3ddbc5e69a8edceb22f27b1ba5f5ddc","ts":1685942215,"data":"{\"server_id\": \"55\", \"gm_name\": \"query_roll_notice\"}"}]
[2023-06-05 13:16:56][[gm_router-10]][info] ["ret",{"data":{"notice_list":{}},"code":0}]
[2023-06-05 13:16:56][[gm_router-10]][info] ["GmSuccess",{"data":{"notice_list":{}},"code":0}]
[2023-06-05 13:24:31][[reload_watcher-a]][info] excel to reload:

[2023-06-05 13:24:31][[reload_watcher-a]][info] file to reload:
./gamelogic/service/world/gift_key.lua
[2023-06-05 13:24:35][[reload_watcher-a]][info] excel to reload:

[2023-06-05 13:24:35][[reload_watcher-a]][info] file to reload:
./gamelogic/service/world/gift_key.lua
[2023-06-05 13:24:39][[reload_watcher-a]][info] excel to reload:

[2023-06-05 13:24:39][[reload_watcher-a]][info] file to reload:
./gamelogic/service/world/gift_key.lua
[2023-06-05 13:24:42][[reload_watcher-a]][info] excel to reload:

[2023-06-05 13:24:42][[reload_watcher-a]][info] file to reload:
./gamelogic/service/world/gift_key.lua
[2023-06-05 13:24:43][[reload_watcher-a]][info] excel to reload:

[2023-06-05 13:24:43][[reload_watcher-a]][info] file to reload:
./gamelogic/service/world/gift_key.lua
[2023-06-05 13:24:44][[reload_watcher-a]][info] excel to reload:

[2023-06-05 13:24:44][[reload_watcher-a]][info] file to reload:
./gamelogic/service/world/gift_key.lua
[2023-06-05 13:24:46][[reload_watcher-a]][info] excel to reload:

[2023-06-05 13:24:46][[reload_watcher-a]][info] file to reload:
./gamelogic/service/world/gift_key.lua
[2023-06-05 13:24:49][[reload_watcher-a]][info] excel to reload:

[2023-06-05 13:24:49][[reload_watcher-a]][info] file to reload:
./gamelogic/service/world/gift_key.lua
[2023-06-05 13:24:51][[reload_watcher-a]][info] excel to reload:

[2023-06-05 13:24:51][[reload_watcher-a]][info] file to reload:
./gamelogic/service/world/gift_key.lua
[2023-06-05 13:24:57][[reload_watcher-a]][info] excel to reload:

[2023-06-05 13:24:57][[reload_watcher-a]][info] file to reload:
./gamelogic/service/world/gift_key.lua
[2023-06-05 13:24:59][[reload_watcher-a]][info] excel to reload:

[2023-06-05 13:24:59][[reload_watcher-a]][info] file to reload:
./gamelogic/service/world/gift_key.lua
[2023-06-05 13:25:00][[reload_watcher-a]][info] excel to reload:

[2023-06-05 13:25:00][[reload_watcher-a]][info] file to reload:
./gamelogic/service/world/gift_key.lua
[2023-06-05 13:25:24][[gm_router-10]][info] ["RecvGm",{"sign":"a3969736373bb292bb0b06a2bd00ecff","ts":1685942723,"data":"{\"gm_name\": \"get_server_list\"}"}]
[2023-06-05 13:25:24][[gm_router-10]][info] ["ret",{"65":{"server_id":65,"allow_login":1,"mapped_server_id":65,"area_name":"程序区","name":"game65","open_time":"2019-03-01 00:00:00","node_name":"s65_game","ip":"117.50.193.85","recommend_status":0,"state":"free","recommend_priority":1,"open_ts":1551369600,"enable_ssl":false,"area_id":2,"login_port":16515,"ssl_login_port":0},"50":{"server_id":50,"allow_login":1,"mapped_server_id":50,"area_name":"程序区","name":"game50","open_time":"2023-03-09 20:00:00","node_name":"s50_game","ip":"117.50.193.85","recommend_status":0,"state":"free","recommend_priority":1,"open_ts":1678363200,"enable_ssl":false,"area_id":2,"login_port":15015,"ssl_login_port":0},"67":{"server_id":67,"allow_login":1,"mapped_server_id":67,"area_name":"程序区","name":"game67","open_time":"2019-03-01 00:00:00","node_name":"s67_game","ip":"117.50.193.85","recommend_status":0,"state":"free","recommend_priority":1,"open_ts":1551369600,"enable_ssl":false,"area_id":2,"login_port":16715,"ssl_login_port":0},"68":{"server_id":68,"allow_login":1,"mapped_server_id":68,"area_name":"程序区","name":"game68","open_time":"2019-03-01 00:00:00","node_name":"s68_game","ip":"117.50.193.85","recommend_status":0,"state":"free","recommend_priority":1,"open_ts":1551369600,"enable_ssl":false,"area_id":2,"login_port":16815,"ssl_login_port":0},"53":{"server_id":53,"allow_login":1,"mapped_server_id":53,"area_name":"程序区","name":"郝继胜服","open_time":"2019-03-01 00:00:00","node_name":"s53_game","ip":"117.50.193.85","recommend_status":0,"state":"free","recommend_priority":1,"open_ts":1551369600,"enable_ssl":false,"area_id":2,"login_port":15315,"ssl_login_port":0},"55":{"server_id":55,"area_name":"测试区","node_name":"s55_game","ip":"117.50.193.85","recommend_priority":1,"login_port":15515,"ssl_login_port":15514,"name":"game55","area_id":2,"state":"free","mapped_server_id":55,"open_time":"2023-03-09 20:00:00","open_ts":1678363200,"enable_ssl":true,"ssh_ip":"117.50.193.85","recommend_status":0,"allow_login":1},"51":{"server_id":51,"allow_login":1,"mapped_server_id":51,"area_name":"程序区","name":"game51","open_time":"2019-03-01 00:00:00","node_name":"s51_game","ip":"117.50.193.85","recommend_status":0,"state":"free","recommend_priority":1,"open_ts":1551369600,"enable_ssl":false,"area_id":2,"login_port":15115,"ssl_login_port":0},"60":{"server_id":60,"allow_login":1,"mapped_server_id":60,"area_name":"程序区","name":"game60","open_time":"2019-03-01 00:00:00","node_name":"s60_game","ip":"117.50.193.85","recommend_status":0,"state":"free","recommend_priority":1,"open_ts":1551369600,"enable_ssl":false,"area_id":2,"login_port":16015,"ssl_login_port":0},"61":{"server_id":61,"allow_login":1,"mapped_server_id":61,"area_name":"策划区","name":"策划1服","open_time":"2019-03-01 00:00:00","node_name":"s61_game","ip":"117.50.193.85","recommend_status":0,"state":"free","recommend_priority":1,"open_ts":1551369600,"enable_ssl":false,"area_id":3,"login_port":16115,"ssl_login_port":0},"62":{"server_id":62,"allow_login":1,"mapped_server_id":62,"area_name":"策划区","name":"策划2服","open_time":"2019-03-01 00:00:00","node_name":"s62_game","ip":"117.50.193.85","recommend_status":0,"state":"free","recommend_priority":1,"open_ts":1551369600,"enable_ssl":false,"area_id":3,"login_port":16215,"ssl_login_port":0},"63":{"server_id":63,"allow_login":1,"mapped_server_id":63,"area_name":"策划区","name":"策划3服","open_time":"2019-03-01 00:00:00","node_name":"s63_game","ip":"117.50.193.85","recommend_status":0,"state":"free","recommend_priority":1,"open_ts":1551369600,"enable_ssl":false,"area_id":3,"login_port":16315,"ssl_login_port":0}}]
[2023-06-05 13:25:24][[gm_router-10]][info] ["GmFail",{"65":{"server_id":65,"allow_login":1,"mapped_server_id":65,"area_name":"程序区","name":"game65","open_time":"2019-03-01 00:00:00","node_name":"s65_game","ip":"117.50.193.85","recommend_status":0,"state":"free","recommend_priority":1,"open_ts":1551369600,"enable_ssl":false,"area_id":2,"login_port":16515,"ssl_login_port":0},"50":{"server_id":50,"allow_login":1,"mapped_server_id":50,"area_name":"程序区","name":"game50","open_time":"2023-03-09 20:00:00","node_name":"s50_game","ip":"117.50.193.85","recommend_status":0,"state":"free","recommend_priority":1,"open_ts":1678363200,"enable_ssl":false,"area_id":2,"login_port":15015,"ssl_login_port":0},"67":{"server_id":67,"allow_login":1,"mapped_server_id":67,"area_name":"程序区","name":"game67","open_time":"2019-03-01 00:00:00","node_name":"s67_game","ip":"117.50.193.85","recommend_status":0,"state":"free","recommend_priority":1,"open_ts":1551369600,"enable_ssl":false,"area_id":2,"login_port":16715,"ssl_login_port":0},"68":{"server_id":68,"allow_login":1,"mapped_server_id":68,"area_name":"程序区","name":"game68","open_time":"2019-03-01 00:00:00","node_name":"s68_game","ip":"117.50.193.85","recommend_status":0,"state":"free","recommend_priority":1,"open_ts":1551369600,"enable_ssl":false,"area_id":2,"login_port":16815,"ssl_login_port":0},"53":{"server_id":53,"allow_login":1,"mapped_server_id":53,"area_name":"程序区","name":"郝继胜服","open_time":"2019-03-01 00:00:00","node_name":"s53_game","ip":"117.50.193.85","recommend_status":0,"state":"free","recommend_priority":1,"open_ts":1551369600,"enable_ssl":false,"area_id":2,"login_port":15315,"ssl_login_port":0},"55":{"server_id":55,"area_name":"测试区","node_name":"s55_game","ip":"117.50.193.85","recommend_priority":1,"login_port":15515,"ssl_login_port":15514,"name":"game55","area_id":2,"state":"free","mapped_server_id":55,"open_time":"2023-03-09 20:00:00","open_ts":1678363200,"enable_ssl":true,"ssh_ip":"117.50.193.85","recommend_status":0,"allow_login":1},"51":{"server_id":51,"allow_login":1,"mapped_server_id":51,"area_name":"程序区","name":"game51","open_time":"2019-03-01 00:00:00","node_name":"s51_game","ip":"117.50.193.85","recommend_status":0,"state":"free","recommend_priority":1,"open_ts":1551369600,"enable_ssl":false,"area_id":2,"login_port":15115,"ssl_login_port":0},"60":{"server_id":60,"allow_login":1,"mapped_server_id":60,"area_name":"程序区","name":"game60","open_time":"2019-03-01 00:00:00","node_name":"s60_game","ip":"117.50.193.85","recommend_status":0,"state":"free","recommend_priority":1,"open_ts":1551369600,"enable_ssl":false,"area_id":2,"login_port":16015,"ssl_login_port":0},"61":{"server_id":61,"allow_login":1,"mapped_server_id":61,"area_name":"策划区","name":"策划1服","open_time":"2019-03-01 00:00:00","node_name":"s61_game","ip":"117.50.193.85","recommend_status":0,"state":"free","recommend_priority":1,"open_ts":1551369600,"enable_ssl":false,"area_id":3,"login_port":16115,"ssl_login_port":0},"62":{"server_id":62,"allow_login":1,"mapped_server_id":62,"area_name":"策划区","name":"策划2服","open_time":"2019-03-01 00:00:00","node_name":"s62_game","ip":"117.50.193.85","recommend_status":0,"state":"free","recommend_priority":1,"open_ts":1551369600,"enable_ssl":false,"area_id":3,"login_port":16215,"ssl_login_port":0},"63":{"server_id":63,"allow_login":1,"mapped_server_id":63,"area_name":"策划区","name":"策划3服","open_time":"2019-03-01 00:00:00","node_name":"s63_game","ip":"117.50.193.85","recommend_status":0,"state":"free","recommend_priority":1,"open_ts":1551369600,"enable_ssl":false,"area_id":3,"login_port":16315,"ssl_login_port":0}}]
[2023-06-05 13:25:24][[gm_router-10]][info] ["RecvGm",{"sign":"e3d976cdcb32a69a7b05bc93152a06e9","ts":1685942723,"data":"{\"server_id\": \"55\", \"gm_name\": \"get_server_info_role_online\"}"}]
[2023-06-05 13:25:24][[gm_router-10]][info] ["ret",{"data":{"role_total_num":1,"role_online_num":0},"code":0}]
[2023-06-05 13:25:24][[gm_router-10]][info] ["GmSuccess",{"data":{"role_total_num":1,"role_online_num":0},"code":0}]
[2023-06-05 13:25:24][[gm_router-10]][info] ["RecvGm",{"sign":"1b5422be01791d27bdf90a86fe93a006","ts":1685942723,"data":"{\"server_id\": \"51\", \"gm_name\": \"get_server_info_role_online\"}"}]
[2023-06-05 13:25:24][[gm_router-10]][info] ["ret",{"err_msg":"服务器出错","code":1003}]
[2023-06-05 13:25:24][[gm_router-10]][info] ["GmFail",{"err_msg":"服务器出错","code":1003}]
[2023-06-05 13:25:24][[gm_router-10]][info] ["RecvGm",{"sign":"a838f382ebfa9008dd5d9952a068da67","ts":1685942723,"data":"{\"server_id\": \"50\", \"gm_name\": \"get_server_info_role_online\"}"}]
[2023-06-05 13:25:24][[gm_router-10]][info] ["ret",{"data":{"role_total_num":0,"role_online_num":0},"code":0}]
[2023-06-05 13:25:24][[gm_router-10]][info] ["GmSuccess",{"data":{"role_total_num":0,"role_online_num":0},"code":0}]
[2023-06-05 13:25:24][[gm_router-10]][info] ["RecvGm",{"sign":"8c7d833a14c4414ada4c610e8ab77d62","ts":1685942723,"data":"{\"server_id\": \"53\", \"gm_name\": \"get_server_info_role_online\"}"}]
[2023-06-05 13:25:24][[gm_router-10]][info] ["ret",{"err_msg":"服务器出错","code":1003}]
[2023-06-05 13:25:24][[gm_router-10]][info] ["GmFail",{"err_msg":"服务器出错","code":1003}]
[2023-06-05 13:25:24][[gm_router-10]][info] ["RecvGm",{"sign":"de455da5bf1c49cd1e8bdad7b6e59c0c","ts":1685942723,"data":"{\"server_id\": \"60\", \"gm_name\": \"get_server_info_role_online\"}"}]
[2023-06-05 13:25:24][[gm_router-10]][info] ["ret",{"err_msg":"服务器出错","code":1003}]
[2023-06-05 13:25:24][[gm_router-10]][info] ["GmFail",{"err_msg":"服务器出错","code":1003}]
[2023-06-05 13:25:24][[gm_router-10]][info] ["RecvGm",{"sign":"1d90743ec4f13ae246e2a6a0cd0b57e1","ts":1685942723,"data":"{\"server_id\": \"61\", \"gm_name\": \"get_server_info_role_online\"}"}]
[2023-06-05 13:25:24][[gm_router-10]][info] ["ret",{"err_msg":"服务器出错","code":1003}]
[2023-06-05 13:25:24][[gm_router-10]][info] ["GmFail",{"err_msg":"服务器出错","code":1003}]
[2023-06-05 13:25:24][[gm_router-10]][info] ["RecvGm",{"sign":"00e91fd24d56aac67145bf19400a34b9","ts":1685942723,"data":"{\"server_id\": \"62\", \"gm_name\": \"get_server_info_role_online\"}"}]
[2023-06-05 13:25:24][[gm_router-10]][info] ["ret",{"err_msg":"服务器出错","code":1003}]
[2023-06-05 13:25:24][[gm_router-10]][info] ["GmFail",{"err_msg":"服务器出错","code":1003}]
[2023-06-05 13:25:24][[gm_router-10]][info] ["RecvGm",{"sign":"9dd94582969fbeb775aa2f3595f2acd4","ts":1685942723,"data":"{\"server_id\": \"63\", \"gm_name\": \"get_server_info_role_online\"}"}]
[2023-06-05 13:25:24][[gm_router-10]][info] ["ret",{"err_msg":"服务器出错","code":1003}]
[2023-06-05 13:25:24][[gm_router-10]][info] ["GmFail",{"err_msg":"服务器出错","code":1003}]
[2023-06-05 13:25:24][[gm_router-10]][info] ["RecvGm",{"sign":"8ded9812106da87bf82e29b804d7f3d1","ts":1685942723,"data":"{\"server_id\": \"65\", \"gm_name\": \"get_server_info_role_online\"}"}]
[2023-06-05 13:25:24][[gm_router-10]][info] ["ret",{"err_msg":"服务器出错","code":1003}]
[2023-06-05 13:25:24][[gm_router-10]][info] ["GmFail",{"err_msg":"服务器出错","code":1003}]
[2023-06-05 13:25:24][[gm_router-10]][info] ["RecvGm",{"sign":"138b32596489da92c28f5f8d1d658fa2","ts":1685942723,"data":"{\"server_id\": \"67\", \"gm_name\": \"get_server_info_role_online\"}"}]
[2023-06-05 13:25:24][[gm_router-10]][info] ["ret",{"err_msg":"服务器出错","code":1003}]
[2023-06-05 13:25:24][[gm_router-10]][info] ["GmFail",{"err_msg":"服务器出错","code":1003}]
[2023-06-05 13:25:24][[gm_router-10]][info] ["RecvGm",{"sign":"fddc4a552897a690c0c0595f78fb35c7","ts":1685942723,"data":"{\"server_id\": \"68\", \"gm_name\": \"get_server_info_role_online\"}"}]
[2023-06-05 13:25:24][[gm_router-10]][info] ["ret",{"err_msg":"服务器出错","code":1003}]
[2023-06-05 13:25:24][[gm_router-10]][info] ["GmFail",{"err_msg":"服务器出错","code":1003}]
[2023-06-05 13:25:59][[gm_router-10]][info] ["RecvGm",{"sign":"052ef9a84fd99df92dd81a78928ea6d2","ts":1685942758,"data":"{\"gm_name\": \"query_gift_key\", \"key\": \"005s5t7m5qfny\"}"}]
[2023-06-05 13:25:59][[clusterd-d]][info] connect s2801_world 117.50.193.85:40001
[2023-06-05 13:25:59][[clusterd-d]][info] socket accept from ::ffff:117.50.193.85:10794, 1303
[2023-06-05 13:25:59][[clusterd-d]][info] clusterd show_self s2801_world
[2023-06-05 13:25:59][[gm_router-10]][info] ["ret",{"err_msg":"服务器出错","code":1003}]
[2023-06-05 13:25:59][[gm_router-10]][info] ["GmFail",{"err_msg":"服务器出错","code":1003}]
[2023-06-05 13:26:02][[gm_router-10]][info] ["RecvGm",{"sign":"f00ea645f001c48a1886093b3a331b49","ts":1685942761,"data":"{\"item_list\": [{\"item_id\": \"101002\", \"count\": \"1\"}], \"gm_name\": \"make_gift_key\", \"total_count\": \"1\", \"end_ts\": 1685977200, \"start_ts\": 1685894400, \"total_use_count\": \"1\"}"}]
[2023-06-05 13:26:02][[gm_router-10]][info] ["ret",{"data":{"key_list":["00kqeedg3vy6h"]},"code":0}]
[2023-06-05 13:26:02][[gm_router-10]][info] ["GmSuccess",{"data":{"key_list":["00kqeedg3vy6h"]},"code":0}]
[2023-06-05 13:26:16][[gm_router-10]][info] ["RecvGm",{"sign":"503d0ff70b839641d835162ba1b97448","ts":1685942775,"data":"{\"item_list\": [{\"item_id\": \"101002\", \"count\": \"1\"}], \"gm_name\": \"make_gift_key\", \"total_count\": \"1\", \"end_ts\": 1685977200, \"start_ts\": 1685894400, \"total_use_count\": \"1\"}"}]
[2023-06-05 13:26:16][[gm_router-10]][info] ["ret",{"data":{"key_list":["00ljbquy96o8e"]},"code":0}]
[2023-06-05 13:26:16][[gm_router-10]][info] ["GmSuccess",{"data":{"key_list":["00ljbquy96o8e"]},"code":0}]
[2023-06-05 13:26:44][[gm_router-10]][info] ["RecvGm",{"sign":"17d23508fde549dcfede95a8d139a7a5","ts":1685942803,"data":"{\"item_list\": [{\"item_id\": \"101002\", \"count\": \"1\"}], \"gm_name\": \"make_gift_key\", \"total_count\": \"1\", \"end_ts\": 1685977200, \"start_ts\": 1685894400, \"total_use_count\": \"1\"}"}]
[2023-06-05 13:26:44][[gm_router-10]][info] ["ret",{"data":{"key_list":["00mvr8z908l4v"]},"code":0}]
[2023-06-05 13:26:44][[gm_router-10]][info] ["GmSuccess",{"data":{"key_list":["00mvr8z908l4v"]},"code":0}]
[2023-06-05 13:27:25][[gm_router-10]][info] ["RecvGm",{"sign":"25f7d462065a73cc4a1e175e9db43299","ts":1685942844,"data":"{\"item_list\": [{\"item_id\": \"101002\", \"count\": \"1\"}], \"gm_name\": \"make_gift_key\", \"total_count\": \"1\", \"end_ts\": 1685977200, \"start_ts\": 1685894400, \"total_use_count\": \"1\"}"}]
[2023-06-05 13:27:25][[gm_router-10]][info] ["ret",{"data":{"key_list":["00ndxjqax52ag"]},"code":0}]
[2023-06-05 13:27:25][[gm_router-10]][info] ["GmSuccess",{"data":{"key_list":["00ndxjqax52ag"]},"code":0}]
[2023-06-05 13:27:46][[gm_router-10]][info] ["RecvGm",{"sign":"233d85437ea422128d985b64dd188f03","ts":1685942865,"data":"{\"item_list\": [{\"item_id\": \"101002\", \"count\": \"1\"}], \"gm_name\": \"make_gift_key\", \"total_count\": \"1\", \"end_ts\": 1685977200, \"start_ts\": 1685894400, \"total_use_count\": \"1\"}"}]
[2023-06-05 13:27:46][[gm_router-10]][info] ["ret",{"data":{"key_list":["00oooln7dang0"]},"code":0}]
[2023-06-05 13:27:46][[gm_router-10]][info] ["GmSuccess",{"data":{"key_list":["00oooln7dang0"]},"code":0}]
[2023-06-05 13:28:03][[reload_watcher-a]][info] excel to reload:

[2023-06-05 13:28:03][[reload_watcher-a]][info] file to reload:
./gamelogic/service/world/gift_key.lua
[2023-06-05 13:28:04][[reload_watcher-a]][info] excel to reload:

[2023-06-05 13:28:04][[reload_watcher-a]][info] file to reload:
./gamelogic/service/world/gift_key.lua
[2023-06-05 13:28:08][[reload_watcher-a]][info] excel to reload:

[2023-06-05 13:28:08][[reload_watcher-a]][info] file to reload:
./gamelogic/service/world/gift_key.lua
[2023-06-05 13:28:17][[reload_watcher-a]][info] excel to reload:

[2023-06-05 13:28:17][[reload_watcher-a]][info] file to reload:
./gamelogic/service/world/gift_key.lua
[2023-06-05 13:31:30][[reload_watcher-a]][info] excel to reload:

[2023-06-05 13:31:30][[reload_watcher-a]][info] file to reload:
./gamelogic/service/world/gift_key.lua
[2023-06-05 13:31:33][[reload_watcher-a]][info] excel to reload:

[2023-06-05 13:31:33][[reload_watcher-a]][info] file to reload:
./gamelogic/service/world/gift_key.lua
[2023-06-05 13:31:34][[reload_watcher-a]][info] excel to reload:

[2023-06-05 13:31:34][[reload_watcher-a]][info] file to reload:
./gamelogic/service/world/gift_key.lua
[2023-06-05 13:31:38][[gm_router-10]][info] ["RecvGm",{"sign":"960d32aa7bd57f6af9b2a24a584a84ea","ts":1685943097,"data":"{\"item_list\": [{\"item_id\": \"101002\", \"count\": \"1\"}], \"gm_name\": \"make_gift_key\", \"total_count\": \"1\", \"end_ts\": 1685977200, \"start_ts\": 1685894400, \"total_use_count\": \"1\"}"}]
[2023-06-05 13:31:38][[gm_router-10]][info] ["ret",{"data":{"key_list":["00pqli3czg7so"]},"code":0}]
[2023-06-05 13:31:38][[gm_router-10]][info] ["GmSuccess",{"data":{"key_list":["00pqli3czg7so"]},"code":0}]
[2023-06-05 13:31:50][[reload_watcher-a]][info] excel to reload:

[2023-06-05 13:31:50][[reload_watcher-a]][info] file to reload:
./gamelogic/service/world/gift_key.lua
[2023-06-05 13:31:51][[gm_router-10]][info] ["RecvGm",{"sign":"4b6095c9759a95c32d4d0b43e78fbd72","ts":1685943110,"data":"{\"item_list\": [{\"item_id\": \"101002\", \"count\": \"1\"}], \"gm_name\": \"make_gift_key\", \"total_count\": \"1\", \"end_ts\": 1685977200, \"start_ts\": 1685894400, \"total_use_count\": \"1\"}"}]
[2023-06-05 13:31:51][[gm_router-10]][info] ["ret",{"data":{"key_list":["00qn1npiisvwi"]},"code":0}]
[2023-06-05 13:31:51][[gm_router-10]][info] ["GmSuccess",{"data":{"key_list":["00qn1npiisvwi"]},"code":0}]
[2023-06-05 13:35:36][[gm_router-10]][info] ["RecvGm",{"sign":"2dc238e4123ce1357c28212531a81431","ts":1685943335,"data":"{\"gm_name\": \"query_gift_key\", \"key\": \"00qn1npiisvwi\"}"}]
[2023-06-05 13:35:36][[gm_router-10]][info] ["ret",{"err_msg":"服务器出错","code":1003}]
[2023-06-05 13:35:36][[gm_router-10]][info] ["GmFail",{"err_msg":"服务器出错","code":1003}]
[2023-06-05 13:36:34][[reload_watcher-a]][info] excel to reload:

[2023-06-05 13:36:34][[reload_watcher-a]][info] file to reload:
./gamelogic/service/world/gift_key.lua
[2023-06-05 13:36:35][[gm_router-10]][info] ["RecvGm",{"sign":"1f84b01f8282d93b665b6b356600500a","ts":1685943394,"data":"{\"gm_name\": \"query_gift_key\", \"key\": \"00qn1npiisvwi\"}"}]
[2023-06-05 13:36:35][[gm_router-10]][info] ["ret",{"err_msg":"服务器出错","code":1003}]
[2023-06-05 13:36:35][[gm_router-10]][info] ["GmFail",{"err_msg":"服务器出错","code":1003}]
[2023-06-05 13:36:47][[gm_router-10]][info] ["RecvGm",{"sign":"c18dc0ed0c2415bd32a069c94430a9e8","ts":1685943406,"data":"{\"gm_name\": \"query_gift_key\", \"key\": \"00qn1npiisvwi\"}"}]
[2023-06-05 13:36:47][[gm_router-10]][info] ["ret",{"err_msg":"服务器出错","code":1003}]
[2023-06-05 13:36:47][[gm_router-10]][info] ["GmFail",{"err_msg":"服务器出错","code":1003}]
[2023-06-05 13:36:48][[reload_watcher-a]][info] excel to reload:

[2023-06-05 13:36:48][[reload_watcher-a]][info] file to reload:
./gamelogic/service/world/gift_key.lua
[2023-06-05 13:36:50][[gm_router-10]][info] ["RecvGm",{"sign":"487bb92bee387a03a431f7eab93aef18","ts":1685943409,"data":"{\"gm_name\": \"query_gift_key\", \"key\": \"00qn1npiisvwi\"}"}]
[2023-06-05 13:36:50][[gm_router-10]][info] ["ret",{"data":{"end_ts":1685977200,"use_count":0,"total_use_count":1,"start_ts":1685894400},"code":0}]
[2023-06-05 13:36:50][[gm_router-10]][info] ["GmSuccess",{"data":{"end_ts":1685977200,"use_count":0,"total_use_count":1,"start_ts":1685894400},"code":0}]
[2023-06-05 13:47:43][[reload_watcher-a]][info] excel to reload:

[2023-06-05 13:47:43][[reload_watcher-a]][info] file to reload:
./gamelogic/service/world/gift_key.lua
[2023-06-05 13:47:45][[reload_watcher-a]][info] excel to reload:

[2023-06-05 13:47:45][[reload_watcher-a]][info] file to reload:
./gamelogic/service/world/gift_key.lua
[2023-06-05 13:47:49][[reload_watcher-a]][info] excel to reload:

[2023-06-05 13:47:49][[reload_watcher-a]][info] file to reload:
./gamelogic/service/world/gift_key.lua
[2023-06-05 13:47:51][[reload_watcher-a]][info] excel to reload:

[2023-06-05 13:47:51][[reload_watcher-a]][info] file to reload:
./gamelogic/service/world/gift_key.lua
[2023-06-05 13:47:56][[reload_watcher-a]][info] excel to reload:

[2023-06-05 13:47:56][[reload_watcher-a]][info] file to reload:
./gamelogic/service/world/gift_key.lua
[2023-06-05 13:47:59][[gm_router-10]][info] ["RecvGm",{"sign":"ac4effe45d2006a8027091cb2cde0866","ts":1685944078,"data":"{\"gm_name\": \"query_gift_key\", \"key\": \"00qn1npiisvwi\"}"}]
[2023-06-05 13:47:59][[gm_router-10]][info] ["ret",{"data":{"end_ts":1685977200,"use_count":0,"total_use_count":1,"start_ts":1685894400},"code":0}]
[2023-06-05 13:47:59][[gm_router-10]][info] ["GmSuccess",{"data":{"end_ts":1685977200,"use_count":0,"total_use_count":1,"start_ts":1685894400},"code":0}]
[2023-06-05 13:48:15][[reload_watcher-a]][info] excel to reload:

[2023-06-05 13:48:15][[reload_watcher-a]][info] file to reload:
./gamelogic/service/world/gift_key.lua
[2023-06-05 13:48:17][[reload_watcher-a]][info] excel to reload:

[2023-06-05 13:48:17][[reload_watcher-a]][info] file to reload:
./gamelogic/service/world/gift_key.lua
[2023-06-05 13:48:23][[reload_watcher-a]][info] excel to reload:

[2023-06-05 13:48:23][[reload_watcher-a]][info] file to reload:
./gamelogic/service/world/gift_key.lua
[2023-06-05 13:48:25][[reload_watcher-a]][info] excel to reload:

[2023-06-05 13:48:25][[reload_watcher-a]][info] file to reload:
./gamelogic/service/world/gift_key.lua
[2023-06-05 13:48:27][[reload_watcher-a]][info] excel to reload:

[2023-06-05 13:48:27][[reload_watcher-a]][info] file to reload:
./gamelogic/service/world/gift_key.lua
[2023-06-05 13:48:33][[reload_watcher-a]][info] excel to reload:

[2023-06-05 13:48:33][[reload_watcher-a]][info] file to reload:
./gamelogic/service/world/gift_key.lua
[2023-06-05 13:48:34][[reload_watcher-a]][info] excel to reload:

[2023-06-05 13:48:34][[reload_watcher-a]][info] file to reload:
./gamelogic/service/world/gift_key.lua
[2023-06-05 13:49:48][[reload_watcher-a]][info] excel to reload:

[2023-06-05 13:49:48][[reload_watcher-a]][info] file to reload:
./gamelogic/service/world/gift_key.lua
[2023-06-05 13:51:44][[reload_watcher-a]][info] excel to reload:

[2023-06-05 13:51:44][[reload_watcher-a]][info] file to reload:
./gamelogic/service/world/gift_key.lua
[2023-06-05 13:52:10][[reload_watcher-a]][info] excel to reload:

[2023-06-05 13:52:10][[reload_watcher-a]][info] file to reload:
./gamelogic/service/world/gift_key.lua
[2023-06-05 13:52:13][[reload_watcher-a]][info] excel to reload:

[2023-06-05 13:52:13][[reload_watcher-a]][info] file to reload:
./gamelogic/service/world/gift_key.lua
[2023-06-05 13:53:41][[reload_watcher-a]][info] excel to reload:

[2023-06-05 13:53:41][[reload_watcher-a]][info] file to reload:
./service/gm_router/gm_router.lua
[2023-06-05 13:53:41][[gm_router-10]][info] reload_mod begin: gm_router <==> ./service/gm_router/gm_router.lua
[2023-06-05 13:53:45][[reload_watcher-a]][info] excel to reload:

[2023-06-05 13:53:45][[reload_watcher-a]][info] file to reload:
./service/gm_router/gm_router.lua
[2023-06-05 13:53:45][[gm_router-10]][info] reload_mod begin: gm_router <==> ./service/gm_router/gm_router.lua
[2023-06-05 13:53:50][[reload_watcher-a]][info] excel to reload:

[2023-06-05 13:53:50][[reload_watcher-a]][info] file to reload:
./service/gm_router/gm_router.lua
[2023-06-05 13:53:50][[gm_router-10]][info] reload_mod begin: gm_router <==> ./service/gm_router/gm_router.lua
[2023-06-05 13:53:52][[reload_watcher-a]][info] excel to reload:

[2023-06-05 13:53:52][[reload_watcher-a]][info] file to reload:
./service/gm_router/gm_router.lua
[2023-06-05 13:53:52][[gm_router-10]][info] reload_mod begin: gm_router <==> ./service/gm_router/gm_router.lua
[2023-06-05 13:53:58][[reload_watcher-a]][info] excel to reload:

[2023-06-05 13:53:58][[reload_watcher-a]][info] file to reload:
./service/gm_router/gm_router.lua
[2023-06-05 13:53:58][[gm_router-10]][info] reload_mod begin: gm_router <==> ./service/gm_router/gm_router.lua
[2023-06-05 13:54:12][[reload_watcher-a]][info] excel to reload:

[2023-06-05 13:54:12][[reload_watcher-a]][info] file to reload:
./service/gm_router/gm_router.lua
[2023-06-05 13:54:12][[gm_router-10]][info] reload_mod begin: gm_router <==> ./service/gm_router/gm_router.lua
[2023-06-05 13:54:16][[reload_watcher-a]][info] excel to reload:

[2023-06-05 13:54:16][[reload_watcher-a]][info] file to reload:
./service/gm_router/gm_router.lua
[2023-06-05 13:54:16][[gm_router-10]][info] reload_mod begin: gm_router <==> ./service/gm_router/gm_router.lua
[2023-06-05 13:54:21][[reload_watcher-a]][info] excel to reload:

[2023-06-05 13:54:21][[reload_watcher-a]][info] file to reload:
./service/gm_router/gm_router.lua
[2023-06-05 13:54:21][[gm_router-10]][info] reload_mod begin: gm_router <==> ./service/gm_router/gm_router.lua
