[2023-06-05 14:00:01][[game_database-10]][info] SqlQueryCount: 1
[2023-06-05 14:04:38][[game_database-10]][info] SqlQueryCount: 2
[2023-06-05 14:04:39][[game_database-10]][info] SqlQueryCount: 30
[2023-06-05 14:05:09][[game_database-10]][info] SqlQueryCount: 1
[2023-06-05 14:14:38][[game_database-10]][info] SqlQueryCount: 2
[2023-06-05 14:14:39][[game_database-10]][info] SqlQueryCount: 30
[2023-06-05 14:21:22][[reload_watcher-a]][info] excel to reload:

[2023-06-05 14:21:22][[reload_watcher-a]][info] file to reload:
./service/gm_router/gm_router.lua
[2023-06-05 14:21:23][[reload_watcher-a]][info] excel to reload:

[2023-06-05 14:21:23][[reload_watcher-a]][info] file to reload:
./service/gm_router/gm_router.lua
[2023-06-05 14:22:42][[reload_watcher-a]][info] excel to reload:

[2023-06-05 14:22:42][[reload_watcher-a]][info] file to reload:
./gamelogic/service/world/lua_handles.lua
[2023-06-05 14:22:45][[reload_watcher-a]][info] excel to reload:

[2023-06-05 14:22:45][[reload_watcher-a]][info] file to reload:
./gamelogic/service/world/lua_handles.lua
[2023-06-05 14:22:51][[reload_watcher-a]][info] excel to reload:

[2023-06-05 14:22:51][[reload_watcher-a]][info] file to reload:
./gamelogic/service/world/lua_handles.lua
[2023-06-05 14:22:53][[reload_watcher-a]][info] excel to reload:

[2023-06-05 14:22:53][[reload_watcher-a]][info] file to reload:
./gamelogic/service/world/lua_handles.lua
[2023-06-05 14:22:58][[reload_watcher-a]][info] excel to reload:

[2023-06-05 14:22:58][[reload_watcher-a]][info] file to reload:
./gamelogic/service/world/lua_handles.lua
[2023-06-05 14:23:03][[reload_watcher-a]][info] excel to reload:

[2023-06-05 14:23:03][[reload_watcher-a]][info] file to reload:
./gamelogic/service/world/lua_handles.lua
[2023-06-05 14:23:08][[reload_watcher-a]][info] excel to reload:

[2023-06-05 14:23:08][[reload_watcher-a]][info] file to reload:
./gamelogic/service/world/lua_handles.lua
[2023-06-05 14:24:23][[reload_watcher-a]][info] excel to reload:

[2023-06-05 14:24:23][[reload_watcher-a]][info] file to reload:
./gamelogic/service/world/gift_key.lua
[2023-06-05 14:24:31][[reload_watcher-a]][info] excel to reload:

[2023-06-05 14:24:31][[reload_watcher-a]][info] file to reload:
./gamelogic/service/world/gift_key.lua
[2023-06-05 14:24:38][[game_database-10]][info] SqlQueryCount: 2
[2023-06-05 14:24:39][[game_database-10]][info] SqlQueryCount: 30
[2023-06-05 14:24:43][[reload_watcher-a]][info] excel to reload:

[2023-06-05 14:24:43][[reload_watcher-a]][info] file to reload:
./gamelogic/service/world/lua_handles.lua
[2023-06-05 14:24:46][[reload_watcher-a]][info] excel to reload:

[2023-06-05 14:24:46][[reload_watcher-a]][info] file to reload:
./gamelogic/service/world/lua_handles.lua
[2023-06-05 14:25:56][[reload_watcher-a]][info] excel to reload:

[2023-06-05 14:25:56][[reload_watcher-a]][info] file to reload:
./gamelogic/service/world/gift_key.lua
[2023-06-05 14:26:00][[reload_watcher-a]][info] excel to reload:

[2023-06-05 14:26:00][[reload_watcher-a]][info] file to reload:
./gamelogic/service/world/gift_key.lua
[2023-06-05 14:34:38][[game_database-10]][info] SqlQueryCount: 2
[2023-06-05 14:34:39][[game_database-10]][info] SqlQueryCount: 30
[2023-06-05 14:44:38][[game_database-10]][info] SqlQueryCount: 2
[2023-06-05 14:44:39][[game_database-10]][info] SqlQueryCount: 30
[2023-06-05 14:54:38][[game_database-10]][info] SqlQueryCount: 2
[2023-06-05 14:54:39][[game_database-10]][info] SqlQueryCount: 30
