[2023-06-05 17:00:01][[game_database-10]][info] SqlQueryCount: 1
[2023-06-05 17:04:38][[game_database-10]][info] SqlQueryCount: 2
[2023-06-05 17:04:39][[game_database-10]][info] SqlQueryCount: 30
[2023-06-05 17:05:09][[game_database-10]][info] SqlQueryCount: 1
[2023-06-05 17:14:38][[game_database-10]][info] SqlQueryCount: 2
[2023-06-05 17:14:39][[game_database-10]][info] SqlQueryCount: 30
[2023-06-05 17:16:07][[reload_watcher-a]][info] excel to reload:

[2023-06-05 17:16:07][[reload_watcher-a]][info] file to reload:
./gamelogic/service/world/lua_handles.lua
[2023-06-05 17:16:18][[reload_watcher-a]][info] excel to reload:

[2023-06-05 17:16:18][[reload_watcher-a]][info] file to reload:
./gamelogic/service/world/gift_key.lua
[2023-06-05 17:17:48][[reload_watcher-a]][info] excel to reload:

[2023-06-05 17:17:48][[reload_watcher-a]][info] file to reload:
./gamelogic/service/world/lua_handles.lua
[2023-06-05 17:17:52][[reload_watcher-a]][info] excel to reload:

[2023-06-05 17:17:52][[reload_watcher-a]][info] file to reload:
./gamelogic/service/world/lua_handles.lua
[2023-06-05 17:17:58][[reload_watcher-a]][info] excel to reload:

[2023-06-05 17:17:58][[reload_watcher-a]][info] file to reload:
./gamelogic/service/world/lua_handles.lua
[2023-06-05 17:18:02][[reload_watcher-a]][info] excel to reload:

[2023-06-05 17:18:02][[reload_watcher-a]][info] file to reload:
./gamelogic/service/world/lua_handles.lua
[2023-06-05 17:18:06][[reload_watcher-a]][info] excel to reload:

[2023-06-05 17:18:06][[reload_watcher-a]][info] file to reload:
./gamelogic/service/world/lua_handles.lua
[2023-06-05 17:18:11][[reload_watcher-a]][info] excel to reload:

[2023-06-05 17:18:11][[reload_watcher-a]][info] file to reload:
./gamelogic/service/world/lua_handles.lua
[2023-06-05 17:24:38][[game_database-10]][info] SqlQueryCount: 6
[2023-06-05 17:24:39][[game_database-10]][info] SqlQueryCount: 34
[2023-06-05 17:34:38][[game_database-10]][info] SqlQueryCount: 2
[2023-06-05 17:34:39][[game_database-10]][info] SqlQueryCount: 30
[2023-06-05 17:38:14][[reload_watcher-a]][info] excel to reload:

[2023-06-05 17:38:14][[reload_watcher-a]][info] file to reload:
./gamelogic/service/world/gift_key.lua
[2023-06-05 17:38:15][[reload_watcher-a]][info] excel to reload:

[2023-06-05 17:38:15][[reload_watcher-a]][info] file to reload:
./gamelogic/service/world/gift_key.lua
[2023-06-05 17:38:54][[reload_watcher-a]][info] excel to reload:

[2023-06-05 17:38:54][[reload_watcher-a]][info] file to reload:
./gamelogic/service/world/gift_key.lua
[2023-06-05 17:38:58][[reload_watcher-a]][info] excel to reload:

[2023-06-05 17:38:58][[reload_watcher-a]][info] file to reload:
./gamelogic/service/world/gift_key.lua
[2023-06-05 17:39:02][[reload_watcher-a]][info] excel to reload:

[2023-06-05 17:39:02][[reload_watcher-a]][info] file to reload:
./gamelogic/service/world/gift_key.lua
[2023-06-05 17:39:07][[reload_watcher-a]][info] excel to reload:

[2023-06-05 17:39:07][[reload_watcher-a]][info] file to reload:
./gamelogic/service/world/gift_key.lua
[2023-06-05 17:39:24][[reload_watcher-a]][info] excel to reload:

[2023-06-05 17:39:24][[reload_watcher-a]][info] file to reload:
./gamelogic/service/world/gift_key.lua
[2023-06-05 17:39:26][[reload_watcher-a]][info] excel to reload:

[2023-06-05 17:39:26][[reload_watcher-a]][info] file to reload:
./gamelogic/service/world/gift_key.lua
[2023-06-05 17:39:30][[reload_watcher-a]][info] excel to reload:

[2023-06-05 17:39:30][[reload_watcher-a]][info] file to reload:
./gamelogic/service/world/gift_key.lua
[2023-06-05 17:39:34][[reload_watcher-a]][info] excel to reload:

[2023-06-05 17:39:34][[reload_watcher-a]][info] file to reload:
./gamelogic/service/world/gift_key.lua
[2023-06-05 17:39:42][[reload_watcher-a]][info] excel to reload:

[2023-06-05 17:39:42][[reload_watcher-a]][info] file to reload:
./gamelogic/service/world/gift_key.lua
[2023-06-05 17:43:19][[reload_watcher-a]][info] excel to reload:

[2023-06-05 17:43:19][[reload_watcher-a]][info] file to reload:
./gamelogic/service/world/gift_key.lua
[2023-06-05 17:43:24][[reload_watcher-a]][info] excel to reload:

[2023-06-05 17:43:24][[reload_watcher-a]][info] file to reload:
./gamelogic/service/world/gift_key.lua
[2023-06-05 17:43:27][[reload_watcher-a]][info] excel to reload:

[2023-06-05 17:43:27][[reload_watcher-a]][info] file to reload:
./gamelogic/service/world/gift_key.lua
[2023-06-05 17:44:35][[agent-11]][info] shutdown....
[2023-06-05 17:44:35][[game_database-10]][info] SqlQueryCount: 35
[2023-06-05 17:45:00][[reload_watcher-a]][info] ["reload_watcher:",10]
[2023-06-05 17:45:00][[common_init-c]][info] uuid init<55|25>, tag<1J_P_>
[2023-06-05 17:45:00][[clusterd-d]][info] connect s2800_cluster_router 117.50.193.85:40301
[2023-06-05 17:45:00][[clusterd-d]][info] ["clusterd start:",13]
[2023-06-05 17:45:00][[clusterd-d]][info] socket accept from ::ffff:117.50.193.85:55432, 5
[2023-06-05 17:45:00][[clusterd-d]][info] clusterd show_self s2800_cluster_router
[2023-06-05 17:45:01][[common_init-c]][info] SqlQueryCount: 5
[2023-06-05 17:45:02][[gamelog-9]][info] ["gamelog start:",9]
[2023-06-05 17:45:04][[clusterd-d]][info] socket accept from ::ffff:117.50.193.85:55456, 10
[2023-06-05 17:45:04][[game_database-10]][info] gamedb service boot success!
[2023-06-05 17:45:04][[clusterd-d]][info] clusterd show_self s55_chat
[2023-06-05 17:45:04][[clusterd-d]][info] connect s55_chat 117.50.193.85:15518
[2023-06-05 17:45:04][[clusterd-d]][info] socket accept from ::ffff:117.50.193.85:55460, 12
[2023-06-05 17:45:04][[clusterd-d]][info] clusterd show_self s55_dynasty
[2023-06-05 17:45:04][[clusterd-d]][info] connect s55_dynasty 117.50.193.85:15520
[2023-06-05 17:45:05][[agent-11]][info] refresh schema:schema_game
[2023-06-05 17:45:05][[agent_gate-12]][info] ["agent_gate start:",18]
[2023-06-05 17:45:05][[agent-11]][info] ["agent_start:",17]
[2023-06-05 17:45:05][[child_marry-14]][info] ["child_marry start:",20]
[2023-06-05 17:45:05][[game_database-10]][info] SqlQueryCount: 137
[2023-06-05 17:49:08][[agent-11]][info] shutdown....
[2023-06-05 17:51:45][[reload_watcher-a]][info] ["reload_watcher:",10]
[2023-06-05 17:51:45][[common_init-c]][info] uuid init<55|28>, tag<1J_S_>
[2023-06-05 17:51:45][[clusterd-d]][info] connect s2800_cluster_router 117.50.193.85:40301
[2023-06-05 17:51:45][[clusterd-d]][info] ["clusterd start:",13]
[2023-06-05 17:51:45][[clusterd-d]][info] socket accept from ::ffff:117.50.193.85:55578, 5
[2023-06-05 17:51:45][[clusterd-d]][info] clusterd show_self s2800_cluster_router
[2023-06-05 17:51:46][[common_init-c]][info] SqlQueryCount: 5
[2023-06-05 17:51:47][[clusterd-d]][info] socket accept from ::ffff:117.50.193.85:55594, 8
[2023-06-05 17:51:47][[clusterd-d]][info] socket accept from ::ffff:117.50.193.85:55596, 9
[2023-06-05 17:51:47][[clusterd-d]][info] clusterd show_self s55_chat
[2023-06-05 17:51:47][[clusterd-d]][info] connect s55_chat 117.50.193.85:15518
[2023-06-05 17:51:47][[clusterd-d]][info] clusterd show_self s55_dynasty
[2023-06-05 17:51:47][[clusterd-d]][info] connect s55_dynasty 117.50.193.85:15520
[2023-06-05 17:51:47][[game_database-10]][info] gamedb service boot success!
[2023-06-05 17:51:47][[agent-11]][info] refresh schema:schema_game
[2023-06-05 17:51:47][[agent_gate-12]][info] ["agent_gate start:",18]
[2023-06-05 17:51:47][[agent-11]][info] ["agent_start:",17]
[2023-06-05 17:51:47][[child_marry-14]][info] ["child_marry start:",20]
[2023-06-05 17:51:48][[gamelog-9]][info] ["gamelog start:",9]
[2023-06-05 17:51:48][[game_database-10]][info] SqlQueryCount: 137
[2023-06-05 17:53:04][[reload_watcher-a]][info] excel to reload:

[2023-06-05 17:53:04][[reload_watcher-a]][info] file to reload:
./gamelogic/lualib/schema_world.lua
[2023-06-05 17:55:07][[reload_watcher-a]][info] excel to reload:

[2023-06-05 17:55:07][[reload_watcher-a]][info] file to reload:
./gamelogic/lualib/schema_world.lua
