[2023-06-05 16:00:01][[game_database-10]][info] SqlQueryCount: 1
[2023-06-05 16:04:38][[game_database-10]][info] SqlQueryCount: 2
[2023-06-05 16:04:39][[game_database-10]][info] SqlQueryCount: 30
[2023-06-05 16:05:09][[game_database-10]][info] SqlQueryCount: 1
[2023-06-05 16:14:38][[game_database-10]][info] SqlQueryCount: 2
[2023-06-05 16:14:39][[game_database-10]][info] SqlQueryCount: 30
[2023-06-05 16:24:38][[game_database-10]][info] SqlQueryCount: 2
[2023-06-05 16:24:39][[game_database-10]][info] SqlQueryCount: 30
[2023-06-05 16:26:07][[reload_watcher-a]][info] excel to reload:

[2023-06-05 16:26:07][[reload_watcher-a]][info] file to reload:
./gamelogic/service/world/gift_key.lua
[2023-06-05 16:26:40][[reload_watcher-a]][info] excel to reload:

[2023-06-05 16:26:40][[reload_watcher-a]][info] file to reload:
./gamelogic/service/world/gift_key.lua
[2023-06-05 16:26:45][[reload_watcher-a]][info] excel to reload:

[2023-06-05 16:26:45][[reload_watcher-a]][info] file to reload:
./gamelogic/service/world/gift_key.lua
[2023-06-05 16:26:49][[reload_watcher-a]][info] excel to reload:

[2023-06-05 16:26:49][[reload_watcher-a]][info] file to reload:
./gamelogic/service/world/gift_key.lua
[2023-06-05 16:27:04][[reload_watcher-a]][info] excel to reload:

[2023-06-05 16:27:04][[reload_watcher-a]][info] file to reload:
./gamelogic/service/world/gift_key.lua
[2023-06-05 16:34:38][[game_database-10]][info] SqlQueryCount: 2
[2023-06-05 16:34:39][[game_database-10]][info] SqlQueryCount: 30
[2023-06-05 16:44:38][[game_database-10]][info] SqlQueryCount: 2
[2023-06-05 16:44:39][[game_database-10]][info] SqlQueryCount: 30
[2023-06-05 16:44:46][[reload_watcher-a]][info] excel to reload:

[2023-06-05 16:44:46][[reload_watcher-a]][info] file to reload:
./gamelogic/service/world/lua_handles.lua
[2023-06-05 16:54:38][[game_database-10]][info] SqlQueryCount: 2
[2023-06-05 16:54:39][[game_database-10]][info] SqlQueryCount: 30
