[2023-06-05 12:00:00][[game_database-10]][SqlQuery] {"query":"update t_ServerCore set last_hour_ts=1685937600 where server_name='s55'","use_time":0,"size":71}
[2023-06-05 12:04:38][[game_database-10]][SqlQuery] {"query":"update t_DynastyRank set dynasty_list='{ ... re rank_name='rush_activity_dynasty_rank'","use_time":0,"size":87}
[2023-06-05 12:04:38][[game_database-10]][SqlQuery] {"query":"update t_DynastyRank set dynasty_list='{ ... k_name='traitor_boss_honour_dynasty_rank'","use_time":0,"size":93}
[2023-06-05 12:04:38][[game_database-10]][SqlQuery] {"query":"update t_Rank set forbid_dict='{}',role_ ... {}' where rank_name='activity_login_rank'","use_time":0,"size":87}
[2023-06-05 12:04:38][[game_database-10]][SqlQuery] {"query":"update t_Rank set forbid_dict='{}',role_ ... rank_name='rush_activity_ringleader_rank'","use_time":0,"size":97}
[2023-06-05 12:04:38][[game_database-10]][SqlQuery] {"query":"update t_Rank set forbid_dict='{}',role_ ...  where rank_name='activity_intimacy_rank'","use_time":0,"size":90}
[2023-06-05 12:04:38][[game_database-10]][SqlQuery] {"query":"update t_Rank set forbid_dict='{}',role_ ... e rank_name='rush_activity_recharge_rank'","use_time":0,"size":95}
[2023-06-05 12:04:38][[game_database-10]][SqlQuery] {"query":"update t_Rank set forbid_dict='{}',role_ ... here rank_name='traitor_boss_honour_rank'","use_time":0,"size":92}
[2023-06-05 12:04:38][[game_database-10]][SqlQuery] {"query":"update t_Rank set forbid_dict='{}',role_list='{}' where rank_name='hunt_rank'","use_time":0,"size":77}
[2023-06-05 12:04:38][[game_database-10]][SqlQuery] {"query":"update t_Rank set forbid_dict='{}',role_ ... re rank_name='rush_activity_soldier_rank'","use_time":0.0099999904632568,"size":94}
[2023-06-05 12:04:38][[game_database-10]][SqlQuery] {"query":"update t_Rank set forbid_dict='{}',role_ ... \":1}}' where rank_name='fight_score_rank'","use_time":0,"size":206}
[2023-06-05 12:04:38][[game_database-10]][SqlQuery] {"query":"update t_Rank set forbid_dict='{}',role_ ... ' where rank_name='activity_soldier_rank'","use_time":0,"size":89}
[2023-06-05 12:04:38][[game_database-10]][SqlQuery] {"query":"update t_Rank set forbid_dict='{}',role_ ... {}' where rank_name='activity_money_rank'","use_time":0,"size":87}
[2023-06-05 12:04:38][[game_database-10]][SqlQuery] {"query":"update t_Rank set forbid_dict='{}',role_ ... where rank_name='rush_activity_hunt_rank'","use_time":0,"size":91}
[2023-06-05 12:04:38][[game_database-10]][SqlQuery] {"query":"update t_Rank set forbid_dict='{}',role_ ... ='{}' where rank_name='traitor_hurt_rank'","use_time":0,"size":85}
[2023-06-05 12:04:38][[game_database-10]][SqlQuery] {"query":"update t_Rank set forbid_dict='{}',role_ ... ' where rank_name='activity_diamond_rank'","use_time":0.0099999904632568,"size":89}
[2023-06-05 12:04:38][[game_database-10]][SqlQuery] {"query":"update t_Rank set forbid_dict='{}',role_ ... \\\":1}}' where rank_name='stage_star_rank'","use_time":0,"size":202}
[2023-06-05 12:04:38][[game_database-10]][SqlQuery] {"query":"update t_Rank set forbid_dict='{}',role_ ... e rank_name='rush_activity_intimacy_rank'","use_time":0,"size":95}
[2023-06-05 12:04:38][[game_database-10]][SqlQuery] {"query":"update t_Rank set forbid_dict='{}',role_ ... ' where rank_name='traitor_max_hurt_rank'","use_time":0,"size":89}
[2023-06-05 12:04:38][[game_database-10]][SqlQuery] {"query":"update t_Rank set forbid_dict='{}',role_ ... \"rank\\\":1}}' where rank_name='level_rank'","use_time":0,"size":197}
[2023-06-05 12:04:38][[game_database-10]][SqlQuery] {"query":"update t_Rank set forbid_dict='{}',role_ ... ere rank_name='activity_fight_score_rank'","use_time":0,"size":93}
[2023-06-05 12:04:38][[game_database-10]][SqlQuery] {"query":"update t_Rank set forbid_dict='{}',role_ ... where rank_name='rush_activity_food_rank'","use_time":0,"size":91}
[2023-06-05 12:04:38][[game_database-10]][SqlQuery] {"query":"update t_Rank set forbid_dict='{}',role_ ... {}' where rank_name='activity_score_rank'","use_time":0.0099999904632568,"size":87}
[2023-06-05 12:04:38][[game_database-10]][SqlQuery] {"query":"update t_Rank set forbid_dict='{}',role_ ...  where rank_name='traitor_boss_hurt_rank'","use_time":0,"size":90}
[2023-06-05 12:04:38][[game_database-10]][SqlQuery] {"query":"update t_Rank set forbid_dict='{}',role_ ... '{}' where rank_name='traitor_feats_rank'","use_time":0,"size":86}
[2023-06-05 12:04:38][[game_database-10]][SqlQuery] {"query":"update t_Rank set forbid_dict='{}',role_ ... ' where rank_name='activity_banquet_rank'","use_time":0,"size":89}
[2023-06-05 12:04:38][[game_database-10]][SqlQuery] {"query":"update t_Rank set forbid_dict='{}',role_ ... ' where rank_name='activity_stamina_rank'","use_time":0,"size":89}
[2023-06-05 12:04:38][[game_database-10]][SqlQuery] {"query":"update t_Rank set forbid_dict='{}',role_ ... here rank_name='rush_activity_score_rank'","use_time":0,"size":92}
[2023-06-05 12:04:38][[game_database-10]][SqlQuery] {"query":"update t_Rank set forbid_dict='{}',role_ ... here rank_name='rush_activity_party_rank'","use_time":0,"size":92}
[2023-06-05 12:04:38][[game_database-10]][SqlQuery] {"query":"update t_Rank set forbid_dict='{}',role_ ... rank_name='rush_activity_checkpoint_rank'","use_time":0,"size":97}
[2023-06-05 12:04:38][[game_database-10]][SqlQuery] {"query":"update t_Rank set forbid_dict='{}',role_ ... here rank_name='rush_activity_money_rank'","use_time":0.0099999904632568,"size":92}
[2023-06-05 12:04:38][[game_database-10]][SqlQuery] {"query":"update t_Rank set forbid_dict='{}',role_ ... \"rank\\\":1}}' where rank_name='score_rank'","use_time":0,"size":200}
[2023-06-05 12:04:38][[game_database-10]][SqlQuery] {"query":"update t_Rank set forbid_dict='{}',role_list='{}' where rank_name='train_rank'","use_time":0,"size":78}
[2023-06-05 12:05:08][[game_database-10]][SqlQuery] {"query":"update t_TraitorBoss set boss_id='1',max ... ,boss_level=1,is_open=1 where boss_id='1'","use_time":0,"size":199}
[2023-06-05 12:14:38][[game_database-10]][SqlQuery] {"query":"update t_DynastyRank set dynasty_list='{ ... re rank_name='rush_activity_dynasty_rank'","use_time":0,"size":87}
[2023-06-05 12:14:38][[game_database-10]][SqlQuery] {"query":"update t_DynastyRank set dynasty_list='{ ... k_name='traitor_boss_honour_dynasty_rank'","use_time":0,"size":93}
[2023-06-05 12:14:38][[game_database-10]][SqlQuery] {"query":"update t_Rank set forbid_dict='{}',role_ ... {}' where rank_name='activity_login_rank'","use_time":0,"size":87}
[2023-06-05 12:14:38][[game_database-10]][SqlQuery] {"query":"update t_Rank set forbid_dict='{}',role_ ... rank_name='rush_activity_ringleader_rank'","use_time":0,"size":97}
[2023-06-05 12:14:38][[game_database-10]][SqlQuery] {"query":"update t_Rank set forbid_dict='{}',role_ ...  where rank_name='activity_intimacy_rank'","use_time":0,"size":90}
[2023-06-05 12:14:38][[game_database-10]][SqlQuery] {"query":"update t_Rank set forbid_dict='{}',role_ ... e rank_name='rush_activity_recharge_rank'","use_time":0,"size":95}
[2023-06-05 12:14:38][[game_database-10]][SqlQuery] {"query":"update t_Rank set forbid_dict='{}',role_ ... here rank_name='traitor_boss_honour_rank'","use_time":0,"size":92}
[2023-06-05 12:14:38][[game_database-10]][SqlQuery] {"query":"update t_Rank set forbid_dict='{}',role_list='{}' where rank_name='hunt_rank'","use_time":0,"size":77}
[2023-06-05 12:14:38][[game_database-10]][SqlQuery] {"query":"update t_Rank set forbid_dict='{}',role_ ... re rank_name='rush_activity_soldier_rank'","use_time":0,"size":94}
[2023-06-05 12:14:38][[game_database-10]][SqlQuery] {"query":"update t_Rank set forbid_dict='{}',role_ ... \":1}}' where rank_name='fight_score_rank'","use_time":0,"size":206}
[2023-06-05 12:14:38][[game_database-10]][SqlQuery] {"query":"update t_Rank set forbid_dict='{}',role_ ... ' where rank_name='activity_soldier_rank'","use_time":0.0099999904632568,"size":89}
[2023-06-05 12:14:38][[game_database-10]][SqlQuery] {"query":"update t_Rank set forbid_dict='{}',role_ ... {}' where rank_name='activity_money_rank'","use_time":0,"size":87}
[2023-06-05 12:14:38][[game_database-10]][SqlQuery] {"query":"update t_Rank set forbid_dict='{}',role_ ... where rank_name='rush_activity_hunt_rank'","use_time":0,"size":91}
[2023-06-05 12:14:38][[game_database-10]][SqlQuery] {"query":"update t_Rank set forbid_dict='{}',role_ ... ='{}' where rank_name='traitor_hurt_rank'","use_time":0,"size":85}
[2023-06-05 12:14:38][[game_database-10]][SqlQuery] {"query":"update t_Rank set forbid_dict='{}',role_ ... ' where rank_name='activity_diamond_rank'","use_time":0,"size":89}
[2023-06-05 12:14:38][[game_database-10]][SqlQuery] {"query":"update t_Rank set forbid_dict='{}',role_ ... \\\":1}}' where rank_name='stage_star_rank'","use_time":0,"size":202}
[2023-06-05 12:14:38][[game_database-10]][SqlQuery] {"query":"update t_Rank set forbid_dict='{}',role_ ... e rank_name='rush_activity_intimacy_rank'","use_time":0,"size":95}
[2023-06-05 12:14:38][[game_database-10]][SqlQuery] {"query":"update t_Rank set forbid_dict='{}',role_ ... ' where rank_name='traitor_max_hurt_rank'","use_time":0.0099999904632568,"size":89}
[2023-06-05 12:14:38][[game_database-10]][SqlQuery] {"query":"update t_Rank set forbid_dict='{}',role_ ... \"rank\\\":1}}' where rank_name='level_rank'","use_time":0,"size":197}
[2023-06-05 12:14:38][[game_database-10]][SqlQuery] {"query":"update t_Rank set forbid_dict='{}',role_ ... ere rank_name='activity_fight_score_rank'","use_time":0,"size":93}
[2023-06-05 12:14:38][[game_database-10]][SqlQuery] {"query":"update t_Rank set forbid_dict='{}',role_ ... where rank_name='rush_activity_food_rank'","use_time":0,"size":91}
[2023-06-05 12:14:38][[game_database-10]][SqlQuery] {"query":"update t_Rank set forbid_dict='{}',role_ ... {}' where rank_name='activity_score_rank'","use_time":0,"size":87}
[2023-06-05 12:14:38][[game_database-10]][SqlQuery] {"query":"update t_Rank set forbid_dict='{}',role_ ...  where rank_name='traitor_boss_hurt_rank'","use_time":0,"size":90}
[2023-06-05 12:14:38][[game_database-10]][SqlQuery] {"query":"update t_Rank set forbid_dict='{}',role_ ... '{}' where rank_name='traitor_feats_rank'","use_time":0,"size":86}
[2023-06-05 12:14:38][[game_database-10]][SqlQuery] {"query":"update t_Rank set forbid_dict='{}',role_ ... ' where rank_name='activity_banquet_rank'","use_time":0,"size":89}
[2023-06-05 12:14:38][[game_database-10]][SqlQuery] {"query":"update t_Rank set forbid_dict='{}',role_ ... ' where rank_name='activity_stamina_rank'","use_time":0,"size":89}
[2023-06-05 12:14:38][[game_database-10]][SqlQuery] {"query":"update t_Rank set forbid_dict='{}',role_ ... here rank_name='rush_activity_score_rank'","use_time":0,"size":92}
[2023-06-05 12:14:38][[game_database-10]][SqlQuery] {"query":"update t_Rank set forbid_dict='{}',role_ ... here rank_name='rush_activity_party_rank'","use_time":0.0099999904632568,"size":92}
[2023-06-05 12:14:38][[game_database-10]][SqlQuery] {"query":"update t_Rank set forbid_dict='{}',role_ ... rank_name='rush_activity_checkpoint_rank'","use_time":0,"size":97}
[2023-06-05 12:14:38][[game_database-10]][SqlQuery] {"query":"update t_Rank set forbid_dict='{}',role_ ... here rank_name='rush_activity_money_rank'","use_time":0,"size":92}
[2023-06-05 12:14:38][[game_database-10]][SqlQuery] {"query":"update t_Rank set forbid_dict='{}',role_ ... \"rank\\\":1}}' where rank_name='score_rank'","use_time":0,"size":200}
[2023-06-05 12:14:38][[game_database-10]][SqlQuery] {"query":"update t_Rank set forbid_dict='{}',role_list='{}' where rank_name='train_rank'","use_time":0,"size":78}
[2023-06-05 12:24:38][[game_database-10]][SqlQuery] {"query":"update t_DynastyRank set dynasty_list='{ ... re rank_name='rush_activity_dynasty_rank'","use_time":0,"size":87}
[2023-06-05 12:24:38][[game_database-10]][SqlQuery] {"query":"update t_DynastyRank set dynasty_list='{ ... k_name='traitor_boss_honour_dynasty_rank'","use_time":0,"size":93}
[2023-06-05 12:24:38][[game_database-10]][SqlQuery] {"query":"update t_Rank set forbid_dict='{}',role_ ... {}' where rank_name='activity_login_rank'","use_time":0,"size":87}
[2023-06-05 12:24:38][[game_database-10]][SqlQuery] {"query":"update t_Rank set forbid_dict='{}',role_ ... rank_name='rush_activity_ringleader_rank'","use_time":0,"size":97}
[2023-06-05 12:24:38][[game_database-10]][SqlQuery] {"query":"update t_Rank set forbid_dict='{}',role_ ...  where rank_name='activity_intimacy_rank'","use_time":0,"size":90}
[2023-06-05 12:24:38][[game_database-10]][SqlQuery] {"query":"update t_Rank set forbid_dict='{}',role_ ... e rank_name='rush_activity_recharge_rank'","use_time":0,"size":95}
[2023-06-05 12:24:38][[game_database-10]][SqlQuery] {"query":"update t_Rank set forbid_dict='{}',role_ ... here rank_name='traitor_boss_honour_rank'","use_time":0,"size":92}
[2023-06-05 12:24:38][[game_database-10]][SqlQuery] {"query":"update t_Rank set forbid_dict='{}',role_list='{}' where rank_name='hunt_rank'","use_time":0,"size":77}
[2023-06-05 12:24:38][[game_database-10]][SqlQuery] {"query":"update t_Rank set forbid_dict='{}',role_ ... re rank_name='rush_activity_soldier_rank'","use_time":0.0099999904632568,"size":94}
[2023-06-05 12:24:38][[game_database-10]][SqlQuery] {"query":"update t_Rank set forbid_dict='{}',role_ ... \":1}}' where rank_name='fight_score_rank'","use_time":0,"size":206}
[2023-06-05 12:24:38][[game_database-10]][SqlQuery] {"query":"update t_Rank set forbid_dict='{}',role_ ... ' where rank_name='activity_soldier_rank'","use_time":0,"size":89}
[2023-06-05 12:24:38][[game_database-10]][SqlQuery] {"query":"update t_Rank set forbid_dict='{}',role_ ... {}' where rank_name='activity_money_rank'","use_time":0,"size":87}
[2023-06-05 12:24:38][[game_database-10]][SqlQuery] {"query":"update t_Rank set forbid_dict='{}',role_ ... where rank_name='rush_activity_hunt_rank'","use_time":0,"size":91}
[2023-06-05 12:24:38][[game_database-10]][SqlQuery] {"query":"update t_Rank set forbid_dict='{}',role_ ... ='{}' where rank_name='traitor_hurt_rank'","use_time":0,"size":85}
[2023-06-05 12:24:38][[game_database-10]][SqlQuery] {"query":"update t_Rank set forbid_dict='{}',role_ ... ' where rank_name='activity_diamond_rank'","use_time":0,"size":89}
[2023-06-05 12:24:38][[game_database-10]][SqlQuery] {"query":"update t_Rank set forbid_dict='{}',role_ ... \\\":1}}' where rank_name='stage_star_rank'","use_time":0,"size":202}
[2023-06-05 12:24:38][[game_database-10]][SqlQuery] {"query":"update t_Rank set forbid_dict='{}',role_ ... e rank_name='rush_activity_intimacy_rank'","use_time":0,"size":95}
[2023-06-05 12:24:38][[game_database-10]][SqlQuery] {"query":"update t_Rank set forbid_dict='{}',role_ ... ' where rank_name='traitor_max_hurt_rank'","use_time":0.0099999904632568,"size":89}
[2023-06-05 12:24:38][[game_database-10]][SqlQuery] {"query":"update t_Rank set forbid_dict='{}',role_ ... \"rank\\\":1}}' where rank_name='level_rank'","use_time":0,"size":197}
[2023-06-05 12:24:38][[game_database-10]][SqlQuery] {"query":"update t_Rank set forbid_dict='{}',role_ ... ere rank_name='activity_fight_score_rank'","use_time":0,"size":93}
[2023-06-05 12:24:38][[game_database-10]][SqlQuery] {"query":"update t_Rank set forbid_dict='{}',role_ ... where rank_name='rush_activity_food_rank'","use_time":0,"size":91}
[2023-06-05 12:24:38][[game_database-10]][SqlQuery] {"query":"update t_Rank set forbid_dict='{}',role_ ... {}' where rank_name='activity_score_rank'","use_time":0,"size":87}
[2023-06-05 12:24:38][[game_database-10]][SqlQuery] {"query":"update t_Rank set forbid_dict='{}',role_ ...  where rank_name='traitor_boss_hurt_rank'","use_time":0,"size":90}
[2023-06-05 12:24:38][[game_database-10]][SqlQuery] {"query":"update t_Rank set forbid_dict='{}',role_ ... '{}' where rank_name='traitor_feats_rank'","use_time":0,"size":86}
[2023-06-05 12:24:38][[game_database-10]][SqlQuery] {"query":"update t_Rank set forbid_dict='{}',role_ ... ' where rank_name='activity_banquet_rank'","use_time":0,"size":89}
[2023-06-05 12:24:38][[game_database-10]][SqlQuery] {"query":"update t_Rank set forbid_dict='{}',role_ ... ' where rank_name='activity_stamina_rank'","use_time":0.0099999904632568,"size":89}
[2023-06-05 12:24:38][[game_database-10]][SqlQuery] {"query":"update t_Rank set forbid_dict='{}',role_ ... here rank_name='rush_activity_score_rank'","use_time":0,"size":92}
[2023-06-05 12:24:38][[game_database-10]][SqlQuery] {"query":"update t_Rank set forbid_dict='{}',role_ ... here rank_name='rush_activity_party_rank'","use_time":0,"size":92}
[2023-06-05 12:24:38][[game_database-10]][SqlQuery] {"query":"update t_Rank set forbid_dict='{}',role_ ... rank_name='rush_activity_checkpoint_rank'","use_time":0,"size":97}
[2023-06-05 12:24:38][[game_database-10]][SqlQuery] {"query":"update t_Rank set forbid_dict='{}',role_ ... here rank_name='rush_activity_money_rank'","use_time":0,"size":92}
[2023-06-05 12:24:38][[game_database-10]][SqlQuery] {"query":"update t_Rank set forbid_dict='{}',role_ ... \"rank\\\":1}}' where rank_name='score_rank'","use_time":0,"size":200}
[2023-06-05 12:24:38][[game_database-10]][SqlQuery] {"query":"update t_Rank set forbid_dict='{}',role_list='{}' where rank_name='train_rank'","use_time":0,"size":78}
[2023-06-05 12:34:38][[game_database-10]][SqlQuery] {"query":"update t_DynastyRank set dynasty_list='{ ... re rank_name='rush_activity_dynasty_rank'","use_time":0.0099999904632568,"size":87}
[2023-06-05 12:34:38][[game_database-10]][SqlQuery] {"query":"update t_DynastyRank set dynasty_list='{ ... k_name='traitor_boss_honour_dynasty_rank'","use_time":0,"size":93}
[2023-06-05 12:34:38][[game_database-10]][SqlQuery] {"query":"update t_Rank set forbid_dict='{}',role_ ... {}' where rank_name='activity_login_rank'","use_time":0,"size":87}
[2023-06-05 12:34:38][[game_database-10]][SqlQuery] {"query":"update t_Rank set forbid_dict='{}',role_ ... rank_name='rush_activity_ringleader_rank'","use_time":0,"size":97}
[2023-06-05 12:34:38][[game_database-10]][SqlQuery] {"query":"update t_Rank set forbid_dict='{}',role_ ...  where rank_name='activity_intimacy_rank'","use_time":0,"size":90}
[2023-06-05 12:34:38][[game_database-10]][SqlQuery] {"query":"update t_Rank set forbid_dict='{}',role_ ... e rank_name='rush_activity_recharge_rank'","use_time":0,"size":95}
[2023-06-05 12:34:38][[game_database-10]][SqlQuery] {"query":"update t_Rank set forbid_dict='{}',role_ ... here rank_name='traitor_boss_honour_rank'","use_time":0,"size":92}
[2023-06-05 12:34:38][[game_database-10]][SqlQuery] {"query":"update t_Rank set forbid_dict='{}',role_list='{}' where rank_name='hunt_rank'","use_time":0,"size":77}
[2023-06-05 12:34:38][[game_database-10]][SqlQuery] {"query":"update t_Rank set forbid_dict='{}',role_ ... re rank_name='rush_activity_soldier_rank'","use_time":0,"size":94}
[2023-06-05 12:34:38][[game_database-10]][SqlQuery] {"query":"update t_Rank set forbid_dict='{}',role_ ... \":1}}' where rank_name='fight_score_rank'","use_time":0,"size":206}
[2023-06-05 12:34:38][[game_database-10]][SqlQuery] {"query":"update t_Rank set forbid_dict='{}',role_ ... ' where rank_name='activity_soldier_rank'","use_time":0,"size":89}
[2023-06-05 12:34:38][[game_database-10]][SqlQuery] {"query":"update t_Rank set forbid_dict='{}',role_ ... {}' where rank_name='activity_money_rank'","use_time":0.0099999904632568,"size":87}
[2023-06-05 12:34:38][[game_database-10]][SqlQuery] {"query":"update t_Rank set forbid_dict='{}',role_ ... where rank_name='rush_activity_hunt_rank'","use_time":0,"size":91}
[2023-06-05 12:34:38][[game_database-10]][SqlQuery] {"query":"update t_Rank set forbid_dict='{}',role_ ... ='{}' where rank_name='traitor_hurt_rank'","use_time":0,"size":85}
[2023-06-05 12:34:38][[game_database-10]][SqlQuery] {"query":"update t_Rank set forbid_dict='{}',role_ ... ' where rank_name='activity_diamond_rank'","use_time":0,"size":89}
[2023-06-05 12:34:38][[game_database-10]][SqlQuery] {"query":"update t_Rank set forbid_dict='{}',role_ ... \\\":1}}' where rank_name='stage_star_rank'","use_time":0,"size":202}
[2023-06-05 12:34:38][[game_database-10]][SqlQuery] {"query":"update t_Rank set forbid_dict='{}',role_ ... e rank_name='rush_activity_intimacy_rank'","use_time":0,"size":95}
[2023-06-05 12:34:38][[game_database-10]][SqlQuery] {"query":"update t_Rank set forbid_dict='{}',role_ ... ' where rank_name='traitor_max_hurt_rank'","use_time":0.0099999904632568,"size":89}
[2023-06-05 12:34:38][[game_database-10]][SqlQuery] {"query":"update t_Rank set forbid_dict='{}',role_ ... \"rank\\\":1}}' where rank_name='level_rank'","use_time":0,"size":197}
[2023-06-05 12:34:38][[game_database-10]][SqlQuery] {"query":"update t_Rank set forbid_dict='{}',role_ ... ere rank_name='activity_fight_score_rank'","use_time":0,"size":93}
[2023-06-05 12:34:38][[game_database-10]][SqlQuery] {"query":"update t_Rank set forbid_dict='{}',role_ ... where rank_name='rush_activity_food_rank'","use_time":0,"size":91}
[2023-06-05 12:34:38][[game_database-10]][SqlQuery] {"query":"update t_Rank set forbid_dict='{}',role_ ... {}' where rank_name='activity_score_rank'","use_time":0,"size":87}
[2023-06-05 12:34:38][[game_database-10]][SqlQuery] {"query":"update t_Rank set forbid_dict='{}',role_ ...  where rank_name='traitor_boss_hurt_rank'","use_time":0,"size":90}
[2023-06-05 12:34:38][[game_database-10]][SqlQuery] {"query":"update t_Rank set forbid_dict='{}',role_ ... '{}' where rank_name='traitor_feats_rank'","use_time":0,"size":86}
[2023-06-05 12:34:38][[game_database-10]][SqlQuery] {"query":"update t_Rank set forbid_dict='{}',role_ ... ' where rank_name='activity_banquet_rank'","use_time":0,"size":89}
[2023-06-05 12:34:38][[game_database-10]][SqlQuery] {"query":"update t_Rank set forbid_dict='{}',role_ ... ' where rank_name='activity_stamina_rank'","use_time":0,"size":89}
[2023-06-05 12:34:38][[game_database-10]][SqlQuery] {"query":"update t_Rank set forbid_dict='{}',role_ ... here rank_name='rush_activity_score_rank'","use_time":0,"size":92}
[2023-06-05 12:34:38][[game_database-10]][SqlQuery] {"query":"update t_Rank set forbid_dict='{}',role_ ... here rank_name='rush_activity_party_rank'","use_time":0,"size":92}
[2023-06-05 12:34:38][[game_database-10]][SqlQuery] {"query":"update t_Rank set forbid_dict='{}',role_ ... rank_name='rush_activity_checkpoint_rank'","use_time":0.0099999904632568,"size":97}
[2023-06-05 12:34:38][[game_database-10]][SqlQuery] {"query":"update t_Rank set forbid_dict='{}',role_ ... here rank_name='rush_activity_money_rank'","use_time":0,"size":92}
[2023-06-05 12:34:38][[game_database-10]][SqlQuery] {"query":"update t_Rank set forbid_dict='{}',role_ ... \"rank\\\":1}}' where rank_name='score_rank'","use_time":0,"size":200}
[2023-06-05 12:34:38][[game_database-10]][SqlQuery] {"query":"update t_Rank set forbid_dict='{}',role_list='{}' where rank_name='train_rank'","use_time":0,"size":78}
[2023-06-05 12:44:38][[game_database-10]][SqlQuery] {"query":"update t_DynastyRank set dynasty_list='{ ... re rank_name='rush_activity_dynasty_rank'","use_time":0,"size":87}
[2023-06-05 12:44:38][[game_database-10]][SqlQuery] {"query":"update t_DynastyRank set dynasty_list='{ ... k_name='traitor_boss_honour_dynasty_rank'","use_time":0,"size":93}
[2023-06-05 12:44:38][[game_database-10]][SqlQuery] {"query":"update t_Rank set forbid_dict='{}',role_ ... {}' where rank_name='activity_login_rank'","use_time":0,"size":87}
[2023-06-05 12:44:38][[game_database-10]][SqlQuery] {"query":"update t_Rank set forbid_dict='{}',role_ ... rank_name='rush_activity_ringleader_rank'","use_time":0,"size":97}
[2023-06-05 12:44:38][[game_database-10]][SqlQuery] {"query":"update t_Rank set forbid_dict='{}',role_ ...  where rank_name='activity_intimacy_rank'","use_time":0,"size":90}
[2023-06-05 12:44:38][[game_database-10]][SqlQuery] {"query":"update t_Rank set forbid_dict='{}',role_ ... e rank_name='rush_activity_recharge_rank'","use_time":0,"size":95}
[2023-06-05 12:44:38][[game_database-10]][SqlQuery] {"query":"update t_Rank set forbid_dict='{}',role_ ... here rank_name='traitor_boss_honour_rank'","use_time":0,"size":92}
[2023-06-05 12:44:38][[game_database-10]][SqlQuery] {"query":"update t_Rank set forbid_dict='{}',role_list='{}' where rank_name='hunt_rank'","use_time":0,"size":77}
[2023-06-05 12:44:38][[game_database-10]][SqlQuery] {"query":"update t_Rank set forbid_dict='{}',role_ ... re rank_name='rush_activity_soldier_rank'","use_time":0,"size":94}
[2023-06-05 12:44:38][[game_database-10]][SqlQuery] {"query":"update t_Rank set forbid_dict='{}',role_ ... \":1}}' where rank_name='fight_score_rank'","use_time":0,"size":206}
[2023-06-05 12:44:38][[game_database-10]][SqlQuery] {"query":"update t_Rank set forbid_dict='{}',role_ ... ' where rank_name='activity_soldier_rank'","use_time":0,"size":89}
[2023-06-05 12:44:38][[game_database-10]][SqlQuery] {"query":"update t_Rank set forbid_dict='{}',role_ ... {}' where rank_name='activity_money_rank'","use_time":0.0099999904632568,"size":87}
[2023-06-05 12:44:38][[game_database-10]][SqlQuery] {"query":"update t_Rank set forbid_dict='{}',role_ ... where rank_name='rush_activity_hunt_rank'","use_time":0,"size":91}
[2023-06-05 12:44:38][[game_database-10]][SqlQuery] {"query":"update t_Rank set forbid_dict='{}',role_ ... ='{}' where rank_name='traitor_hurt_rank'","use_time":0,"size":85}
[2023-06-05 12:44:38][[game_database-10]][SqlQuery] {"query":"update t_Rank set forbid_dict='{}',role_ ... ' where rank_name='activity_diamond_rank'","use_time":0,"size":89}
[2023-06-05 12:44:38][[game_database-10]][SqlQuery] {"query":"update t_Rank set forbid_dict='{}',role_ ... \\\":1}}' where rank_name='stage_star_rank'","use_time":0,"size":202}
[2023-06-05 12:44:38][[game_database-10]][SqlQuery] {"query":"update t_Rank set forbid_dict='{}',role_ ... e rank_name='rush_activity_intimacy_rank'","use_time":0,"size":95}
[2023-06-05 12:44:38][[game_database-10]][SqlQuery] {"query":"update t_Rank set forbid_dict='{}',role_ ... ' where rank_name='traitor_max_hurt_rank'","use_time":0,"size":89}
[2023-06-05 12:44:38][[game_database-10]][SqlQuery] {"query":"update t_Rank set forbid_dict='{}',role_ ... \"rank\\\":1}}' where rank_name='level_rank'","use_time":0,"size":197}
[2023-06-05 12:44:38][[game_database-10]][SqlQuery] {"query":"update t_Rank set forbid_dict='{}',role_ ... ere rank_name='activity_fight_score_rank'","use_time":0,"size":93}
[2023-06-05 12:44:38][[game_database-10]][SqlQuery] {"query":"update t_Rank set forbid_dict='{}',role_ ... where rank_name='rush_activity_food_rank'","use_time":0,"size":91}
[2023-06-05 12:44:38][[game_database-10]][SqlQuery] {"query":"update t_Rank set forbid_dict='{}',role_ ... {}' where rank_name='activity_score_rank'","use_time":0,"size":87}
[2023-06-05 12:44:38][[game_database-10]][SqlQuery] {"query":"update t_Rank set forbid_dict='{}',role_ ...  where rank_name='traitor_boss_hurt_rank'","use_time":0.0099999904632568,"size":90}
[2023-06-05 12:44:38][[game_database-10]][SqlQuery] {"query":"update t_Rank set forbid_dict='{}',role_ ... '{}' where rank_name='traitor_feats_rank'","use_time":0,"size":86}
[2023-06-05 12:44:38][[game_database-10]][SqlQuery] {"query":"update t_Rank set forbid_dict='{}',role_ ... ' where rank_name='activity_banquet_rank'","use_time":0,"size":89}
[2023-06-05 12:44:38][[game_database-10]][SqlQuery] {"query":"update t_Rank set forbid_dict='{}',role_ ... ' where rank_name='activity_stamina_rank'","use_time":0,"size":89}
[2023-06-05 12:44:38][[game_database-10]][SqlQuery] {"query":"update t_Rank set forbid_dict='{}',role_ ... here rank_name='rush_activity_score_rank'","use_time":0,"size":92}
[2023-06-05 12:44:38][[game_database-10]][SqlQuery] {"query":"update t_Rank set forbid_dict='{}',role_ ... here rank_name='rush_activity_party_rank'","use_time":0,"size":92}
[2023-06-05 12:44:38][[game_database-10]][SqlQuery] {"query":"update t_Rank set forbid_dict='{}',role_ ... rank_name='rush_activity_checkpoint_rank'","use_time":0,"size":97}
[2023-06-05 12:44:38][[game_database-10]][SqlQuery] {"query":"update t_Rank set forbid_dict='{}',role_ ... here rank_name='rush_activity_money_rank'","use_time":0,"size":92}
[2023-06-05 12:44:38][[game_database-10]][SqlQuery] {"query":"update t_Rank set forbid_dict='{}',role_ ... \"rank\\\":1}}' where rank_name='score_rank'","use_time":0,"size":200}
[2023-06-05 12:44:38][[game_database-10]][SqlQuery] {"query":"update t_Rank set forbid_dict='{}',role_list='{}' where rank_name='train_rank'","use_time":0,"size":78}
[2023-06-05 12:54:38][[game_database-10]][SqlQuery] {"query":"update t_DynastyRank set dynasty_list='{ ... re rank_name='rush_activity_dynasty_rank'","use_time":0,"size":87}
[2023-06-05 12:54:38][[game_database-10]][SqlQuery] {"query":"update t_DynastyRank set dynasty_list='{ ... k_name='traitor_boss_honour_dynasty_rank'","use_time":0,"size":93}
[2023-06-05 12:54:38][[game_database-10]][SqlQuery] {"query":"update t_Rank set forbid_dict='{}',role_ ... {}' where rank_name='activity_login_rank'","use_time":0,"size":87}
[2023-06-05 12:54:38][[game_database-10]][SqlQuery] {"query":"update t_Rank set forbid_dict='{}',role_ ... rank_name='rush_activity_ringleader_rank'","use_time":0,"size":97}
[2023-06-05 12:54:38][[game_database-10]][SqlQuery] {"query":"update t_Rank set forbid_dict='{}',role_ ...  where rank_name='activity_intimacy_rank'","use_time":0,"size":90}
[2023-06-05 12:54:38][[game_database-10]][SqlQuery] {"query":"update t_Rank set forbid_dict='{}',role_ ... e rank_name='rush_activity_recharge_rank'","use_time":0,"size":95}
[2023-06-05 12:54:38][[game_database-10]][SqlQuery] {"query":"update t_Rank set forbid_dict='{}',role_ ... here rank_name='traitor_boss_honour_rank'","use_time":0,"size":92}
[2023-06-05 12:54:38][[game_database-10]][SqlQuery] {"query":"update t_Rank set forbid_dict='{}',role_list='{}' where rank_name='hunt_rank'","use_time":0,"size":77}
[2023-06-05 12:54:38][[game_database-10]][SqlQuery] {"query":"update t_Rank set forbid_dict='{}',role_ ... re rank_name='rush_activity_soldier_rank'","use_time":0,"size":94}
[2023-06-05 12:54:38][[game_database-10]][SqlQuery] {"query":"update t_Rank set forbid_dict='{}',role_ ... \":1}}' where rank_name='fight_score_rank'","use_time":0.0099999904632568,"size":206}
[2023-06-05 12:54:38][[game_database-10]][SqlQuery] {"query":"update t_Rank set forbid_dict='{}',role_ ... ' where rank_name='activity_soldier_rank'","use_time":0,"size":89}
[2023-06-05 12:54:38][[game_database-10]][SqlQuery] {"query":"update t_Rank set forbid_dict='{}',role_ ... {}' where rank_name='activity_money_rank'","use_time":0,"size":87}
[2023-06-05 12:54:38][[game_database-10]][SqlQuery] {"query":"update t_Rank set forbid_dict='{}',role_ ... where rank_name='rush_activity_hunt_rank'","use_time":0,"size":91}
[2023-06-05 12:54:38][[game_database-10]][SqlQuery] {"query":"update t_Rank set forbid_dict='{}',role_ ... ='{}' where rank_name='traitor_hurt_rank'","use_time":0,"size":85}
[2023-06-05 12:54:38][[game_database-10]][SqlQuery] {"query":"update t_Rank set forbid_dict='{}',role_ ... ' where rank_name='activity_diamond_rank'","use_time":0,"size":89}
[2023-06-05 12:54:38][[game_database-10]][SqlQuery] {"query":"update t_Rank set forbid_dict='{}',role_ ... \\\":1}}' where rank_name='stage_star_rank'","use_time":0,"size":202}
[2023-06-05 12:54:38][[game_database-10]][SqlQuery] {"query":"update t_Rank set forbid_dict='{}',role_ ... e rank_name='rush_activity_intimacy_rank'","use_time":0,"size":95}
[2023-06-05 12:54:38][[game_database-10]][SqlQuery] {"query":"update t_Rank set forbid_dict='{}',role_ ... ' where rank_name='traitor_max_hurt_rank'","use_time":0.0099999904632568,"size":89}
[2023-06-05 12:54:38][[game_database-10]][SqlQuery] {"query":"update t_Rank set forbid_dict='{}',role_ ... \"rank\\\":1}}' where rank_name='level_rank'","use_time":0,"size":197}
[2023-06-05 12:54:38][[game_database-10]][SqlQuery] {"query":"update t_Rank set forbid_dict='{}',role_ ... ere rank_name='activity_fight_score_rank'","use_time":0,"size":93}
[2023-06-05 12:54:38][[game_database-10]][SqlQuery] {"query":"update t_Rank set forbid_dict='{}',role_ ... where rank_name='rush_activity_food_rank'","use_time":0,"size":91}
[2023-06-05 12:54:38][[game_database-10]][SqlQuery] {"query":"update t_Rank set forbid_dict='{}',role_ ... {}' where rank_name='activity_score_rank'","use_time":0,"size":87}
[2023-06-05 12:54:38][[game_database-10]][SqlQuery] {"query":"update t_Rank set forbid_dict='{}',role_ ...  where rank_name='traitor_boss_hurt_rank'","use_time":0,"size":90}
[2023-06-05 12:54:38][[game_database-10]][SqlQuery] {"query":"update t_Rank set forbid_dict='{}',role_ ... '{}' where rank_name='traitor_feats_rank'","use_time":0,"size":86}
[2023-06-05 12:54:38][[game_database-10]][SqlQuery] {"query":"update t_Rank set forbid_dict='{}',role_ ... ' where rank_name='activity_banquet_rank'","use_time":0.0099999904632568,"size":89}
[2023-06-05 12:54:38][[game_database-10]][SqlQuery] {"query":"update t_Rank set forbid_dict='{}',role_ ... ' where rank_name='activity_stamina_rank'","use_time":0,"size":89}
[2023-06-05 12:54:38][[game_database-10]][SqlQuery] {"query":"update t_Rank set forbid_dict='{}',role_ ... here rank_name='rush_activity_score_rank'","use_time":0,"size":92}
[2023-06-05 12:54:38][[game_database-10]][SqlQuery] {"query":"update t_Rank set forbid_dict='{}',role_ ... here rank_name='rush_activity_party_rank'","use_time":0,"size":92}
[2023-06-05 12:54:38][[game_database-10]][SqlQuery] {"query":"update t_Rank set forbid_dict='{}',role_ ... rank_name='rush_activity_checkpoint_rank'","use_time":0,"size":97}
[2023-06-05 12:54:38][[game_database-10]][SqlQuery] {"query":"update t_Rank set forbid_dict='{}',role_ ... here rank_name='rush_activity_money_rank'","use_time":0,"size":92}
[2023-06-05 12:54:38][[game_database-10]][SqlQuery] {"query":"update t_Rank set forbid_dict='{}',role_ ... \"rank\\\":1}}' where rank_name='score_rank'","use_time":0,"size":200}
[2023-06-05 12:54:38][[game_database-10]][SqlQuery] {"query":"update t_Rank set forbid_dict='{}',role_list='{}' where rank_name='train_rank'","use_time":0,"size":78}
