[2023-06-04 17:03:07][[reload_watcher-a]][info] ["reload_watcher:",10]
[2023-06-04 17:03:07][[common_init-c]][info] uuid init<70|10>, tag<1Y_A_>
[2023-06-04 17:03:07][[clusterd-d]][info] connect s2800_cluster_router 117.50.193.85:40301
[2023-06-04 17:03:07][[clusterd-d]][info] ["clusterd start:",13]
[2023-06-04 17:03:07][[clusterd-d]][info] socket accept from ::ffff:117.50.193.85:62736, 5
[2023-06-04 17:03:07][[clusterd-d]][info] clusterd show_self s2800_cluster_router
[2023-06-04 17:03:08][[common_init-c]][info] SqlQueryCount: 5
[2023-06-04 17:03:09][[game_database-10]][info] gamedb service boot success!
[2023-06-04 17:03:09][[chat-11]][info] ["chat start:",17]
[2023-06-04 17:03:09][[child_marry-12]][info] refresh schema:schema_cross
[2023-06-04 17:03:09][[child_marry-12]][info] ["child_marry start:",18]
[2023-06-04 17:03:09][[salon-13]][info] ["salon start:",19]
[2023-06-04 17:03:09][[party-14]][info] ["party start:",20]
[2023-06-04 17:03:10][[gamelog-9]][info] ["gamelog start:",9]
[2023-06-04 17:03:10][[dynasty-15]][info] refresh schema:schema_dynasty
[2023-06-04 17:03:10][[dynasty-15]][info] ["dynasty_mgr_start start:",21]
[2023-06-04 17:03:10][[traitor-16]][info] ["traitor start:",22]
[2023-06-04 17:03:10][[rank-17]][info] ["rank start:",23]
[2023-06-04 17:03:10][[game_database-10]][info] SqlQueryCount: 36
[2023-06-04 17:13:10][[game_database-10]][info] SqlQueryCount: 15
[2023-06-04 17:23:10][[game_database-10]][info] SqlQueryCount: 15
[2023-06-04 17:33:10][[game_database-10]][info] SqlQueryCount: 15
[2023-06-04 17:43:10][[game_database-10]][info] SqlQueryCount: 15
[2023-06-04 17:53:10][[game_database-10]][info] SqlQueryCount: 15
