[2023-06-06 11:00:01][[game_database-10]][info] SqlQueryCount: 1
[2023-06-06 11:04:14][[reload_watcher-a]][info] excel to reload:

[2023-06-06 11:04:14][[reload_watcher-a]][info] file to reload:
./gamelogic/service/world/lua_handles.lua
[2023-06-06 11:04:21][[reload_watcher-a]][info] excel to reload:

[2023-06-06 11:04:21][[reload_watcher-a]][info] file to reload:
./gamelogic/service/world/lua_handles.lua
[2023-06-06 11:04:23][[reload_watcher-a]][info] excel to reload:

[2023-06-06 11:04:23][[reload_watcher-a]][info] file to reload:
./gamelogic/service/world/lua_handles.lua
[2023-06-06 11:04:27][[reload_watcher-a]][info] excel to reload:

[2023-06-06 11:04:27][[reload_watcher-a]][info] file to reload:
./gamelogic/service/world/lua_handles.lua
[2023-06-06 11:04:28][[reload_watcher-a]][info] excel to reload:

[2023-06-06 11:04:28][[reload_watcher-a]][info] file to reload:
./gamelogic/service/world/lua_handles.lua
[2023-06-06 11:04:37][[reload_watcher-a]][info] excel to reload:

[2023-06-06 11:04:37][[reload_watcher-a]][info] file to reload:
./service/gm_router/gm_router.lua
[2023-06-06 11:04:42][[reload_watcher-a]][info] excel to reload:

[2023-06-06 11:04:42][[reload_watcher-a]][info] file to reload:
./service/gm_router/gm_router.lua
[2023-06-06 11:04:47][[reload_watcher-a]][info] excel to reload:

[2023-06-06 11:04:47][[reload_watcher-a]][info] file to reload:
./service/gm_router/gm_router.lua
[2023-06-06 11:05:13][[reload_watcher-a]][info] excel to reload:

[2023-06-06 11:05:13][[reload_watcher-a]][info] file to reload:
./service/gm_router/gm_router.lua
[2023-06-06 11:06:41][[reload_watcher-a]][info] excel to reload:

[2023-06-06 11:06:41][[reload_watcher-a]][info] file to reload:
./service/gm_router/gm_router.lua
[2023-06-06 11:06:45][[reload_watcher-a]][info] excel to reload:

[2023-06-06 11:06:45][[reload_watcher-a]][info] file to reload:
./service/gm_router/gm_router.lua
[2023-06-06 11:06:50][[game_database-10]][info] SqlQueryCount: 32
[2023-06-06 11:06:53][[reload_watcher-a]][info] excel to reload:

[2023-06-06 11:06:53][[reload_watcher-a]][info] file to reload:
./service/gm_router/gm_router.lua
[2023-06-06 11:06:59][[reload_watcher-a]][info] excel to reload:

[2023-06-06 11:06:59][[reload_watcher-a]][info] file to reload:
./service/gm_router/gm_router.lua
[2023-06-06 11:07:05][[reload_watcher-a]][info] excel to reload:

[2023-06-06 11:07:05][[reload_watcher-a]][info] file to reload:
./service/gm_router/gm_router.lua
[2023-06-06 11:16:50][[game_database-10]][info] SqlQueryCount: 32
[2023-06-06 11:24:50][[reload_watcher-a]][info] excel to reload:

[2023-06-06 11:24:50][[reload_watcher-a]][info] file to reload:
./gamelogic/service/world/gift_key.lua
[2023-06-06 11:25:01][[reload_watcher-a]][info] excel to reload:

[2023-06-06 11:25:01][[reload_watcher-a]][info] file to reload:
./gamelogic/service/world/gift_key.lua
[2023-06-06 11:25:38][[reload_watcher-a]][info] excel to reload:

[2023-06-06 11:25:38][[reload_watcher-a]][info] file to reload:
./gamelogic/service/world/gift_key.lua
[2023-06-06 11:25:39][[reload_watcher-a]][info] excel to reload:

[2023-06-06 11:25:39][[reload_watcher-a]][info] file to reload:
./gamelogic/service/world/gift_key.lua
[2023-06-06 11:25:41][[reload_watcher-a]][info] excel to reload:

[2023-06-06 11:25:41][[reload_watcher-a]][info] file to reload:
./gamelogic/service/world/gift_key.lua
[2023-06-06 11:26:50][[game_database-10]][info] SqlQueryCount: 32
[2023-06-06 11:27:28][[reload_watcher-a]][info] excel to reload:

[2023-06-06 11:27:28][[reload_watcher-a]][info] file to reload:
./gamelogic/service/world/gift_key.lua
[2023-06-06 11:27:34][[reload_watcher-a]][info] excel to reload:

[2023-06-06 11:27:34][[reload_watcher-a]][info] file to reload:
./gamelogic/service/world/gift_key.lua
[2023-06-06 11:27:37][[reload_watcher-a]][info] excel to reload:

[2023-06-06 11:27:37][[reload_watcher-a]][info] file to reload:
./gamelogic/service/world/gift_key.lua
[2023-06-06 11:27:42][[reload_watcher-a]][info] excel to reload:

[2023-06-06 11:27:42][[reload_watcher-a]][info] file to reload:
./gamelogic/service/world/gift_key.lua
[2023-06-06 11:27:50][[reload_watcher-a]][info] excel to reload:

[2023-06-06 11:27:50][[reload_watcher-a]][info] file to reload:
./gamelogic/service/world/gift_key.lua
[2023-06-06 11:27:57][[reload_watcher-a]][info] excel to reload:

[2023-06-06 11:27:57][[reload_watcher-a]][info] file to reload:
./gamelogic/service/world/gift_key.lua
[2023-06-06 11:28:52][[reload_watcher-a]][info] excel to reload:

[2023-06-06 11:28:52][[reload_watcher-a]][info] file to reload:
./gamelogic/service/world/gift_key.lua
[2023-06-06 11:31:17][[reload_watcher-a]][info] excel to reload:

[2023-06-06 11:31:17][[reload_watcher-a]][info] file to reload:
./gamelogic/service/world/gift_key.lua
[2023-06-06 11:31:47][[reload_watcher-a]][info] excel to reload:

[2023-06-06 11:31:47][[reload_watcher-a]][info] file to reload:
./gamelogic/service/world/gift_key.lua
[2023-06-06 11:31:49][[reload_watcher-a]][info] excel to reload:

[2023-06-06 11:31:49][[reload_watcher-a]][info] file to reload:
./gamelogic/service/world/gift_key.lua
[2023-06-06 11:31:51][[reload_watcher-a]][info] excel to reload:

[2023-06-06 11:31:51][[reload_watcher-a]][info] file to reload:
./gamelogic/service/world/gift_key.lua
[2023-06-06 11:32:11][[reload_watcher-a]][info] excel to reload:

[2023-06-06 11:32:11][[reload_watcher-a]][info] file to reload:
./gamelogic/service/world/gift_key.lua
[2023-06-06 11:32:17][[reload_watcher-a]][info] excel to reload:

[2023-06-06 11:32:17][[reload_watcher-a]][info] file to reload:
./gamelogic/service/world/gift_key.lua
[2023-06-06 11:32:18][[reload_watcher-a]][info] excel to reload:

[2023-06-06 11:32:18][[reload_watcher-a]][info] file to reload:
./gamelogic/service/world/gift_key.lua
[2023-06-06 11:32:20][[reload_watcher-a]][info] excel to reload:

[2023-06-06 11:32:20][[reload_watcher-a]][info] file to reload:
./gamelogic/service/world/gift_key.lua
[2023-06-06 11:32:21][[reload_watcher-a]][info] excel to reload:

[2023-06-06 11:32:21][[reload_watcher-a]][info] file to reload:
./gamelogic/service/world/gift_key.lua
[2023-06-06 11:32:24][[reload_watcher-a]][info] excel to reload:

[2023-06-06 11:32:24][[reload_watcher-a]][info] file to reload:
./gamelogic/service/world/gift_key.lua
[2023-06-06 11:32:29][[reload_watcher-a]][info] excel to reload:

[2023-06-06 11:32:29][[reload_watcher-a]][info] file to reload:
./gamelogic/service/world/gift_key.lua
[2023-06-06 11:32:40][[reload_watcher-a]][info] excel to reload:

[2023-06-06 11:32:40][[reload_watcher-a]][info] file to reload:
./gamelogic/service/world/gift_key.lua
[2023-06-06 11:32:50][[reload_watcher-a]][info] excel to reload:

[2023-06-06 11:32:50][[reload_watcher-a]][info] file to reload:
./gamelogic/service/world/gift_key.lua
[2023-06-06 11:32:51][[reload_watcher-a]][info] excel to reload:

[2023-06-06 11:32:51][[reload_watcher-a]][info] file to reload:
./gamelogic/service/world/gift_key.lua
[2023-06-06 11:33:29][[reload_watcher-a]][info] excel to reload:

[2023-06-06 11:33:29][[reload_watcher-a]][info] file to reload:
./gamelogic/service/world/gift_key.lua
[2023-06-06 11:33:33][[reload_watcher-a]][info] excel to reload:

[2023-06-06 11:33:33][[reload_watcher-a]][info] file to reload:
./gamelogic/service/world/gift_key.lua
[2023-06-06 11:34:28][[reload_watcher-a]][info] excel to reload:

[2023-06-06 11:34:28][[reload_watcher-a]][info] file to reload:
./gamelogic/service/world/gift_key.lua
[2023-06-06 11:34:29][[reload_watcher-a]][info] excel to reload:

[2023-06-06 11:34:29][[reload_watcher-a]][info] file to reload:
./gamelogic/service/world/gift_key.lua
[2023-06-06 11:34:33][[reload_watcher-a]][info] excel to reload:

[2023-06-06 11:34:33][[reload_watcher-a]][info] file to reload:
./gamelogic/service/world/gift_key.lua
[2023-06-06 11:34:36][[reload_watcher-a]][info] excel to reload:

[2023-06-06 11:34:36][[reload_watcher-a]][info] file to reload:
./gamelogic/service/world/gift_key.lua
[2023-06-06 11:36:02][[reload_watcher-a]][info] excel to reload:

[2023-06-06 11:36:02][[reload_watcher-a]][info] file to reload:
./gamelogic/service/world/gift_key.lua
[2023-06-06 11:36:09][[reload_watcher-a]][info] excel to reload:

[2023-06-06 11:36:09][[reload_watcher-a]][info] file to reload:
./gamelogic/service/world/gift_key.lua
[2023-06-06 11:36:11][[reload_watcher-a]][info] excel to reload:

[2023-06-06 11:36:11][[reload_watcher-a]][info] file to reload:
./gamelogic/service/world/gift_key.lua
[2023-06-06 11:36:24][[reload_watcher-a]][info] excel to reload:

[2023-06-06 11:36:24][[reload_watcher-a]][info] file to reload:
./gamelogic/service/world/gift_key.lua
[2023-06-06 11:36:28][[reload_watcher-a]][info] excel to reload:

[2023-06-06 11:36:28][[reload_watcher-a]][info] file to reload:
./gamelogic/service/world/gift_key.lua
[2023-06-06 11:36:50][[game_database-10]][info] SqlQueryCount: 32
[2023-06-06 11:36:56][[reload_watcher-a]][info] excel to reload:

[2023-06-06 11:36:56][[reload_watcher-a]][info] file to reload:
./gamelogic/service/world/gift_key.lua
[2023-06-06 11:36:58][[reload_watcher-a]][info] excel to reload:

[2023-06-06 11:36:58][[reload_watcher-a]][info] file to reload:
./gamelogic/service/world/gift_key.lua
[2023-06-06 11:37:35][[reload_watcher-a]][info] excel to reload:

[2023-06-06 11:37:35][[reload_watcher-a]][info] file to reload:
./gamelogic/service/world/gift_key.lua
[2023-06-06 11:37:43][[reload_watcher-a]][info] excel to reload:

[2023-06-06 11:37:43][[reload_watcher-a]][info] file to reload:
./gamelogic/service/world/gift_key.lua
[2023-06-06 11:37:49][[reload_watcher-a]][info] excel to reload:

[2023-06-06 11:37:49][[reload_watcher-a]][info] file to reload:
./gamelogic/service/world/gift_key.lua
[2023-06-06 11:37:51][[reload_watcher-a]][info] excel to reload:

[2023-06-06 11:37:51][[reload_watcher-a]][info] file to reload:
./gamelogic/service/world/gift_key.lua
[2023-06-06 11:37:57][[reload_watcher-a]][info] excel to reload:

[2023-06-06 11:37:57][[reload_watcher-a]][info] file to reload:
./gamelogic/service/world/gift_key.lua
[2023-06-06 11:38:26][[reload_watcher-a]][info] excel to reload:

[2023-06-06 11:38:26][[reload_watcher-a]][info] file to reload:
./gamelogic/service/world/gift_key.lua
[2023-06-06 11:38:27][[reload_watcher-a]][info] excel to reload:

[2023-06-06 11:38:27][[reload_watcher-a]][info] file to reload:
./gamelogic/service/world/gift_key.lua
[2023-06-06 11:38:59][[reload_watcher-a]][info] excel to reload:

[2023-06-06 11:38:59][[reload_watcher-a]][info] file to reload:
./gamelogic/service/world/lua_handles.lua
[2023-06-06 11:39:02][[reload_watcher-a]][info] excel to reload:

[2023-06-06 11:39:02][[reload_watcher-a]][info] file to reload:
./gamelogic/service/world/lua_handles.lua
[2023-06-06 11:39:06][[reload_watcher-a]][info] excel to reload:

[2023-06-06 11:39:06][[reload_watcher-a]][info] file to reload:
./gamelogic/service/world/lua_handles.lua
[2023-06-06 11:39:15][[reload_watcher-a]][info] excel to reload:

[2023-06-06 11:39:15][[reload_watcher-a]][info] file to reload:
./gamelogic/service/world/gift_key.lua
[2023-06-06 11:39:18][[reload_watcher-a]][info] excel to reload:

[2023-06-06 11:39:18][[reload_watcher-a]][info] file to reload:
./gamelogic/service/world/gift_key.lua
[2023-06-06 11:39:54][[reload_watcher-a]][info] excel to reload:

[2023-06-06 11:39:54][[reload_watcher-a]][info] file to reload:
./gamelogic/service/world/gift_key.lua
[2023-06-06 11:40:02][[reload_watcher-a]][info] excel to reload:

[2023-06-06 11:40:02][[reload_watcher-a]][info] file to reload:
./gamelogic/service/world/gift_key.lua
[2023-06-06 11:40:09][[reload_watcher-a]][info] excel to reload:

[2023-06-06 11:40:09][[reload_watcher-a]][info] file to reload:
./gamelogic/service/world/gift_key.lua
[2023-06-06 11:40:11][[reload_watcher-a]][info] excel to reload:

[2023-06-06 11:40:11][[reload_watcher-a]][info] file to reload:
./gamelogic/service/world/gift_key.lua
[2023-06-06 11:40:13][[reload_watcher-a]][info] excel to reload:

[2023-06-06 11:40:13][[reload_watcher-a]][info] file to reload:
./gamelogic/service/world/gift_key.lua
[2023-06-06 11:46:50][[game_database-10]][info] SqlQueryCount: 32
[2023-06-06 11:56:26][[clusterd-d]][info] connect s2803_gm_router 117.50.193.85:40201
[2023-06-06 11:56:27][[agent-11]][info] SqlQueryCount: 3
[2023-06-06 11:56:29][[agent-11]][info] SqlQueryCount: 3
[2023-06-06 11:56:31][[agent-11]][info] SqlQueryCount: 3
[2023-06-06 11:56:35][[agent-11]][info] SqlQueryCount: 3
[2023-06-06 11:56:37][[agent-11]][info] SqlQueryCount: 3
[2023-06-06 11:56:38][[agent-11]][info] SqlQueryCount: 3
[2023-06-06 11:56:39][[agent-11]][info] SqlQueryCount: 3
[2023-06-06 11:56:40][[agent-11]][info] SqlQueryCount: 6
[2023-06-06 11:56:41][[agent-11]][info] SqlQueryCount: 3
[2023-06-06 11:56:42][[agent-11]][info] SqlQueryCount: 3
[2023-06-06 11:56:45][[agent-11]][info] SqlQueryCount: 3
[2023-06-06 11:56:48][[agent-11]][info] SqlQueryCount: 3
[2023-06-06 11:56:49][[agent-11]][info] SqlQueryCount: 3
[2023-06-06 11:56:50][[game_database-10]][info] SqlQueryCount: 32
[2023-06-06 11:56:51][[agent-11]][info] SqlQueryCount: 3
[2023-06-06 11:56:53][[agent-11]][info] SqlQueryCount: 3
[2023-06-06 11:56:58][[agent-11]][info] SqlQueryCount: 3
[2023-06-06 11:56:59][[agent-11]][info] SqlQueryCount: 3
[2023-06-06 11:57:01][[agent-11]][info] SqlQueryCount: 3
[2023-06-06 11:57:02][[agent-11]][info] SqlQueryCount: 3
[2023-06-06 11:57:03][[agent-11]][info] SqlQueryCount: 6
[2023-06-06 11:57:05][[agent-11]][info] SqlQueryCount: 3
[2023-06-06 11:57:06][[agent-11]][info] SqlQueryCount: 3
[2023-06-06 11:57:07][[agent-11]][info] SqlQueryCount: 3
[2023-06-06 11:57:08][[agent-11]][info] SqlQueryCount: 3
[2023-06-06 11:57:09][[agent-11]][info] SqlQueryCount: 3
[2023-06-06 11:57:10][[agent-11]][info] SqlQueryCount: 3
[2023-06-06 11:57:29][[agent-11]][info] SqlQueryCount: 3
[2023-06-06 11:57:30][[game_database-10]][info] SqlQueryCount: 1
[2023-06-06 11:57:31][[agent-11]][info] SqlQueryCount: 3
[2023-06-06 11:57:32][[game_database-10]][info] SqlQueryCount: 1
