[2023-05-13 19:00:02][[game_database-10]][info] SqlQueryCount: 1
[2023-05-13 19:02:18][[game_database-10]][info] SqlQueryCount: 1
[2023-05-13 19:03:15][[game_database-10]][info] SqlQueryCount: 1
[2023-05-13 19:05:04][[game_database-10]][info] SqlQueryCount: 1
[2023-05-13 19:06:57][[game_database-10]][info] SqlQueryCount: 1
[2023-05-13 19:09:24][[game_database-10]][info] SqlQueryCount: 32
[2023-05-13 19:14:57][[reload_watcher-a]][info] excel to reload:

[2023-05-13 19:14:57][[reload_watcher-a]][info] file to reload:
./gamelogic/service/agent/meta_table/recharge.lua
./gamelogic/service/agent/daily_gift_package_activities_utils.lua
[2023-05-13 19:14:57][[agent-11]][info] reload_mod begin: daily_gift_package_activities_utils <==> ./gamelogic/service/agent/daily_gift_package_activities_utils.lua
[2023-05-13 19:14:57][[agent-11]][info] reload_mod begin: meta_table.recharge <==> ./gamelogic/service/agent/meta_table/recharge.lua
[2023-05-13 19:15:46][[game_database-10]][info] SqlQueryCount: 12
[2023-05-13 19:15:51][[game_database-10]][info] SqlQueryCount: 7
[2023-05-13 19:15:54][[game_database-10]][info] SqlQueryCount: 1
[2023-05-13 19:16:06][[game_database-10]][info] SqlQueryCount: 5
[2023-05-13 19:17:06][[game_database-10]][info] SqlQueryCount: 5
[2023-05-13 19:18:02][[game_database-10]][info] SqlQueryCount: 8
[2023-05-13 19:18:05][[game_database-10]][info] SqlQueryCount: 5
[2023-05-13 19:18:09][[game_database-10]][info] SqlQueryCount: 7
[2023-05-13 19:18:14][[game_database-10]][info] SqlQueryCount: 5
[2023-05-13 19:19:05][[game_database-10]][info] SqlQueryCount: 5
[2023-05-13 19:19:24][[game_database-10]][info] SqlQueryCount: 32
[2023-05-13 19:20:05][[game_database-10]][info] SqlQueryCount: 5
[2023-05-13 19:21:05][[game_database-10]][info] SqlQueryCount: 5
[2023-05-13 19:21:56][[game_database-10]][info] SqlQueryCount: 1
[2023-05-13 19:22:05][[game_database-10]][info] SqlQueryCount: 1
[2023-05-13 19:22:17][[game_database-10]][info] SqlQueryCount: 1
[2023-05-13 19:23:25][[reload_watcher-a]][info] excel to reload:

[2023-05-13 19:23:25][[reload_watcher-a]][info] file to reload:
./gamelogic/service/agent/lua_handles/gm.lua
./gamelogic/service/agent/msg_handles/activity.lua
[2023-05-13 19:23:25][[agent-11]][info] reload_mod begin: lua_handles.gm <==> ./gamelogic/service/agent/lua_handles/gm.lua
[2023-05-13 19:23:25][[agent-11]][info] reload_mod begin: msg_handles.activity <==> ./gamelogic/service/agent/msg_handles/activity.lua
[2023-05-13 19:23:51][[reload_watcher-a]][info] excel to reload:

[2023-05-13 19:23:51][[reload_watcher-a]][info] file to reload:
./gamelogic/lualib/node_base.lua
[2023-05-13 19:23:51][[game_launcher-8]][info] reload_mod begin: node_base <==> ./gamelogic/lualib/node_base.lua
[2023-05-13 19:23:51][[child_marry-14]][info] reload_mod begin: msg_utils.sproto_msg_utils <==> ./lualib/msg_utils/sproto_msg_utils.lua
[2023-05-13 19:23:51][[agent_gate-12]][info] reload_mod begin: msg_utils.sproto_msg_utils <==> ./lualib/msg_utils/sproto_msg_utils.lua
[2023-05-13 19:23:51][[agent-11]][info] reload_mod begin: msg_utils.sproto_msg_utils <==> ./lualib/msg_utils/sproto_msg_utils.lua
[2023-05-13 19:23:51][[game_launcher-8]][info] reload_mod begin: msg_utils.sproto_msg_utils <==> ./lualib/msg_utils/sproto_msg_utils.lua
