[2023-05-13 15:00:01][[game_database-10]][SqlQuery] {"query":"update t_ServerCore set last_hour_ts=1683961200 where server_name='s55'","use_time":0,"size":71}
[2023-05-13 15:05:03][[game_database-10]][SqlQuery] {"query":"update t_Dynasty set daily_refresh_ts=16 ... aitor_honour=0 where dynasty_id='5500002'","use_time":0,"size":5822}
[2023-05-13 15:09:23][[game_database-10]][SqlQuery] {"query":"update t_DynastyRank set dynasty_list='{ ... k_name='traitor_boss_honour_dynasty_rank'","use_time":0,"size":93}
[2023-05-13 15:09:23][[game_database-10]][SqlQuery] {"query":"update t_DynastyRank set dynasty_list='{ ... re rank_name='rush_activity_dynasty_rank'","use_time":0,"size":87}
[2023-05-13 15:09:23][[game_database-10]][SqlQuery] {"query":"update t_Rank set forbid_dict='{}',role_ ... ere rank_name='activity_fight_score_rank'","use_time":0,"size":93}
[2023-05-13 15:09:23][[game_database-10]][SqlQuery] {"query":"update t_Rank set forbid_dict='{}',role_ ... rank\\\":10}}' where rank_name='score_rank'","use_time":0,"size":4488}
[2023-05-13 15:09:23][[game_database-10]][SqlQuery] {"query":"update t_Rank set forbid_dict='{}',role_ ... re rank_name='rush_activity_soldier_rank'","use_time":0,"size":94}
[2023-05-13 15:09:23][[game_database-10]][SqlQuery] {"query":"update t_Rank set forbid_dict='{}',role_ ... {}' where rank_name='activity_score_rank'","use_time":0,"size":87}
[2023-05-13 15:09:23][[game_database-10]][SqlQuery] {"query":"update t_Rank set forbid_dict='{}',role_ ...  where rank_name='traitor_boss_hurt_rank'","use_time":0,"size":90}
[2023-05-13 15:09:23][[game_database-10]][SqlQuery] {"query":"update t_Rank set forbid_dict='{}',role_ ... rank_name='rush_activity_checkpoint_rank'","use_time":0,"size":97}
[2023-05-13 15:09:23][[game_database-10]][SqlQuery] {"query":"update t_Rank set forbid_dict='{}',role_ ... rank_name='rush_activity_ringleader_rank'","use_time":0,"size":97}
[2023-05-13 15:09:23][[game_database-10]][SqlQuery] {"query":"update t_Rank set forbid_dict='{}',role_ ... \\\"rank\\\":6}}' where rank_name='hunt_rank'","use_time":0,"size":1082}
[2023-05-13 15:09:23][[game_database-10]][SqlQuery] {"query":"update t_Rank set forbid_dict='{}',role_ ... here rank_name='rush_activity_party_rank'","use_time":0,"size":245}
[2023-05-13 15:09:23][[game_database-10]][SqlQuery] {"query":"update t_Rank set forbid_dict='{}',role_ ... e rank_name='rush_activity_intimacy_rank'","use_time":0,"size":95}
[2023-05-13 15:09:23][[game_database-10]][SqlQuery] {"query":"update t_Rank set forbid_dict='{}',role_ ... ' where rank_name='traitor_max_hurt_rank'","use_time":0,"size":646}
[2023-05-13 15:09:23][[game_database-10]][SqlQuery] {"query":"update t_Rank set forbid_dict='{}',role_ ... {}' where rank_name='activity_money_rank'","use_time":0,"size":87}
[2023-05-13 15:09:23][[game_database-10]][SqlQuery] {"query":"update t_Rank set forbid_dict='{}',role_ ... \":10}}' where rank_name='stage_star_rank'","use_time":0.0099999904632568,"size":2560}
[2023-05-13 15:09:23][[game_database-10]][SqlQuery] {"query":"update t_Rank set forbid_dict='{}',role_ ... {}' where rank_name='activity_login_rank'","use_time":0,"size":87}
[2023-05-13 15:09:23][[game_database-10]][SqlQuery] {"query":"update t_Rank set forbid_dict='{}',role_ ... ' where rank_name='activity_banquet_rank'","use_time":0,"size":89}
[2023-05-13 15:09:23][[game_database-10]][SqlQuery] {"query":"update t_Rank set forbid_dict='{}',role_ ... rank\\\":10}}' where rank_name='level_rank'","use_time":0,"size":3050}
[2023-05-13 15:09:23][[game_database-10]][SqlQuery] {"query":"update t_Rank set forbid_dict='{}',role_ ... ' where rank_name='activity_stamina_rank'","use_time":0,"size":89}
[2023-05-13 15:09:23][[game_database-10]][SqlQuery] {"query":"update t_Rank set forbid_dict='{}',role_ ... here rank_name='traitor_boss_honour_rank'","use_time":0,"size":92}
[2023-05-13 15:09:23][[game_database-10]][SqlQuery] {"query":"update t_Rank set forbid_dict='{}',role_ ... where rank_name='rush_activity_food_rank'","use_time":0,"size":91}
[2023-05-13 15:09:23][[game_database-10]][SqlQuery] {"query":"update t_Rank set forbid_dict='{}',role_ ... e rank_name='rush_activity_recharge_rank'","use_time":0,"size":95}
[2023-05-13 15:09:23][[game_database-10]][SqlQuery] {"query":"update t_Rank set forbid_dict='{}',role_ ...  where rank_name='activity_intimacy_rank'","use_time":0,"size":90}
[2023-05-13 15:09:23][[game_database-10]][SqlQuery] {"query":"update t_Rank set forbid_dict='{}',role_ ... ='{}' where rank_name='traitor_hurt_rank'","use_time":0,"size":85}
[2023-05-13 15:09:23][[game_database-10]][SqlQuery] {"query":"update t_Rank set forbid_dict='{}',role_ ... here rank_name='rush_activity_money_rank'","use_time":0,"size":92}
[2023-05-13 15:09:23][[game_database-10]][SqlQuery] {"query":"update t_Rank set forbid_dict='{}',role_ ... \"rank\\\":6}}' where rank_name='train_rank'","use_time":0.0099999904632568,"size":997}
[2023-05-13 15:09:23][[game_database-10]][SqlQuery] {"query":"update t_Rank set forbid_dict='{}',role_ ... ' where rank_name='activity_soldier_rank'","use_time":0,"size":89}
[2023-05-13 15:09:23][[game_database-10]][SqlQuery] {"query":"update t_Rank set forbid_dict='{}',role_ ... here rank_name='rush_activity_score_rank'","use_time":0,"size":92}
[2023-05-13 15:09:23][[game_database-10]][SqlQuery] {"query":"update t_Rank set forbid_dict='{}',role_ ... ' where rank_name='activity_diamond_rank'","use_time":0,"size":89}
[2023-05-13 15:09:23][[game_database-10]][SqlQuery] {"query":"update t_Rank set forbid_dict='{}',role_ ... '{}' where rank_name='traitor_feats_rank'","use_time":0,"size":86}
[2023-05-13 15:09:23][[game_database-10]][SqlQuery] {"query":"update t_Rank set forbid_dict='{}',role_ ... :10}}' where rank_name='fight_score_rank'","use_time":0,"size":4707}
[2023-05-13 15:09:23][[game_database-10]][SqlQuery] {"query":"update t_Rank set forbid_dict='{}',role_ ... where rank_name='rush_activity_hunt_rank'","use_time":0,"size":361}
[2023-05-13 15:19:23][[game_database-10]][SqlQuery] {"query":"update t_DynastyRank set dynasty_list='{ ... k_name='traitor_boss_honour_dynasty_rank'","use_time":0,"size":93}
[2023-05-13 15:19:23][[game_database-10]][SqlQuery] {"query":"update t_DynastyRank set dynasty_list='{ ... re rank_name='rush_activity_dynasty_rank'","use_time":0,"size":87}
[2023-05-13 15:19:23][[game_database-10]][SqlQuery] {"query":"update t_Rank set forbid_dict='{}',role_ ... ere rank_name='activity_fight_score_rank'","use_time":0,"size":93}
[2023-05-13 15:19:23][[game_database-10]][SqlQuery] {"query":"update t_Rank set forbid_dict='{}',role_ ... rank\\\":10}}' where rank_name='score_rank'","use_time":0,"size":4488}
[2023-05-13 15:19:23][[game_database-10]][SqlQuery] {"query":"update t_Rank set forbid_dict='{}',role_ ... re rank_name='rush_activity_soldier_rank'","use_time":0,"size":94}
[2023-05-13 15:19:23][[game_database-10]][SqlQuery] {"query":"update t_Rank set forbid_dict='{}',role_ ... {}' where rank_name='activity_score_rank'","use_time":0,"size":87}
[2023-05-13 15:19:23][[game_database-10]][SqlQuery] {"query":"update t_Rank set forbid_dict='{}',role_ ...  where rank_name='traitor_boss_hurt_rank'","use_time":0,"size":90}
[2023-05-13 15:19:23][[game_database-10]][SqlQuery] {"query":"update t_Rank set forbid_dict='{}',role_ ... rank_name='rush_activity_checkpoint_rank'","use_time":0,"size":97}
[2023-05-13 15:19:23][[game_database-10]][SqlQuery] {"query":"update t_Rank set forbid_dict='{}',role_ ... rank_name='rush_activity_ringleader_rank'","use_time":0,"size":97}
[2023-05-13 15:19:23][[game_database-10]][SqlQuery] {"query":"update t_Rank set forbid_dict='{}',role_ ... \\\"rank\\\":6}}' where rank_name='hunt_rank'","use_time":0,"size":1082}
[2023-05-13 15:19:23][[game_database-10]][SqlQuery] {"query":"update t_Rank set forbid_dict='{}',role_ ... here rank_name='rush_activity_party_rank'","use_time":0.0099999904632568,"size":245}
[2023-05-13 15:19:23][[game_database-10]][SqlQuery] {"query":"update t_Rank set forbid_dict='{}',role_ ... e rank_name='rush_activity_intimacy_rank'","use_time":0,"size":95}
[2023-05-13 15:19:23][[game_database-10]][SqlQuery] {"query":"update t_Rank set forbid_dict='{}',role_ ... ' where rank_name='traitor_max_hurt_rank'","use_time":0,"size":646}
[2023-05-13 15:19:23][[game_database-10]][SqlQuery] {"query":"update t_Rank set forbid_dict='{}',role_ ... {}' where rank_name='activity_money_rank'","use_time":0,"size":87}
[2023-05-13 15:19:23][[game_database-10]][SqlQuery] {"query":"update t_Rank set forbid_dict='{}',role_ ... \":10}}' where rank_name='stage_star_rank'","use_time":0,"size":2560}
[2023-05-13 15:19:23][[game_database-10]][SqlQuery] {"query":"update t_Rank set forbid_dict='{}',role_ ... {}' where rank_name='activity_login_rank'","use_time":0,"size":87}
[2023-05-13 15:19:23][[game_database-10]][SqlQuery] {"query":"update t_Rank set forbid_dict='{}',role_ ... ' where rank_name='activity_banquet_rank'","use_time":0,"size":89}
[2023-05-13 15:19:23][[game_database-10]][SqlQuery] {"query":"update t_Rank set forbid_dict='{}',role_ ... rank\\\":10}}' where rank_name='level_rank'","use_time":0,"size":3050}
[2023-05-13 15:19:23][[game_database-10]][SqlQuery] {"query":"update t_Rank set forbid_dict='{}',role_ ... ' where rank_name='activity_stamina_rank'","use_time":0,"size":89}
[2023-05-13 15:19:23][[game_database-10]][SqlQuery] {"query":"update t_Rank set forbid_dict='{}',role_ ... here rank_name='traitor_boss_honour_rank'","use_time":0,"size":92}
[2023-05-13 15:19:23][[game_database-10]][SqlQuery] {"query":"update t_Rank set forbid_dict='{}',role_ ... where rank_name='rush_activity_food_rank'","use_time":0.0099999904632568,"size":91}
[2023-05-13 15:19:23][[game_database-10]][SqlQuery] {"query":"update t_Rank set forbid_dict='{}',role_ ... e rank_name='rush_activity_recharge_rank'","use_time":0,"size":95}
[2023-05-13 15:19:23][[game_database-10]][SqlQuery] {"query":"update t_Rank set forbid_dict='{}',role_ ...  where rank_name='activity_intimacy_rank'","use_time":0,"size":90}
[2023-05-13 15:19:23][[game_database-10]][SqlQuery] {"query":"update t_Rank set forbid_dict='{}',role_ ... ='{}' where rank_name='traitor_hurt_rank'","use_time":0,"size":85}
[2023-05-13 15:19:23][[game_database-10]][SqlQuery] {"query":"update t_Rank set forbid_dict='{}',role_ ... here rank_name='rush_activity_money_rank'","use_time":0,"size":92}
[2023-05-13 15:19:23][[game_database-10]][SqlQuery] {"query":"update t_Rank set forbid_dict='{}',role_ ... \"rank\\\":6}}' where rank_name='train_rank'","use_time":0,"size":997}
[2023-05-13 15:19:23][[game_database-10]][SqlQuery] {"query":"update t_Rank set forbid_dict='{}',role_ ... ' where rank_name='activity_soldier_rank'","use_time":0,"size":89}
[2023-05-13 15:19:23][[game_database-10]][SqlQuery] {"query":"update t_Rank set forbid_dict='{}',role_ ... here rank_name='rush_activity_score_rank'","use_time":0,"size":92}
[2023-05-13 15:19:23][[game_database-10]][SqlQuery] {"query":"update t_Rank set forbid_dict='{}',role_ ... ' where rank_name='activity_diamond_rank'","use_time":0,"size":89}
[2023-05-13 15:19:23][[game_database-10]][SqlQuery] {"query":"update t_Rank set forbid_dict='{}',role_ ... '{}' where rank_name='traitor_feats_rank'","use_time":0,"size":86}
[2023-05-13 15:19:23][[game_database-10]][SqlQuery] {"query":"update t_Rank set forbid_dict='{}',role_ ... :10}}' where rank_name='fight_score_rank'","use_time":0.0099999904632568,"size":4707}
[2023-05-13 15:19:23][[game_database-10]][SqlQuery] {"query":"update t_Rank set forbid_dict='{}',role_ ... where rank_name='rush_activity_hunt_rank'","use_time":0,"size":361}
[2023-05-13 15:26:55][[game_database-10]][SqlQuery] {"query":"select * from t_Player where urs='b1000'","use_time":0.0099999904632568,"size":40}
[2023-05-13 15:26:55][[game_database-10]][SqlQuery] {"query":"select * from t_Role where uuid='55000028'","use_time":0,"size":42}
[2023-05-13 15:26:55][[game_database-10]][SqlQuery] {"query":"select * from t_LoverActivities where status='activate'","use_time":0.0099999904632568,"size":55}
[2023-05-13 15:26:55][[game_database-10]][SqlQuery] {"query":"select * from t_RolePurchasedLoverActivities where uuid='55000028'","use_time":0,"size":66}
[2023-05-13 15:26:55][[game_database-10]][SqlQuery] {"query":"select * from t_LoverActivitiesDealInfo where uuid='55000028'","use_time":0,"size":61}
[2023-05-13 15:26:55][[game_database-10]][SqlQuery] {"query":"update t_LoverActivities set end_ts=1683963193 where id=3","use_time":0,"size":57}
[2023-05-13 15:26:55][[game_database-10]][SqlQuery] {"query":"update t_LoverActivities set end_ts=1683963415 where id=4","use_time":0,"size":57}
[2023-05-13 15:26:55][[game_database-10]][SqlQuery] {"query":"select * from t_HeroActivities where status='activate'","use_time":0,"size":54}
[2023-05-13 15:26:55][[game_database-10]][SqlQuery] {"query":"select * from t_HeroActivitiesDealInfo where uuid='55000028'","use_time":0,"size":60}
[2023-05-13 15:26:55][[game_database-10]][SqlQuery] {"query":"select * from t_RolePurchasedHeroActivities where uuid='55000028'","use_time":0,"size":65}
[2023-05-13 15:26:55][[game_database-10]][SqlQuery] {"query":"update t_HeroActivities set end_ts=1683963136 where id=1","use_time":0.0099999904632568,"size":56}
[2023-05-13 15:26:55][[game_database-10]][SqlQuery] {"query":"update t_HeroActivities set end_ts=1683962832 where id=2","use_time":0,"size":56}
[2023-05-13 15:26:55][[game_database-10]][SqlQuery] {"query":"select * from t_OfflineCmd where uuid='55000028'","use_time":0,"size":48}
[2023-05-13 15:27:13][[game_database-10]][SqlQuery] {"query":"delete from t_HeroActivitiesDealInfo where uuid='55000028'","use_time":0,"size":58}
[2023-05-13 15:27:13][[game_database-10]][SqlQuery] {"query":"select * from t_HeroActivities where status='activate'","use_time":0,"size":54}
[2023-05-13 15:27:13][[game_database-10]][SqlQuery] {"query":"select * from t_HeroActivitiesDealInfo where uuid='55000028'","use_time":0,"size":60}
[2023-05-13 15:27:13][[game_database-10]][SqlQuery] {"query":"select * from t_RolePurchasedHeroActivities where uuid='55000028'","use_time":0,"size":65}
[2023-05-13 15:27:13][[game_database-10]][SqlQuery] {"query":"update t_HeroActivities set end_ts=1683962892 where id=2","use_time":0,"size":56}
[2023-05-13 15:28:13][[game_database-10]][SqlQuery] {"query":"delete from t_HeroActivitiesDealInfo where uuid='55000028'","use_time":0,"size":58}
[2023-05-13 15:28:13][[game_database-10]][SqlQuery] {"query":"select * from t_HeroActivities where status='activate'","use_time":0,"size":54}
[2023-05-13 15:28:13][[game_database-10]][SqlQuery] {"query":"select * from t_HeroActivitiesDealInfo where uuid='55000028'","use_time":0,"size":60}
[2023-05-13 15:28:13][[game_database-10]][SqlQuery] {"query":"select * from t_RolePurchasedHeroActivities where uuid='55000028'","use_time":0,"size":65}
[2023-05-13 15:28:13][[game_database-10]][SqlQuery] {"query":"update t_HeroActivities set end_ts=1683962952 where id=2","use_time":0,"size":56}
[2023-05-13 15:29:13][[game_database-10]][SqlQuery] {"query":"delete from t_HeroActivitiesDealInfo where uuid='55000028'","use_time":0,"size":58}
[2023-05-13 15:29:13][[game_database-10]][SqlQuery] {"query":"select * from t_HeroActivities where status='activate'","use_time":0,"size":54}
[2023-05-13 15:29:13][[game_database-10]][SqlQuery] {"query":"select * from t_HeroActivitiesDealInfo where uuid='55000028'","use_time":0,"size":60}
[2023-05-13 15:29:13][[game_database-10]][SqlQuery] {"query":"select * from t_RolePurchasedHeroActivities where uuid='55000028'","use_time":0,"size":65}
[2023-05-13 15:29:13][[game_database-10]][SqlQuery] {"query":"update t_HeroActivities set end_ts=1683963012 where id=2","use_time":0,"size":56}
[2023-05-13 15:29:23][[game_database-10]][SqlQuery] {"query":"update t_DynastyRank set dynasty_list='{ ... k_name='traitor_boss_honour_dynasty_rank'","use_time":0,"size":93}
[2023-05-13 15:29:23][[game_database-10]][SqlQuery] {"query":"update t_DynastyRank set dynasty_list='{ ... re rank_name='rush_activity_dynasty_rank'","use_time":0,"size":87}
[2023-05-13 15:29:23][[game_database-10]][SqlQuery] {"query":"update t_Rank set forbid_dict='{}',role_ ... ere rank_name='activity_fight_score_rank'","use_time":0,"size":93}
[2023-05-13 15:29:23][[game_database-10]][SqlQuery] {"query":"update t_Rank set forbid_dict='{}',role_ ... rank\\\":10}}' where rank_name='score_rank'","use_time":0,"size":4488}
[2023-05-13 15:29:23][[game_database-10]][SqlQuery] {"query":"update t_Rank set forbid_dict='{}',role_ ... re rank_name='rush_activity_soldier_rank'","use_time":0,"size":94}
[2023-05-13 15:29:23][[game_database-10]][SqlQuery] {"query":"update t_Rank set forbid_dict='{}',role_ ... {}' where rank_name='activity_score_rank'","use_time":0,"size":87}
[2023-05-13 15:29:23][[game_database-10]][SqlQuery] {"query":"update t_Rank set forbid_dict='{}',role_ ...  where rank_name='traitor_boss_hurt_rank'","use_time":0,"size":90}
[2023-05-13 15:29:23][[game_database-10]][SqlQuery] {"query":"update t_Rank set forbid_dict='{}',role_ ... rank_name='rush_activity_checkpoint_rank'","use_time":0,"size":97}
[2023-05-13 15:29:23][[game_database-10]][SqlQuery] {"query":"update t_Rank set forbid_dict='{}',role_ ... rank_name='rush_activity_ringleader_rank'","use_time":0,"size":97}
[2023-05-13 15:29:23][[game_database-10]][SqlQuery] {"query":"update t_Rank set forbid_dict='{}',role_ ... \\\"rank\\\":6}}' where rank_name='hunt_rank'","use_time":0,"size":1082}
[2023-05-13 15:29:23][[game_database-10]][SqlQuery] {"query":"update t_Rank set forbid_dict='{}',role_ ... here rank_name='rush_activity_party_rank'","use_time":0,"size":245}
[2023-05-13 15:29:23][[game_database-10]][SqlQuery] {"query":"update t_Rank set forbid_dict='{}',role_ ... e rank_name='rush_activity_intimacy_rank'","use_time":0.0099999904632568,"size":95}
[2023-05-13 15:29:23][[game_database-10]][SqlQuery] {"query":"update t_Rank set forbid_dict='{}',role_ ... ' where rank_name='traitor_max_hurt_rank'","use_time":0,"size":646}
[2023-05-13 15:29:23][[game_database-10]][SqlQuery] {"query":"update t_Rank set forbid_dict='{}',role_ ... {}' where rank_name='activity_money_rank'","use_time":0,"size":87}
[2023-05-13 15:29:23][[game_database-10]][SqlQuery] {"query":"update t_Rank set forbid_dict='{}',role_ ... \":10}}' where rank_name='stage_star_rank'","use_time":0,"size":2560}
[2023-05-13 15:29:23][[game_database-10]][SqlQuery] {"query":"update t_Rank set forbid_dict='{}',role_ ... {}' where rank_name='activity_login_rank'","use_time":0,"size":87}
[2023-05-13 15:29:23][[game_database-10]][SqlQuery] {"query":"update t_Rank set forbid_dict='{}',role_ ... ' where rank_name='activity_banquet_rank'","use_time":0,"size":89}
[2023-05-13 15:29:23][[game_database-10]][SqlQuery] {"query":"update t_Rank set forbid_dict='{}',role_ ... rank\\\":10}}' where rank_name='level_rank'","use_time":0,"size":3050}
[2023-05-13 15:29:23][[game_database-10]][SqlQuery] {"query":"update t_Rank set forbid_dict='{}',role_ ... ' where rank_name='activity_stamina_rank'","use_time":0,"size":89}
[2023-05-13 15:29:23][[game_database-10]][SqlQuery] {"query":"update t_Rank set forbid_dict='{}',role_ ... here rank_name='traitor_boss_honour_rank'","use_time":0,"size":92}
[2023-05-13 15:29:23][[game_database-10]][SqlQuery] {"query":"update t_Rank set forbid_dict='{}',role_ ... where rank_name='rush_activity_food_rank'","use_time":0,"size":91}
[2023-05-13 15:29:23][[game_database-10]][SqlQuery] {"query":"update t_Rank set forbid_dict='{}',role_ ... e rank_name='rush_activity_recharge_rank'","use_time":0,"size":95}
[2023-05-13 15:29:23][[game_database-10]][SqlQuery] {"query":"update t_Rank set forbid_dict='{}',role_ ...  where rank_name='activity_intimacy_rank'","use_time":0,"size":90}
[2023-05-13 15:29:23][[game_database-10]][SqlQuery] {"query":"update t_Rank set forbid_dict='{}',role_ ... ='{}' where rank_name='traitor_hurt_rank'","use_time":0,"size":85}
[2023-05-13 15:29:23][[game_database-10]][SqlQuery] {"query":"update t_Rank set forbid_dict='{}',role_ ... here rank_name='rush_activity_money_rank'","use_time":0,"size":92}
[2023-05-13 15:29:23][[game_database-10]][SqlQuery] {"query":"update t_Rank set forbid_dict='{}',role_ ... \"rank\\\":6}}' where rank_name='train_rank'","use_time":0.0099999904632568,"size":997}
[2023-05-13 15:29:23][[game_database-10]][SqlQuery] {"query":"update t_Rank set forbid_dict='{}',role_ ... ' where rank_name='activity_soldier_rank'","use_time":0,"size":89}
[2023-05-13 15:29:23][[game_database-10]][SqlQuery] {"query":"update t_Rank set forbid_dict='{}',role_ ... here rank_name='rush_activity_score_rank'","use_time":0,"size":92}
[2023-05-13 15:29:23][[game_database-10]][SqlQuery] {"query":"update t_Rank set forbid_dict='{}',role_ ... ' where rank_name='activity_diamond_rank'","use_time":0,"size":89}
[2023-05-13 15:29:23][[game_database-10]][SqlQuery] {"query":"update t_Rank set forbid_dict='{}',role_ ... '{}' where rank_name='traitor_feats_rank'","use_time":0,"size":86}
[2023-05-13 15:29:23][[game_database-10]][SqlQuery] {"query":"update t_Rank set forbid_dict='{}',role_ ... :10}}' where rank_name='fight_score_rank'","use_time":0,"size":4707}
[2023-05-13 15:29:23][[game_database-10]][SqlQuery] {"query":"update t_Rank set forbid_dict='{}',role_ ... where rank_name='rush_activity_hunt_rank'","use_time":0,"size":361}
[2023-05-13 15:30:13][[game_database-10]][SqlQuery] {"query":"delete from t_HeroActivitiesDealInfo where uuid='55000028'","use_time":0,"size":58}
[2023-05-13 15:30:13][[game_database-10]][SqlQuery] {"query":"select * from t_HeroActivities where status='activate'","use_time":0,"size":54}
[2023-05-13 15:30:13][[game_database-10]][SqlQuery] {"query":"select * from t_HeroActivitiesDealInfo where uuid='55000028'","use_time":0,"size":60}
[2023-05-13 15:30:13][[game_database-10]][SqlQuery] {"query":"select * from t_RolePurchasedHeroActivities where uuid='55000028'","use_time":0,"size":65}
[2023-05-13 15:30:13][[game_database-10]][SqlQuery] {"query":"update t_HeroActivities set end_ts=1683963072 where id=2","use_time":0,"size":56}
[2023-05-13 15:31:13][[game_database-10]][SqlQuery] {"query":"delete from t_HeroActivitiesDealInfo where uuid='55000028'","use_time":0,"size":58}
[2023-05-13 15:31:13][[game_database-10]][SqlQuery] {"query":"select * from t_HeroActivities where status='activate'","use_time":0,"size":54}
[2023-05-13 15:31:13][[game_database-10]][SqlQuery] {"query":"select * from t_HeroActivitiesDealInfo where uuid='55000028'","use_time":0,"size":60}
[2023-05-13 15:31:13][[game_database-10]][SqlQuery] {"query":"select * from t_RolePurchasedHeroActivities where uuid='55000028'","use_time":0,"size":65}
[2023-05-13 15:31:13][[game_database-10]][SqlQuery] {"query":"update t_HeroActivities set end_ts=1683963132 where id=2","use_time":0,"size":56}
[2023-05-13 15:32:13][[game_database-10]][SqlQuery] {"query":"delete from t_HeroActivitiesDealInfo where uuid='55000028'","use_time":0,"size":58}
[2023-05-13 15:32:13][[game_database-10]][SqlQuery] {"query":"select * from t_HeroActivities where status='activate'","use_time":0,"size":54}
[2023-05-13 15:32:13][[game_database-10]][SqlQuery] {"query":"select * from t_HeroActivitiesDealInfo where uuid='55000028'","use_time":0,"size":60}
[2023-05-13 15:32:13][[game_database-10]][SqlQuery] {"query":"select * from t_RolePurchasedHeroActivities where uuid='55000028'","use_time":0,"size":65}
[2023-05-13 15:32:13][[game_database-10]][SqlQuery] {"query":"update t_HeroActivities set end_ts=1683963192 where id=2","use_time":0,"size":56}
[2023-05-13 15:32:17][[game_database-10]][SqlQuery] {"query":"delete from t_HeroActivitiesDealInfo where uuid='55000028'","use_time":0,"size":58}
[2023-05-13 15:32:17][[game_database-10]][SqlQuery] {"query":"select * from t_HeroActivities where status='activate'","use_time":0,"size":54}
[2023-05-13 15:32:17][[game_database-10]][SqlQuery] {"query":"select * from t_HeroActivitiesDealInfo where uuid='55000028'","use_time":0,"size":60}
[2023-05-13 15:32:17][[game_database-10]][SqlQuery] {"query":"select * from t_RolePurchasedHeroActivities where uuid='55000028'","use_time":0,"size":65}
[2023-05-13 15:32:17][[game_database-10]][SqlQuery] {"query":"update t_HeroActivities set end_ts=1683963736 where id=1","use_time":0,"size":56}
[2023-05-13 15:33:13][[game_database-10]][SqlQuery] {"query":"delete from t_HeroActivitiesDealInfo where uuid='55000028'","use_time":0,"size":58}
[2023-05-13 15:33:13][[game_database-10]][SqlQuery] {"query":"select * from t_HeroActivities where status='activate'","use_time":0,"size":54}
[2023-05-13 15:33:13][[game_database-10]][SqlQuery] {"query":"select * from t_HeroActivitiesDealInfo where uuid='55000028'","use_time":0,"size":60}
[2023-05-13 15:33:13][[game_database-10]][SqlQuery] {"query":"select * from t_RolePurchasedHeroActivities where uuid='55000028'","use_time":0,"size":65}
[2023-05-13 15:33:13][[game_database-10]][SqlQuery] {"query":"update t_HeroActivities set end_ts=1683963252 where id=2","use_time":0,"size":56}
[2023-05-13 15:33:14][[game_database-10]][SqlQuery] {"query":"delete from t_LoverActivitiesDealInfo where uuid='55000028'","use_time":0,"size":59}
[2023-05-13 15:33:14][[game_database-10]][SqlQuery] {"query":"select * from t_LoverActivities where status='activate'","use_time":0,"size":55}
[2023-05-13 15:33:14][[game_database-10]][SqlQuery] {"query":"select * from t_RolePurchasedLoverActivities where uuid='55000028'","use_time":0,"size":66}
[2023-05-13 15:33:14][[game_database-10]][SqlQuery] {"query":"select * from t_LoverActivitiesDealInfo where uuid='55000028'","use_time":0,"size":61}
[2023-05-13 15:33:14][[game_database-10]][SqlQuery] {"query":"update t_LoverActivities set end_ts=1683964093 where id=3","use_time":0,"size":57}
[2023-05-13 15:34:13][[game_database-10]][SqlQuery] {"query":"delete from t_HeroActivitiesDealInfo where uuid='55000028'","use_time":0,"size":58}
[2023-05-13 15:34:13][[game_database-10]][SqlQuery] {"query":"select * from t_HeroActivities where status='activate'","use_time":0,"size":54}
[2023-05-13 15:34:13][[game_database-10]][SqlQuery] {"query":"select * from t_HeroActivitiesDealInfo where uuid='55000028'","use_time":0,"size":60}
[2023-05-13 15:34:13][[game_database-10]][SqlQuery] {"query":"select * from t_RolePurchasedHeroActivities where uuid='55000028'","use_time":0,"size":65}
[2023-05-13 15:34:13][[game_database-10]][SqlQuery] {"query":"update t_HeroActivities set end_ts=1683963312 where id=2","use_time":0,"size":56}
[2023-05-13 15:35:13][[game_database-10]][SqlQuery] {"query":"delete from t_HeroActivitiesDealInfo where uuid='55000028'","use_time":0,"size":58}
[2023-05-13 15:35:13][[game_database-10]][SqlQuery] {"query":"select * from t_HeroActivities where status='activate'","use_time":0,"size":54}
[2023-05-13 15:35:13][[game_database-10]][SqlQuery] {"query":"select * from t_HeroActivitiesDealInfo where uuid='55000028'","use_time":0,"size":60}
[2023-05-13 15:35:13][[game_database-10]][SqlQuery] {"query":"select * from t_RolePurchasedHeroActivities where uuid='55000028'","use_time":0,"size":65}
[2023-05-13 15:35:13][[game_database-10]][SqlQuery] {"query":"update t_HeroActivities set end_ts=1683963372 where id=2","use_time":0,"size":56}
[2023-05-13 15:36:13][[game_database-10]][SqlQuery] {"query":"delete from t_HeroActivitiesDealInfo where uuid='55000028'","use_time":0,"size":58}
[2023-05-13 15:36:13][[game_database-10]][SqlQuery] {"query":"select * from t_HeroActivities where status='activate'","use_time":0,"size":54}
[2023-05-13 15:36:13][[game_database-10]][SqlQuery] {"query":"select * from t_HeroActivitiesDealInfo where uuid='55000028'","use_time":0,"size":60}
[2023-05-13 15:36:13][[game_database-10]][SqlQuery] {"query":"select * from t_RolePurchasedHeroActivities where uuid='55000028'","use_time":0,"size":65}
[2023-05-13 15:36:13][[game_database-10]][SqlQuery] {"query":"update t_HeroActivities set end_ts=1683963432 where id=2","use_time":0,"size":56}
[2023-05-13 15:36:56][[game_database-10]][SqlQuery] {"query":"delete from t_LoverActivitiesDealInfo where uuid='55000028'","use_time":0,"size":59}
[2023-05-13 15:36:56][[game_database-10]][SqlQuery] {"query":"select * from t_LoverActivities where status='activate'","use_time":0,"size":55}
[2023-05-13 15:36:56][[game_database-10]][SqlQuery] {"query":"select * from t_RolePurchasedLoverActivities where uuid='55000028'","use_time":0,"size":66}
[2023-05-13 15:36:56][[game_database-10]][SqlQuery] {"query":"select * from t_LoverActivitiesDealInfo where uuid='55000028'","use_time":0,"size":61}
[2023-05-13 15:36:56][[game_database-10]][SqlQuery] {"query":"update t_LoverActivities set end_ts=1683964315 where id=4","use_time":0,"size":57}
[2023-05-13 15:37:13][[game_database-10]][SqlQuery] {"query":"delete from t_HeroActivitiesDealInfo where uuid='55000028'","use_time":0,"size":58}
[2023-05-13 15:37:13][[game_database-10]][SqlQuery] {"query":"select * from t_HeroActivities where status='activate'","use_time":0,"size":54}
[2023-05-13 15:37:13][[game_database-10]][SqlQuery] {"query":"select * from t_HeroActivitiesDealInfo where uuid='55000028'","use_time":0,"size":60}
[2023-05-13 15:37:13][[game_database-10]][SqlQuery] {"query":"select * from t_RolePurchasedHeroActivities where uuid='55000028'","use_time":0,"size":65}
[2023-05-13 15:37:13][[game_database-10]][SqlQuery] {"query":"update t_HeroActivities set end_ts=1683963492 where id=2","use_time":0,"size":56}
[2023-05-13 15:38:13][[game_database-10]][SqlQuery] {"query":"delete from t_HeroActivitiesDealInfo where uuid='55000028'","use_time":0,"size":58}
[2023-05-13 15:38:13][[game_database-10]][SqlQuery] {"query":"select * from t_HeroActivities where status='activate'","use_time":0,"size":54}
[2023-05-13 15:38:13][[game_database-10]][SqlQuery] {"query":"select * from t_HeroActivitiesDealInfo where uuid='55000028'","use_time":0,"size":60}
[2023-05-13 15:38:13][[game_database-10]][SqlQuery] {"query":"select * from t_RolePurchasedHeroActivities where uuid='55000028'","use_time":0,"size":65}
[2023-05-13 15:38:13][[game_database-10]][SqlQuery] {"query":"update t_HeroActivities set end_ts=1683963552 where id=2","use_time":0,"size":56}
[2023-05-13 15:39:13][[game_database-10]][SqlQuery] {"query":"delete from t_HeroActivitiesDealInfo where uuid='55000028'","use_time":0,"size":58}
[2023-05-13 15:39:13][[game_database-10]][SqlQuery] {"query":"select * from t_HeroActivities where status='activate'","use_time":0,"size":54}
[2023-05-13 15:39:13][[game_database-10]][SqlQuery] {"query":"select * from t_HeroActivitiesDealInfo where uuid='55000028'","use_time":0,"size":60}
[2023-05-13 15:39:13][[game_database-10]][SqlQuery] {"query":"select * from t_RolePurchasedHeroActivities where uuid='55000028'","use_time":0,"size":65}
[2023-05-13 15:39:13][[game_database-10]][SqlQuery] {"query":"update t_HeroActivities set end_ts=1683963612 where id=2","use_time":0,"size":56}
[2023-05-13 15:39:23][[game_database-10]][SqlQuery] {"query":"update t_DynastyRank set dynasty_list='{ ... k_name='traitor_boss_honour_dynasty_rank'","use_time":0.0099999904632568,"size":93}
[2023-05-13 15:39:23][[game_database-10]][SqlQuery] {"query":"update t_DynastyRank set dynasty_list='{ ... re rank_name='rush_activity_dynasty_rank'","use_time":0,"size":87}
[2023-05-13 15:39:23][[game_database-10]][SqlQuery] {"query":"update t_Rank set forbid_dict='{}',role_ ... ere rank_name='activity_fight_score_rank'","use_time":0,"size":93}
[2023-05-13 15:39:23][[game_database-10]][SqlQuery] {"query":"update t_Rank set forbid_dict='{}',role_ ... rank\\\":10}}' where rank_name='score_rank'","use_time":0,"size":4488}
[2023-05-13 15:39:23][[game_database-10]][SqlQuery] {"query":"update t_Rank set forbid_dict='{}',role_ ... re rank_name='rush_activity_soldier_rank'","use_time":0,"size":94}
[2023-05-13 15:39:23][[game_database-10]][SqlQuery] {"query":"update t_Rank set forbid_dict='{}',role_ ... {}' where rank_name='activity_score_rank'","use_time":0,"size":87}
[2023-05-13 15:39:23][[game_database-10]][SqlQuery] {"query":"update t_Rank set forbid_dict='{}',role_ ...  where rank_name='traitor_boss_hurt_rank'","use_time":0,"size":90}
[2023-05-13 15:39:23][[game_database-10]][SqlQuery] {"query":"update t_Rank set forbid_dict='{}',role_ ... rank_name='rush_activity_checkpoint_rank'","use_time":0,"size":97}
[2023-05-13 15:39:23][[game_database-10]][SqlQuery] {"query":"update t_Rank set forbid_dict='{}',role_ ... rank_name='rush_activity_ringleader_rank'","use_time":0,"size":97}
[2023-05-13 15:39:23][[game_database-10]][SqlQuery] {"query":"update t_Rank set forbid_dict='{}',role_ ... \\\"rank\\\":6}}' where rank_name='hunt_rank'","use_time":0,"size":1082}
[2023-05-13 15:39:23][[game_database-10]][SqlQuery] {"query":"update t_Rank set forbid_dict='{}',role_ ... here rank_name='rush_activity_party_rank'","use_time":0,"size":245}
[2023-05-13 15:39:23][[game_database-10]][SqlQuery] {"query":"update t_Rank set forbid_dict='{}',role_ ... e rank_name='rush_activity_intimacy_rank'","use_time":0,"size":95}
[2023-05-13 15:39:23][[game_database-10]][SqlQuery] {"query":"update t_Rank set forbid_dict='{}',role_ ... ' where rank_name='traitor_max_hurt_rank'","use_time":0,"size":646}
[2023-05-13 15:39:23][[game_database-10]][SqlQuery] {"query":"update t_Rank set forbid_dict='{}',role_ ... {}' where rank_name='activity_money_rank'","use_time":0,"size":87}
[2023-05-13 15:39:23][[game_database-10]][SqlQuery] {"query":"update t_Rank set forbid_dict='{}',role_ ... \":10}}' where rank_name='stage_star_rank'","use_time":0.0099999904632568,"size":2560}
[2023-05-13 15:39:23][[game_database-10]][SqlQuery] {"query":"update t_Rank set forbid_dict='{}',role_ ... {}' where rank_name='activity_login_rank'","use_time":0,"size":87}
[2023-05-13 15:39:23][[game_database-10]][SqlQuery] {"query":"update t_Rank set forbid_dict='{}',role_ ... ' where rank_name='activity_banquet_rank'","use_time":0,"size":89}
[2023-05-13 15:39:23][[game_database-10]][SqlQuery] {"query":"update t_Rank set forbid_dict='{}',role_ ... rank\\\":10}}' where rank_name='level_rank'","use_time":0,"size":3050}
[2023-05-13 15:39:23][[game_database-10]][SqlQuery] {"query":"update t_Rank set forbid_dict='{}',role_ ... ' where rank_name='activity_stamina_rank'","use_time":0,"size":89}
[2023-05-13 15:39:23][[game_database-10]][SqlQuery] {"query":"update t_Rank set forbid_dict='{}',role_ ... here rank_name='traitor_boss_honour_rank'","use_time":0,"size":92}
[2023-05-13 15:39:23][[game_database-10]][SqlQuery] {"query":"update t_Rank set forbid_dict='{}',role_ ... where rank_name='rush_activity_food_rank'","use_time":0,"size":91}
[2023-05-13 15:39:23][[game_database-10]][SqlQuery] {"query":"update t_Rank set forbid_dict='{}',role_ ... e rank_name='rush_activity_recharge_rank'","use_time":0,"size":95}
[2023-05-13 15:39:23][[game_database-10]][SqlQuery] {"query":"update t_Rank set forbid_dict='{}',role_ ...  where rank_name='activity_intimacy_rank'","use_time":0,"size":90}
[2023-05-13 15:39:23][[game_database-10]][SqlQuery] {"query":"update t_Rank set forbid_dict='{}',role_ ... ='{}' where rank_name='traitor_hurt_rank'","use_time":0,"size":85}
[2023-05-13 15:39:23][[game_database-10]][SqlQuery] {"query":"update t_Rank set forbid_dict='{}',role_ ... here rank_name='rush_activity_money_rank'","use_time":0,"size":92}
[2023-05-13 15:39:23][[game_database-10]][SqlQuery] {"query":"update t_Rank set forbid_dict='{}',role_ ... \"rank\\\":6}}' where rank_name='train_rank'","use_time":0.0099999904632568,"size":997}
[2023-05-13 15:39:23][[game_database-10]][SqlQuery] {"query":"update t_Rank set forbid_dict='{}',role_ ... ' where rank_name='activity_soldier_rank'","use_time":0,"size":89}
[2023-05-13 15:39:23][[game_database-10]][SqlQuery] {"query":"update t_Rank set forbid_dict='{}',role_ ... here rank_name='rush_activity_score_rank'","use_time":0,"size":92}
[2023-05-13 15:39:23][[game_database-10]][SqlQuery] {"query":"update t_Rank set forbid_dict='{}',role_ ... ' where rank_name='activity_diamond_rank'","use_time":0,"size":89}
[2023-05-13 15:39:23][[game_database-10]][SqlQuery] {"query":"update t_Rank set forbid_dict='{}',role_ ... '{}' where rank_name='traitor_feats_rank'","use_time":0,"size":86}
[2023-05-13 15:39:23][[game_database-10]][SqlQuery] {"query":"update t_Rank set forbid_dict='{}',role_ ... :10}}' where rank_name='fight_score_rank'","use_time":0,"size":4707}
[2023-05-13 15:39:23][[game_database-10]][SqlQuery] {"query":"update t_Rank set forbid_dict='{}',role_ ... where rank_name='rush_activity_hunt_rank'","use_time":0,"size":361}
[2023-05-13 15:39:24][[game_database-10]][SqlQuery] {"query":"select * from t_Player where urs='quick:2ebef16687d0b59d244f79db3e5e8330@_()'","use_time":0,"size":77}
[2023-05-13 15:39:24][[game_database-10]][SqlQuery] {"query":"select * from t_Role where uuid='55000021'","use_time":0,"size":42}
[2023-05-13 15:39:24][[game_database-10]][SqlQuery] {"query":"select * from t_DailyGiftPackage where r ... 05-13'&&reset_cycle=1&&user_id='55000021'","use_time":0.019999980926514,"size":98}
[2023-05-13 15:39:28][[game_database-10]][SqlQuery] {"query":"select * from t_Player where urs='quick:2ebef16687d0b59d244f79db3e5e8330@_()'","use_time":0,"size":77}
[2023-05-13 15:39:28][[game_database-10]][SqlQuery] {"query":"select role_id,name,level,fight_score,la ... s,score from t_Role where uuid='55000002'","use_time":0,"size":93}
[2023-05-13 15:39:28][[game_database-10]][SqlQuery] {"query":"select role_id,name,level,fight_score,la ... s,score from t_Role where uuid='55000025'","use_time":0,"size":93}
[2023-05-13 15:39:28][[game_database-10]][SqlQuery] {"query":"select * from t_LoverActivities where status='activate'","use_time":0,"size":55}
[2023-05-13 15:39:28][[game_database-10]][SqlQuery] {"query":"select * from t_RolePurchasedLoverActivities where uuid='55000021'","use_time":0,"size":66}
[2023-05-13 15:39:28][[game_database-10]][SqlQuery] {"query":"select * from t_LoverActivitiesDealInfo where uuid='55000021'","use_time":0,"size":61}
[2023-05-13 15:39:28][[game_database-10]][SqlQuery] {"query":"select * from t_HeroActivities where status='activate'","use_time":0,"size":54}
[2023-05-13 15:39:28][[game_database-10]][SqlQuery] {"query":"select * from t_HeroActivitiesDealInfo where uuid='55000021'","use_time":0,"size":60}
[2023-05-13 15:39:28][[game_database-10]][SqlQuery] {"query":"select * from t_RolePurchasedHeroActivities where uuid='55000021'","use_time":0,"size":65}
[2023-05-13 15:39:28][[game_database-10]][SqlQuery] {"query":"select * from t_OfflineCmd where uuid='55000021'","use_time":0.0099999904632568,"size":48}
[2023-05-13 15:39:29][[game_database-10]][SqlQuery] {"query":"delete from t_OfflineCmd where uuid='55000021'","use_time":0,"size":46}
[2023-05-13 15:40:13][[game_database-10]][SqlQuery] {"query":"delete from t_HeroActivitiesDealInfo where uuid='55000021'","use_time":0,"size":58}
[2023-05-13 15:40:13][[game_database-10]][SqlQuery] {"query":"delete from t_HeroActivitiesDealInfo where uuid='55000028'","use_time":0,"size":58}
[2023-05-13 15:40:13][[game_database-10]][SqlQuery] {"query":"select * from t_HeroActivities where status='activate'","use_time":0,"size":54}
[2023-05-13 15:40:13][[game_database-10]][SqlQuery] {"query":"select * from t_HeroActivitiesDealInfo where uuid='55000028'","use_time":0,"size":60}
[2023-05-13 15:40:13][[game_database-10]][SqlQuery] {"query":"select * from t_RolePurchasedHeroActivities where uuid='55000028'","use_time":0,"size":65}
[2023-05-13 15:40:13][[game_database-10]][SqlQuery] {"query":"update t_HeroActivities set end_ts=1683963672 where id=2","use_time":0,"size":56}
[2023-05-13 15:40:30][[game_database-10]][SqlQuery] {"query":"select * from t_HeroActivities where status='activate'","use_time":0,"size":54}
[2023-05-13 15:40:30][[game_database-10]][SqlQuery] {"query":"select * from t_HeroActivitiesDealInfo where uuid='55000028'","use_time":0.0099999904632568,"size":60}
[2023-05-13 15:40:30][[game_database-10]][SqlQuery] {"query":"select * from t_RolePurchasedHeroActivities where uuid='55000028'","use_time":0,"size":65}
[2023-05-13 15:40:46][[game_database-10]][SqlQuery] {"query":"update t_Role set first_week='{\\\"half_se ... 83946781,flag_id=30 where uuid='55000028'","use_time":0.0099999904632568,"size":38500}
[2023-05-13 15:40:52][[game_database-10]][SqlQuery] {"query":"select * from t_Player where urs='b1001'","use_time":0,"size":40}
[2023-05-13 15:40:52][[game_database-10]][SqlQuery] {"query":"select * from t_Role where uuid='55000034'","use_time":0,"size":42}
[2023-05-13 15:40:52][[game_database-10]][SqlQuery] {"query":"select * from t_DailyGiftPackage where r ... 05-13'&&reset_cycle=1&&user_id='55000034'","use_time":0.019999980926514,"size":98}
[2023-05-13 15:40:53][[game_database-10]][SqlQuery] {"query":"select * from t_Player where urs='b1001'","use_time":0,"size":40}
[2023-05-13 15:40:53][[game_database-10]][SqlQuery] {"query":"select * from t_LoverActivities where status='activate'","use_time":0,"size":55}
[2023-05-13 15:40:53][[game_database-10]][SqlQuery] {"query":"select * from t_RolePurchasedLoverActivities where uuid='55000034'","use_time":0.0099999904632568,"size":66}
[2023-05-13 15:40:53][[game_database-10]][SqlQuery] {"query":"select * from t_LoverActivitiesDealInfo where uuid='55000034'","use_time":0,"size":61}
[2023-05-13 15:40:53][[game_database-10]][SqlQuery] {"query":"select * from t_HeroActivities where status='activate'","use_time":0,"size":54}
[2023-05-13 15:40:53][[game_database-10]][SqlQuery] {"query":"select * from t_HeroActivitiesDealInfo where uuid='55000034'","use_time":0,"size":60}
[2023-05-13 15:40:53][[game_database-10]][SqlQuery] {"query":"select * from t_RolePurchasedHeroActivities where uuid='55000034'","use_time":0,"size":65}
[2023-05-13 15:40:53][[game_database-10]][SqlQuery] {"query":"select * from t_OfflineCmd where uuid='55000034'","use_time":0,"size":48}
[2023-05-13 15:41:12][[game_database-10]][SqlQuery] {"query":"delete from t_HeroActivitiesDealInfo where uuid='55000034'","use_time":0,"size":58}
[2023-05-13 15:41:12][[game_database-10]][SqlQuery] {"query":"select * from t_HeroActivities where status='activate'","use_time":0,"size":54}
[2023-05-13 15:41:12][[game_database-10]][SqlQuery] {"query":"select * from t_HeroActivitiesDealInfo where uuid='55000034'","use_time":0,"size":60}
[2023-05-13 15:41:12][[game_database-10]][SqlQuery] {"query":"select * from t_RolePurchasedHeroActivities where uuid='55000034'","use_time":0,"size":65}
[2023-05-13 15:41:12][[game_database-10]][SqlQuery] {"query":"update t_HeroActivities set end_ts=1683963732 where id=2","use_time":0,"size":56}
[2023-05-13 15:41:59][[game_database-10]][SqlQuery] {"query":"update t_Role set first_week='{\\\"half_se ... 83963651,flag_id=25 where uuid='55000034'","use_time":0,"size":25243}
[2023-05-13 15:42:12][[game_database-10]][SqlQuery] {"query":"delete from t_HeroActivitiesDealInfo where uuid='55000034'","use_time":0,"size":58}
[2023-05-13 15:42:12][[game_database-10]][SqlQuery] {"query":"select * from t_HeroActivities where status='activate'","use_time":0,"size":54}
[2023-05-13 15:42:12][[game_database-10]][SqlQuery] {"query":"select * from t_HeroActivitiesDealInfo where uuid='55000034'","use_time":0,"size":60}
[2023-05-13 15:42:12][[game_database-10]][SqlQuery] {"query":"select * from t_RolePurchasedHeroActivities where uuid='55000034'","use_time":0,"size":65}
[2023-05-13 15:42:12][[game_database-10]][SqlQuery] {"query":"update t_HeroActivities set end_ts=1683963792 where id=2","use_time":0,"size":56}
[2023-05-13 15:42:16][[game_database-10]][SqlQuery] {"query":"delete from t_HeroActivitiesDealInfo where uuid='55000034'","use_time":0,"size":58}
[2023-05-13 15:42:16][[game_database-10]][SqlQuery] {"query":"select * from t_HeroActivities where status='activate'","use_time":0,"size":54}
[2023-05-13 15:42:16][[game_database-10]][SqlQuery] {"query":"select * from t_HeroActivitiesDealInfo where uuid='55000034'","use_time":0,"size":60}
[2023-05-13 15:42:16][[game_database-10]][SqlQuery] {"query":"select * from t_RolePurchasedHeroActivities where uuid='55000034'","use_time":0,"size":65}
[2023-05-13 15:42:16][[game_database-10]][SqlQuery] {"query":"update t_HeroActivities set end_ts=1683964336 where id=1","use_time":0,"size":56}
[2023-05-13 15:42:17][[game_database-10]][SqlQuery] {"query":"delete from t_HeroActivitiesDealInfo where uuid='55000021'","use_time":0,"size":58}
[2023-05-13 15:43:12][[game_database-10]][SqlQuery] {"query":"delete from t_HeroActivitiesDealInfo where uuid='55000034'","use_time":0,"size":58}
[2023-05-13 15:43:12][[game_database-10]][SqlQuery] {"query":"select * from t_HeroActivities where status='activate'","use_time":0,"size":54}
[2023-05-13 15:43:12][[game_database-10]][SqlQuery] {"query":"select * from t_HeroActivitiesDealInfo where uuid='55000034'","use_time":0,"size":60}
[2023-05-13 15:43:12][[game_database-10]][SqlQuery] {"query":"select * from t_RolePurchasedHeroActivities where uuid='55000034'","use_time":0,"size":65}
[2023-05-13 15:43:12][[game_database-10]][SqlQuery] {"query":"update t_HeroActivities set end_ts=1683963852 where id=2","use_time":0,"size":56}
[2023-05-13 15:44:12][[game_database-10]][SqlQuery] {"query":"delete from t_HeroActivitiesDealInfo where uuid='55000034'","use_time":0,"size":58}
[2023-05-13 15:44:12][[game_database-10]][SqlQuery] {"query":"select * from t_HeroActivities where status='activate'","use_time":0,"size":54}
[2023-05-13 15:44:12][[game_database-10]][SqlQuery] {"query":"select * from t_HeroActivitiesDealInfo where uuid='55000034'","use_time":0,"size":60}
[2023-05-13 15:44:12][[game_database-10]][SqlQuery] {"query":"select * from t_RolePurchasedHeroActivities where uuid='55000034'","use_time":0,"size":65}
[2023-05-13 15:44:12][[game_database-10]][SqlQuery] {"query":"update t_HeroActivities set end_ts=1683963912 where id=2","use_time":0,"size":56}
[2023-05-13 15:45:12][[game_database-10]][SqlQuery] {"query":"delete from t_HeroActivitiesDealInfo where uuid='55000034'","use_time":0,"size":58}
[2023-05-13 15:45:12][[game_database-10]][SqlQuery] {"query":"select * from t_HeroActivities where status='activate'","use_time":0,"size":54}
[2023-05-13 15:45:12][[game_database-10]][SqlQuery] {"query":"select * from t_HeroActivitiesDealInfo where uuid='55000034'","use_time":0,"size":60}
[2023-05-13 15:45:12][[game_database-10]][SqlQuery] {"query":"select * from t_RolePurchasedHeroActivities where uuid='55000034'","use_time":0,"size":65}
[2023-05-13 15:45:12][[game_database-10]][SqlQuery] {"query":"update t_HeroActivities set end_ts=1683963972 where id=2","use_time":0,"size":56}
[2023-05-13 15:45:45][[game_database-10]][SqlQuery] {"query":"update t_Role set first_week='{\\\"half_se ... 83963563,flag_id=25 where uuid='55000021'","use_time":0,"size":80289}
[2023-05-13 15:46:12][[game_database-10]][SqlQuery] {"query":"delete from t_HeroActivitiesDealInfo where uuid='55000034'","use_time":0,"size":58}
[2023-05-13 15:46:12][[game_database-10]][SqlQuery] {"query":"select * from t_HeroActivities where status='activate'","use_time":0,"size":54}
[2023-05-13 15:46:12][[game_database-10]][SqlQuery] {"query":"select * from t_HeroActivitiesDealInfo where uuid='55000034'","use_time":0,"size":60}
[2023-05-13 15:46:12][[game_database-10]][SqlQuery] {"query":"select * from t_RolePurchasedHeroActivities where uuid='55000034'","use_time":0,"size":65}
[2023-05-13 15:46:12][[game_database-10]][SqlQuery] {"query":"update t_HeroActivities set end_ts=1683964032 where id=2","use_time":0,"size":56}
[2023-05-13 15:47:12][[game_database-10]][SqlQuery] {"query":"delete from t_HeroActivitiesDealInfo where uuid='55000034'","use_time":0,"size":58}
[2023-05-13 15:47:12][[game_database-10]][SqlQuery] {"query":"select * from t_HeroActivities where status='activate'","use_time":0,"size":54}
[2023-05-13 15:47:12][[game_database-10]][SqlQuery] {"query":"select * from t_HeroActivitiesDealInfo where uuid='55000034'","use_time":0,"size":60}
[2023-05-13 15:47:12][[game_database-10]][SqlQuery] {"query":"select * from t_RolePurchasedHeroActivities where uuid='55000034'","use_time":0,"size":65}
[2023-05-13 15:47:12][[game_database-10]][SqlQuery] {"query":"update t_HeroActivities set end_ts=1683964092 where id=2","use_time":0,"size":56}
[2023-05-13 15:48:12][[game_database-10]][SqlQuery] {"query":"delete from t_HeroActivitiesDealInfo where uuid='55000034'","use_time":0,"size":58}
[2023-05-13 15:48:12][[game_database-10]][SqlQuery] {"query":"select * from t_HeroActivities where status='activate'","use_time":0,"size":54}
[2023-05-13 15:48:12][[game_database-10]][SqlQuery] {"query":"select * from t_HeroActivitiesDealInfo where uuid='55000034'","use_time":0,"size":60}
[2023-05-13 15:48:12][[game_database-10]][SqlQuery] {"query":"select * from t_RolePurchasedHeroActivities where uuid='55000034'","use_time":0,"size":65}
[2023-05-13 15:48:12][[game_database-10]][SqlQuery] {"query":"update t_HeroActivities set end_ts=1683964152 where id=2","use_time":0,"size":56}
[2023-05-13 15:48:13][[game_database-10]][SqlQuery] {"query":"delete from t_LoverActivitiesDealInfo where uuid='55000034'","use_time":0,"size":59}
[2023-05-13 15:48:13][[game_database-10]][SqlQuery] {"query":"select * from t_LoverActivities where status='activate'","use_time":0,"size":55}
[2023-05-13 15:48:13][[game_database-10]][SqlQuery] {"query":"select * from t_RolePurchasedLoverActivities where uuid='55000034'","use_time":0,"size":66}
[2023-05-13 15:48:13][[game_database-10]][SqlQuery] {"query":"select * from t_LoverActivitiesDealInfo where uuid='55000034'","use_time":0,"size":61}
[2023-05-13 15:48:13][[game_database-10]][SqlQuery] {"query":"update t_LoverActivities set end_ts=1683964993 where id=3","use_time":0,"size":57}
[2023-05-13 15:48:14][[game_database-10]][SqlQuery] {"query":"delete from t_LoverActivitiesDealInfo where uuid='55000021'","use_time":0,"size":59}
[2023-05-13 15:49:12][[game_database-10]][SqlQuery] {"query":"delete from t_HeroActivitiesDealInfo where uuid='55000034'","use_time":0,"size":58}
[2023-05-13 15:49:12][[game_database-10]][SqlQuery] {"query":"select * from t_HeroActivities where status='activate'","use_time":0,"size":54}
[2023-05-13 15:49:12][[game_database-10]][SqlQuery] {"query":"select * from t_HeroActivitiesDealInfo where uuid='55000034'","use_time":0,"size":60}
[2023-05-13 15:49:12][[game_database-10]][SqlQuery] {"query":"select * from t_RolePurchasedHeroActivities where uuid='55000034'","use_time":0,"size":65}
[2023-05-13 15:49:12][[game_database-10]][SqlQuery] {"query":"update t_HeroActivities set end_ts=1683964212 where id=2","use_time":0,"size":56}
[2023-05-13 15:49:23][[game_database-10]][SqlQuery] {"query":"update t_DynastyRank set dynasty_list='{ ... k_name='traitor_boss_honour_dynasty_rank'","use_time":0.0099999904632568,"size":93}
[2023-05-13 15:49:23][[game_database-10]][SqlQuery] {"query":"update t_DynastyRank set dynasty_list='{ ... re rank_name='rush_activity_dynasty_rank'","use_time":0,"size":87}
[2023-05-13 15:49:23][[game_database-10]][SqlQuery] {"query":"update t_Rank set forbid_dict='{}',role_ ... ere rank_name='activity_fight_score_rank'","use_time":0,"size":93}
[2023-05-13 15:49:23][[game_database-10]][SqlQuery] {"query":"update t_Rank set forbid_dict='{}',role_ ... rank\\\":10}}' where rank_name='score_rank'","use_time":0,"size":4488}
[2023-05-13 15:49:23][[game_database-10]][SqlQuery] {"query":"update t_Rank set forbid_dict='{}',role_ ... re rank_name='rush_activity_soldier_rank'","use_time":0,"size":94}
[2023-05-13 15:49:23][[game_database-10]][SqlQuery] {"query":"update t_Rank set forbid_dict='{}',role_ ... {}' where rank_name='activity_score_rank'","use_time":0,"size":87}
[2023-05-13 15:49:23][[game_database-10]][SqlQuery] {"query":"update t_Rank set forbid_dict='{}',role_ ...  where rank_name='traitor_boss_hurt_rank'","use_time":0,"size":90}
[2023-05-13 15:49:23][[game_database-10]][SqlQuery] {"query":"update t_Rank set forbid_dict='{}',role_ ... rank_name='rush_activity_checkpoint_rank'","use_time":0,"size":97}
[2023-05-13 15:49:23][[game_database-10]][SqlQuery] {"query":"update t_Rank set forbid_dict='{}',role_ ... rank_name='rush_activity_ringleader_rank'","use_time":0,"size":97}
[2023-05-13 15:49:23][[game_database-10]][SqlQuery] {"query":"update t_Rank set forbid_dict='{}',role_ ... \\\"rank\\\":6}}' where rank_name='hunt_rank'","use_time":0,"size":1082}
[2023-05-13 15:49:23][[game_database-10]][SqlQuery] {"query":"update t_Rank set forbid_dict='{}',role_ ... here rank_name='rush_activity_party_rank'","use_time":0,"size":245}
[2023-05-13 15:49:23][[game_database-10]][SqlQuery] {"query":"update t_Rank set forbid_dict='{}',role_ ... e rank_name='rush_activity_intimacy_rank'","use_time":0,"size":95}
[2023-05-13 15:49:23][[game_database-10]][SqlQuery] {"query":"update t_Rank set forbid_dict='{}',role_ ... ' where rank_name='traitor_max_hurt_rank'","use_time":0,"size":646}
[2023-05-13 15:49:23][[game_database-10]][SqlQuery] {"query":"update t_Rank set forbid_dict='{}',role_ ... {}' where rank_name='activity_money_rank'","use_time":0,"size":87}
[2023-05-13 15:49:23][[game_database-10]][SqlQuery] {"query":"update t_Rank set forbid_dict='{}',role_ ... \":10}}' where rank_name='stage_star_rank'","use_time":0.0099999904632568,"size":2560}
[2023-05-13 15:49:23][[game_database-10]][SqlQuery] {"query":"update t_Rank set forbid_dict='{}',role_ ... }}' where rank_name='activity_login_rank'","use_time":0,"size":328}
[2023-05-13 15:49:23][[game_database-10]][SqlQuery] {"query":"update t_Rank set forbid_dict='{}',role_ ... ' where rank_name='activity_banquet_rank'","use_time":0,"size":89}
[2023-05-13 15:49:23][[game_database-10]][SqlQuery] {"query":"update t_Rank set forbid_dict='{}',role_ ... rank\\\":10}}' where rank_name='level_rank'","use_time":0,"size":3050}
[2023-05-13 15:49:23][[game_database-10]][SqlQuery] {"query":"update t_Rank set forbid_dict='{}',role_ ... ' where rank_name='activity_stamina_rank'","use_time":0,"size":89}
[2023-05-13 15:49:23][[game_database-10]][SqlQuery] {"query":"update t_Rank set forbid_dict='{}',role_ ... here rank_name='traitor_boss_honour_rank'","use_time":0,"size":92}
[2023-05-13 15:49:23][[game_database-10]][SqlQuery] {"query":"update t_Rank set forbid_dict='{}',role_ ... where rank_name='rush_activity_food_rank'","use_time":0,"size":91}
[2023-05-13 15:49:23][[game_database-10]][SqlQuery] {"query":"update t_Rank set forbid_dict='{}',role_ ... e rank_name='rush_activity_recharge_rank'","use_time":0,"size":95}
[2023-05-13 15:49:23][[game_database-10]][SqlQuery] {"query":"update t_Rank set forbid_dict='{}',role_ ...  where rank_name='activity_intimacy_rank'","use_time":0,"size":90}
[2023-05-13 15:49:23][[game_database-10]][SqlQuery] {"query":"update t_Rank set forbid_dict='{}',role_ ... ='{}' where rank_name='traitor_hurt_rank'","use_time":0,"size":85}
[2023-05-13 15:49:23][[game_database-10]][SqlQuery] {"query":"update t_Rank set forbid_dict='{}',role_ ... here rank_name='rush_activity_money_rank'","use_time":0,"size":92}
[2023-05-13 15:49:23][[game_database-10]][SqlQuery] {"query":"update t_Rank set forbid_dict='{}',role_ ... \"rank\\\":6}}' where rank_name='train_rank'","use_time":0.0099999904632568,"size":997}
[2023-05-13 15:49:23][[game_database-10]][SqlQuery] {"query":"update t_Rank set forbid_dict='{}',role_ ... ' where rank_name='activity_soldier_rank'","use_time":0,"size":89}
[2023-05-13 15:49:23][[game_database-10]][SqlQuery] {"query":"update t_Rank set forbid_dict='{}',role_ ... here rank_name='rush_activity_score_rank'","use_time":0,"size":92}
[2023-05-13 15:49:23][[game_database-10]][SqlQuery] {"query":"update t_Rank set forbid_dict='{}',role_ ... ' where rank_name='activity_diamond_rank'","use_time":0,"size":89}
[2023-05-13 15:49:23][[game_database-10]][SqlQuery] {"query":"update t_Rank set forbid_dict='{}',role_ ... '{}' where rank_name='traitor_feats_rank'","use_time":0,"size":86}
[2023-05-13 15:49:23][[game_database-10]][SqlQuery] {"query":"update t_Rank set forbid_dict='{}',role_ ... :10}}' where rank_name='fight_score_rank'","use_time":0,"size":4707}
[2023-05-13 15:49:23][[game_database-10]][SqlQuery] {"query":"update t_Rank set forbid_dict='{}',role_ ... where rank_name='rush_activity_hunt_rank'","use_time":0,"size":361}
[2023-05-13 15:50:12][[game_database-10]][SqlQuery] {"query":"delete from t_HeroActivitiesDealInfo where uuid='55000034'","use_time":0,"size":58}
[2023-05-13 15:51:55][[game_database-10]][SqlQuery] {"query":"delete from t_LoverActivitiesDealInfo where uuid='55000034'","use_time":0,"size":59}
[2023-05-13 15:51:56][[game_database-10]][SqlQuery] {"query":"delete from t_LoverActivitiesDealInfo where uuid='55000021'","use_time":0,"size":59}
[2023-05-13 15:52:16][[game_database-10]][SqlQuery] {"query":"delete from t_HeroActivitiesDealInfo where uuid='55000034'","use_time":0,"size":58}
[2023-05-13 15:59:23][[game_database-10]][SqlQuery] {"query":"update t_DynastyRank set dynasty_list='{ ... k_name='traitor_boss_honour_dynasty_rank'","use_time":0,"size":93}
[2023-05-13 15:59:23][[game_database-10]][SqlQuery] {"query":"update t_DynastyRank set dynasty_list='{ ... re rank_name='rush_activity_dynasty_rank'","use_time":0,"size":87}
[2023-05-13 15:59:23][[game_database-10]][SqlQuery] {"query":"update t_Rank set forbid_dict='{}',role_ ... ere rank_name='activity_fight_score_rank'","use_time":0,"size":93}
[2023-05-13 15:59:23][[game_database-10]][SqlQuery] {"query":"update t_Rank set forbid_dict='{}',role_ ... rank\\\":10}}' where rank_name='score_rank'","use_time":0,"size":4488}
[2023-05-13 15:59:23][[game_database-10]][SqlQuery] {"query":"update t_Rank set forbid_dict='{}',role_ ... re rank_name='rush_activity_soldier_rank'","use_time":0,"size":94}
[2023-05-13 15:59:23][[game_database-10]][SqlQuery] {"query":"update t_Rank set forbid_dict='{}',role_ ... {}' where rank_name='activity_score_rank'","use_time":0,"size":87}
[2023-05-13 15:59:23][[game_database-10]][SqlQuery] {"query":"update t_Rank set forbid_dict='{}',role_ ...  where rank_name='traitor_boss_hurt_rank'","use_time":0,"size":90}
[2023-05-13 15:59:23][[game_database-10]][SqlQuery] {"query":"update t_Rank set forbid_dict='{}',role_ ... rank_name='rush_activity_checkpoint_rank'","use_time":0,"size":97}
[2023-05-13 15:59:23][[game_database-10]][SqlQuery] {"query":"update t_Rank set forbid_dict='{}',role_ ... rank_name='rush_activity_ringleader_rank'","use_time":0,"size":97}
[2023-05-13 15:59:23][[game_database-10]][SqlQuery] {"query":"update t_Rank set forbid_dict='{}',role_ ... \\\"rank\\\":6}}' where rank_name='hunt_rank'","use_time":0,"size":1082}
[2023-05-13 15:59:23][[game_database-10]][SqlQuery] {"query":"update t_Rank set forbid_dict='{}',role_ ... here rank_name='rush_activity_party_rank'","use_time":0,"size":245}
[2023-05-13 15:59:23][[game_database-10]][SqlQuery] {"query":"update t_Rank set forbid_dict='{}',role_ ... e rank_name='rush_activity_intimacy_rank'","use_time":0.0099999904632568,"size":95}
[2023-05-13 15:59:23][[game_database-10]][SqlQuery] {"query":"update t_Rank set forbid_dict='{}',role_ ... ' where rank_name='traitor_max_hurt_rank'","use_time":0,"size":646}
[2023-05-13 15:59:23][[game_database-10]][SqlQuery] {"query":"update t_Rank set forbid_dict='{}',role_ ... {}' where rank_name='activity_money_rank'","use_time":0,"size":87}
[2023-05-13 15:59:23][[game_database-10]][SqlQuery] {"query":"update t_Rank set forbid_dict='{}',role_ ... \":10}}' where rank_name='stage_star_rank'","use_time":0,"size":2560}
[2023-05-13 15:59:23][[game_database-10]][SqlQuery] {"query":"update t_Rank set forbid_dict='{}',role_ ... }}' where rank_name='activity_login_rank'","use_time":0,"size":328}
[2023-05-13 15:59:23][[game_database-10]][SqlQuery] {"query":"update t_Rank set forbid_dict='{}',role_ ... ' where rank_name='activity_banquet_rank'","use_time":0,"size":89}
[2023-05-13 15:59:23][[game_database-10]][SqlQuery] {"query":"update t_Rank set forbid_dict='{}',role_ ... rank\\\":10}}' where rank_name='level_rank'","use_time":0,"size":3050}
[2023-05-13 15:59:23][[game_database-10]][SqlQuery] {"query":"update t_Rank set forbid_dict='{}',role_ ... ' where rank_name='activity_stamina_rank'","use_time":0,"size":89}
[2023-05-13 15:59:23][[game_database-10]][SqlQuery] {"query":"update t_Rank set forbid_dict='{}',role_ ... here rank_name='traitor_boss_honour_rank'","use_time":0,"size":92}
[2023-05-13 15:59:23][[game_database-10]][SqlQuery] {"query":"update t_Rank set forbid_dict='{}',role_ ... where rank_name='rush_activity_food_rank'","use_time":0,"size":91}
[2023-05-13 15:59:23][[game_database-10]][SqlQuery] {"query":"update t_Rank set forbid_dict='{}',role_ ... e rank_name='rush_activity_recharge_rank'","use_time":0.0099999904632568,"size":95}
[2023-05-13 15:59:23][[game_database-10]][SqlQuery] {"query":"update t_Rank set forbid_dict='{}',role_ ...  where rank_name='activity_intimacy_rank'","use_time":0,"size":90}
[2023-05-13 15:59:23][[game_database-10]][SqlQuery] {"query":"update t_Rank set forbid_dict='{}',role_ ... ='{}' where rank_name='traitor_hurt_rank'","use_time":0,"size":85}
[2023-05-13 15:59:23][[game_database-10]][SqlQuery] {"query":"update t_Rank set forbid_dict='{}',role_ ... here rank_name='rush_activity_money_rank'","use_time":0,"size":92}
[2023-05-13 15:59:23][[game_database-10]][SqlQuery] {"query":"update t_Rank set forbid_dict='{}',role_ ... \"rank\\\":6}}' where rank_name='train_rank'","use_time":0,"size":997}
[2023-05-13 15:59:23][[game_database-10]][SqlQuery] {"query":"update t_Rank set forbid_dict='{}',role_ ... ' where rank_name='activity_soldier_rank'","use_time":0,"size":89}
[2023-05-13 15:59:23][[game_database-10]][SqlQuery] {"query":"update t_Rank set forbid_dict='{}',role_ ... here rank_name='rush_activity_score_rank'","use_time":0,"size":92}
[2023-05-13 15:59:23][[game_database-10]][SqlQuery] {"query":"update t_Rank set forbid_dict='{}',role_ ... ' where rank_name='activity_diamond_rank'","use_time":0,"size":89}
[2023-05-13 15:59:23][[game_database-10]][SqlQuery] {"query":"update t_Rank set forbid_dict='{}',role_ ... '{}' where rank_name='traitor_feats_rank'","use_time":0,"size":86}
[2023-05-13 15:59:23][[game_database-10]][SqlQuery] {"query":"update t_Rank set forbid_dict='{}',role_ ... :10}}' where rank_name='fight_score_rank'","use_time":0,"size":4707}
[2023-05-13 15:59:23][[game_database-10]][SqlQuery] {"query":"update t_Rank set forbid_dict='{}',role_ ... where rank_name='rush_activity_hunt_rank'","use_time":0,"size":361}
