[2023-05-13 19:09:08][[game_database-10]][info] SqlQueryCount: 15
[2023-05-13 19:14:57][[reload_watcher-a]][info] excel to reload:

[2023-05-13 19:14:57][[reload_watcher-a]][info] file to reload:
./gamelogic/service/agent/meta_table/recharge.lua
./gamelogic/service/agent/daily_gift_package_activities_utils.lua
[2023-05-13 19:19:08][[game_database-10]][info] SqlQueryCount: 15
[2023-05-13 19:23:25][[reload_watcher-a]][info] excel to reload:

[2023-05-13 19:23:25][[reload_watcher-a]][info] file to reload:
./gamelogic/service/agent/lua_handles/gm.lua
./gamelogic/service/agent/msg_handles/activity.lua
[2023-05-13 19:23:51][[reload_watcher-a]][info] excel to reload:

[2023-05-13 19:23:51][[reload_watcher-a]][info] file to reload:
./gamelogic/lualib/node_base.lua
[2023-05-13 19:23:51][[cross_launcher-8]][info] reload_mod begin: node_base <==> ./gamelogic/lualib/node_base.lua
[2023-05-13 19:23:51][[child_marry-12]][info] reload_mod begin: msg_utils.sproto_msg_utils <==> ./lualib/msg_utils/sproto_msg_utils.lua
[2023-05-13 19:23:51][[party-14]][info] reload_mod begin: msg_utils.sproto_msg_utils <==> ./lualib/msg_utils/sproto_msg_utils.lua
[2023-05-13 19:23:51][[traitor-16]][info] reload_mod begin: msg_utils.sproto_msg_utils <==> ./lualib/msg_utils/sproto_msg_utils.lua
[2023-05-13 19:23:51][[salon-13]][info] reload_mod begin: msg_utils.sproto_msg_utils <==> ./lualib/msg_utils/sproto_msg_utils.lua
[2023-05-13 19:23:51][[rank-17]][info] reload_mod begin: msg_utils.sproto_msg_utils <==> ./lualib/msg_utils/sproto_msg_utils.lua
[2023-05-13 19:23:51][[chat-11]][info] reload_mod begin: msg_utils.sproto_msg_utils <==> ./lualib/msg_utils/sproto_msg_utils.lua
[2023-05-13 19:23:51][[dynasty-15]][info] reload_mod begin: msg_utils.sproto_msg_utils <==> ./lualib/msg_utils/sproto_msg_utils.lua
[2023-05-13 19:23:51][[cross_launcher-8]][info] reload_mod begin: msg_utils.sproto_msg_utils <==> ./lualib/msg_utils/sproto_msg_utils.lua
