[2023-05-13 13:19:03][[reload_watcher-a]][info] ["reload_watcher:",10]
[2023-05-13 13:19:03][[common_init-c]][info] uuid init<70|24>, tag<1Y_O_>
[2023-05-13 13:19:03][[clusterd-d]][info] connect s2800_cluster_router 117.50.192.198:40301
[2023-05-13 13:19:03][[clusterd-d]][info] ["clusterd start:",13]
[2023-05-13 13:19:03][[clusterd-d]][info] socket accept from ::ffff:117.50.192.198:35494, 5
[2023-05-13 13:19:03][[clusterd-d]][info] clusterd show_self s2800_cluster_router
[2023-05-13 13:19:04][[common_init-c]][info] SqlQueryCount: 5
[2023-05-13 13:19:06][[gamelog-9]][info] ["gamelog start:",9]
[2023-05-13 13:19:07][[game_database-10]][info] gamedb service boot success!
[2023-05-13 13:19:07][[chat-11]][info] ["chat start:",17]
[2023-05-13 13:19:07][[child_marry-12]][info] refresh schema:schema_cross
[2023-05-13 13:19:07][[child_marry-12]][info] ["child_marry start:",18]
[2023-05-13 13:19:07][[salon-13]][info] ["salon start:",19]
[2023-05-13 13:19:07][[party-14]][info] ["party start:",20]
[2023-05-13 13:19:07][[dynasty-15]][info] refresh schema:schema_dynasty
[2023-05-13 13:19:07][[dynasty-15]][info] ["dynasty_mgr_start start:",21]
[2023-05-13 13:19:07][[traitor-16]][info] ["traitor start:",22]
[2023-05-13 13:19:07][[rank-17]][info] ["rank start:",23]
[2023-05-13 13:19:08][[game_database-10]][info] SqlQueryCount: 36
[2023-05-13 13:19:23][[clusterd-d]][info] socket accept from ::ffff:117.50.192.198:35540, 7
[2023-05-13 13:19:23][[clusterd-d]][info] clusterd show_self s55_dynasty
[2023-05-13 13:24:08][[game_database-10]][info] SqlQueryCount: 2
[2023-05-13 13:29:08][[game_database-10]][info] SqlQueryCount: 15
[2023-05-13 13:39:08][[game_database-10]][info] SqlQueryCount: 15
[2023-05-13 13:49:08][[game_database-10]][info] SqlQueryCount: 15
[2023-05-13 13:59:08][[game_database-10]][info] SqlQueryCount: 15
