[2023-06-05 17:00:02][[game_database-10]][info] SqlQueryCount: 1
[2023-06-05 17:04:27][[game_database-10]][info] SqlQueryCount: 32
[2023-06-05 17:05:07][[game_database-10]][info] SqlQueryCount: 1
[2023-06-05 17:14:27][[game_database-10]][info] SqlQueryCount: 32
[2023-06-05 17:16:07][[reload_watcher-a]][info] excel to reload:

[2023-06-05 17:16:07][[reload_watcher-a]][info] file to reload:
./gamelogic/service/world/lua_handles.lua
[2023-06-05 17:16:18][[reload_watcher-a]][info] excel to reload:

[2023-06-05 17:16:18][[reload_watcher-a]][info] file to reload:
./gamelogic/service/world/gift_key.lua
[2023-06-05 17:17:48][[reload_watcher-a]][info] excel to reload:

[2023-06-05 17:17:48][[reload_watcher-a]][info] file to reload:
./gamelogic/service/world/lua_handles.lua
[2023-06-05 17:17:52][[reload_watcher-a]][info] excel to reload:

[2023-06-05 17:17:52][[reload_watcher-a]][info] file to reload:
./gamelogic/service/world/lua_handles.lua
[2023-06-05 17:17:58][[reload_watcher-a]][info] excel to reload:

[2023-06-05 17:17:58][[reload_watcher-a]][info] file to reload:
./gamelogic/service/world/lua_handles.lua
[2023-06-05 17:18:02][[reload_watcher-a]][info] excel to reload:

[2023-06-05 17:18:02][[reload_watcher-a]][info] file to reload:
./gamelogic/service/world/lua_handles.lua
[2023-06-05 17:18:06][[reload_watcher-a]][info] excel to reload:

[2023-06-05 17:18:06][[reload_watcher-a]][info] file to reload:
./gamelogic/service/world/lua_handles.lua
[2023-06-05 17:18:11][[reload_watcher-a]][info] excel to reload:

[2023-06-05 17:18:11][[reload_watcher-a]][info] file to reload:
./gamelogic/service/world/lua_handles.lua
[2023-06-05 17:24:27][[game_database-10]][info] SqlQueryCount: 40
[2023-06-05 17:34:27][[game_database-10]][info] SqlQueryCount: 32
[2023-06-05 17:38:14][[reload_watcher-a]][info] excel to reload:

[2023-06-05 17:38:14][[reload_watcher-a]][info] file to reload:
./gamelogic/service/world/gift_key.lua
[2023-06-05 17:38:15][[reload_watcher-a]][info] excel to reload:

[2023-06-05 17:38:15][[reload_watcher-a]][info] file to reload:
./gamelogic/service/world/gift_key.lua
[2023-06-05 17:38:54][[reload_watcher-a]][info] excel to reload:

[2023-06-05 17:38:54][[reload_watcher-a]][info] file to reload:
./gamelogic/service/world/gift_key.lua
[2023-06-05 17:38:58][[reload_watcher-a]][info] excel to reload:

[2023-06-05 17:38:58][[reload_watcher-a]][info] file to reload:
./gamelogic/service/world/gift_key.lua
[2023-06-05 17:39:02][[reload_watcher-a]][info] excel to reload:

[2023-06-05 17:39:02][[reload_watcher-a]][info] file to reload:
./gamelogic/service/world/gift_key.lua
[2023-06-05 17:39:07][[reload_watcher-a]][info] excel to reload:

[2023-06-05 17:39:07][[reload_watcher-a]][info] file to reload:
./gamelogic/service/world/gift_key.lua
[2023-06-05 17:39:24][[reload_watcher-a]][info] excel to reload:

[2023-06-05 17:39:24][[reload_watcher-a]][info] file to reload:
./gamelogic/service/world/gift_key.lua
[2023-06-05 17:39:26][[reload_watcher-a]][info] excel to reload:

[2023-06-05 17:39:26][[reload_watcher-a]][info] file to reload:
./gamelogic/service/world/gift_key.lua
[2023-06-05 17:39:30][[reload_watcher-a]][info] excel to reload:

[2023-06-05 17:39:30][[reload_watcher-a]][info] file to reload:
./gamelogic/service/world/gift_key.lua
[2023-06-05 17:39:34][[reload_watcher-a]][info] excel to reload:

[2023-06-05 17:39:34][[reload_watcher-a]][info] file to reload:
./gamelogic/service/world/gift_key.lua
[2023-06-05 17:39:42][[reload_watcher-a]][info] excel to reload:

[2023-06-05 17:39:42][[reload_watcher-a]][info] file to reload:
./gamelogic/service/world/gift_key.lua
[2023-06-05 17:43:19][[reload_watcher-a]][info] excel to reload:

[2023-06-05 17:43:19][[reload_watcher-a]][info] file to reload:
./gamelogic/service/world/gift_key.lua
[2023-06-05 17:43:24][[reload_watcher-a]][info] excel to reload:

[2023-06-05 17:43:24][[reload_watcher-a]][info] file to reload:
./gamelogic/service/world/gift_key.lua
[2023-06-05 17:43:27][[reload_watcher-a]][info] excel to reload:

[2023-06-05 17:43:27][[reload_watcher-a]][info] file to reload:
./gamelogic/service/world/gift_key.lua
[2023-06-05 17:44:27][[game_database-10]][info] SqlQueryCount: 32
[2023-06-05 17:44:34][[agent-11]][info] shutdown....
[2023-06-05 17:44:34][[game_database-10]][info] SqlQueryCount: 22
[2023-06-05 17:44:55][[reload_watcher-a]][info] ["reload_watcher:",10]
[2023-06-05 17:44:55][[common_init-c]][info] uuid init<50|31>, tag<1E_V_>
[2023-06-05 17:44:55][[clusterd-d]][info] connect s2800_cluster_router 117.50.193.85:40301
[2023-06-05 17:44:55][[clusterd-d]][info] ["clusterd start:",13]
[2023-06-05 17:44:55][[clusterd-d]][info] socket accept from ::ffff:117.50.193.85:21694, 5
[2023-06-05 17:44:55][[clusterd-d]][info] clusterd show_self s2800_cluster_router
[2023-06-05 17:44:56][[common_init-c]][info] SqlQueryCount: 5
[2023-06-05 17:44:58][[gamelog-9]][info] ["gamelog start:",9]
[2023-06-05 17:44:58][[clusterd-d]][info] socket accept from ::ffff:117.50.193.85:21708, 8
[2023-06-05 17:44:58][[clusterd-d]][info] clusterd show_self s50_chat
[2023-06-05 17:44:58][[clusterd-d]][info] connect s50_chat 117.50.193.85:15018
[2023-06-05 17:44:58][[clusterd-d]][info] socket accept from ::ffff:117.50.193.85:21712, 10
[2023-06-05 17:44:58][[clusterd-d]][info] clusterd show_self s50_dynasty
[2023-06-05 17:44:58][[clusterd-d]][info] connect s50_dynasty 117.50.193.85:15020
[2023-06-05 17:44:58][[game_database-10]][info] gamedb service boot success!
[2023-06-05 17:44:58][[agent-11]][info] refresh schema:schema_game
[2023-06-05 17:44:58][[agent_gate-12]][info] ["agent_gate start:",18]
[2023-06-05 17:44:58][[agent-11]][info] ["agent_start:",17]
[2023-06-05 17:44:58][[child_marry-14]][info] ["child_marry start:",20]
[2023-06-05 17:44:59][[game_database-10]][info] SqlQueryCount: 137
[2023-06-05 17:49:07][[agent-11]][info] shutdown....
[2023-06-05 17:51:40][[reload_watcher-a]][info] ["reload_watcher:",10]
[2023-06-05 17:51:40][[common_init-c]][info] uuid init<50|34>, tag<1E_Y_>
[2023-06-05 17:51:40][[clusterd-d]][info] connect s2800_cluster_router 117.50.193.85:40301
[2023-06-05 17:51:40][[clusterd-d]][info] ["clusterd start:",13]
[2023-06-05 17:51:40][[clusterd-d]][info] socket accept from ::ffff:117.50.193.85:21832, 5
[2023-06-05 17:51:40][[clusterd-d]][info] clusterd show_self s2800_cluster_router
[2023-06-05 17:51:41][[common_init-c]][info] SqlQueryCount: 5
[2023-06-05 17:51:42][[game_database-10]][info] gamedb service boot success!
[2023-06-05 17:51:42][[clusterd-d]][info] socket accept from ::ffff:117.50.193.85:21856, 10
[2023-06-05 17:51:42][[clusterd-d]][info] clusterd show_self s50_chat
[2023-06-05 17:51:42][[clusterd-d]][info] connect s50_chat 117.50.193.85:15018
[2023-06-05 17:51:42][[clusterd-d]][info] socket accept from ::ffff:117.50.193.85:21860, 12
[2023-06-05 17:51:42][[agent-11]][info] refresh schema:schema_game
[2023-06-05 17:51:42][[clusterd-d]][info] clusterd show_self s50_dynasty
[2023-06-05 17:51:42][[clusterd-d]][info] connect s50_dynasty 117.50.193.85:15020
[2023-06-05 17:51:42][[agent_gate-12]][info] ["agent_gate start:",18]
[2023-06-05 17:51:42][[agent-11]][info] ["agent_start:",17]
[2023-06-05 17:51:42][[child_marry-14]][info] ["child_marry start:",20]
[2023-06-05 17:51:43][[gamelog-9]][info] ["gamelog start:",9]
[2023-06-05 17:51:43][[game_database-10]][info] SqlQueryCount: 137
[2023-06-05 17:53:04][[reload_watcher-a]][info] excel to reload:

[2023-06-05 17:53:04][[reload_watcher-a]][info] file to reload:
./gamelogic/lualib/schema_world.lua
[2023-06-05 17:55:07][[reload_watcher-a]][info] excel to reload:

[2023-06-05 17:55:07][[reload_watcher-a]][info] file to reload:
./gamelogic/lualib/schema_world.lua
