[2023-06-05 19:00:01][[game_database-10]][info] SqlQueryCount: 1
[2023-06-05 19:01:21][[reload_watcher-a]][info] excel to reload:

[2023-06-05 19:01:21][[reload_watcher-a]][info] file to reload:
./gamelogic/service/world/gift_key.lua
[2023-06-05 19:01:26][[reload_watcher-a]][info] excel to reload:

[2023-06-05 19:01:26][[reload_watcher-a]][info] file to reload:
./gamelogic/service/world/gift_key.lua
[2023-06-05 19:01:28][[reload_watcher-a]][info] excel to reload:

[2023-06-05 19:01:28][[reload_watcher-a]][info] file to reload:
./gamelogic/service/world/gift_key.lua
[2023-06-05 19:01:29][[reload_watcher-a]][info] excel to reload:

[2023-06-05 19:01:29][[reload_watcher-a]][info] file to reload:
./gamelogic/service/world/gift_key.lua
[2023-06-05 19:01:43][[game_database-10]][info] SqlQueryCount: 32
[2023-06-05 19:01:55][[reload_watcher-a]][info] excel to reload:

[2023-06-05 19:01:55][[reload_watcher-a]][info] file to reload:
./gamelogic/service/world/gift_key.lua
[2023-06-05 19:02:00][[reload_watcher-a]][info] excel to reload:

[2023-06-05 19:02:00][[reload_watcher-a]][info] file to reload:
./gamelogic/service/world/gift_key.lua
[2023-06-05 19:02:02][[reload_watcher-a]][info] excel to reload:

[2023-06-05 19:02:02][[reload_watcher-a]][info] file to reload:
./gamelogic/service/world/gift_key.lua
[2023-06-05 19:02:57][[reload_watcher-a]][info] excel to reload:

[2023-06-05 19:02:57][[reload_watcher-a]][info] file to reload:
./gamelogic/service/world/gift_key.lua
[2023-06-05 19:03:10][[reload_watcher-a]][info] excel to reload:

[2023-06-05 19:03:10][[reload_watcher-a]][info] file to reload:
./gamelogic/service/world/gift_key.lua
[2023-06-05 19:03:11][[reload_watcher-a]][info] excel to reload:

[2023-06-05 19:03:11][[reload_watcher-a]][info] file to reload:
./gamelogic/service/world/gift_key.lua
[2023-06-05 19:03:17][[reload_watcher-a]][info] excel to reload:

[2023-06-05 19:03:17][[reload_watcher-a]][info] file to reload:
./gamelogic/service/world/gift_key.lua
[2023-06-05 19:03:45][[reload_watcher-a]][info] excel to reload:

[2023-06-05 19:03:45][[reload_watcher-a]][info] file to reload:
./gamelogic/service/world/gift_key.lua
[2023-06-05 19:03:47][[reload_watcher-a]][info] excel to reload:

[2023-06-05 19:03:47][[reload_watcher-a]][info] file to reload:
./gamelogic/service/world/gift_key.lua
[2023-06-05 19:03:50][[reload_watcher-a]][info] excel to reload:

[2023-06-05 19:03:50][[reload_watcher-a]][info] file to reload:
./gamelogic/service/world/gift_key.lua
[2023-06-05 19:03:52][[reload_watcher-a]][info] excel to reload:

[2023-06-05 19:03:52][[reload_watcher-a]][info] file to reload:
./gamelogic/service/world/gift_key.lua
[2023-06-05 19:04:21][[reload_watcher-a]][info] excel to reload:

[2023-06-05 19:04:21][[reload_watcher-a]][info] file to reload:
./gamelogic/service/world/gift_key.lua
[2023-06-05 19:04:22][[reload_watcher-a]][info] excel to reload:

[2023-06-05 19:04:22][[reload_watcher-a]][info] file to reload:
./gamelogic/service/world/gift_key.lua
[2023-06-05 19:04:23][[reload_watcher-a]][info] excel to reload:

[2023-06-05 19:04:23][[reload_watcher-a]][info] file to reload:
./gamelogic/service/world/gift_key.lua
[2023-06-05 19:04:30][[reload_watcher-a]][info] excel to reload:

[2023-06-05 19:04:30][[reload_watcher-a]][info] file to reload:
./gamelogic/service/world/gift_key.lua
[2023-06-05 19:04:31][[reload_watcher-a]][info] excel to reload:

[2023-06-05 19:04:31][[reload_watcher-a]][info] file to reload:
./gamelogic/service/world/gift_key.lua
[2023-06-05 19:04:33][[reload_watcher-a]][info] excel to reload:

[2023-06-05 19:04:33][[reload_watcher-a]][info] file to reload:
./gamelogic/service/world/gift_key.lua
[2023-06-05 19:04:39][[reload_watcher-a]][info] excel to reload:

[2023-06-05 19:04:39][[reload_watcher-a]][info] file to reload:
./gamelogic/service/world/gift_key.lua
[2023-06-05 19:04:41][[reload_watcher-a]][info] excel to reload:

[2023-06-05 19:04:41][[reload_watcher-a]][info] file to reload:
./gamelogic/service/world/gift_key.lua
[2023-06-05 19:04:46][[reload_watcher-a]][info] excel to reload:

[2023-06-05 19:04:46][[reload_watcher-a]][info] file to reload:
./gamelogic/service/world/gift_key.lua
[2023-06-05 19:04:49][[reload_watcher-a]][info] excel to reload:

[2023-06-05 19:04:49][[reload_watcher-a]][info] file to reload:
./gamelogic/service/world/gift_key.lua
[2023-06-05 19:05:03][[game_database-10]][info] SqlQueryCount: 1
[2023-06-05 19:14:46][[agent-11]][info] shutdown....
[2023-06-05 19:14:46][[game_database-10]][info] SqlQueryCount: 41
[2023-06-05 19:14:47][[agent-11]][info] SaveInfo 0 0 0
[2023-06-05 19:16:42][[reload_watcher-a]][info] ["reload_watcher:",10]
[2023-06-05 19:16:42][[common_init-c]][info] uuid init<50|37>, tag<1E_11_>
[2023-06-05 19:16:42][[clusterd-d]][info] connect s2800_cluster_router 117.50.193.85:40301
[2023-06-05 19:16:42][[clusterd-d]][info] ["clusterd start:",13]
[2023-06-05 19:16:42][[clusterd-d]][info] socket accept from ::ffff:117.50.193.85:40388, 5
[2023-06-05 19:16:42][[clusterd-d]][info] clusterd show_self s2800_cluster_router
[2023-06-05 19:16:43][[common_init-c]][info] SqlQueryCount: 5
[2023-06-05 19:16:44][[gamelog-9]][info] ["gamelog start:",9]
[2023-06-05 19:16:45][[clusterd-d]][info] socket accept from ::ffff:117.50.193.85:40400, 7
[2023-06-05 19:16:45][[clusterd-d]][info] clusterd show_self s50_chat
[2023-06-05 19:16:45][[clusterd-d]][info] connect s50_chat 117.50.193.85:15018
[2023-06-05 19:16:45][[clusterd-d]][info] socket accept from ::ffff:117.50.193.85:40406, 10
[2023-06-05 19:16:45][[clusterd-d]][info] clusterd show_self s50_dynasty
[2023-06-05 19:16:45][[clusterd-d]][info] connect s50_dynasty 117.50.193.85:15020
[2023-06-05 19:16:45][[game_database-10]][info] gamedb service boot success!
[2023-06-05 19:16:45][[agent-11]][info] refresh schema:schema_game
[2023-06-05 19:16:45][[agent_gate-12]][info] ["agent_gate start:",18]
[2023-06-05 19:16:45][[agent-11]][info] ["agent_start:",17]
[2023-06-05 19:16:45][[child_marry-14]][info] ["child_marry start:",20]
[2023-06-05 19:16:46][[game_database-10]][info] SqlQueryCount: 137
[2023-06-05 19:26:15][[reload_watcher-a]][info] excel to reload:

[2023-06-05 19:26:15][[reload_watcher-a]][info] file to reload:
./service/gm_router/gm_router.lua
[2023-06-05 19:26:46][[game_database-10]][info] SqlQueryCount: 32
[2023-06-05 19:35:38][[reload_watcher-a]][info] excel to reload:

[2023-06-05 19:35:38][[reload_watcher-a]][info] file to reload:
./gamelogic/service/world/gift_key.lua
[2023-06-05 19:36:04][[reload_watcher-a]][info] excel to reload:

[2023-06-05 19:36:04][[reload_watcher-a]][info] file to reload:
./gamelogic/service/world/gift_key.lua
[2023-06-05 19:36:05][[reload_watcher-a]][info] excel to reload:

[2023-06-05 19:36:05][[reload_watcher-a]][info] file to reload:
./gamelogic/service/world/gift_key.lua
[2023-06-05 19:36:46][[game_database-10]][info] SqlQueryCount: 32
[2023-06-05 19:43:11][[reload_watcher-a]][info] excel to reload:

[2023-06-05 19:43:11][[reload_watcher-a]][info] file to reload:
./gamelogic/service/world/lua_handles.lua
[2023-06-05 19:46:46][[game_database-10]][info] SqlQueryCount: 32
[2023-06-05 19:56:46][[game_database-10]][info] SqlQueryCount: 32
