[2023-06-05 10:24:23][[reload_watcher-a]][info] ["reload_watcher:",10]
[2023-06-05 10:24:23][[common_init-c]][info] uuid init<50|28>, tag<1E_S_>
[2023-06-05 10:24:23][[clusterd-d]][info] connect s2800_cluster_router 117.50.193.85:40301
[2023-06-05 10:24:23][[clusterd-d]][info] ["clusterd start:",13]
[2023-06-05 10:24:23][[clusterd-d]][info] socket accept from ::ffff:117.50.193.85:17992, 5
[2023-06-05 10:24:23][[clusterd-d]][info] clusterd show_self s2800_cluster_router
[2023-06-05 10:24:24][[common_init-c]][info] SqlQueryCount: 5
[2023-06-05 10:24:25][[clusterd-d]][info] socket accept from ::ffff:117.50.193.85:18006, 8
[2023-06-05 10:24:25][[clusterd-d]][info] clusterd show_self s50_chat
[2023-06-05 10:24:25][[clusterd-d]][info] connect s50_chat 117.50.193.85:15018
[2023-06-05 10:24:25][[clusterd-d]][info] socket accept from ::ffff:117.50.193.85:18014, 12
[2023-06-05 10:24:25][[clusterd-d]][info] clusterd show_self s50_dynasty
[2023-06-05 10:24:25][[clusterd-d]][info] connect s50_dynasty 117.50.193.85:15020
[2023-06-05 10:24:25][[game_database-10]][info] gamedb service boot success!
[2023-06-05 10:24:25][[agent-11]][info] refresh schema:schema_game
[2023-06-05 10:24:25][[agent_gate-12]][info] ["agent_gate start:",18]
[2023-06-05 10:24:25][[agent-11]][info] ["agent_start:",17]
[2023-06-05 10:24:25][[child_marry-14]][info] ["child_marry start:",20]
[2023-06-05 10:24:26][[gamelog-9]][info] ["gamelog start:",9]
[2023-06-05 10:24:26][[game_database-10]][info] SqlQueryCount: 140
[2023-06-05 10:24:53][[clusterd-d]][info] socket accept from ::ffff:117.50.193.85:18078, 16
[2023-06-05 10:24:53][[clusterd-d]][info] clusterd show_self s2803_gm_router
[2023-06-05 10:24:53][[clusterd-d]][info] connect s2803_gm_router 117.50.193.85:40201
[2023-06-05 10:24:54][[agent-11]][info] SqlQueryCount: 3
[2023-06-05 10:24:57][[game_database-10]][info] SqlQueryCount: 1
[2023-06-05 10:24:57][[agent-11]][info] SqlQueryCount: 3
[2023-06-05 10:24:59][[agent-11]][info] SqlQueryCount: 3
[2023-06-05 10:25:07][[agent-11]][info] SqlQueryCount: 3
[2023-06-05 10:25:15][[agent-11]][info] SqlQueryCount: 3
[2023-06-05 10:26:30][[game_database-10]][info] SqlQueryCount: 1
[2023-06-05 10:26:30][[agent-11]][info] SqlQueryCount: 6
[2023-06-05 10:27:02][[game_database-10]][info] SqlQueryCount: 1
[2023-06-05 10:27:02][[agent-11]][info] SqlQueryCount: 6
[2023-06-05 10:27:13][[game_database-10]][info] SqlQueryCount: 1
[2023-06-05 10:27:13][[agent-11]][info] SqlQueryCount: 6
[2023-06-05 10:27:18][[game_database-10]][info] SqlQueryCount: 1
[2023-06-05 10:27:18][[agent-11]][info] SqlQueryCount: 6
[2023-06-05 10:27:23][[game_database-10]][info] SqlQueryCount: 1
[2023-06-05 10:27:23][[agent-11]][info] SqlQueryCount: 6
[2023-06-05 10:27:26][[game_database-10]][info] SqlQueryCount: 1
[2023-06-05 10:27:26][[agent-11]][info] SqlQueryCount: 6
[2023-06-05 10:27:30][[game_database-10]][info] SqlQueryCount: 2
[2023-06-05 10:27:30][[agent-11]][info] SqlQueryCount: 6
[2023-06-05 10:27:32][[game_database-10]][info] SqlQueryCount: 1
[2023-06-05 10:27:32][[agent-11]][info] SqlQueryCount: 6
[2023-06-05 10:27:37][[game_database-10]][info] SqlQueryCount: 1
[2023-06-05 10:27:37][[agent-11]][info] SqlQueryCount: 6
[2023-06-05 10:27:41][[game_database-10]][info] SqlQueryCount: 1
[2023-06-05 10:27:41][[agent-11]][info] SqlQueryCount: 6
[2023-06-05 10:27:42][[game_database-10]][info] SqlQueryCount: 1
[2023-06-05 10:27:42][[agent-11]][info] SqlQueryCount: 6
[2023-06-05 10:27:43][[game_database-10]][info] SqlQueryCount: 1
[2023-06-05 10:27:43][[agent-11]][info] SqlQueryCount: 6
[2023-06-05 10:27:44][[game_database-10]][info] SqlQueryCount: 1
[2023-06-05 10:27:44][[agent-11]][info] SqlQueryCount: 6
[2023-06-05 10:29:09][[game_database-10]][info] SqlQueryCount: 1
[2023-06-05 10:29:09][[agent-11]][info] SqlQueryCount: 3
[2023-06-05 10:29:10][[game_database-10]][info] SqlQueryCount: 1
[2023-06-05 10:29:12][[game_database-10]][info] SqlQueryCount: 1
[2023-06-05 10:29:13][[game_database-10]][info] SqlQueryCount: 1
[2023-06-05 10:29:13][[agent-11]][info] SqlQueryCount: 3
[2023-06-05 10:29:21][[game_database-10]][info] SqlQueryCount: 2
[2023-06-05 10:29:21][[agent-11]][info] SqlQueryCount: 3
[2023-06-05 10:30:14][[game_database-10]][info] SqlQueryCount: 2
[2023-06-05 10:30:14][[agent-11]][info] SqlQueryCount: 3
[2023-06-05 10:34:13][[agent-11]][info] SqlQueryCount: 3
[2023-06-05 10:34:14][[game_database-10]][info] SqlQueryCount: 1
[2023-06-05 10:34:18][[game_database-10]][info] SqlQueryCount: 2
[2023-06-05 10:34:18][[agent-11]][info] SqlQueryCount: 3
[2023-06-05 10:34:26][[game_database-10]][info] SqlQueryCount: 32
[2023-06-05 10:34:32][[game_database-10]][info] SqlQueryCount: 1
[2023-06-05 10:34:32][[agent-11]][info] SqlQueryCount: 3
[2023-06-05 10:34:33][[game_database-10]][info] SqlQueryCount: 1
[2023-06-05 10:34:53][[game_database-10]][info] SqlQueryCount: 1
[2023-06-05 10:34:53][[agent-11]][info] SqlQueryCount: 3
[2023-06-05 10:34:54][[game_database-10]][info] SqlQueryCount: 1
[2023-06-05 10:35:57][[game_database-10]][info] SqlQueryCount: 1
[2023-06-05 10:35:57][[agent-11]][info] SqlQueryCount: 3
[2023-06-05 10:36:36][[game_database-10]][info] SqlQueryCount: 1
[2023-06-05 10:36:36][[agent-11]][info] SqlQueryCount: 3
[2023-06-05 10:36:42][[agent-11]][info] SqlQueryCount: 3
[2023-06-05 10:36:43][[game_database-10]][info] SqlQueryCount: 1
[2023-06-05 10:36:55][[game_database-10]][info] SqlQueryCount: 2
[2023-06-05 10:36:55][[agent-11]][info] SqlQueryCount: 3
[2023-06-05 10:39:54][[game_database-10]][info] SqlQueryCount: 1
[2023-06-05 10:39:54][[agent-11]][info] SqlQueryCount: 3
[2023-06-05 10:40:11][[game_database-10]][info] SqlQueryCount: 1
[2023-06-05 10:40:11][[agent-11]][info] SqlQueryCount: 3
[2023-06-05 10:40:38][[game_database-10]][info] SqlQueryCount: 1
[2023-06-05 10:40:38][[agent-11]][info] SqlQueryCount: 3
[2023-06-05 10:40:55][[game_database-10]][info] SqlQueryCount: 1
[2023-06-05 10:40:55][[agent-11]][info] SqlQueryCount: 3
[2023-06-05 10:41:48][[reload_watcher-a]][info] excel to reload:

[2023-06-05 10:41:48][[reload_watcher-a]][info] file to reload:
./service/gm_router/gm_router.lua
[2023-06-05 10:41:52][[reload_watcher-a]][info] excel to reload:

[2023-06-05 10:41:52][[reload_watcher-a]][info] file to reload:
./service/gm_router/gm_router.lua
[2023-06-05 10:41:56][[reload_watcher-a]][info] excel to reload:

[2023-06-05 10:41:56][[reload_watcher-a]][info] file to reload:
./service/gm_router/gm_router.lua
[2023-06-05 10:42:11][[game_database-10]][info] SqlQueryCount: 1
[2023-06-05 10:42:11][[agent-11]][info] SqlQueryCount: 3
[2023-06-05 10:43:33][[game_database-10]][info] SqlQueryCount: 1
[2023-06-05 10:43:33][[agent-11]][info] SqlQueryCount: 3
[2023-06-05 10:43:34][[game_database-10]][info] SqlQueryCount: 1
[2023-06-05 10:43:49][[reload_watcher-a]][info] excel to reload:

[2023-06-05 10:43:49][[reload_watcher-a]][info] file to reload:
./service/gm_router/gm_router.lua
[2023-06-05 10:43:50][[reload_watcher-a]][info] excel to reload:

[2023-06-05 10:43:50][[reload_watcher-a]][info] file to reload:
./service/gm_router/gm_router.lua
[2023-06-05 10:43:56][[game_database-10]][info] SqlQueryCount: 1
[2023-06-05 10:43:57][[game_database-10]][info] SqlQueryCount: 1
[2023-06-05 10:43:57][[agent-11]][info] SqlQueryCount: 3
[2023-06-05 10:44:26][[game_database-10]][info] SqlQueryCount: 32
[2023-06-05 10:44:28][[game_database-10]][info] SqlQueryCount: 2
[2023-06-05 10:44:28][[agent-11]][info] SqlQueryCount: 3
[2023-06-05 10:44:32][[game_database-10]][info] SqlQueryCount: 2
[2023-06-05 10:44:32][[agent-11]][info] SqlQueryCount: 3
[2023-06-05 10:44:36][[game_database-10]][info] SqlQueryCount: 2
[2023-06-05 10:44:36][[agent-11]][info] SqlQueryCount: 3
[2023-06-05 10:44:39][[game_database-10]][info] SqlQueryCount: 1
[2023-06-05 10:44:40][[game_database-10]][info] SqlQueryCount: 1
[2023-06-05 10:44:40][[agent-11]][info] SqlQueryCount: 3
[2023-06-05 10:44:53][[game_database-10]][info] SqlQueryCount: 1
[2023-06-05 10:44:53][[agent-11]][info] SqlQueryCount: 3
[2023-06-05 10:44:55][[game_database-10]][info] SqlQueryCount: 1
[2023-06-05 10:44:55][[agent-11]][info] SqlQueryCount: 3
[2023-06-05 10:44:56][[game_database-10]][info] SqlQueryCount: 1
[2023-06-05 10:45:42][[game_database-10]][info] SqlQueryCount: 1
[2023-06-05 10:45:42][[agent-11]][info] SqlQueryCount: 3
[2023-06-05 10:45:45][[game_database-10]][info] SqlQueryCount: 2
[2023-06-05 10:45:45][[agent-11]][info] SqlQueryCount: 3
[2023-06-05 10:45:53][[agent-11]][info] SqlQueryCount: 3
[2023-06-05 10:45:54][[game_database-10]][info] SqlQueryCount: 1
[2023-06-05 10:45:58][[game_database-10]][info] SqlQueryCount: 1
[2023-06-05 10:45:58][[agent-11]][info] SqlQueryCount: 3
[2023-06-05 10:46:01][[game_database-10]][info] SqlQueryCount: 2
[2023-06-05 10:46:01][[agent-11]][info] SqlQueryCount: 3
[2023-06-05 10:46:05][[game_database-10]][info] SqlQueryCount: 1
[2023-06-05 10:46:05][[agent-11]][info] SqlQueryCount: 3
[2023-06-05 10:46:07][[agent-11]][info] SqlQueryCount: 3
[2023-06-05 10:46:08][[game_database-10]][info] SqlQueryCount: 1
[2023-06-05 10:46:49][[game_database-10]][info] SqlQueryCount: 1
[2023-06-05 10:46:49][[agent-11]][info] SqlQueryCount: 3
[2023-06-05 10:46:51][[game_database-10]][info] SqlQueryCount: 1
[2023-06-05 10:46:52][[game_database-10]][info] SqlQueryCount: 1
[2023-06-05 10:46:52][[agent-11]][info] SqlQueryCount: 3
[2023-06-05 10:46:55][[game_database-10]][info] SqlQueryCount: 1
[2023-06-05 10:46:55][[agent-11]][info] SqlQueryCount: 3
[2023-06-05 10:46:57][[game_database-10]][info] SqlQueryCount: 1
[2023-06-05 10:46:57][[agent-11]][info] SqlQueryCount: 3
[2023-06-05 10:46:59][[agent-11]][info] SqlQueryCount: 3
[2023-06-05 10:47:00][[game_database-10]][info] SqlQueryCount: 1
[2023-06-05 10:47:02][[game_database-10]][info] SqlQueryCount: 1
[2023-06-05 10:47:02][[agent-11]][info] SqlQueryCount: 3
[2023-06-05 10:47:03][[agent-11]][info] SqlQueryCount: 3
[2023-06-05 10:47:04][[game_database-10]][info] SqlQueryCount: 1
[2023-06-05 10:47:24][[game_database-10]][info] SqlQueryCount: 1
[2023-06-05 10:47:24][[agent-11]][info] SqlQueryCount: 3
[2023-06-05 10:47:42][[game_database-10]][info] SqlQueryCount: 1
[2023-06-05 10:47:42][[agent-11]][info] SqlQueryCount: 3
[2023-06-05 10:47:54][[game_database-10]][info] SqlQueryCount: 2
[2023-06-05 10:47:54][[agent-11]][info] SqlQueryCount: 3
[2023-06-05 10:48:10][[game_database-10]][info] SqlQueryCount: 2
[2023-06-05 10:48:10][[agent-11]][info] SqlQueryCount: 3
[2023-06-05 10:49:57][[game_database-10]][info] SqlQueryCount: 1
[2023-06-05 10:49:57][[agent-11]][info] SqlQueryCount: 3
[2023-06-05 10:50:12][[game_database-10]][info] SqlQueryCount: 2
[2023-06-05 10:50:12][[agent-11]][info] SqlQueryCount: 3
[2023-06-05 10:50:37][[game_database-10]][info] SqlQueryCount: 1
[2023-06-05 10:50:37][[agent-11]][info] SqlQueryCount: 3
[2023-06-05 10:54:26][[game_database-10]][info] SqlQueryCount: 32
[2023-06-05 10:56:02][[game_database-10]][info] SqlQueryCount: 1
[2023-06-05 10:56:02][[agent-11]][info] SqlQueryCount: 3
[2023-06-05 10:56:09][[agent-11]][info] SqlQueryCount: 2
[2023-06-05 10:56:10][[game_database-10]][info] SqlQueryCount: 1
[2023-06-05 10:56:10][[agent-11]][info] SqlQueryCount: 1
[2023-06-05 10:56:19][[game_database-10]][info] SqlQueryCount: 1
[2023-06-05 10:56:19][[agent-11]][info] SqlQueryCount: 3
[2023-06-05 10:56:25][[game_database-10]][info] SqlQueryCount: 1
[2023-06-05 10:56:25][[agent-11]][info] SqlQueryCount: 3
[2023-06-05 10:57:21][[game_database-10]][info] SqlQueryCount: 1
[2023-06-05 10:57:21][[agent-11]][info] SqlQueryCount: 3
[2023-06-05 10:57:35][[game_database-10]][info] SqlQueryCount: 1
[2023-06-05 10:57:35][[agent-11]][info] SqlQueryCount: 3
[2023-06-05 10:57:36][[game_database-10]][info] SqlQueryCount: 1
[2023-06-05 10:57:42][[game_database-10]][info] SqlQueryCount: 1
[2023-06-05 10:57:42][[agent-11]][info] SqlQueryCount: 3
