[2023-06-05 11:00:00][[game_database-10]][SqlQuery] {"query":"update t_ServerCore set last_hour_ts=1685934000 where server_name='s50'","use_time":0,"size":71}
[2023-06-05 11:04:09][[agent-11]][SqlConnect] {"host":"127.0.0.1","user":"root"}
[2023-06-05 11:04:09][[agent-11]][SqlQuery] {"query":"use hd_game50","use_time":0,"size":13}
[2023-06-05 11:04:09][[agent-11]][SqlQuery] {"query":"SET NAMES utf8mb4","use_time":0,"size":17}
[2023-06-05 11:04:09][[agent-11]][SqlQuery] {"query":"select count(*) from t_Role","use_time":0.0099999904632568,"size":27}
[2023-06-05 11:04:09][[agent-11]][SqlClose] {"host":"127.0.0.1","user":"root"}
[2023-06-05 11:04:09][[game_database-10]][SqlQuery] {"query":"select * from t_LoverActivities","use_time":0,"size":31}
[2023-06-05 11:04:19][[agent-11]][SqlConnect] {"host":"127.0.0.1","user":"root"}
[2023-06-05 11:04:19][[agent-11]][SqlQuery] {"query":"use hd_game50","use_time":0,"size":13}
[2023-06-05 11:04:19][[agent-11]][SqlQuery] {"query":"SET NAMES utf8mb4","use_time":0,"size":17}
[2023-06-05 11:04:19][[agent-11]][SqlQuery] {"query":"select count(*) from t_Role","use_time":0,"size":27}
[2023-06-05 11:04:19][[agent-11]][SqlClose] {"host":"127.0.0.1","user":"root"}
[2023-06-05 11:04:19][[game_database-10]][SqlQuery] {"query":"select * from t_LoverActivities","use_time":0,"size":31}
[2023-06-05 11:04:25][[game_database-10]][SqlQuery] {"query":"update t_DynastyRank set dynasty_list='{ ... re rank_name='rush_activity_dynasty_rank'","use_time":0.0099999904632568,"size":87}
[2023-06-05 11:04:25][[game_database-10]][SqlQuery] {"query":"update t_DynastyRank set dynasty_list='{ ... k_name='traitor_boss_honour_dynasty_rank'","use_time":0,"size":93}
[2023-06-05 11:04:25][[game_database-10]][SqlQuery] {"query":"update t_Rank set forbid_dict='{}',role_ ... here rank_name='rush_activity_party_rank'","use_time":0,"size":92}
[2023-06-05 11:04:25][[game_database-10]][SqlQuery] {"query":"update t_Rank set forbid_dict='{}',role_ ... e rank_name='rush_activity_recharge_rank'","use_time":0,"size":95}
[2023-06-05 11:04:25][[game_database-10]][SqlQuery] {"query":"update t_Rank set forbid_dict='{}',role_list='{}' where rank_name='train_rank'","use_time":0,"size":78}
[2023-06-05 11:04:25][[game_database-10]][SqlQuery] {"query":"update t_Rank set forbid_dict='{}',role_ ... {}' where rank_name='activity_score_rank'","use_time":0,"size":87}
[2023-06-05 11:04:25][[game_database-10]][SqlQuery] {"query":"update t_Rank set forbid_dict='{}',role_ ... t='{}' where rank_name='fight_score_rank'","use_time":0,"size":84}
[2023-06-05 11:04:25][[game_database-10]][SqlQuery] {"query":"update t_Rank set forbid_dict='{}',role_ ... rank_name='rush_activity_checkpoint_rank'","use_time":0.0099999904632568,"size":97}
[2023-06-05 11:04:25][[game_database-10]][SqlQuery] {"query":"update t_Rank set forbid_dict='{}',role_ ... ere rank_name='activity_fight_score_rank'","use_time":0,"size":93}
[2023-06-05 11:04:25][[game_database-10]][SqlQuery] {"query":"update t_Rank set forbid_dict='{}',role_ ... here rank_name='rush_activity_money_rank'","use_time":0,"size":92}
[2023-06-05 11:04:25][[game_database-10]][SqlQuery] {"query":"update t_Rank set forbid_dict='{}',role_ ...  where rank_name='traitor_boss_hurt_rank'","use_time":0,"size":90}
[2023-06-05 11:04:25][[game_database-10]][SqlQuery] {"query":"update t_Rank set forbid_dict='{}',role_list='{}' where rank_name='score_rank'","use_time":0,"size":78}
[2023-06-05 11:04:25][[game_database-10]][SqlQuery] {"query":"update t_Rank set forbid_dict='{}',role_ ... rank_name='rush_activity_ringleader_rank'","use_time":0.0099999904632568,"size":97}
[2023-06-05 11:04:25][[game_database-10]][SqlQuery] {"query":"update t_Rank set forbid_dict='{}',role_ ... e rank_name='rush_activity_intimacy_rank'","use_time":0,"size":95}
[2023-06-05 11:04:25][[game_database-10]][SqlQuery] {"query":"update t_Rank set forbid_dict='{}',role_ ... ' where rank_name='activity_banquet_rank'","use_time":0,"size":89}
[2023-06-05 11:04:25][[game_database-10]][SqlQuery] {"query":"update t_Rank set forbid_dict='{}',role_list='{}' where rank_name='level_rank'","use_time":0,"size":78}
[2023-06-05 11:04:25][[game_database-10]][SqlQuery] {"query":"update t_Rank set forbid_dict='{}',role_ ... st='{}' where rank_name='stage_star_rank'","use_time":0,"size":83}
[2023-06-05 11:04:25][[game_database-10]][SqlQuery] {"query":"update t_Rank set forbid_dict='{}',role_list='{}' where rank_name='hunt_rank'","use_time":0.0099999904632568,"size":77}
[2023-06-05 11:04:25][[game_database-10]][SqlQuery] {"query":"update t_Rank set forbid_dict='{}',role_ ... '{}' where rank_name='traitor_feats_rank'","use_time":0,"size":86}
[2023-06-05 11:04:25][[game_database-10]][SqlQuery] {"query":"update t_Rank set forbid_dict='{}',role_ ... here rank_name='traitor_boss_honour_rank'","use_time":0,"size":92}
[2023-06-05 11:04:25][[game_database-10]][SqlQuery] {"query":"update t_Rank set forbid_dict='{}',role_ ... where rank_name='rush_activity_hunt_rank'","use_time":0,"size":91}
[2023-06-05 11:04:25][[game_database-10]][SqlQuery] {"query":"update t_Rank set forbid_dict='{}',role_ ... ' where rank_name='traitor_max_hurt_rank'","use_time":0,"size":89}
[2023-06-05 11:04:25][[game_database-10]][SqlQuery] {"query":"update t_Rank set forbid_dict='{}',role_ ... where rank_name='rush_activity_food_rank'","use_time":0,"size":91}
[2023-06-05 11:04:25][[game_database-10]][SqlQuery] {"query":"update t_Rank set forbid_dict='{}',role_ ... re rank_name='rush_activity_soldier_rank'","use_time":0,"size":94}
[2023-06-05 11:04:25][[game_database-10]][SqlQuery] {"query":"update t_Rank set forbid_dict='{}',role_ ... ' where rank_name='activity_stamina_rank'","use_time":0.0099999904632568,"size":89}
[2023-06-05 11:04:25][[game_database-10]][SqlQuery] {"query":"update t_Rank set forbid_dict='{}',role_ ... {}' where rank_name='activity_money_rank'","use_time":0,"size":87}
[2023-06-05 11:04:25][[game_database-10]][SqlQuery] {"query":"update t_Rank set forbid_dict='{}',role_ ... ' where rank_name='activity_soldier_rank'","use_time":0,"size":89}
[2023-06-05 11:04:25][[game_database-10]][SqlQuery] {"query":"update t_Rank set forbid_dict='{}',role_ ... ='{}' where rank_name='traitor_hurt_rank'","use_time":0,"size":85}
[2023-06-05 11:04:25][[game_database-10]][SqlQuery] {"query":"update t_Rank set forbid_dict='{}',role_ ... here rank_name='rush_activity_score_rank'","use_time":0,"size":92}
[2023-06-05 11:04:25][[game_database-10]][SqlQuery] {"query":"update t_Rank set forbid_dict='{}',role_ ... {}' where rank_name='activity_login_rank'","use_time":0,"size":87}
[2023-06-05 11:04:25][[game_database-10]][SqlQuery] {"query":"update t_Rank set forbid_dict='{}',role_ ... ' where rank_name='activity_diamond_rank'","use_time":0,"size":89}
[2023-06-05 11:04:25][[game_database-10]][SqlQuery] {"query":"update t_Rank set forbid_dict='{}',role_ ...  where rank_name='activity_intimacy_rank'","use_time":0,"size":90}
[2023-06-05 11:14:25][[game_database-10]][SqlQuery] {"query":"update t_DynastyRank set dynasty_list='{ ... re rank_name='rush_activity_dynasty_rank'","use_time":0.0099999904632568,"size":87}
[2023-06-05 11:14:25][[game_database-10]][SqlQuery] {"query":"update t_DynastyRank set dynasty_list='{ ... k_name='traitor_boss_honour_dynasty_rank'","use_time":0,"size":93}
[2023-06-05 11:14:25][[game_database-10]][SqlQuery] {"query":"update t_Rank set forbid_dict='{}',role_ ... here rank_name='rush_activity_party_rank'","use_time":0,"size":92}
[2023-06-05 11:14:25][[game_database-10]][SqlQuery] {"query":"update t_Rank set forbid_dict='{}',role_ ... e rank_name='rush_activity_recharge_rank'","use_time":0,"size":95}
[2023-06-05 11:14:25][[game_database-10]][SqlQuery] {"query":"update t_Rank set forbid_dict='{}',role_list='{}' where rank_name='train_rank'","use_time":0,"size":78}
[2023-06-05 11:14:25][[game_database-10]][SqlQuery] {"query":"update t_Rank set forbid_dict='{}',role_ ... {}' where rank_name='activity_score_rank'","use_time":0,"size":87}
[2023-06-05 11:14:25][[game_database-10]][SqlQuery] {"query":"update t_Rank set forbid_dict='{}',role_ ... t='{}' where rank_name='fight_score_rank'","use_time":0,"size":84}
[2023-06-05 11:14:25][[game_database-10]][SqlQuery] {"query":"update t_Rank set forbid_dict='{}',role_ ... rank_name='rush_activity_checkpoint_rank'","use_time":0,"size":97}
[2023-06-05 11:14:25][[game_database-10]][SqlQuery] {"query":"update t_Rank set forbid_dict='{}',role_ ... ere rank_name='activity_fight_score_rank'","use_time":0,"size":93}
[2023-06-05 11:14:25][[game_database-10]][SqlQuery] {"query":"update t_Rank set forbid_dict='{}',role_ ... here rank_name='rush_activity_money_rank'","use_time":0,"size":92}
[2023-06-05 11:14:25][[game_database-10]][SqlQuery] {"query":"update t_Rank set forbid_dict='{}',role_ ...  where rank_name='traitor_boss_hurt_rank'","use_time":0,"size":90}
[2023-06-05 11:14:25][[game_database-10]][SqlQuery] {"query":"update t_Rank set forbid_dict='{}',role_list='{}' where rank_name='score_rank'","use_time":0,"size":78}
[2023-06-05 11:14:25][[game_database-10]][SqlQuery] {"query":"update t_Rank set forbid_dict='{}',role_ ... rank_name='rush_activity_ringleader_rank'","use_time":0,"size":97}
[2023-06-05 11:14:25][[game_database-10]][SqlQuery] {"query":"update t_Rank set forbid_dict='{}',role_ ... e rank_name='rush_activity_intimacy_rank'","use_time":0.0099999904632568,"size":95}
[2023-06-05 11:14:25][[game_database-10]][SqlQuery] {"query":"update t_Rank set forbid_dict='{}',role_ ... ' where rank_name='activity_banquet_rank'","use_time":0,"size":89}
[2023-06-05 11:14:25][[game_database-10]][SqlQuery] {"query":"update t_Rank set forbid_dict='{}',role_list='{}' where rank_name='level_rank'","use_time":0,"size":78}
[2023-06-05 11:14:25][[game_database-10]][SqlQuery] {"query":"update t_Rank set forbid_dict='{}',role_ ... st='{}' where rank_name='stage_star_rank'","use_time":0,"size":83}
[2023-06-05 11:14:25][[game_database-10]][SqlQuery] {"query":"update t_Rank set forbid_dict='{}',role_list='{}' where rank_name='hunt_rank'","use_time":0,"size":77}
[2023-06-05 11:14:25][[game_database-10]][SqlQuery] {"query":"update t_Rank set forbid_dict='{}',role_ ... '{}' where rank_name='traitor_feats_rank'","use_time":0,"size":86}
[2023-06-05 11:14:25][[game_database-10]][SqlQuery] {"query":"update t_Rank set forbid_dict='{}',role_ ... here rank_name='traitor_boss_honour_rank'","use_time":0,"size":92}
[2023-06-05 11:14:25][[game_database-10]][SqlQuery] {"query":"update t_Rank set forbid_dict='{}',role_ ... where rank_name='rush_activity_hunt_rank'","use_time":0,"size":91}
[2023-06-05 11:14:25][[game_database-10]][SqlQuery] {"query":"update t_Rank set forbid_dict='{}',role_ ... ' where rank_name='traitor_max_hurt_rank'","use_time":0.0099999904632568,"size":89}
[2023-06-05 11:14:25][[game_database-10]][SqlQuery] {"query":"update t_Rank set forbid_dict='{}',role_ ... where rank_name='rush_activity_food_rank'","use_time":0,"size":91}
[2023-06-05 11:14:25][[game_database-10]][SqlQuery] {"query":"update t_Rank set forbid_dict='{}',role_ ... re rank_name='rush_activity_soldier_rank'","use_time":0,"size":94}
[2023-06-05 11:14:25][[game_database-10]][SqlQuery] {"query":"update t_Rank set forbid_dict='{}',role_ ... ' where rank_name='activity_stamina_rank'","use_time":0,"size":89}
[2023-06-05 11:14:25][[game_database-10]][SqlQuery] {"query":"update t_Rank set forbid_dict='{}',role_ ... {}' where rank_name='activity_money_rank'","use_time":0,"size":87}
[2023-06-05 11:14:25][[game_database-10]][SqlQuery] {"query":"update t_Rank set forbid_dict='{}',role_ ... ' where rank_name='activity_soldier_rank'","use_time":0,"size":89}
[2023-06-05 11:14:25][[game_database-10]][SqlQuery] {"query":"update t_Rank set forbid_dict='{}',role_ ... ='{}' where rank_name='traitor_hurt_rank'","use_time":0,"size":85}
[2023-06-05 11:14:25][[game_database-10]][SqlQuery] {"query":"update t_Rank set forbid_dict='{}',role_ ... here rank_name='rush_activity_score_rank'","use_time":0,"size":92}
[2023-06-05 11:14:25][[game_database-10]][SqlQuery] {"query":"update t_Rank set forbid_dict='{}',role_ ... {}' where rank_name='activity_login_rank'","use_time":0,"size":87}
[2023-06-05 11:14:25][[game_database-10]][SqlQuery] {"query":"update t_Rank set forbid_dict='{}',role_ ... ' where rank_name='activity_diamond_rank'","use_time":0,"size":89}
[2023-06-05 11:14:25][[game_database-10]][SqlQuery] {"query":"update t_Rank set forbid_dict='{}',role_ ...  where rank_name='activity_intimacy_rank'","use_time":0,"size":90}
[2023-06-05 11:24:26][[game_database-10]][SqlQuery] {"query":"update t_DynastyRank set dynasty_list='{ ... re rank_name='rush_activity_dynasty_rank'","use_time":0.0099999904632568,"size":87}
[2023-06-05 11:24:26][[game_database-10]][SqlQuery] {"query":"update t_DynastyRank set dynasty_list='{ ... k_name='traitor_boss_honour_dynasty_rank'","use_time":0,"size":93}
[2023-06-05 11:24:26][[game_database-10]][SqlQuery] {"query":"update t_Rank set forbid_dict='{}',role_ ... here rank_name='rush_activity_party_rank'","use_time":0,"size":92}
[2023-06-05 11:24:26][[game_database-10]][SqlQuery] {"query":"update t_Rank set forbid_dict='{}',role_ ... e rank_name='rush_activity_recharge_rank'","use_time":0,"size":95}
[2023-06-05 11:24:26][[game_database-10]][SqlQuery] {"query":"update t_Rank set forbid_dict='{}',role_list='{}' where rank_name='train_rank'","use_time":0,"size":78}
[2023-06-05 11:24:26][[game_database-10]][SqlQuery] {"query":"update t_Rank set forbid_dict='{}',role_ ... {}' where rank_name='activity_score_rank'","use_time":0,"size":87}
[2023-06-05 11:24:26][[game_database-10]][SqlQuery] {"query":"update t_Rank set forbid_dict='{}',role_ ... t='{}' where rank_name='fight_score_rank'","use_time":0,"size":84}
[2023-06-05 11:24:26][[game_database-10]][SqlQuery] {"query":"update t_Rank set forbid_dict='{}',role_ ... rank_name='rush_activity_checkpoint_rank'","use_time":0.0099999904632568,"size":97}
[2023-06-05 11:24:26][[game_database-10]][SqlQuery] {"query":"update t_Rank set forbid_dict='{}',role_ ... ere rank_name='activity_fight_score_rank'","use_time":0,"size":93}
[2023-06-05 11:24:26][[game_database-10]][SqlQuery] {"query":"update t_Rank set forbid_dict='{}',role_ ... here rank_name='rush_activity_money_rank'","use_time":0,"size":92}
[2023-06-05 11:24:26][[game_database-10]][SqlQuery] {"query":"update t_Rank set forbid_dict='{}',role_ ...  where rank_name='traitor_boss_hurt_rank'","use_time":0,"size":90}
[2023-06-05 11:24:26][[game_database-10]][SqlQuery] {"query":"update t_Rank set forbid_dict='{}',role_list='{}' where rank_name='score_rank'","use_time":0,"size":78}
[2023-06-05 11:24:26][[game_database-10]][SqlQuery] {"query":"update t_Rank set forbid_dict='{}',role_ ... rank_name='rush_activity_ringleader_rank'","use_time":0,"size":97}
[2023-06-05 11:24:26][[game_database-10]][SqlQuery] {"query":"update t_Rank set forbid_dict='{}',role_ ... e rank_name='rush_activity_intimacy_rank'","use_time":0,"size":95}
[2023-06-05 11:24:26][[game_database-10]][SqlQuery] {"query":"update t_Rank set forbid_dict='{}',role_ ... ' where rank_name='activity_banquet_rank'","use_time":0,"size":89}
[2023-06-05 11:24:26][[game_database-10]][SqlQuery] {"query":"update t_Rank set forbid_dict='{}',role_list='{}' where rank_name='level_rank'","use_time":0.0099999904632568,"size":78}
[2023-06-05 11:24:26][[game_database-10]][SqlQuery] {"query":"update t_Rank set forbid_dict='{}',role_ ... st='{}' where rank_name='stage_star_rank'","use_time":0,"size":83}
[2023-06-05 11:24:26][[game_database-10]][SqlQuery] {"query":"update t_Rank set forbid_dict='{}',role_list='{}' where rank_name='hunt_rank'","use_time":0,"size":77}
[2023-06-05 11:24:26][[game_database-10]][SqlQuery] {"query":"update t_Rank set forbid_dict='{}',role_ ... '{}' where rank_name='traitor_feats_rank'","use_time":0,"size":86}
[2023-06-05 11:24:26][[game_database-10]][SqlQuery] {"query":"update t_Rank set forbid_dict='{}',role_ ... here rank_name='traitor_boss_honour_rank'","use_time":0,"size":92}
[2023-06-05 11:24:26][[game_database-10]][SqlQuery] {"query":"update t_Rank set forbid_dict='{}',role_ ... where rank_name='rush_activity_hunt_rank'","use_time":0,"size":91}
[2023-06-05 11:24:26][[game_database-10]][SqlQuery] {"query":"update t_Rank set forbid_dict='{}',role_ ... ' where rank_name='traitor_max_hurt_rank'","use_time":0,"size":89}
[2023-06-05 11:24:26][[game_database-10]][SqlQuery] {"query":"update t_Rank set forbid_dict='{}',role_ ... where rank_name='rush_activity_food_rank'","use_time":0,"size":91}
[2023-06-05 11:24:26][[game_database-10]][SqlQuery] {"query":"update t_Rank set forbid_dict='{}',role_ ... re rank_name='rush_activity_soldier_rank'","use_time":0,"size":94}
[2023-06-05 11:24:26][[game_database-10]][SqlQuery] {"query":"update t_Rank set forbid_dict='{}',role_ ... ' where rank_name='activity_stamina_rank'","use_time":0.0099999904632568,"size":89}
[2023-06-05 11:24:26][[game_database-10]][SqlQuery] {"query":"update t_Rank set forbid_dict='{}',role_ ... {}' where rank_name='activity_money_rank'","use_time":0,"size":87}
[2023-06-05 11:24:26][[game_database-10]][SqlQuery] {"query":"update t_Rank set forbid_dict='{}',role_ ... ' where rank_name='activity_soldier_rank'","use_time":0,"size":89}
[2023-06-05 11:24:26][[game_database-10]][SqlQuery] {"query":"update t_Rank set forbid_dict='{}',role_ ... ='{}' where rank_name='traitor_hurt_rank'","use_time":0,"size":85}
[2023-06-05 11:24:26][[game_database-10]][SqlQuery] {"query":"update t_Rank set forbid_dict='{}',role_ ... here rank_name='rush_activity_score_rank'","use_time":0,"size":92}
[2023-06-05 11:24:26][[game_database-10]][SqlQuery] {"query":"update t_Rank set forbid_dict='{}',role_ ... {}' where rank_name='activity_login_rank'","use_time":0,"size":87}
[2023-06-05 11:24:26][[game_database-10]][SqlQuery] {"query":"update t_Rank set forbid_dict='{}',role_ ... ' where rank_name='activity_diamond_rank'","use_time":0,"size":89}
[2023-06-05 11:24:26][[game_database-10]][SqlQuery] {"query":"update t_Rank set forbid_dict='{}',role_ ...  where rank_name='activity_intimacy_rank'","use_time":0,"size":90}
[2023-06-05 11:34:26][[game_database-10]][SqlQuery] {"query":"update t_DynastyRank set dynasty_list='{ ... re rank_name='rush_activity_dynasty_rank'","use_time":0.0099999904632568,"size":87}
[2023-06-05 11:34:26][[game_database-10]][SqlQuery] {"query":"update t_DynastyRank set dynasty_list='{ ... k_name='traitor_boss_honour_dynasty_rank'","use_time":0,"size":93}
[2023-06-05 11:34:26][[game_database-10]][SqlQuery] {"query":"update t_Rank set forbid_dict='{}',role_ ... here rank_name='rush_activity_party_rank'","use_time":0,"size":92}
[2023-06-05 11:34:26][[game_database-10]][SqlQuery] {"query":"update t_Rank set forbid_dict='{}',role_ ... e rank_name='rush_activity_recharge_rank'","use_time":0,"size":95}
[2023-06-05 11:34:26][[game_database-10]][SqlQuery] {"query":"update t_Rank set forbid_dict='{}',role_list='{}' where rank_name='train_rank'","use_time":0,"size":78}
[2023-06-05 11:34:26][[game_database-10]][SqlQuery] {"query":"update t_Rank set forbid_dict='{}',role_ ... {}' where rank_name='activity_score_rank'","use_time":0,"size":87}
[2023-06-05 11:34:26][[game_database-10]][SqlQuery] {"query":"update t_Rank set forbid_dict='{}',role_ ... t='{}' where rank_name='fight_score_rank'","use_time":0,"size":84}
[2023-06-05 11:34:26][[game_database-10]][SqlQuery] {"query":"update t_Rank set forbid_dict='{}',role_ ... rank_name='rush_activity_checkpoint_rank'","use_time":0,"size":97}
[2023-06-05 11:34:26][[game_database-10]][SqlQuery] {"query":"update t_Rank set forbid_dict='{}',role_ ... ere rank_name='activity_fight_score_rank'","use_time":0.0099999904632568,"size":93}
[2023-06-05 11:34:26][[game_database-10]][SqlQuery] {"query":"update t_Rank set forbid_dict='{}',role_ ... here rank_name='rush_activity_money_rank'","use_time":0,"size":92}
[2023-06-05 11:34:26][[game_database-10]][SqlQuery] {"query":"update t_Rank set forbid_dict='{}',role_ ...  where rank_name='traitor_boss_hurt_rank'","use_time":0,"size":90}
[2023-06-05 11:34:26][[game_database-10]][SqlQuery] {"query":"update t_Rank set forbid_dict='{}',role_list='{}' where rank_name='score_rank'","use_time":0,"size":78}
[2023-06-05 11:34:26][[game_database-10]][SqlQuery] {"query":"update t_Rank set forbid_dict='{}',role_ ... rank_name='rush_activity_ringleader_rank'","use_time":0,"size":97}
[2023-06-05 11:34:26][[game_database-10]][SqlQuery] {"query":"update t_Rank set forbid_dict='{}',role_ ... e rank_name='rush_activity_intimacy_rank'","use_time":0,"size":95}
[2023-06-05 11:34:26][[game_database-10]][SqlQuery] {"query":"update t_Rank set forbid_dict='{}',role_ ... ' where rank_name='activity_banquet_rank'","use_time":0,"size":89}
[2023-06-05 11:34:26][[game_database-10]][SqlQuery] {"query":"update t_Rank set forbid_dict='{}',role_list='{}' where rank_name='level_rank'","use_time":0,"size":78}
[2023-06-05 11:34:26][[game_database-10]][SqlQuery] {"query":"update t_Rank set forbid_dict='{}',role_ ... st='{}' where rank_name='stage_star_rank'","use_time":0,"size":83}
[2023-06-05 11:34:26][[game_database-10]][SqlQuery] {"query":"update t_Rank set forbid_dict='{}',role_list='{}' where rank_name='hunt_rank'","use_time":0.0099999904632568,"size":77}
[2023-06-05 11:34:26][[game_database-10]][SqlQuery] {"query":"update t_Rank set forbid_dict='{}',role_ ... '{}' where rank_name='traitor_feats_rank'","use_time":0,"size":86}
[2023-06-05 11:34:26][[game_database-10]][SqlQuery] {"query":"update t_Rank set forbid_dict='{}',role_ ... here rank_name='traitor_boss_honour_rank'","use_time":0,"size":92}
[2023-06-05 11:34:26][[game_database-10]][SqlQuery] {"query":"update t_Rank set forbid_dict='{}',role_ ... where rank_name='rush_activity_hunt_rank'","use_time":0,"size":91}
[2023-06-05 11:34:26][[game_database-10]][SqlQuery] {"query":"update t_Rank set forbid_dict='{}',role_ ... ' where rank_name='traitor_max_hurt_rank'","use_time":0,"size":89}
[2023-06-05 11:34:26][[game_database-10]][SqlQuery] {"query":"update t_Rank set forbid_dict='{}',role_ ... where rank_name='rush_activity_food_rank'","use_time":0,"size":91}
[2023-06-05 11:34:26][[game_database-10]][SqlQuery] {"query":"update t_Rank set forbid_dict='{}',role_ ... re rank_name='rush_activity_soldier_rank'","use_time":0,"size":94}
[2023-06-05 11:34:26][[game_database-10]][SqlQuery] {"query":"update t_Rank set forbid_dict='{}',role_ ... ' where rank_name='activity_stamina_rank'","use_time":0,"size":89}
[2023-06-05 11:34:26][[game_database-10]][SqlQuery] {"query":"update t_Rank set forbid_dict='{}',role_ ... {}' where rank_name='activity_money_rank'","use_time":0.0099999904632568,"size":87}
[2023-06-05 11:34:26][[game_database-10]][SqlQuery] {"query":"update t_Rank set forbid_dict='{}',role_ ... ' where rank_name='activity_soldier_rank'","use_time":0,"size":89}
[2023-06-05 11:34:26][[game_database-10]][SqlQuery] {"query":"update t_Rank set forbid_dict='{}',role_ ... ='{}' where rank_name='traitor_hurt_rank'","use_time":0,"size":85}
[2023-06-05 11:34:26][[game_database-10]][SqlQuery] {"query":"update t_Rank set forbid_dict='{}',role_ ... here rank_name='rush_activity_score_rank'","use_time":0,"size":92}
[2023-06-05 11:34:26][[game_database-10]][SqlQuery] {"query":"update t_Rank set forbid_dict='{}',role_ ... {}' where rank_name='activity_login_rank'","use_time":0,"size":87}
[2023-06-05 11:34:26][[game_database-10]][SqlQuery] {"query":"update t_Rank set forbid_dict='{}',role_ ... ' where rank_name='activity_diamond_rank'","use_time":0,"size":89}
[2023-06-05 11:34:26][[game_database-10]][SqlQuery] {"query":"update t_Rank set forbid_dict='{}',role_ ...  where rank_name='activity_intimacy_rank'","use_time":0.0099999904632568,"size":90}
[2023-06-05 11:44:26][[game_database-10]][SqlQuery] {"query":"update t_DynastyRank set dynasty_list='{ ... re rank_name='rush_activity_dynasty_rank'","use_time":0.0099999904632568,"size":87}
[2023-06-05 11:44:26][[game_database-10]][SqlQuery] {"query":"update t_DynastyRank set dynasty_list='{ ... k_name='traitor_boss_honour_dynasty_rank'","use_time":0,"size":93}
[2023-06-05 11:44:26][[game_database-10]][SqlQuery] {"query":"update t_Rank set forbid_dict='{}',role_ ... here rank_name='rush_activity_party_rank'","use_time":0.0099999904632568,"size":92}
[2023-06-05 11:44:26][[game_database-10]][SqlQuery] {"query":"update t_Rank set forbid_dict='{}',role_ ... e rank_name='rush_activity_recharge_rank'","use_time":0.019999980926514,"size":95}
[2023-06-05 11:44:26][[game_database-10]][SqlQuery] {"query":"update t_Rank set forbid_dict='{}',role_list='{}' where rank_name='train_rank'","use_time":0,"size":78}
[2023-06-05 11:44:26][[game_database-10]][SqlQuery] {"query":"update t_Rank set forbid_dict='{}',role_ ... {}' where rank_name='activity_score_rank'","use_time":0,"size":87}
[2023-06-05 11:44:26][[game_database-10]][SqlQuery] {"query":"update t_Rank set forbid_dict='{}',role_ ... t='{}' where rank_name='fight_score_rank'","use_time":0,"size":84}
[2023-06-05 11:44:26][[game_database-10]][SqlQuery] {"query":"update t_Rank set forbid_dict='{}',role_ ... rank_name='rush_activity_checkpoint_rank'","use_time":0.0099999904632568,"size":97}
[2023-06-05 11:44:26][[game_database-10]][SqlQuery] {"query":"update t_Rank set forbid_dict='{}',role_ ... ere rank_name='activity_fight_score_rank'","use_time":0,"size":93}
[2023-06-05 11:44:26][[game_database-10]][SqlQuery] {"query":"update t_Rank set forbid_dict='{}',role_ ... here rank_name='rush_activity_money_rank'","use_time":0,"size":92}
[2023-06-05 11:44:26][[game_database-10]][SqlQuery] {"query":"update t_Rank set forbid_dict='{}',role_ ...  where rank_name='traitor_boss_hurt_rank'","use_time":0,"size":90}
[2023-06-05 11:44:26][[game_database-10]][SqlQuery] {"query":"update t_Rank set forbid_dict='{}',role_list='{}' where rank_name='score_rank'","use_time":0,"size":78}
[2023-06-05 11:44:26][[game_database-10]][SqlQuery] {"query":"update t_Rank set forbid_dict='{}',role_ ... rank_name='rush_activity_ringleader_rank'","use_time":0,"size":97}
[2023-06-05 11:44:26][[game_database-10]][SqlQuery] {"query":"update t_Rank set forbid_dict='{}',role_ ... e rank_name='rush_activity_intimacy_rank'","use_time":0.0099999904632568,"size":95}
[2023-06-05 11:44:26][[game_database-10]][SqlQuery] {"query":"update t_Rank set forbid_dict='{}',role_ ... ' where rank_name='activity_banquet_rank'","use_time":0,"size":89}
[2023-06-05 11:44:26][[game_database-10]][SqlQuery] {"query":"update t_Rank set forbid_dict='{}',role_list='{}' where rank_name='level_rank'","use_time":0,"size":78}
[2023-06-05 11:44:26][[game_database-10]][SqlQuery] {"query":"update t_Rank set forbid_dict='{}',role_ ... st='{}' where rank_name='stage_star_rank'","use_time":0,"size":83}
[2023-06-05 11:44:26][[game_database-10]][SqlQuery] {"query":"update t_Rank set forbid_dict='{}',role_list='{}' where rank_name='hunt_rank'","use_time":0,"size":77}
[2023-06-05 11:44:26][[game_database-10]][SqlQuery] {"query":"update t_Rank set forbid_dict='{}',role_ ... '{}' where rank_name='traitor_feats_rank'","use_time":0,"size":86}
[2023-06-05 11:44:26][[game_database-10]][SqlQuery] {"query":"update t_Rank set forbid_dict='{}',role_ ... here rank_name='traitor_boss_honour_rank'","use_time":0.0099999904632568,"size":92}
[2023-06-05 11:44:26][[game_database-10]][SqlQuery] {"query":"update t_Rank set forbid_dict='{}',role_ ... where rank_name='rush_activity_hunt_rank'","use_time":0,"size":91}
[2023-06-05 11:44:26][[game_database-10]][SqlQuery] {"query":"update t_Rank set forbid_dict='{}',role_ ... ' where rank_name='traitor_max_hurt_rank'","use_time":0,"size":89}
[2023-06-05 11:44:26][[game_database-10]][SqlQuery] {"query":"update t_Rank set forbid_dict='{}',role_ ... where rank_name='rush_activity_food_rank'","use_time":0,"size":91}
[2023-06-05 11:44:26][[game_database-10]][SqlQuery] {"query":"update t_Rank set forbid_dict='{}',role_ ... re rank_name='rush_activity_soldier_rank'","use_time":0.0099999904632568,"size":94}
[2023-06-05 11:44:26][[game_database-10]][SqlQuery] {"query":"update t_Rank set forbid_dict='{}',role_ ... ' where rank_name='activity_stamina_rank'","use_time":0,"size":89}
[2023-06-05 11:44:26][[game_database-10]][SqlQuery] {"query":"update t_Rank set forbid_dict='{}',role_ ... {}' where rank_name='activity_money_rank'","use_time":0,"size":87}
[2023-06-05 11:44:26][[game_database-10]][SqlQuery] {"query":"update t_Rank set forbid_dict='{}',role_ ... ' where rank_name='activity_soldier_rank'","use_time":0,"size":89}
[2023-06-05 11:44:26][[game_database-10]][SqlQuery] {"query":"update t_Rank set forbid_dict='{}',role_ ... ='{}' where rank_name='traitor_hurt_rank'","use_time":0,"size":85}
[2023-06-05 11:44:26][[game_database-10]][SqlQuery] {"query":"update t_Rank set forbid_dict='{}',role_ ... here rank_name='rush_activity_score_rank'","use_time":0,"size":92}
[2023-06-05 11:44:26][[game_database-10]][SqlQuery] {"query":"update t_Rank set forbid_dict='{}',role_ ... {}' where rank_name='activity_login_rank'","use_time":0,"size":87}
[2023-06-05 11:44:26][[game_database-10]][SqlQuery] {"query":"update t_Rank set forbid_dict='{}',role_ ... ' where rank_name='activity_diamond_rank'","use_time":0.0099999904632568,"size":89}
[2023-06-05 11:44:26][[game_database-10]][SqlQuery] {"query":"update t_Rank set forbid_dict='{}',role_ ...  where rank_name='activity_intimacy_rank'","use_time":0,"size":90}
[2023-06-05 11:44:46][[agent-11]][SqlConnect] {"host":"127.0.0.1","user":"root"}
[2023-06-05 11:44:46][[agent-11]][SqlQuery] {"query":"use hd_game50","use_time":0,"size":13}
[2023-06-05 11:44:46][[agent-11]][SqlQuery] {"query":"SET NAMES utf8mb4","use_time":0,"size":17}
[2023-06-05 11:44:46][[agent-11]][SqlQuery] {"query":"select count(*) from t_Role","use_time":0,"size":27}
[2023-06-05 11:44:46][[agent-11]][SqlClose] {"host":"127.0.0.1","user":"root"}
[2023-06-05 11:45:34][[agent-11]][SqlConnect] {"host":"127.0.0.1","user":"root"}
[2023-06-05 11:45:34][[agent-11]][SqlQuery] {"query":"use hd_game50","use_time":0.0099999904632568,"size":13}
[2023-06-05 11:45:34][[agent-11]][SqlQuery] {"query":"SET NAMES utf8mb4","use_time":0,"size":17}
[2023-06-05 11:45:34][[agent-11]][SqlQuery] {"query":"select count(*) from t_Role","use_time":0,"size":27}
[2023-06-05 11:45:34][[agent-11]][SqlClose] {"host":"127.0.0.1","user":"root"}
[2023-06-05 11:46:33][[agent-11]][SqlConnect] {"host":"127.0.0.1","user":"root"}
[2023-06-05 11:46:33][[agent-11]][SqlQuery] {"query":"use hd_game50","use_time":0,"size":13}
[2023-06-05 11:46:33][[agent-11]][SqlQuery] {"query":"SET NAMES utf8mb4","use_time":0,"size":17}
[2023-06-05 11:46:33][[agent-11]][SqlQuery] {"query":"select count(*) from t_Role","use_time":0,"size":27}
[2023-06-05 11:46:33][[agent-11]][SqlClose] {"host":"127.0.0.1","user":"root"}
[2023-06-05 11:48:14][[agent-11]][SqlConnect] {"host":"127.0.0.1","user":"root"}
[2023-06-05 11:48:14][[agent-11]][SqlQuery] {"query":"use hd_game50","use_time":0,"size":13}
[2023-06-05 11:48:14][[agent-11]][SqlQuery] {"query":"SET NAMES utf8mb4","use_time":0,"size":17}
[2023-06-05 11:48:14][[agent-11]][SqlQuery] {"query":"select count(*) from t_Role","use_time":0,"size":27}
[2023-06-05 11:48:14][[agent-11]][SqlClose] {"host":"127.0.0.1","user":"root"}
[2023-06-05 11:54:26][[game_database-10]][SqlQuery] {"query":"update t_DynastyRank set dynasty_list='{ ... re rank_name='rush_activity_dynasty_rank'","use_time":0.019999980926514,"size":87}
[2023-06-05 11:54:26][[game_database-10]][SqlQuery] {"query":"update t_DynastyRank set dynasty_list='{ ... k_name='traitor_boss_honour_dynasty_rank'","use_time":0,"size":93}
[2023-06-05 11:54:26][[game_database-10]][SqlQuery] {"query":"update t_Rank set forbid_dict='{}',role_ ... here rank_name='rush_activity_party_rank'","use_time":0,"size":92}
[2023-06-05 11:54:26][[game_database-10]][SqlQuery] {"query":"update t_Rank set forbid_dict='{}',role_ ... e rank_name='rush_activity_recharge_rank'","use_time":0,"size":95}
[2023-06-05 11:54:26][[game_database-10]][SqlQuery] {"query":"update t_Rank set forbid_dict='{}',role_list='{}' where rank_name='train_rank'","use_time":0,"size":78}
[2023-06-05 11:54:26][[game_database-10]][SqlQuery] {"query":"update t_Rank set forbid_dict='{}',role_ ... {}' where rank_name='activity_score_rank'","use_time":0,"size":87}
[2023-06-05 11:54:26][[game_database-10]][SqlQuery] {"query":"update t_Rank set forbid_dict='{}',role_ ... t='{}' where rank_name='fight_score_rank'","use_time":0,"size":84}
[2023-06-05 11:54:26][[game_database-10]][SqlQuery] {"query":"update t_Rank set forbid_dict='{}',role_ ... rank_name='rush_activity_checkpoint_rank'","use_time":0,"size":97}
[2023-06-05 11:54:26][[game_database-10]][SqlQuery] {"query":"update t_Rank set forbid_dict='{}',role_ ... ere rank_name='activity_fight_score_rank'","use_time":0,"size":93}
[2023-06-05 11:54:26][[game_database-10]][SqlQuery] {"query":"update t_Rank set forbid_dict='{}',role_ ... here rank_name='rush_activity_money_rank'","use_time":0,"size":92}
[2023-06-05 11:54:26][[game_database-10]][SqlQuery] {"query":"update t_Rank set forbid_dict='{}',role_ ...  where rank_name='traitor_boss_hurt_rank'","use_time":0.0099999904632568,"size":90}
[2023-06-05 11:54:26][[game_database-10]][SqlQuery] {"query":"update t_Rank set forbid_dict='{}',role_list='{}' where rank_name='score_rank'","use_time":0,"size":78}
[2023-06-05 11:54:26][[game_database-10]][SqlQuery] {"query":"update t_Rank set forbid_dict='{}',role_ ... rank_name='rush_activity_ringleader_rank'","use_time":0,"size":97}
[2023-06-05 11:54:26][[game_database-10]][SqlQuery] {"query":"update t_Rank set forbid_dict='{}',role_ ... e rank_name='rush_activity_intimacy_rank'","use_time":0,"size":95}
[2023-06-05 11:54:26][[game_database-10]][SqlQuery] {"query":"update t_Rank set forbid_dict='{}',role_ ... ' where rank_name='activity_banquet_rank'","use_time":0,"size":89}
[2023-06-05 11:54:26][[game_database-10]][SqlQuery] {"query":"update t_Rank set forbid_dict='{}',role_list='{}' where rank_name='level_rank'","use_time":0,"size":78}
[2023-06-05 11:54:26][[game_database-10]][SqlQuery] {"query":"update t_Rank set forbid_dict='{}',role_ ... st='{}' where rank_name='stage_star_rank'","use_time":0,"size":83}
[2023-06-05 11:54:26][[game_database-10]][SqlQuery] {"query":"update t_Rank set forbid_dict='{}',role_list='{}' where rank_name='hunt_rank'","use_time":0,"size":77}
[2023-06-05 11:54:26][[game_database-10]][SqlQuery] {"query":"update t_Rank set forbid_dict='{}',role_ ... '{}' where rank_name='traitor_feats_rank'","use_time":0.0099999904632568,"size":86}
[2023-06-05 11:54:26][[game_database-10]][SqlQuery] {"query":"update t_Rank set forbid_dict='{}',role_ ... here rank_name='traitor_boss_honour_rank'","use_time":0,"size":92}
[2023-06-05 11:54:26][[game_database-10]][SqlQuery] {"query":"update t_Rank set forbid_dict='{}',role_ ... where rank_name='rush_activity_hunt_rank'","use_time":0,"size":91}
[2023-06-05 11:54:26][[game_database-10]][SqlQuery] {"query":"update t_Rank set forbid_dict='{}',role_ ... ' where rank_name='traitor_max_hurt_rank'","use_time":0,"size":89}
[2023-06-05 11:54:26][[game_database-10]][SqlQuery] {"query":"update t_Rank set forbid_dict='{}',role_ ... where rank_name='rush_activity_food_rank'","use_time":0,"size":91}
[2023-06-05 11:54:26][[game_database-10]][SqlQuery] {"query":"update t_Rank set forbid_dict='{}',role_ ... re rank_name='rush_activity_soldier_rank'","use_time":0,"size":94}
[2023-06-05 11:54:26][[game_database-10]][SqlQuery] {"query":"update t_Rank set forbid_dict='{}',role_ ... ' where rank_name='activity_stamina_rank'","use_time":0,"size":89}
[2023-06-05 11:54:26][[game_database-10]][SqlQuery] {"query":"update t_Rank set forbid_dict='{}',role_ ... {}' where rank_name='activity_money_rank'","use_time":0,"size":87}
[2023-06-05 11:54:26][[game_database-10]][SqlQuery] {"query":"update t_Rank set forbid_dict='{}',role_ ... ' where rank_name='activity_soldier_rank'","use_time":0,"size":89}
[2023-06-05 11:54:26][[game_database-10]][SqlQuery] {"query":"update t_Rank set forbid_dict='{}',role_ ... ='{}' where rank_name='traitor_hurt_rank'","use_time":0.0099999904632568,"size":85}
[2023-06-05 11:54:26][[game_database-10]][SqlQuery] {"query":"update t_Rank set forbid_dict='{}',role_ ... here rank_name='rush_activity_score_rank'","use_time":0,"size":92}
[2023-06-05 11:54:26][[game_database-10]][SqlQuery] {"query":"update t_Rank set forbid_dict='{}',role_ ... {}' where rank_name='activity_login_rank'","use_time":0,"size":87}
[2023-06-05 11:54:26][[game_database-10]][SqlQuery] {"query":"update t_Rank set forbid_dict='{}',role_ ... ' where rank_name='activity_diamond_rank'","use_time":0,"size":89}
[2023-06-05 11:54:26][[game_database-10]][SqlQuery] {"query":"update t_Rank set forbid_dict='{}',role_ ...  where rank_name='activity_intimacy_rank'","use_time":0,"size":90}
