[2023-06-05 19:01:22][[reload_watcher-a]][info] excel to reload:

[2023-06-05 19:01:22][[reload_watcher-a]][info] file to reload:
./gamelogic/service/world/gift_key.lua
[2023-06-05 19:01:26][[reload_watcher-a]][info] excel to reload:

[2023-06-05 19:01:26][[reload_watcher-a]][info] file to reload:
./gamelogic/service/world/gift_key.lua
[2023-06-05 19:01:29][[reload_watcher-a]][info] excel to reload:

[2023-06-05 19:01:29][[reload_watcher-a]][info] file to reload:
./gamelogic/service/world/gift_key.lua
[2023-06-05 19:01:39][[game_database-10]][info] SqlQueryCount: 15
[2023-06-05 19:01:55][[reload_watcher-a]][info] excel to reload:

[2023-06-05 19:01:55][[reload_watcher-a]][info] file to reload:
./gamelogic/service/world/gift_key.lua
[2023-06-05 19:01:56][[reload_watcher-a]][info] excel to reload:

[2023-06-05 19:01:56][[reload_watcher-a]][info] file to reload:
./gamelogic/service/world/gift_key.lua
[2023-06-05 19:02:00][[reload_watcher-a]][info] excel to reload:

[2023-06-05 19:02:00][[reload_watcher-a]][info] file to reload:
./gamelogic/service/world/gift_key.lua
[2023-06-05 19:02:01][[reload_watcher-a]][info] excel to reload:

[2023-06-05 19:02:01][[reload_watcher-a]][info] file to reload:
./gamelogic/service/world/gift_key.lua
[2023-06-05 19:02:02][[reload_watcher-a]][info] excel to reload:

[2023-06-05 19:02:02][[reload_watcher-a]][info] file to reload:
./gamelogic/service/world/gift_key.lua
[2023-06-05 19:02:03][[reload_watcher-a]][info] excel to reload:

[2023-06-05 19:02:03][[reload_watcher-a]][info] file to reload:
./gamelogic/service/world/gift_key.lua
[2023-06-05 19:02:57][[reload_watcher-a]][info] excel to reload:

[2023-06-05 19:02:57][[reload_watcher-a]][info] file to reload:
./gamelogic/service/world/gift_key.lua
[2023-06-05 19:03:11][[reload_watcher-a]][info] excel to reload:

[2023-06-05 19:03:11][[reload_watcher-a]][info] file to reload:
./gamelogic/service/world/gift_key.lua
[2023-06-05 19:03:17][[reload_watcher-a]][info] excel to reload:

[2023-06-05 19:03:17][[reload_watcher-a]][info] file to reload:
./gamelogic/service/world/gift_key.lua
[2023-06-05 19:03:46][[reload_watcher-a]][info] excel to reload:

[2023-06-05 19:03:46][[reload_watcher-a]][info] file to reload:
./gamelogic/service/world/gift_key.lua
[2023-06-05 19:03:48][[reload_watcher-a]][info] excel to reload:

[2023-06-05 19:03:48][[reload_watcher-a]][info] file to reload:
./gamelogic/service/world/gift_key.lua
[2023-06-05 19:03:51][[reload_watcher-a]][info] excel to reload:

[2023-06-05 19:03:51][[reload_watcher-a]][info] file to reload:
./gamelogic/service/world/gift_key.lua
[2023-06-05 19:03:53][[reload_watcher-a]][info] excel to reload:

[2023-06-05 19:03:53][[reload_watcher-a]][info] file to reload:
./gamelogic/service/world/gift_key.lua
[2023-06-05 19:04:21][[reload_watcher-a]][info] excel to reload:

[2023-06-05 19:04:21][[reload_watcher-a]][info] file to reload:
./gamelogic/service/world/gift_key.lua
[2023-06-05 19:04:23][[reload_watcher-a]][info] excel to reload:

[2023-06-05 19:04:23][[reload_watcher-a]][info] file to reload:
./gamelogic/service/world/gift_key.lua
[2023-06-05 19:04:31][[reload_watcher-a]][info] excel to reload:

[2023-06-05 19:04:31][[reload_watcher-a]][info] file to reload:
./gamelogic/service/world/gift_key.lua
[2023-06-05 19:04:33][[reload_watcher-a]][info] excel to reload:

[2023-06-05 19:04:33][[reload_watcher-a]][info] file to reload:
./gamelogic/service/world/gift_key.lua
[2023-06-05 19:04:39][[reload_watcher-a]][info] excel to reload:

[2023-06-05 19:04:39][[reload_watcher-a]][info] file to reload:
./gamelogic/service/world/gift_key.lua
[2023-06-05 19:04:40][[reload_watcher-a]][info] excel to reload:

[2023-06-05 19:04:40][[reload_watcher-a]][info] file to reload:
./gamelogic/service/world/gift_key.lua
[2023-06-05 19:04:41][[reload_watcher-a]][info] excel to reload:

[2023-06-05 19:04:41][[reload_watcher-a]][info] file to reload:
./gamelogic/service/world/gift_key.lua
[2023-06-05 19:04:42][[reload_watcher-a]][info] excel to reload:

[2023-06-05 19:04:42][[reload_watcher-a]][info] file to reload:
./gamelogic/service/world/gift_key.lua
[2023-06-05 19:04:46][[reload_watcher-a]][info] excel to reload:

[2023-06-05 19:04:46][[reload_watcher-a]][info] file to reload:
./gamelogic/service/world/gift_key.lua
[2023-06-05 19:04:47][[reload_watcher-a]][info] excel to reload:

[2023-06-05 19:04:47][[reload_watcher-a]][info] file to reload:
./gamelogic/service/world/gift_key.lua
[2023-06-05 19:04:49][[reload_watcher-a]][info] excel to reload:

[2023-06-05 19:04:49][[reload_watcher-a]][info] file to reload:
./gamelogic/service/world/gift_key.lua
[2023-06-05 19:04:50][[reload_watcher-a]][info] excel to reload:

[2023-06-05 19:04:50][[reload_watcher-a]][info] file to reload:
./gamelogic/service/world/gift_key.lua
[2023-06-05 19:16:31][[reload_watcher-a]][info] ["reload_watcher:",10]
[2023-06-05 19:16:31][[common_init-c]][info] uuid init<70|14>, tag<1Y_E_>
[2023-06-05 19:16:31][[clusterd-d]][info] connect s2800_cluster_router 117.50.193.85:40301
[2023-06-05 19:16:31][[clusterd-d]][info] ["clusterd start:",13]
[2023-06-05 19:16:31][[clusterd-d]][info] socket accept from ::ffff:117.50.193.85:30222, 5
[2023-06-05 19:16:31][[clusterd-d]][info] clusterd show_self s2800_cluster_router
[2023-06-05 19:16:32][[common_init-c]][info] SqlQueryCount: 5
[2023-06-05 19:16:34][[gamelog-9]][info] ["gamelog start:",9]
[2023-06-05 19:16:35][[game_database-10]][info] gamedb service boot success!
[2023-06-05 19:16:35][[chat-11]][info] ["chat start:",17]
[2023-06-05 19:16:35][[child_marry-12]][info] refresh schema:schema_cross
[2023-06-05 19:16:35][[child_marry-12]][info] ["child_marry start:",18]
[2023-06-05 19:16:35][[salon-13]][info] ["salon start:",19]
[2023-06-05 19:16:35][[party-14]][info] ["party start:",20]
[2023-06-05 19:16:35][[dynasty-15]][info] refresh schema:schema_dynasty
[2023-06-05 19:16:35][[dynasty-15]][info] ["dynasty_mgr_start start:",21]
[2023-06-05 19:16:35][[traitor-16]][info] ["traitor start:",22]
[2023-06-05 19:16:35][[rank-17]][info] ["rank start:",23]
[2023-06-05 19:16:36][[game_database-10]][info] SqlQueryCount: 36
[2023-06-05 19:26:15][[reload_watcher-a]][info] excel to reload:

[2023-06-05 19:26:15][[reload_watcher-a]][info] file to reload:
./service/gm_router/gm_router.lua
[2023-06-05 19:26:36][[game_database-10]][info] SqlQueryCount: 15
[2023-06-05 19:35:38][[reload_watcher-a]][info] excel to reload:

[2023-06-05 19:35:38][[reload_watcher-a]][info] file to reload:
./gamelogic/service/world/gift_key.lua
[2023-06-05 19:36:03][[reload_watcher-a]][info] excel to reload:

[2023-06-05 19:36:03][[reload_watcher-a]][info] file to reload:
./gamelogic/service/world/gift_key.lua
[2023-06-05 19:36:04][[reload_watcher-a]][info] excel to reload:

[2023-06-05 19:36:04][[reload_watcher-a]][info] file to reload:
./gamelogic/service/world/gift_key.lua
[2023-06-05 19:36:36][[game_database-10]][info] SqlQueryCount: 15
[2023-06-05 19:43:11][[reload_watcher-a]][info] excel to reload:

[2023-06-05 19:43:11][[reload_watcher-a]][info] file to reload:
./gamelogic/service/world/lua_handles.lua
[2023-06-05 19:46:35][[game_database-10]][info] SqlQueryCount: 15
[2023-06-05 19:56:35][[game_database-10]][info] SqlQueryCount: 15
