[2023-06-05 17:04:21][[game_database-10]][info] SqlQueryCount: 15
[2023-06-05 17:14:21][[game_database-10]][info] SqlQueryCount: 15
[2023-06-05 17:16:07][[reload_watcher-a]][info] excel to reload:

[2023-06-05 17:16:07][[reload_watcher-a]][info] file to reload:
./gamelogic/service/world/lua_handles.lua
[2023-06-05 17:16:18][[reload_watcher-a]][info] excel to reload:

[2023-06-05 17:16:18][[reload_watcher-a]][info] file to reload:
./gamelogic/service/world/gift_key.lua
[2023-06-05 17:17:48][[reload_watcher-a]][info] excel to reload:

[2023-06-05 17:17:48][[reload_watcher-a]][info] file to reload:
./gamelogic/service/world/lua_handles.lua
[2023-06-05 17:17:52][[reload_watcher-a]][info] excel to reload:

[2023-06-05 17:17:52][[reload_watcher-a]][info] file to reload:
./gamelogic/service/world/lua_handles.lua
[2023-06-05 17:17:58][[reload_watcher-a]][info] excel to reload:

[2023-06-05 17:17:58][[reload_watcher-a]][info] file to reload:
./gamelogic/service/world/lua_handles.lua
[2023-06-05 17:18:02][[reload_watcher-a]][info] excel to reload:

[2023-06-05 17:18:02][[reload_watcher-a]][info] file to reload:
./gamelogic/service/world/lua_handles.lua
[2023-06-05 17:18:06][[reload_watcher-a]][info] excel to reload:

[2023-06-05 17:18:06][[reload_watcher-a]][info] file to reload:
./gamelogic/service/world/lua_handles.lua
[2023-06-05 17:18:11][[reload_watcher-a]][info] excel to reload:

[2023-06-05 17:18:11][[reload_watcher-a]][info] file to reload:
./gamelogic/service/world/lua_handles.lua
[2023-06-05 17:24:21][[game_database-10]][info] SqlQueryCount: 17
[2023-06-05 17:34:21][[game_database-10]][info] SqlQueryCount: 15
[2023-06-05 17:38:14][[reload_watcher-a]][info] excel to reload:

[2023-06-05 17:38:14][[reload_watcher-a]][info] file to reload:
./gamelogic/service/world/gift_key.lua
[2023-06-05 17:38:15][[reload_watcher-a]][info] excel to reload:

[2023-06-05 17:38:15][[reload_watcher-a]][info] file to reload:
./gamelogic/service/world/gift_key.lua
[2023-06-05 17:38:54][[reload_watcher-a]][info] excel to reload:

[2023-06-05 17:38:54][[reload_watcher-a]][info] file to reload:
./gamelogic/service/world/gift_key.lua
[2023-06-05 17:38:58][[reload_watcher-a]][info] excel to reload:

[2023-06-05 17:38:58][[reload_watcher-a]][info] file to reload:
./gamelogic/service/world/gift_key.lua
[2023-06-05 17:39:02][[reload_watcher-a]][info] excel to reload:

[2023-06-05 17:39:02][[reload_watcher-a]][info] file to reload:
./gamelogic/service/world/gift_key.lua
[2023-06-05 17:39:07][[reload_watcher-a]][info] excel to reload:

[2023-06-05 17:39:07][[reload_watcher-a]][info] file to reload:
./gamelogic/service/world/gift_key.lua
[2023-06-05 17:39:24][[reload_watcher-a]][info] excel to reload:

[2023-06-05 17:39:24][[reload_watcher-a]][info] file to reload:
./gamelogic/service/world/gift_key.lua
[2023-06-05 17:39:26][[reload_watcher-a]][info] excel to reload:

[2023-06-05 17:39:26][[reload_watcher-a]][info] file to reload:
./gamelogic/service/world/gift_key.lua
[2023-06-05 17:39:30][[reload_watcher-a]][info] excel to reload:

[2023-06-05 17:39:30][[reload_watcher-a]][info] file to reload:
./gamelogic/service/world/gift_key.lua
[2023-06-05 17:39:34][[reload_watcher-a]][info] excel to reload:

[2023-06-05 17:39:34][[reload_watcher-a]][info] file to reload:
./gamelogic/service/world/gift_key.lua
[2023-06-05 17:39:42][[reload_watcher-a]][info] excel to reload:

[2023-06-05 17:39:42][[reload_watcher-a]][info] file to reload:
./gamelogic/service/world/gift_key.lua
[2023-06-05 17:43:19][[reload_watcher-a]][info] excel to reload:

[2023-06-05 17:43:19][[reload_watcher-a]][info] file to reload:
./gamelogic/service/world/gift_key.lua
[2023-06-05 17:43:24][[reload_watcher-a]][info] excel to reload:

[2023-06-05 17:43:24][[reload_watcher-a]][info] file to reload:
./gamelogic/service/world/gift_key.lua
[2023-06-05 17:43:27][[reload_watcher-a]][info] excel to reload:

[2023-06-05 17:43:27][[reload_watcher-a]][info] file to reload:
./gamelogic/service/world/gift_key.lua
[2023-06-05 17:44:21][[game_database-10]][info] SqlQueryCount: 15
[2023-06-05 17:44:35][[clusterd-d]][info] close socket 8
[2023-06-05 17:44:36][[clusterd-d]][info] close socket 7
[2023-06-05 17:44:49][[reload_watcher-a]][info] ["reload_watcher:",10]
[2023-06-05 17:44:49][[common_init-c]][info] uuid init<70|12>, tag<1Y_C_>
[2023-06-05 17:44:49][[clusterd-d]][info] connect s2800_cluster_router 117.50.193.85:40301
[2023-06-05 17:44:49][[clusterd-d]][info] ["clusterd start:",13]
[2023-06-05 17:44:49][[clusterd-d]][info] socket accept from ::ffff:117.50.193.85:60652, 5
[2023-06-05 17:44:49][[clusterd-d]][info] clusterd show_self s2800_cluster_router
[2023-06-05 17:44:50][[common_init-c]][info] SqlQueryCount: 5
[2023-06-05 17:44:52][[gamelog-9]][info] ["gamelog start:",9]
[2023-06-05 17:44:52][[game_database-10]][info] gamedb service boot success!
[2023-06-05 17:44:52][[chat-11]][info] ["chat start:",17]
[2023-06-05 17:44:52][[child_marry-12]][info] refresh schema:schema_cross
[2023-06-05 17:44:52][[child_marry-12]][info] ["child_marry start:",18]
[2023-06-05 17:44:52][[salon-13]][info] ["salon start:",19]
[2023-06-05 17:44:52][[party-14]][info] ["party start:",20]
[2023-06-05 17:44:52][[dynasty-15]][info] refresh schema:schema_dynasty
[2023-06-05 17:44:52][[dynasty-15]][info] ["dynasty_mgr_start start:",21]
[2023-06-05 17:44:52][[traitor-16]][info] ["traitor start:",22]
[2023-06-05 17:44:52][[rank-17]][info] ["rank start:",23]
[2023-06-05 17:44:53][[game_database-10]][info] SqlQueryCount: 36
[2023-06-05 17:51:34][[reload_watcher-a]][info] ["reload_watcher:",10]
[2023-06-05 17:51:34][[common_init-c]][info] uuid init<70|13>, tag<1Y_D_>
[2023-06-05 17:51:34][[clusterd-d]][info] connect s2800_cluster_router 117.50.193.85:40301
[2023-06-05 17:51:34][[clusterd-d]][info] ["clusterd start:",13]
[2023-06-05 17:51:34][[clusterd-d]][info] socket accept from ::ffff:117.50.193.85:60794, 5
[2023-06-05 17:51:34][[clusterd-d]][info] clusterd show_self s2800_cluster_router
[2023-06-05 17:51:35][[common_init-c]][info] SqlQueryCount: 5
[2023-06-05 17:51:37][[gamelog-9]][info] ["gamelog start:",9]
[2023-06-05 17:51:38][[game_database-10]][info] gamedb service boot success!
[2023-06-05 17:51:38][[chat-11]][info] ["chat start:",17]
[2023-06-05 17:51:38][[child_marry-12]][info] refresh schema:schema_cross
[2023-06-05 17:51:38][[child_marry-12]][info] ["child_marry start:",18]
[2023-06-05 17:51:38][[salon-13]][info] ["salon start:",19]
[2023-06-05 17:51:38][[party-14]][info] ["party start:",20]
[2023-06-05 17:51:38][[dynasty-15]][info] refresh schema:schema_dynasty
[2023-06-05 17:51:38][[dynasty-15]][info] ["dynasty_mgr_start start:",21]
[2023-06-05 17:51:38][[traitor-16]][info] ["traitor start:",22]
[2023-06-05 17:51:38][[rank-17]][info] ["rank start:",23]
[2023-06-05 17:51:39][[game_database-10]][info] SqlQueryCount: 36
[2023-06-05 17:53:04][[reload_watcher-a]][info] excel to reload:

[2023-06-05 17:53:04][[reload_watcher-a]][info] file to reload:
./gamelogic/lualib/schema_world.lua
[2023-06-05 17:55:07][[reload_watcher-a]][info] excel to reload:

[2023-06-05 17:55:07][[reload_watcher-a]][info] file to reload:
./gamelogic/lualib/schema_world.lua
[2023-06-05 17:55:08][[reload_watcher-a]][info] excel to reload:

[2023-06-05 17:55:08][[reload_watcher-a]][info] file to reload:
./gamelogic/lualib/schema_world.lua
