[2023-06-05 16:04:21][[game_database-10]][info] SqlQueryCount: 15
[2023-06-05 16:14:21][[game_database-10]][info] SqlQueryCount: 15
[2023-06-05 16:24:21][[game_database-10]][info] SqlQueryCount: 15
[2023-06-05 16:26:07][[reload_watcher-a]][info] excel to reload:

[2023-06-05 16:26:07][[reload_watcher-a]][info] file to reload:
./gamelogic/service/world/gift_key.lua
[2023-06-05 16:26:40][[reload_watcher-a]][info] excel to reload:

[2023-06-05 16:26:40][[reload_watcher-a]][info] file to reload:
./gamelogic/service/world/gift_key.lua
[2023-06-05 16:26:45][[reload_watcher-a]][info] excel to reload:

[2023-06-05 16:26:45][[reload_watcher-a]][info] file to reload:
./gamelogic/service/world/gift_key.lua
[2023-06-05 16:26:49][[reload_watcher-a]][info] excel to reload:

[2023-06-05 16:26:49][[reload_watcher-a]][info] file to reload:
./gamelogic/service/world/gift_key.lua
[2023-06-05 16:27:04][[reload_watcher-a]][info] excel to reload:

[2023-06-05 16:27:04][[reload_watcher-a]][info] file to reload:
./gamelogic/service/world/gift_key.lua
[2023-06-05 16:34:21][[game_database-10]][info] SqlQueryCount: 15
[2023-06-05 16:44:21][[game_database-10]][info] SqlQueryCount: 15
[2023-06-05 16:44:46][[reload_watcher-a]][info] excel to reload:

[2023-06-05 16:44:46][[reload_watcher-a]][info] file to reload:
./gamelogic/service/world/lua_handles.lua
[2023-06-05 16:54:21][[game_database-10]][info] SqlQueryCount: 15
