[2023-06-05 10:24:18][[reload_watcher-a]][info] ["reload_watcher:",10]
[2023-06-05 10:24:18][[common_init-c]][info] uuid init<70|11>, tag<1Y_B_>
[2023-06-05 10:24:18][[clusterd-d]][info] connect s2800_cluster_router 117.50.193.85:40301
[2023-06-05 10:24:18][[clusterd-d]][info] ["clusterd start:",13]
[2023-06-05 10:24:18][[clusterd-d]][info] socket accept from ::ffff:117.50.193.85:56950, 5
[2023-06-05 10:24:18][[clusterd-d]][info] clusterd show_self s2800_cluster_router
[2023-06-05 10:24:19][[common_init-c]][info] SqlQueryCount: 5
[2023-06-05 10:24:21][[gamelog-9]][info] ["gamelog start:",9]
[2023-06-05 10:24:21][[game_database-10]][info] gamedb service boot success!
[2023-06-05 10:24:21][[chat-11]][info] ["chat start:",17]
[2023-06-05 10:24:21][[child_marry-12]][info] refresh schema:schema_cross
[2023-06-05 10:24:21][[child_marry-12]][info] ["child_marry start:",18]
[2023-06-05 10:24:21][[salon-13]][info] ["salon start:",19]
[2023-06-05 10:24:21][[party-14]][info] ["party start:",20]
[2023-06-05 10:24:21][[dynasty-15]][info] refresh schema:schema_dynasty
[2023-06-05 10:24:21][[dynasty-15]][info] ["dynasty_mgr_start start:",21]
[2023-06-05 10:24:21][[traitor-16]][info] ["traitor start:",22]
[2023-06-05 10:24:21][[rank-17]][info] ["rank start:",23]
[2023-06-05 10:24:22][[game_database-10]][info] SqlQueryCount: 36
[2023-06-05 10:34:22][[game_database-10]][info] SqlQueryCount: 15
[2023-06-05 10:41:49][[reload_watcher-a]][info] excel to reload:

[2023-06-05 10:41:49][[reload_watcher-a]][info] file to reload:
./service/gm_router/gm_router.lua
[2023-06-05 10:41:53][[reload_watcher-a]][info] excel to reload:

[2023-06-05 10:41:53][[reload_watcher-a]][info] file to reload:
./service/gm_router/gm_router.lua
[2023-06-05 10:41:57][[reload_watcher-a]][info] excel to reload:

[2023-06-05 10:41:57][[reload_watcher-a]][info] file to reload:
./service/gm_router/gm_router.lua
[2023-06-05 10:43:49][[reload_watcher-a]][info] excel to reload:

[2023-06-05 10:43:49][[reload_watcher-a]][info] file to reload:
./service/gm_router/gm_router.lua
[2023-06-05 10:43:50][[reload_watcher-a]][info] excel to reload:

[2023-06-05 10:43:50][[reload_watcher-a]][info] file to reload:
./service/gm_router/gm_router.lua
[2023-06-05 10:44:22][[game_database-10]][info] SqlQueryCount: 15
[2023-06-05 10:54:21][[game_database-10]][info] SqlQueryCount: 15
