[2023-06-08 16:28:19][[common_init-c]][SqlConnect] {"host":"127.0.0.1","user":"root"}
[2023-06-08 16:28:19][[common_init-c]][SqlQuery] {"query":"use hd_game2801","use_time":0.0099999904632568,"size":15}
[2023-06-08 16:28:19][[common_init-c]][SqlQuery] {"query":"SET NAMES utf8mb4","use_time":0,"size":17}
[2023-06-08 16:28:19][[common_init-c]][SqlQuery] {"query":"select count(*) from t_uuid_alloc","use_time":0.010000228881836,"size":33}
[2023-06-08 16:28:19][[common_init-c]][SqlQuery] {"query":"insert t_uuid_alloc (rand_key) values (\"dLBmlBC2qIAO6vqu\")","use_time":0.0099999904632568,"size":58}
[2023-06-08 16:28:19][[common_init-c]][SqlQuery] {"query":"select * from t_uuid_alloc where rand_key='dLBmlBC2qIAO6vqu'","use_time":0,"size":60}
[2023-06-08 16:28:19][[common_init-c]][SqlClose] {"host":"127.0.0.1","user":"root"}
[2023-06-08 16:28:23][[game_database-10]][SqlConnect] {"host":"127.0.0.1","user":"root"}
[2023-06-08 16:28:23][[game_database-10]][SqlQuery] {"query":"use hd_world","use_time":0.0099999904632568,"size":12}
[2023-06-08 16:28:23][[game_database-10]][SqlQuery] {"query":"SET NAMES utf8mb4","use_time":0,"size":17}
[2023-06-08 16:28:23][[game_database-10]][SqlQuery] {"query":"select count(*) from t_lua_schema","use_time":0,"size":33}
[2023-06-08 16:28:23][[game_database-10]][SqlQuery] {"query":"select * from t_lua_schema where name='t_GiftKeyBatch'","use_time":0,"size":54}
[2023-06-08 16:28:23][[game_database-10]][SqlQuery] {"query":"select count(*) from t_lua_schema","use_time":0,"size":33}
[2023-06-08 16:28:23][[game_database-10]][SqlQuery] {"query":"select * from t_lua_schema where name='t_GiftKey'","use_time":0,"size":49}
[2023-06-08 16:28:23][[game_database-10]][SqlQuery] {"query":"select count(*) from t_lua_schema","use_time":0.0099999904632568,"size":33}
[2023-06-08 16:28:23][[game_database-10]][SqlQuery] {"query":"select * from t_lua_schema where name='t_ClientErrorLog'","use_time":0.0099999904632568,"size":56}
[2023-06-08 16:28:23][[game_database-10]][SqlQuery] {"query":"create table t_ClientErrorLog(\nserver_id ... mary key (uuid))  DEFAULT CHARSET=utf8mb4","use_time":0.0099999904632568,"size":116}
[2023-06-08 16:28:23][[game_database-10]][SqlQuery] {"query":"insert into t_lua_schema (name,lua_schem ... (uuid)\\\"],\\\"debug_version\\\":1}' as json))","use_time":0,"size":231}
[2023-06-08 16:28:23][[game_database-10]][SqlQuery] {"query":"select count(*) from t_lua_schema","use_time":0.0099999904632568,"size":33}
[2023-06-08 16:28:23][[game_database-10]][SqlQuery] {"query":"select * from t_lua_schema where name='t_WorldConf'","use_time":0,"size":51}
[2023-06-08 16:28:23][[game_database-10]][SqlQuery] {"query":"select count(*) from t_lua_schema","use_time":0,"size":33}
[2023-06-08 16:28:23][[game_database-10]][SqlQuery] {"query":"select * from t_lua_schema where name='t_PayOrder'","use_time":0,"size":50}
[2023-06-08 16:28:23][[game_database-10]][SqlQuery] {"query":"select * from t_GiftKeyBatch","use_time":0.0099999904632568,"size":28}
[2023-06-08 16:28:23][[game_database-10]][SqlQuery] {"query":"select * from t_WorldConf where conf_name='gift_key'","use_time":0,"size":52}
