[2023-06-06 12:14:39][[gm_router-10]][info] ["RecvGm",{"sign":"a6c78dca6e0a2bb9244e995cfe2f5ebd","ts":1686024879,"data":"{\"gm_name\": \"query_all_gift_key\"}"}]
[2023-06-06 12:14:39][[gm_router-10]][info] ["ret",{"data":[{"group_name":"1","item_list":[{"item_id":101002,"count":1}],"gift_key":"004r07xms0688","end_ts":"2023.06.06:11.49.49","use_count":0,"start_ts":"2023.06.06:11.48.11"},{"group_name":"1","item_list":[{"item_id":101002,"count":1}],"gift_key":"005cvxi2h8fqh","end_ts":"2023.06.06:11.49.57","use_count":0,"start_ts":"2023.06.06:11.48.19"}],"code":0}]
[2023-06-06 12:14:39][[gm_router-10]][info] ["GmSuccess",{"data":[{"group_name":"1","item_list":[{"item_id":101002,"count":1}],"gift_key":"004r07xms0688","end_ts":"2023.06.06:11.49.49","use_count":0,"start_ts":"2023.06.06:11.48.11"},{"group_name":"1","item_list":[{"item_id":101002,"count":1}],"gift_key":"005cvxi2h8fqh","end_ts":"2023.06.06:11.49.57","use_count":0,"start_ts":"2023.06.06:11.48.19"}],"code":0}]
[2023-06-06 12:14:43][[gm_router-10]][info] ["RecvGm",{"sign":"459e7a6ee7300e64de55eb581d9fa2d8","ts":1686024883,"data":"{\"gm_name\": \"query_gift_key\", \"key\": \"005cvxi2h8fqh\"}"}]
[2023-06-06 12:14:43][[gm_router-10]][info] ["ret",{"data":{"group_name":"1","total_use_count":1,"end_ts":1686023397,"use_count":0,"start_ts":1686023299},"code":0}]
[2023-06-06 12:14:43][[gm_router-10]][info] ["GmSuccess",{"data":{"group_name":"1","total_use_count":1,"end_ts":1686023397,"use_count":0,"start_ts":1686023299},"code":0}]
[2023-06-06 12:14:50][[gm_router-10]][info] ["RecvGm",{"sign":"8b1ecfdc779affc0ab203675bfdda1cb","ts":1686024890,"data":"{\"gm_name\": \"query_gift_key\", \"key\": \"005cvxi2h8fqh\"}"}]
[2023-06-06 12:14:50][[gm_router-10]][info] ["ret",{"data":{"group_name":"1","total_use_count":1,"end_ts":1686023397,"use_count":0,"start_ts":1686023299},"code":0}]
[2023-06-06 12:14:50][[gm_router-10]][info] ["GmSuccess",{"data":{"group_name":"1","total_use_count":1,"end_ts":1686023397,"use_count":0,"start_ts":1686023299},"code":0}]
[2023-06-06 12:14:51][[gm_router-10]][info] ["RecvGm",{"sign":"8b1ecfdc779affc0ab203675bfdda1cb","ts":1686024890,"data":"{\"gm_name\": \"query_gift_key\", \"key\": \"005cvxi2h8fqh\"}"}]
[2023-06-06 12:14:51][[gm_router-10]][info] ["ret",{"data":{"group_name":"1","total_use_count":1,"end_ts":1686023397,"use_count":0,"start_ts":1686023299},"code":0}]
[2023-06-06 12:14:51][[gm_router-10]][info] ["GmSuccess",{"data":{"group_name":"1","total_use_count":1,"end_ts":1686023397,"use_count":0,"start_ts":1686023299},"code":0}]
[2023-06-06 12:14:52][[gm_router-10]][info] ["RecvGm",{"sign":"e5b4c28e69f7052ce028766398a0f331","ts":1686024892,"data":"{\"gm_name\": \"query_all_gift_key\"}"}]
[2023-06-06 12:14:52][[gm_router-10]][info] ["ret",{"data":[{"group_name":"1","item_list":[{"item_id":101002,"count":1}],"gift_key":"004r07xms0688","end_ts":"2023.06.06:11.49.49","use_count":0,"start_ts":"2023.06.06:11.48.11"},{"group_name":"1","item_list":[{"item_id":101002,"count":1}],"gift_key":"005cvxi2h8fqh","end_ts":"2023.06.06:11.49.57","use_count":0,"start_ts":"2023.06.06:11.48.19"}],"code":0}]
[2023-06-06 12:14:52][[gm_router-10]][info] ["GmSuccess",{"data":[{"group_name":"1","item_list":[{"item_id":101002,"count":1}],"gift_key":"004r07xms0688","end_ts":"2023.06.06:11.49.49","use_count":0,"start_ts":"2023.06.06:11.48.11"},{"group_name":"1","item_list":[{"item_id":101002,"count":1}],"gift_key":"005cvxi2h8fqh","end_ts":"2023.06.06:11.49.57","use_count":0,"start_ts":"2023.06.06:11.48.19"}],"code":0}]
[2023-06-06 12:14:57][[gm_router-10]][info] ["RecvGm",{"sign":"c7499c09859a2c7efe572cadb8e57798","ts":1686024896,"data":"{\"gm_name\": \"query_gift_key\", \"key\": \"005cvxi2h8fqh\"}"}]
[2023-06-06 12:14:57][[gm_router-10]][info] ["ret",{"data":{"group_name":"1","total_use_count":1,"end_ts":1686023397,"use_count":0,"start_ts":1686023299},"code":0}]
[2023-06-06 12:14:57][[gm_router-10]][info] ["GmSuccess",{"data":{"group_name":"1","total_use_count":1,"end_ts":1686023397,"use_count":0,"start_ts":1686023299},"code":0}]
[2023-06-06 12:17:13][[gm_router-10]][info] ["RecvGm",{"sign":"00163588c39708ce62fa4cc857d96ec4","ts":1686025033,"data":"{\"gm_name\": \"query_all_gift_key\"}"}]
[2023-06-06 12:17:13][[gm_router-10]][info] ["ret",{"data":[{"group_name":"1","item_list":[{"item_id":101002,"count":1}],"gift_key":"004r07xms0688","end_ts":"2023.06.06:11.49.49","use_count":0,"start_ts":"2023.06.06:11.48.11"},{"group_name":"1","item_list":[{"item_id":101002,"count":1}],"gift_key":"005cvxi2h8fqh","end_ts":"2023.06.06:11.49.57","use_count":0,"start_ts":"2023.06.06:11.48.19"}],"code":0}]
[2023-06-06 12:17:13][[gm_router-10]][info] ["GmSuccess",{"data":[{"group_name":"1","item_list":[{"item_id":101002,"count":1}],"gift_key":"004r07xms0688","end_ts":"2023.06.06:11.49.49","use_count":0,"start_ts":"2023.06.06:11.48.11"},{"group_name":"1","item_list":[{"item_id":101002,"count":1}],"gift_key":"005cvxi2h8fqh","end_ts":"2023.06.06:11.49.57","use_count":0,"start_ts":"2023.06.06:11.48.19"}],"code":0}]
[2023-06-06 12:17:37][[gm_router-10]][info] ["RecvGm",{"sign":"eb6fad8b3cca28a3951ed1df3e3f1186","ts":1686025057,"data":"{\"gm_name\": \"query_all_gift_key\"}"}]
[2023-06-06 12:17:37][[gm_router-10]][info] ["ret",{"data":[{"group_name":"1","item_list":[{"item_id":101002,"count":1}],"gift_key":"004r07xms0688","end_ts":"2023.06.06:11.49.49","use_count":0,"start_ts":"2023.06.06:11.48.11"},{"group_name":"1","item_list":[{"item_id":101002,"count":1}],"gift_key":"005cvxi2h8fqh","end_ts":"2023.06.06:11.49.57","use_count":0,"start_ts":"2023.06.06:11.48.19"}],"code":0}]
[2023-06-06 12:17:37][[gm_router-10]][info] ["GmSuccess",{"data":[{"group_name":"1","item_list":[{"item_id":101002,"count":1}],"gift_key":"004r07xms0688","end_ts":"2023.06.06:11.49.49","use_count":0,"start_ts":"2023.06.06:11.48.11"},{"group_name":"1","item_list":[{"item_id":101002,"count":1}],"gift_key":"005cvxi2h8fqh","end_ts":"2023.06.06:11.49.57","use_count":0,"start_ts":"2023.06.06:11.48.19"}],"code":0}]
[2023-06-06 12:18:38][[gm_router-10]][info] ["RecvGm",{"sign":"cc2e6b071ecfd814da97169df7a0e5ee","ts":1686025118,"data":"{\"gm_name\": \"query_all_gift_key\"}"}]
[2023-06-06 12:18:38][[gm_router-10]][info] ["ret",{"data":[{"group_name":"1","item_list":[{"item_id":101002,"count":1}],"gift_key":"004r07xms0688","end_ts":"2023.06.06:11.49.49","use_count":0,"start_ts":"2023.06.06:11.48.11"},{"group_name":"1","item_list":[{"item_id":101002,"count":1}],"gift_key":"005cvxi2h8fqh","end_ts":"2023.06.06:11.49.57","use_count":0,"start_ts":"2023.06.06:11.48.19"}],"code":0}]
[2023-06-06 12:18:38][[gm_router-10]][info] ["GmSuccess",{"data":[{"group_name":"1","item_list":[{"item_id":101002,"count":1}],"gift_key":"004r07xms0688","end_ts":"2023.06.06:11.49.49","use_count":0,"start_ts":"2023.06.06:11.48.11"},{"group_name":"1","item_list":[{"item_id":101002,"count":1}],"gift_key":"005cvxi2h8fqh","end_ts":"2023.06.06:11.49.57","use_count":0,"start_ts":"2023.06.06:11.48.19"}],"code":0}]
[2023-06-06 12:18:42][[gm_router-10]][info] ["RecvGm",{"sign":"969eff34cafe9ae9faafa4358994f5fa","ts":1686025121,"data":"{\"gm_name\": \"query_gift_key\", \"key\": \"005cvxi2h8fqh\"}"}]
[2023-06-06 12:18:42][[gm_router-10]][info] ["ret",{"data":{"group_name":"1","total_use_count":1,"end_ts":1686023397,"use_count":0,"start_ts":1686023299},"code":0}]
[2023-06-06 12:18:42][[gm_router-10]][info] ["GmSuccess",{"data":{"group_name":"1","total_use_count":1,"end_ts":1686023397,"use_count":0,"start_ts":1686023299},"code":0}]
[2023-06-06 12:22:39][[gm_router-10]][info] ["RecvGm",{"sign":"6fd0f903d7c1d8f7ba054585c76ac59f","ts":1686025358,"data":"{\"gm_name\": \"query_all_gift_key\"}"}]
[2023-06-06 12:22:39][[gm_router-10]][info] ["ret",{"data":[{"group_name":"1","item_list":[{"item_id":101002,"count":1}],"gift_key":"004r07xms0688","end_ts":"2023.06.06:11.49.49","use_count":0,"start_ts":"2023.06.06:11.48.11"},{"group_name":"1","item_list":[{"item_id":101002,"count":1}],"gift_key":"005cvxi2h8fqh","end_ts":"2023.06.06:11.49.57","use_count":0,"start_ts":"2023.06.06:11.48.19"}],"code":0}]
[2023-06-06 12:22:39][[gm_router-10]][info] ["GmSuccess",{"data":[{"group_name":"1","item_list":[{"item_id":101002,"count":1}],"gift_key":"004r07xms0688","end_ts":"2023.06.06:11.49.49","use_count":0,"start_ts":"2023.06.06:11.48.11"},{"group_name":"1","item_list":[{"item_id":101002,"count":1}],"gift_key":"005cvxi2h8fqh","end_ts":"2023.06.06:11.49.57","use_count":0,"start_ts":"2023.06.06:11.48.19"}],"code":0}]
[2023-06-06 12:22:45][[gm_router-10]][info] ["RecvGm",{"sign":"c4053a23eb23dec155202238e0695b63","ts":1686025365,"data":"{\"gm_name\": \"delete_gift_key\", \"key\": \"005cvxi2h8fqh\"}"}]
[2023-06-06 12:22:45][[gm_router-10]][info] ["ret",{"data":{},"code":0}]
[2023-06-06 12:22:45][[gm_router-10]][info] ["GmSuccess",{"data":{},"code":0}]
[2023-06-06 12:22:52][[gm_router-10]][info] ["RecvGm",{"sign":"7ca9de6e5b51dc38198083b596b029ee","ts":1686025372,"data":"{\"gm_name\": \"query_gift_key\", \"key\": \"005cvxi2h8fqh\"}"}]
[2023-06-06 12:22:52][[gm_router-10]][info] ["ret",{"err_msg":"key not exist","code":1003}]
[2023-06-06 12:22:52][[gm_router-10]][info] ["GmFail",{"err_msg":"key not exist","code":1003}]
[2023-06-06 12:22:54][[gm_router-10]][info] ["RecvGm",{"sign":"7f7033fdb86fb3a20dd5bcc72b5abd6b","ts":1686025374,"data":"{\"gm_name\": \"query_all_gift_key\"}"}]
[2023-06-06 12:22:54][[gm_router-10]][info] ["ret",{"data":[{"group_name":"1","item_list":[{"item_id":101002,"count":1}],"gift_key":"004r07xms0688","end_ts":"2023.06.06:11.49.49","use_count":0,"start_ts":"2023.06.06:11.48.11"}],"code":0}]
[2023-06-06 12:22:54][[gm_router-10]][info] ["GmSuccess",{"data":[{"group_name":"1","item_list":[{"item_id":101002,"count":1}],"gift_key":"004r07xms0688","end_ts":"2023.06.06:11.49.49","use_count":0,"start_ts":"2023.06.06:11.48.11"}],"code":0}]
[2023-06-06 12:25:40][[reload_watcher-a]][info] excel to reload:

[2023-06-06 12:25:40][[reload_watcher-a]][info] file to reload:
./gamelogic/service/world/lua_handles.lua
[2023-06-06 12:27:42][[gm_router-10]][info] ["RecvGm",{"sign":"eafef161079801207e77c04679cf88cb","ts":1686025662,"data":"{\"gm_name\": \"delete_gift_key\", \"key\": \"004r07xms0688\"}"}]
[2023-06-06 12:27:42][[gm_router-10]][info] ["ret",{"data":{},"code":0}]
[2023-06-06 12:27:42][[gm_router-10]][info] ["GmSuccess",{"data":{},"code":0}]
[2023-06-06 12:27:44][[gm_router-10]][info] ["RecvGm",{"sign":"0e1906640ff8e3514c240372b51c11c7","ts":1686025663,"data":"{\"gm_name\": \"delete_gift_key\", \"key\": \"004r07xms0688\"}"}]
[2023-06-06 12:27:44][[gm_router-10]][info] ["ret",{"data":{},"code":0}]
[2023-06-06 12:27:44][[gm_router-10]][info] ["GmSuccess",{"data":{},"code":0}]
[2023-06-06 12:27:46][[gm_router-10]][info] ["RecvGm",{"sign":"c2603913fc9f16ecfa557c61adbe2972","ts":1686025666,"data":"{\"gm_name\": \"delete_gift_key\", \"key\": \"004r07xms0688\"}"}]
[2023-06-06 12:27:46][[gm_router-10]][info] ["ret",{"data":{},"code":0}]
[2023-06-06 12:27:46][[gm_router-10]][info] ["GmSuccess",{"data":{},"code":0}]
[2023-06-06 12:27:48][[gm_router-10]][info] ["RecvGm",{"sign":"db24832dbef395d6b6d151ddfe9f4232","ts":1686025667,"data":"{\"gm_name\": \"delete_gift_key\", \"key\": \"004r07xms0688\"}"}]
[2023-06-06 12:27:48][[gm_router-10]][info] ["ret",{"data":{},"code":0}]
[2023-06-06 12:27:48][[gm_router-10]][info] ["GmSuccess",{"data":{},"code":0}]
[2023-06-06 12:27:48][[gm_router-10]][info] ["RecvGm",{"sign":"a54957f41bd1bca3ba8d5f12688c76a9","ts":1686025668,"data":"{\"gm_name\": \"delete_gift_key\", \"key\": \"004r07xms0688\"}"}]
[2023-06-06 12:27:48][[gm_router-10]][info] ["ret",{"data":{},"code":0}]
[2023-06-06 12:27:48][[gm_router-10]][info] ["GmSuccess",{"data":{},"code":0}]
[2023-06-06 12:27:49][[gm_router-10]][info] ["RecvGm",{"sign":"8315dfacede99fa69ece08588622af2e","ts":1686025669,"data":"{\"gm_name\": \"delete_gift_key\", \"key\": \"004r07xms0688\"}"}]
[2023-06-06 12:27:49][[gm_router-10]][info] ["ret",{"data":{},"code":0}]
[2023-06-06 12:27:49][[gm_router-10]][info] ["GmSuccess",{"data":{},"code":0}]
[2023-06-06 12:27:50][[gm_router-10]][info] ["RecvGm",{"sign":"8315dfacede99fa69ece08588622af2e","ts":1686025669,"data":"{\"gm_name\": \"delete_gift_key\", \"key\": \"004r07xms0688\"}"}]
[2023-06-06 12:27:50][[gm_router-10]][info] ["ret",{"data":{},"code":0}]
[2023-06-06 12:27:50][[gm_router-10]][info] ["GmSuccess",{"data":{},"code":0}]
[2023-06-06 12:27:50][[gm_router-10]][info] ["RecvGm",{"sign":"7760413f684dd3a947650b8206a40f3e","ts":1686025670,"data":"{\"gm_name\": \"delete_gift_key\", \"key\": \"004r07xms0688\"}"}]
[2023-06-06 12:27:50][[gm_router-10]][info] ["ret",{"data":{},"code":0}]
[2023-06-06 12:27:50][[gm_router-10]][info] ["GmSuccess",{"data":{},"code":0}]
[2023-06-06 12:27:51][[gm_router-10]][info] ["RecvGm",{"sign":"7760413f684dd3a947650b8206a40f3e","ts":1686025670,"data":"{\"gm_name\": \"delete_gift_key\", \"key\": \"004r07xms0688\"}"}]
[2023-06-06 12:27:51][[gm_router-10]][info] ["ret",{"data":{},"code":0}]
[2023-06-06 12:27:51][[gm_router-10]][info] ["GmSuccess",{"data":{},"code":0}]
[2023-06-06 12:27:52][[gm_router-10]][info] ["RecvGm",{"sign":"9423b14c456bc613a4be1ca07db2ff04","ts":1686025672,"data":"{\"gm_name\": \"query_all_gift_key\"}"}]
[2023-06-06 12:27:52][[gm_router-10]][info] ["ret",{"data":{},"code":0}]
[2023-06-06 12:27:52][[gm_router-10]][info] ["GmSuccess",{"data":{},"code":0}]
[2023-06-06 12:27:55][[gm_router-10]][info] ["RecvGm",{"sign":"9836863204120055a66af10bc5ae0c50","ts":1686025675,"data":"{\"gm_name\": \"delete_gift_key\", \"key\": \"\"}"}]
[2023-06-06 12:27:55][[gm_router-10]][info] ["ret",{"data":{},"code":0}]
[2023-06-06 12:27:55][[gm_router-10]][info] ["GmSuccess",{"data":{},"code":0}]
[2023-06-06 12:27:55][[gm_router-10]][info] ["RecvGm",{"sign":"95d0e8e1bfbee35ed13d8b15c626deda","ts":1686025675,"data":"{\"gm_name\": \"query_all_gift_key\"}"}]
[2023-06-06 12:27:55][[gm_router-10]][info] ["ret",{"data":{},"code":0}]
[2023-06-06 12:27:55][[gm_router-10]][info] ["GmSuccess",{"data":{},"code":0}]
[2023-06-06 12:27:58][[gm_router-10]][info] ["RecvGm",{"sign":"f715e95ed1a16b826948ce9de457a853","ts":1686025677,"data":"{\"gm_name\": \"delete_gift_key\", \"key\": \"004r07xms0688\"}"}]
[2023-06-06 12:27:58][[gm_router-10]][info] ["ret",{"data":{},"code":0}]
[2023-06-06 12:27:58][[gm_router-10]][info] ["GmSuccess",{"data":{},"code":0}]
[2023-06-06 12:27:58][[gm_router-10]][info] ["RecvGm",{"sign":"ebd626faa86bf36990d67725f6cd1902","ts":1686025678,"data":"{\"gm_name\": \"query_all_gift_key\"}"}]
[2023-06-06 12:27:58][[gm_router-10]][info] ["ret",{"data":{},"code":0}]
[2023-06-06 12:27:58][[gm_router-10]][info] ["GmSuccess",{"data":{},"code":0}]
[2023-06-06 12:28:07][[gm_router-10]][info] ["RecvGm",{"sign":"447f636beb389e247f89eb0c1d78453a","ts":1686025686,"data":"{\"item_list\": [{\"item_id\": \"101002\", \"count\": \"1\"}], \"gm_name\": \"make_gift_key\", \"total_count\": \"1\", \"end_ts\": 1686025786, \"start_ts\": 1686025688, \"group_name\": \"1\", \"total_use_count\": \"1\"}"}]
[2023-06-06 12:28:07][[gm_router-10]][info] ["ret",{"data":{"key_list":["0062gd7arqolc"]},"code":0}]
[2023-06-06 12:28:07][[gm_router-10]][info] ["GmSuccess",{"data":{"key_list":["0062gd7arqolc"]},"code":0}]
[2023-06-06 12:28:07][[gm_router-10]][info] ["RecvGm",{"sign":"e5bcd01b5a850c9105b3096c5f079d94","ts":1686025687,"data":"{\"gm_name\": \"query_all_gift_key\"}"}]
[2023-06-06 12:28:07][[gm_router-10]][info] ["ret",{"data":[{"group_name":"1","item_list":[{"item_id":101002,"count":1}],"gift_key":"0062gd7arqolc","end_ts":"2023.06.06:12.29.46","use_count":0,"start_ts":"2023.06.06:12.28.08"}],"code":0}]
[2023-06-06 12:28:07][[gm_router-10]][info] ["GmSuccess",{"data":[{"group_name":"1","item_list":[{"item_id":101002,"count":1}],"gift_key":"0062gd7arqolc","end_ts":"2023.06.06:12.29.46","use_count":0,"start_ts":"2023.06.06:12.28.08"}],"code":0}]
[2023-06-06 12:28:10][[gm_router-10]][info] ["RecvGm",{"sign":"8f0b7e5e41fc03ce304ee6bc91cf3be8","ts":1686025690,"data":"{\"gm_name\": \"delete_gift_key\", \"key\": \"0062gd7arqolc\"}"}]
[2023-06-06 12:28:10][[gm_router-10]][info] ["ret",{"data":{},"code":0}]
[2023-06-06 12:28:10][[gm_router-10]][info] ["GmSuccess",{"data":{},"code":0}]
[2023-06-06 12:28:10][[gm_router-10]][info] ["RecvGm",{"sign":"3393399420a6480885837fdfe8697e68","ts":1686025690,"data":"{\"gm_name\": \"query_all_gift_key\"}"}]
[2023-06-06 12:28:10][[gm_router-10]][info] ["ret",{"data":{},"code":0}]
[2023-06-06 12:28:10][[gm_router-10]][info] ["GmSuccess",{"data":{},"code":0}]
