[2023-06-04 17:03:18][[reload_watcher-a]][info] ["reload_watcher:",10]
[2023-06-04 17:03:18][[common_init-c]][info] uuid init<55|19>, tag<1J_J_>
[2023-06-04 17:03:18][[clusterd-d]][info] connect s2800_cluster_router 117.50.193.85:40301
[2023-06-04 17:03:18][[clusterd-d]][info] ["clusterd start:",13]
[2023-06-04 17:03:18][[clusterd-d]][info] socket accept from ::ffff:117.50.193.85:24148, 5
[2023-06-04 17:03:18][[clusterd-d]][info] clusterd show_self s2800_cluster_router
[2023-06-04 17:03:19][[common_init-c]][info] SqlQueryCount: 5
[2023-06-04 17:03:21][[gamelog-9]][info] ["gamelog start:",9]
[2023-06-04 17:03:21][[clusterd-d]][info] socket accept from ::ffff:117.50.193.85:24164, 8
[2023-06-04 17:03:21][[clusterd-d]][info] clusterd show_self s55_chat
[2023-06-04 17:03:21][[clusterd-d]][info] connect s55_chat 117.50.193.85:15518
[2023-06-04 17:03:21][[clusterd-d]][info] socket accept from ::ffff:117.50.193.85:24170, 11
[2023-06-04 17:03:21][[clusterd-d]][info] clusterd show_self s55_dynasty
[2023-06-04 17:03:21][[clusterd-d]][info] connect s55_dynasty 117.50.193.85:15520
[2023-06-04 17:03:21][[game_database-10]][info] gamedb service boot success!
[2023-06-04 17:03:21][[agent-11]][info] refresh schema:schema_game
[2023-06-04 17:03:21][[agent_gate-12]][info] ["agent_gate start:",18]
[2023-06-04 17:03:21][[agent-11]][info] ["agent_start:",17]
[2023-06-04 17:03:21][[child_marry-14]][info] ["child_marry start:",20]
[2023-06-04 17:03:22][[game_database-10]][info] SqlQueryCount: 138
[2023-06-04 17:05:21][[clusterd-d]][info] socket accept from ::ffff:117.50.193.85:24192, 16
[2023-06-04 17:05:21][[clusterd-d]][info] clusterd show_self s2803_gm_router
[2023-06-04 17:05:21][[clusterd-d]][info] connect s2803_gm_router 117.50.193.85:40201
[2023-06-04 17:05:21][[agent-11]][info] SqlQueryCount: 3
[2023-06-04 17:05:24][[agent-11]][info] SqlQueryCount: 6
[2023-06-04 17:05:25][[game_database-10]][info] SqlQueryCount: 1
[2023-06-04 17:05:40][[game_database-10]][info] SqlQueryCount: 1
[2023-06-04 17:05:41][[game_database-10]][info] SqlQueryCount: 1
[2023-06-04 17:05:41][[agent-11]][info] SqlQueryCount: 6
[2023-06-04 17:05:53][[game_database-10]][info] SqlQueryCount: 2
[2023-06-04 17:05:53][[agent-11]][info] SqlQueryCount: 6
[2023-06-04 17:05:58][[game_database-10]][info] SqlQueryCount: 2
[2023-06-04 17:05:58][[agent-11]][info] SqlQueryCount: 6
[2023-06-04 17:09:14][[game_database-10]][info] SqlQueryCount: 1
[2023-06-04 17:09:14][[agent-11]][info] SqlQueryCount: 3
[2023-06-04 17:09:20][[game_database-10]][info] SqlQueryCount: 1
[2023-06-04 17:09:21][[game_database-10]][info] SqlQueryCount: 1
[2023-06-04 17:09:21][[agent-11]][info] SqlQueryCount: 3
[2023-06-04 17:09:26][[game_database-10]][info] SqlQueryCount: 1
[2023-06-04 17:09:26][[agent-11]][info] SqlQueryCount: 3
[2023-06-04 17:09:27][[game_database-10]][info] SqlQueryCount: 1
[2023-06-04 17:09:41][[game_database-10]][info] SqlQueryCount: 2
[2023-06-04 17:09:41][[agent-11]][info] SqlQueryCount: 3
[2023-06-04 17:13:22][[game_database-10]][info] SqlQueryCount: 32
[2023-06-04 17:21:44][[game_database-10]][info] SqlQueryCount: 1
[2023-06-04 17:21:45][[game_database-10]][info] SqlQueryCount: 1
[2023-06-04 17:21:45][[agent-11]][info] SqlQueryCount: 3
[2023-06-04 17:23:22][[game_database-10]][info] SqlQueryCount: 32
[2023-06-04 17:26:13][[game_database-10]][info] SqlQueryCount: 2
[2023-06-04 17:26:13][[agent-11]][info] SqlQueryCount: 3
[2023-06-04 17:26:24][[game_database-10]][info] SqlQueryCount: 1
[2023-06-04 17:26:25][[game_database-10]][info] SqlQueryCount: 1
[2023-06-04 17:26:25][[agent-11]][info] SqlQueryCount: 3
[2023-06-04 17:27:32][[agent-11]][info] SqlQueryCount: 3
[2023-06-04 17:29:50][[game_database-10]][info] SqlQueryCount: 1
[2023-06-04 17:29:50][[agent-11]][info] SqlQueryCount: 3
[2023-06-04 17:33:22][[game_database-10]][info] SqlQueryCount: 32
[2023-06-04 17:43:22][[game_database-10]][info] SqlQueryCount: 32
[2023-06-04 17:53:22][[game_database-10]][info] SqlQueryCount: 32
