[2023-06-04 20:00:00][[game_database-10]][SqlQuery] {"query":"update t_ServerCore set last_hour_ts=1685880000 where server_name='s55'","use_time":0,"size":71}
[2023-06-04 20:03:21][[game_database-10]][SqlQuery] {"query":"update t_DynastyRank set dynasty_list='{ ... k_name='traitor_boss_honour_dynasty_rank'","use_time":0.0099999904632568,"size":93}
[2023-06-04 20:03:21][[game_database-10]][SqlQuery] {"query":"update t_DynastyRank set dynasty_list='{ ... re rank_name='rush_activity_dynasty_rank'","use_time":0,"size":87}
[2023-06-04 20:03:21][[game_database-10]][SqlQuery] {"query":"update t_Rank set forbid_dict='{}',role_ ... ='{}' where rank_name='traitor_hurt_rank'","use_time":0,"size":85}
[2023-06-04 20:03:21][[game_database-10]][SqlQuery] {"query":"update t_Rank set forbid_dict='{}',role_list='{}' where rank_name='hunt_rank'","use_time":0,"size":77}
[2023-06-04 20:03:21][[game_database-10]][SqlQuery] {"query":"update t_Rank set forbid_dict='{}',role_ ... where rank_name='rush_activity_hunt_rank'","use_time":0,"size":91}
[2023-06-04 20:03:21][[game_database-10]][SqlQuery] {"query":"update t_Rank set forbid_dict='{}',role_ ... ' where rank_name='activity_stamina_rank'","use_time":0,"size":89}
[2023-06-04 20:03:21][[game_database-10]][SqlQuery] {"query":"update t_Rank set forbid_dict='{}',role_ ... where rank_name='rush_activity_food_rank'","use_time":0,"size":91}
[2023-06-04 20:03:21][[game_database-10]][SqlQuery] {"query":"update t_Rank set forbid_dict='{}',role_ ... \"rank\\\":1}}' where rank_name='level_rank'","use_time":0,"size":197}
[2023-06-04 20:03:21][[game_database-10]][SqlQuery] {"query":"update t_Rank set forbid_dict='{}',role_ ... '{}' where rank_name='traitor_feats_rank'","use_time":0,"size":86}
[2023-06-04 20:03:21][[game_database-10]][SqlQuery] {"query":"update t_Rank set forbid_dict='{}',role_ ... ' where rank_name='activity_soldier_rank'","use_time":0,"size":89}
[2023-06-04 20:03:21][[game_database-10]][SqlQuery] {"query":"update t_Rank set forbid_dict='{}',role_ ... \"rank\\\":1}}' where rank_name='score_rank'","use_time":0.0099999904632568,"size":200}
[2023-06-04 20:03:21][[game_database-10]][SqlQuery] {"query":"update t_Rank set forbid_dict='{}',role_ ... \":1}}' where rank_name='fight_score_rank'","use_time":0,"size":206}
[2023-06-04 20:03:21][[game_database-10]][SqlQuery] {"query":"update t_Rank set forbid_dict='{}',role_ ...  where rank_name='traitor_boss_hurt_rank'","use_time":0,"size":90}
[2023-06-04 20:03:21][[game_database-10]][SqlQuery] {"query":"update t_Rank set forbid_dict='{}',role_ ... here rank_name='rush_activity_money_rank'","use_time":0,"size":92}
[2023-06-04 20:03:21][[game_database-10]][SqlQuery] {"query":"update t_Rank set forbid_dict='{}',role_ ... rank_name='rush_activity_ringleader_rank'","use_time":0,"size":97}
[2023-06-04 20:03:21][[game_database-10]][SqlQuery] {"query":"update t_Rank set forbid_dict='{}',role_ ... {}' where rank_name='activity_score_rank'","use_time":0,"size":87}
[2023-06-04 20:03:21][[game_database-10]][SqlQuery] {"query":"update t_Rank set forbid_dict='{}',role_ ... here rank_name='rush_activity_party_rank'","use_time":0,"size":92}
[2023-06-04 20:03:21][[game_database-10]][SqlQuery] {"query":"update t_Rank set forbid_dict='{}',role_ ...  where rank_name='activity_intimacy_rank'","use_time":0,"size":90}
[2023-06-04 20:03:21][[game_database-10]][SqlQuery] {"query":"update t_Rank set forbid_dict='{}',role_ ... ' where rank_name='activity_banquet_rank'","use_time":0,"size":89}
[2023-06-04 20:03:21][[game_database-10]][SqlQuery] {"query":"update t_Rank set forbid_dict='{}',role_ ... rank_name='rush_activity_checkpoint_rank'","use_time":0.0099999904632568,"size":97}
[2023-06-04 20:03:21][[game_database-10]][SqlQuery] {"query":"update t_Rank set forbid_dict='{}',role_list='{}' where rank_name='train_rank'","use_time":0,"size":78}
[2023-06-04 20:03:21][[game_database-10]][SqlQuery] {"query":"update t_Rank set forbid_dict='{}',role_ ... {}' where rank_name='activity_login_rank'","use_time":0,"size":87}
[2023-06-04 20:03:21][[game_database-10]][SqlQuery] {"query":"update t_Rank set forbid_dict='{}',role_ ... {}' where rank_name='activity_money_rank'","use_time":0,"size":87}
[2023-06-04 20:03:21][[game_database-10]][SqlQuery] {"query":"update t_Rank set forbid_dict='{}',role_ ... e rank_name='rush_activity_recharge_rank'","use_time":0,"size":95}
[2023-06-04 20:03:21][[game_database-10]][SqlQuery] {"query":"update t_Rank set forbid_dict='{}',role_ ... e rank_name='rush_activity_intimacy_rank'","use_time":0,"size":95}
[2023-06-04 20:03:21][[game_database-10]][SqlQuery] {"query":"update t_Rank set forbid_dict='{}',role_ ... ere rank_name='activity_fight_score_rank'","use_time":0,"size":93}
[2023-06-04 20:03:21][[game_database-10]][SqlQuery] {"query":"update t_Rank set forbid_dict='{}',role_ ... here rank_name='rush_activity_score_rank'","use_time":0.0099999904632568,"size":214}
[2023-06-04 20:03:21][[game_database-10]][SqlQuery] {"query":"update t_Rank set forbid_dict='{}',role_ ... re rank_name='rush_activity_soldier_rank'","use_time":0,"size":94}
[2023-06-04 20:03:21][[game_database-10]][SqlQuery] {"query":"update t_Rank set forbid_dict='{}',role_ ... here rank_name='traitor_boss_honour_rank'","use_time":0,"size":92}
[2023-06-04 20:03:21][[game_database-10]][SqlQuery] {"query":"update t_Rank set forbid_dict='{}',role_ ... \\\":1}}' where rank_name='stage_star_rank'","use_time":0,"size":202}
[2023-06-04 20:03:21][[game_database-10]][SqlQuery] {"query":"update t_Rank set forbid_dict='{}',role_ ... ' where rank_name='traitor_max_hurt_rank'","use_time":0,"size":89}
[2023-06-04 20:03:21][[game_database-10]][SqlQuery] {"query":"update t_Rank set forbid_dict='{}',role_ ... ' where rank_name='activity_diamond_rank'","use_time":0,"size":89}
[2023-06-04 20:13:21][[game_database-10]][SqlQuery] {"query":"update t_DynastyRank set dynasty_list='{ ... k_name='traitor_boss_honour_dynasty_rank'","use_time":0,"size":93}
[2023-06-04 20:13:21][[game_database-10]][SqlQuery] {"query":"update t_DynastyRank set dynasty_list='{ ... re rank_name='rush_activity_dynasty_rank'","use_time":0,"size":87}
[2023-06-04 20:13:21][[game_database-10]][SqlQuery] {"query":"update t_Rank set forbid_dict='{}',role_ ... ='{}' where rank_name='traitor_hurt_rank'","use_time":0,"size":85}
[2023-06-04 20:13:21][[game_database-10]][SqlQuery] {"query":"update t_Rank set forbid_dict='{}',role_list='{}' where rank_name='hunt_rank'","use_time":0,"size":77}
[2023-06-04 20:13:21][[game_database-10]][SqlQuery] {"query":"update t_Rank set forbid_dict='{}',role_ ... where rank_name='rush_activity_hunt_rank'","use_time":0,"size":91}
[2023-06-04 20:13:21][[game_database-10]][SqlQuery] {"query":"update t_Rank set forbid_dict='{}',role_ ... ' where rank_name='activity_stamina_rank'","use_time":0,"size":89}
[2023-06-04 20:13:21][[game_database-10]][SqlQuery] {"query":"update t_Rank set forbid_dict='{}',role_ ... where rank_name='rush_activity_food_rank'","use_time":0,"size":91}
[2023-06-04 20:13:21][[game_database-10]][SqlQuery] {"query":"update t_Rank set forbid_dict='{}',role_ ... \"rank\\\":1}}' where rank_name='level_rank'","use_time":0,"size":197}
[2023-06-04 20:13:21][[game_database-10]][SqlQuery] {"query":"update t_Rank set forbid_dict='{}',role_ ... '{}' where rank_name='traitor_feats_rank'","use_time":0.0099999904632568,"size":86}
[2023-06-04 20:13:21][[game_database-10]][SqlQuery] {"query":"update t_Rank set forbid_dict='{}',role_ ... ' where rank_name='activity_soldier_rank'","use_time":0,"size":89}
[2023-06-04 20:13:21][[game_database-10]][SqlQuery] {"query":"update t_Rank set forbid_dict='{}',role_ ... \"rank\\\":1}}' where rank_name='score_rank'","use_time":0,"size":200}
[2023-06-04 20:13:21][[game_database-10]][SqlQuery] {"query":"update t_Rank set forbid_dict='{}',role_ ... \":1}}' where rank_name='fight_score_rank'","use_time":0,"size":206}
[2023-06-04 20:13:21][[game_database-10]][SqlQuery] {"query":"update t_Rank set forbid_dict='{}',role_ ...  where rank_name='traitor_boss_hurt_rank'","use_time":0,"size":90}
[2023-06-04 20:13:21][[game_database-10]][SqlQuery] {"query":"update t_Rank set forbid_dict='{}',role_ ... here rank_name='rush_activity_money_rank'","use_time":0,"size":92}
[2023-06-04 20:13:21][[game_database-10]][SqlQuery] {"query":"update t_Rank set forbid_dict='{}',role_ ... rank_name='rush_activity_ringleader_rank'","use_time":0,"size":97}
[2023-06-04 20:13:21][[game_database-10]][SqlQuery] {"query":"update t_Rank set forbid_dict='{}',role_ ... {}' where rank_name='activity_score_rank'","use_time":0,"size":87}
[2023-06-04 20:13:21][[game_database-10]][SqlQuery] {"query":"update t_Rank set forbid_dict='{}',role_ ... here rank_name='rush_activity_party_rank'","use_time":0.0099999904632568,"size":92}
[2023-06-04 20:13:21][[game_database-10]][SqlQuery] {"query":"update t_Rank set forbid_dict='{}',role_ ...  where rank_name='activity_intimacy_rank'","use_time":0,"size":90}
[2023-06-04 20:13:21][[game_database-10]][SqlQuery] {"query":"update t_Rank set forbid_dict='{}',role_ ... ' where rank_name='activity_banquet_rank'","use_time":0,"size":89}
[2023-06-04 20:13:21][[game_database-10]][SqlQuery] {"query":"update t_Rank set forbid_dict='{}',role_ ... rank_name='rush_activity_checkpoint_rank'","use_time":0,"size":97}
[2023-06-04 20:13:21][[game_database-10]][SqlQuery] {"query":"update t_Rank set forbid_dict='{}',role_list='{}' where rank_name='train_rank'","use_time":0,"size":78}
[2023-06-04 20:13:21][[game_database-10]][SqlQuery] {"query":"update t_Rank set forbid_dict='{}',role_ ... {}' where rank_name='activity_login_rank'","use_time":0,"size":87}
[2023-06-04 20:13:21][[game_database-10]][SqlQuery] {"query":"update t_Rank set forbid_dict='{}',role_ ... {}' where rank_name='activity_money_rank'","use_time":0,"size":87}
[2023-06-04 20:13:21][[game_database-10]][SqlQuery] {"query":"update t_Rank set forbid_dict='{}',role_ ... e rank_name='rush_activity_recharge_rank'","use_time":0,"size":95}
[2023-06-04 20:13:21][[game_database-10]][SqlQuery] {"query":"update t_Rank set forbid_dict='{}',role_ ... e rank_name='rush_activity_intimacy_rank'","use_time":0,"size":95}
[2023-06-04 20:13:21][[game_database-10]][SqlQuery] {"query":"update t_Rank set forbid_dict='{}',role_ ... ere rank_name='activity_fight_score_rank'","use_time":0,"size":93}
[2023-06-04 20:13:21][[game_database-10]][SqlQuery] {"query":"update t_Rank set forbid_dict='{}',role_ ... here rank_name='rush_activity_score_rank'","use_time":0.0099999904632568,"size":214}
[2023-06-04 20:13:21][[game_database-10]][SqlQuery] {"query":"update t_Rank set forbid_dict='{}',role_ ... re rank_name='rush_activity_soldier_rank'","use_time":0,"size":94}
[2023-06-04 20:13:21][[game_database-10]][SqlQuery] {"query":"update t_Rank set forbid_dict='{}',role_ ... here rank_name='traitor_boss_honour_rank'","use_time":0.0099999904632568,"size":92}
[2023-06-04 20:13:21][[game_database-10]][SqlQuery] {"query":"update t_Rank set forbid_dict='{}',role_ ... \\\":1}}' where rank_name='stage_star_rank'","use_time":0,"size":202}
[2023-06-04 20:13:21][[game_database-10]][SqlQuery] {"query":"update t_Rank set forbid_dict='{}',role_ ... ' where rank_name='traitor_max_hurt_rank'","use_time":0,"size":89}
[2023-06-04 20:13:21][[game_database-10]][SqlQuery] {"query":"update t_Rank set forbid_dict='{}',role_ ... ' where rank_name='activity_diamond_rank'","use_time":0.0099999904632568,"size":89}
[2023-06-04 20:23:21][[game_database-10]][SqlQuery] {"query":"update t_DynastyRank set dynasty_list='{ ... k_name='traitor_boss_honour_dynasty_rank'","use_time":0,"size":93}
[2023-06-04 20:23:21][[game_database-10]][SqlQuery] {"query":"update t_DynastyRank set dynasty_list='{ ... re rank_name='rush_activity_dynasty_rank'","use_time":0,"size":87}
[2023-06-04 20:23:21][[game_database-10]][SqlQuery] {"query":"update t_Rank set forbid_dict='{}',role_ ... ='{}' where rank_name='traitor_hurt_rank'","use_time":0,"size":85}
[2023-06-04 20:23:21][[game_database-10]][SqlQuery] {"query":"update t_Rank set forbid_dict='{}',role_list='{}' where rank_name='hunt_rank'","use_time":0,"size":77}
[2023-06-04 20:23:21][[game_database-10]][SqlQuery] {"query":"update t_Rank set forbid_dict='{}',role_ ... where rank_name='rush_activity_hunt_rank'","use_time":0,"size":91}
[2023-06-04 20:23:21][[game_database-10]][SqlQuery] {"query":"update t_Rank set forbid_dict='{}',role_ ... ' where rank_name='activity_stamina_rank'","use_time":0,"size":89}
[2023-06-04 20:23:21][[game_database-10]][SqlQuery] {"query":"update t_Rank set forbid_dict='{}',role_ ... where rank_name='rush_activity_food_rank'","use_time":0,"size":91}
[2023-06-04 20:23:21][[game_database-10]][SqlQuery] {"query":"update t_Rank set forbid_dict='{}',role_ ... \"rank\\\":1}}' where rank_name='level_rank'","use_time":0,"size":197}
[2023-06-04 20:23:21][[game_database-10]][SqlQuery] {"query":"update t_Rank set forbid_dict='{}',role_ ... '{}' where rank_name='traitor_feats_rank'","use_time":0.0099999904632568,"size":86}
[2023-06-04 20:23:21][[game_database-10]][SqlQuery] {"query":"update t_Rank set forbid_dict='{}',role_ ... ' where rank_name='activity_soldier_rank'","use_time":0,"size":89}
[2023-06-04 20:23:21][[game_database-10]][SqlQuery] {"query":"update t_Rank set forbid_dict='{}',role_ ... \"rank\\\":1}}' where rank_name='score_rank'","use_time":0,"size":200}
[2023-06-04 20:23:21][[game_database-10]][SqlQuery] {"query":"update t_Rank set forbid_dict='{}',role_ ... \":1}}' where rank_name='fight_score_rank'","use_time":0,"size":206}
[2023-06-04 20:23:21][[game_database-10]][SqlQuery] {"query":"update t_Rank set forbid_dict='{}',role_ ...  where rank_name='traitor_boss_hurt_rank'","use_time":0.0099999904632568,"size":90}
[2023-06-04 20:23:21][[game_database-10]][SqlQuery] {"query":"update t_Rank set forbid_dict='{}',role_ ... here rank_name='rush_activity_money_rank'","use_time":0,"size":92}
[2023-06-04 20:23:21][[game_database-10]][SqlQuery] {"query":"update t_Rank set forbid_dict='{}',role_ ... rank_name='rush_activity_ringleader_rank'","use_time":0,"size":97}
[2023-06-04 20:23:21][[game_database-10]][SqlQuery] {"query":"update t_Rank set forbid_dict='{}',role_ ... {}' where rank_name='activity_score_rank'","use_time":0,"size":87}
[2023-06-04 20:23:21][[game_database-10]][SqlQuery] {"query":"update t_Rank set forbid_dict='{}',role_ ... here rank_name='rush_activity_party_rank'","use_time":0,"size":92}
[2023-06-04 20:23:21][[game_database-10]][SqlQuery] {"query":"update t_Rank set forbid_dict='{}',role_ ...  where rank_name='activity_intimacy_rank'","use_time":0,"size":90}
[2023-06-04 20:23:21][[game_database-10]][SqlQuery] {"query":"update t_Rank set forbid_dict='{}',role_ ... ' where rank_name='activity_banquet_rank'","use_time":0,"size":89}
[2023-06-04 20:23:21][[game_database-10]][SqlQuery] {"query":"update t_Rank set forbid_dict='{}',role_ ... rank_name='rush_activity_checkpoint_rank'","use_time":0.0099999904632568,"size":97}
[2023-06-04 20:23:21][[game_database-10]][SqlQuery] {"query":"update t_Rank set forbid_dict='{}',role_list='{}' where rank_name='train_rank'","use_time":0,"size":78}
[2023-06-04 20:23:21][[game_database-10]][SqlQuery] {"query":"update t_Rank set forbid_dict='{}',role_ ... {}' where rank_name='activity_login_rank'","use_time":0,"size":87}
[2023-06-04 20:23:21][[game_database-10]][SqlQuery] {"query":"update t_Rank set forbid_dict='{}',role_ ... {}' where rank_name='activity_money_rank'","use_time":0,"size":87}
[2023-06-04 20:23:21][[game_database-10]][SqlQuery] {"query":"update t_Rank set forbid_dict='{}',role_ ... e rank_name='rush_activity_recharge_rank'","use_time":0,"size":95}
[2023-06-04 20:23:21][[game_database-10]][SqlQuery] {"query":"update t_Rank set forbid_dict='{}',role_ ... e rank_name='rush_activity_intimacy_rank'","use_time":0,"size":95}
[2023-06-04 20:23:21][[game_database-10]][SqlQuery] {"query":"update t_Rank set forbid_dict='{}',role_ ... ere rank_name='activity_fight_score_rank'","use_time":0.0099999904632568,"size":93}
[2023-06-04 20:23:21][[game_database-10]][SqlQuery] {"query":"update t_Rank set forbid_dict='{}',role_ ... here rank_name='rush_activity_score_rank'","use_time":0,"size":214}
[2023-06-04 20:23:21][[game_database-10]][SqlQuery] {"query":"update t_Rank set forbid_dict='{}',role_ ... re rank_name='rush_activity_soldier_rank'","use_time":0,"size":94}
[2023-06-04 20:23:21][[game_database-10]][SqlQuery] {"query":"update t_Rank set forbid_dict='{}',role_ ... here rank_name='traitor_boss_honour_rank'","use_time":0,"size":92}
[2023-06-04 20:23:21][[game_database-10]][SqlQuery] {"query":"update t_Rank set forbid_dict='{}',role_ ... \\\":1}}' where rank_name='stage_star_rank'","use_time":0,"size":202}
[2023-06-04 20:23:21][[game_database-10]][SqlQuery] {"query":"update t_Rank set forbid_dict='{}',role_ ... ' where rank_name='traitor_max_hurt_rank'","use_time":0.0099999904632568,"size":89}
[2023-06-04 20:23:21][[game_database-10]][SqlQuery] {"query":"update t_Rank set forbid_dict='{}',role_ ... ' where rank_name='activity_diamond_rank'","use_time":0,"size":89}
[2023-06-04 20:33:21][[game_database-10]][SqlQuery] {"query":"update t_DynastyRank set dynasty_list='{ ... k_name='traitor_boss_honour_dynasty_rank'","use_time":0,"size":93}
[2023-06-04 20:33:21][[game_database-10]][SqlQuery] {"query":"update t_DynastyRank set dynasty_list='{ ... re rank_name='rush_activity_dynasty_rank'","use_time":0,"size":87}
[2023-06-04 20:33:21][[game_database-10]][SqlQuery] {"query":"update t_Rank set forbid_dict='{}',role_ ... ='{}' where rank_name='traitor_hurt_rank'","use_time":0,"size":85}
[2023-06-04 20:33:21][[game_database-10]][SqlQuery] {"query":"update t_Rank set forbid_dict='{}',role_list='{}' where rank_name='hunt_rank'","use_time":0,"size":77}
[2023-06-04 20:33:21][[game_database-10]][SqlQuery] {"query":"update t_Rank set forbid_dict='{}',role_ ... where rank_name='rush_activity_hunt_rank'","use_time":0,"size":91}
[2023-06-04 20:33:21][[game_database-10]][SqlQuery] {"query":"update t_Rank set forbid_dict='{}',role_ ... ' where rank_name='activity_stamina_rank'","use_time":0,"size":89}
[2023-06-04 20:33:21][[game_database-10]][SqlQuery] {"query":"update t_Rank set forbid_dict='{}',role_ ... where rank_name='rush_activity_food_rank'","use_time":0,"size":91}
[2023-06-04 20:33:21][[game_database-10]][SqlQuery] {"query":"update t_Rank set forbid_dict='{}',role_ ... \"rank\\\":1}}' where rank_name='level_rank'","use_time":0.0099999904632568,"size":197}
[2023-06-04 20:33:21][[game_database-10]][SqlQuery] {"query":"update t_Rank set forbid_dict='{}',role_ ... '{}' where rank_name='traitor_feats_rank'","use_time":0,"size":86}
[2023-06-04 20:33:21][[game_database-10]][SqlQuery] {"query":"update t_Rank set forbid_dict='{}',role_ ... ' where rank_name='activity_soldier_rank'","use_time":0,"size":89}
[2023-06-04 20:33:21][[game_database-10]][SqlQuery] {"query":"update t_Rank set forbid_dict='{}',role_ ... \"rank\\\":1}}' where rank_name='score_rank'","use_time":0,"size":200}
[2023-06-04 20:33:21][[game_database-10]][SqlQuery] {"query":"update t_Rank set forbid_dict='{}',role_ ... \":1}}' where rank_name='fight_score_rank'","use_time":0,"size":206}
[2023-06-04 20:33:21][[game_database-10]][SqlQuery] {"query":"update t_Rank set forbid_dict='{}',role_ ...  where rank_name='traitor_boss_hurt_rank'","use_time":0,"size":90}
[2023-06-04 20:33:21][[game_database-10]][SqlQuery] {"query":"update t_Rank set forbid_dict='{}',role_ ... here rank_name='rush_activity_money_rank'","use_time":0,"size":92}
[2023-06-04 20:33:21][[game_database-10]][SqlQuery] {"query":"update t_Rank set forbid_dict='{}',role_ ... rank_name='rush_activity_ringleader_rank'","use_time":0.0099999904632568,"size":97}
[2023-06-04 20:33:21][[game_database-10]][SqlQuery] {"query":"update t_Rank set forbid_dict='{}',role_ ... {}' where rank_name='activity_score_rank'","use_time":0,"size":87}
[2023-06-04 20:33:21][[game_database-10]][SqlQuery] {"query":"update t_Rank set forbid_dict='{}',role_ ... here rank_name='rush_activity_party_rank'","use_time":0,"size":92}
[2023-06-04 20:33:21][[game_database-10]][SqlQuery] {"query":"update t_Rank set forbid_dict='{}',role_ ...  where rank_name='activity_intimacy_rank'","use_time":0,"size":90}
[2023-06-04 20:33:21][[game_database-10]][SqlQuery] {"query":"update t_Rank set forbid_dict='{}',role_ ... ' where rank_name='activity_banquet_rank'","use_time":0,"size":89}
[2023-06-04 20:33:21][[game_database-10]][SqlQuery] {"query":"update t_Rank set forbid_dict='{}',role_ ... rank_name='rush_activity_checkpoint_rank'","use_time":0,"size":97}
[2023-06-04 20:33:21][[game_database-10]][SqlQuery] {"query":"update t_Rank set forbid_dict='{}',role_list='{}' where rank_name='train_rank'","use_time":0.0099999904632568,"size":78}
[2023-06-04 20:33:21][[game_database-10]][SqlQuery] {"query":"update t_Rank set forbid_dict='{}',role_ ... {}' where rank_name='activity_login_rank'","use_time":0,"size":87}
[2023-06-04 20:33:21][[game_database-10]][SqlQuery] {"query":"update t_Rank set forbid_dict='{}',role_ ... {}' where rank_name='activity_money_rank'","use_time":0,"size":87}
[2023-06-04 20:33:21][[game_database-10]][SqlQuery] {"query":"update t_Rank set forbid_dict='{}',role_ ... e rank_name='rush_activity_recharge_rank'","use_time":0,"size":95}
[2023-06-04 20:33:21][[game_database-10]][SqlQuery] {"query":"update t_Rank set forbid_dict='{}',role_ ... e rank_name='rush_activity_intimacy_rank'","use_time":0,"size":95}
[2023-06-04 20:33:21][[game_database-10]][SqlQuery] {"query":"update t_Rank set forbid_dict='{}',role_ ... ere rank_name='activity_fight_score_rank'","use_time":0,"size":93}
[2023-06-04 20:33:21][[game_database-10]][SqlQuery] {"query":"update t_Rank set forbid_dict='{}',role_ ... here rank_name='rush_activity_score_rank'","use_time":0.0099999904632568,"size":214}
[2023-06-04 20:33:21][[game_database-10]][SqlQuery] {"query":"update t_Rank set forbid_dict='{}',role_ ... re rank_name='rush_activity_soldier_rank'","use_time":0,"size":94}
[2023-06-04 20:33:21][[game_database-10]][SqlQuery] {"query":"update t_Rank set forbid_dict='{}',role_ ... here rank_name='traitor_boss_honour_rank'","use_time":0,"size":92}
[2023-06-04 20:33:21][[game_database-10]][SqlQuery] {"query":"update t_Rank set forbid_dict='{}',role_ ... \\\":1}}' where rank_name='stage_star_rank'","use_time":0,"size":202}
[2023-06-04 20:33:21][[game_database-10]][SqlQuery] {"query":"update t_Rank set forbid_dict='{}',role_ ... ' where rank_name='traitor_max_hurt_rank'","use_time":0,"size":89}
[2023-06-04 20:33:21][[game_database-10]][SqlQuery] {"query":"update t_Rank set forbid_dict='{}',role_ ... ' where rank_name='activity_diamond_rank'","use_time":0.0099999904632568,"size":89}
[2023-06-04 20:37:01][[agent-11]][SqlConnect] {"host":"127.0.0.1","user":"root"}
[2023-06-04 20:37:01][[agent-11]][SqlQuery] {"query":"use hd_game55","use_time":0,"size":13}
[2023-06-04 20:37:01][[agent-11]][SqlQuery] {"query":"SET NAMES utf8mb4","use_time":0,"size":17}
[2023-06-04 20:37:01][[agent-11]][SqlQuery] {"query":"select count(*) from t_Role","use_time":0,"size":27}
[2023-06-04 20:37:01][[agent-11]][SqlClose] {"host":"127.0.0.1","user":"root"}
[2023-06-04 20:37:01][[game_database-10]][SqlQuery] {"query":"select * from t_LoverActivities","use_time":0,"size":31}
[2023-06-04 20:38:08][[agent-11]][SqlConnect] {"host":"127.0.0.1","user":"root"}
[2023-06-04 20:38:08][[agent-11]][SqlQuery] {"query":"use hd_game55","use_time":0,"size":13}
[2023-06-04 20:38:08][[agent-11]][SqlQuery] {"query":"SET NAMES utf8mb4","use_time":0,"size":17}
[2023-06-04 20:38:08][[agent-11]][SqlQuery] {"query":"select count(*) from t_Role","use_time":0,"size":27}
[2023-06-04 20:38:08][[agent-11]][SqlClose] {"host":"127.0.0.1","user":"root"}
[2023-06-04 20:38:08][[game_database-10]][SqlQuery] {"query":"select * from t_LoverActivities","use_time":0,"size":31}
[2023-06-04 20:40:45][[agent-11]][SqlConnect] {"host":"127.0.0.1","user":"root"}
[2023-06-04 20:40:45][[agent-11]][SqlQuery] {"query":"use hd_game55","use_time":0.0099999904632568,"size":13}
[2023-06-04 20:40:45][[agent-11]][SqlQuery] {"query":"SET NAMES utf8mb4","use_time":0,"size":17}
[2023-06-04 20:40:45][[agent-11]][SqlQuery] {"query":"select count(*) from t_Role","use_time":0,"size":27}
[2023-06-04 20:40:45][[agent-11]][SqlClose] {"host":"127.0.0.1","user":"root"}
[2023-06-04 20:40:45][[game_database-10]][SqlQuery] {"query":"select * from t_LoverActivities","use_time":0,"size":31}
[2023-06-04 20:42:13][[agent-11]][SqlConnect] {"host":"127.0.0.1","user":"root"}
[2023-06-04 20:42:13][[agent-11]][SqlQuery] {"query":"use hd_game55","use_time":0,"size":13}
[2023-06-04 20:42:13][[agent-11]][SqlQuery] {"query":"SET NAMES utf8mb4","use_time":0,"size":17}
[2023-06-04 20:42:13][[agent-11]][SqlQuery] {"query":"select count(*) from t_Role","use_time":0,"size":27}
[2023-06-04 20:42:13][[agent-11]][SqlClose] {"host":"127.0.0.1","user":"root"}
[2023-06-04 20:42:13][[game_database-10]][SqlQuery] {"query":"select * from t_LoverActivities","use_time":0,"size":31}
[2023-06-04 20:43:21][[game_database-10]][SqlQuery] {"query":"update t_DynastyRank set dynasty_list='{ ... k_name='traitor_boss_honour_dynasty_rank'","use_time":0.0099999904632568,"size":93}
[2023-06-04 20:43:21][[game_database-10]][SqlQuery] {"query":"update t_DynastyRank set dynasty_list='{ ... re rank_name='rush_activity_dynasty_rank'","use_time":0,"size":87}
[2023-06-04 20:43:21][[game_database-10]][SqlQuery] {"query":"update t_Rank set forbid_dict='{}',role_ ... ='{}' where rank_name='traitor_hurt_rank'","use_time":0,"size":85}
[2023-06-04 20:43:21][[game_database-10]][SqlQuery] {"query":"update t_Rank set forbid_dict='{}',role_list='{}' where rank_name='hunt_rank'","use_time":0,"size":77}
[2023-06-04 20:43:21][[game_database-10]][SqlQuery] {"query":"update t_Rank set forbid_dict='{}',role_ ... where rank_name='rush_activity_hunt_rank'","use_time":0,"size":91}
[2023-06-04 20:43:21][[game_database-10]][SqlQuery] {"query":"update t_Rank set forbid_dict='{}',role_ ... ' where rank_name='activity_stamina_rank'","use_time":0,"size":89}
[2023-06-04 20:43:21][[game_database-10]][SqlQuery] {"query":"update t_Rank set forbid_dict='{}',role_ ... where rank_name='rush_activity_food_rank'","use_time":0,"size":91}
[2023-06-04 20:43:21][[game_database-10]][SqlQuery] {"query":"update t_Rank set forbid_dict='{}',role_ ... \"rank\\\":1}}' where rank_name='level_rank'","use_time":0,"size":197}
[2023-06-04 20:43:21][[game_database-10]][SqlQuery] {"query":"update t_Rank set forbid_dict='{}',role_ ... '{}' where rank_name='traitor_feats_rank'","use_time":0,"size":86}
[2023-06-04 20:43:21][[game_database-10]][SqlQuery] {"query":"update t_Rank set forbid_dict='{}',role_ ... ' where rank_name='activity_soldier_rank'","use_time":0,"size":89}
[2023-06-04 20:43:21][[game_database-10]][SqlQuery] {"query":"update t_Rank set forbid_dict='{}',role_ ... \"rank\\\":1}}' where rank_name='score_rank'","use_time":0.0099999904632568,"size":200}
[2023-06-04 20:43:21][[game_database-10]][SqlQuery] {"query":"update t_Rank set forbid_dict='{}',role_ ... \":1}}' where rank_name='fight_score_rank'","use_time":0,"size":206}
[2023-06-04 20:43:21][[game_database-10]][SqlQuery] {"query":"update t_Rank set forbid_dict='{}',role_ ...  where rank_name='traitor_boss_hurt_rank'","use_time":0,"size":90}
[2023-06-04 20:43:21][[game_database-10]][SqlQuery] {"query":"update t_Rank set forbid_dict='{}',role_ ... here rank_name='rush_activity_money_rank'","use_time":0,"size":92}
[2023-06-04 20:43:21][[game_database-10]][SqlQuery] {"query":"update t_Rank set forbid_dict='{}',role_ ... rank_name='rush_activity_ringleader_rank'","use_time":0,"size":97}
[2023-06-04 20:43:21][[game_database-10]][SqlQuery] {"query":"update t_Rank set forbid_dict='{}',role_ ... {}' where rank_name='activity_score_rank'","use_time":0,"size":87}
[2023-06-04 20:43:21][[game_database-10]][SqlQuery] {"query":"update t_Rank set forbid_dict='{}',role_ ... here rank_name='rush_activity_party_rank'","use_time":0,"size":92}
[2023-06-04 20:43:21][[game_database-10]][SqlQuery] {"query":"update t_Rank set forbid_dict='{}',role_ ...  where rank_name='activity_intimacy_rank'","use_time":0,"size":90}
[2023-06-04 20:43:21][[game_database-10]][SqlQuery] {"query":"update t_Rank set forbid_dict='{}',role_ ... ' where rank_name='activity_banquet_rank'","use_time":0.0099999904632568,"size":89}
[2023-06-04 20:43:21][[game_database-10]][SqlQuery] {"query":"update t_Rank set forbid_dict='{}',role_ ... rank_name='rush_activity_checkpoint_rank'","use_time":0,"size":97}
[2023-06-04 20:43:21][[game_database-10]][SqlQuery] {"query":"update t_Rank set forbid_dict='{}',role_list='{}' where rank_name='train_rank'","use_time":0,"size":78}
[2023-06-04 20:43:21][[game_database-10]][SqlQuery] {"query":"update t_Rank set forbid_dict='{}',role_ ... {}' where rank_name='activity_login_rank'","use_time":0,"size":87}
[2023-06-04 20:43:21][[game_database-10]][SqlQuery] {"query":"update t_Rank set forbid_dict='{}',role_ ... {}' where rank_name='activity_money_rank'","use_time":0,"size":87}
[2023-06-04 20:43:21][[game_database-10]][SqlQuery] {"query":"update t_Rank set forbid_dict='{}',role_ ... e rank_name='rush_activity_recharge_rank'","use_time":0,"size":95}
[2023-06-04 20:43:21][[game_database-10]][SqlQuery] {"query":"update t_Rank set forbid_dict='{}',role_ ... e rank_name='rush_activity_intimacy_rank'","use_time":0,"size":95}
[2023-06-04 20:43:21][[game_database-10]][SqlQuery] {"query":"update t_Rank set forbid_dict='{}',role_ ... ere rank_name='activity_fight_score_rank'","use_time":0.0099999904632568,"size":93}
[2023-06-04 20:43:21][[game_database-10]][SqlQuery] {"query":"update t_Rank set forbid_dict='{}',role_ ... here rank_name='rush_activity_score_rank'","use_time":0,"size":214}
[2023-06-04 20:43:21][[game_database-10]][SqlQuery] {"query":"update t_Rank set forbid_dict='{}',role_ ... re rank_name='rush_activity_soldier_rank'","use_time":0,"size":94}
[2023-06-04 20:43:21][[game_database-10]][SqlQuery] {"query":"update t_Rank set forbid_dict='{}',role_ ... here rank_name='traitor_boss_honour_rank'","use_time":0,"size":92}
[2023-06-04 20:43:21][[game_database-10]][SqlQuery] {"query":"update t_Rank set forbid_dict='{}',role_ ... \\\":1}}' where rank_name='stage_star_rank'","use_time":0,"size":202}
[2023-06-04 20:43:21][[game_database-10]][SqlQuery] {"query":"update t_Rank set forbid_dict='{}',role_ ... ' where rank_name='traitor_max_hurt_rank'","use_time":0,"size":89}
[2023-06-04 20:43:21][[game_database-10]][SqlQuery] {"query":"update t_Rank set forbid_dict='{}',role_ ... ' where rank_name='activity_diamond_rank'","use_time":0.0099999904632568,"size":89}
[2023-06-04 20:43:46][[agent-11]][SqlConnect] {"host":"127.0.0.1","user":"root"}
[2023-06-04 20:43:46][[agent-11]][SqlQuery] {"query":"use hd_game55","use_time":0,"size":13}
[2023-06-04 20:43:46][[agent-11]][SqlQuery] {"query":"SET NAMES utf8mb4","use_time":0,"size":17}
[2023-06-04 20:43:46][[agent-11]][SqlQuery] {"query":"select count(*) from t_Role","use_time":0,"size":27}
[2023-06-04 20:43:46][[agent-11]][SqlClose] {"host":"127.0.0.1","user":"root"}
[2023-06-04 20:43:46][[game_database-10]][SqlQuery] {"query":"select * from t_LoverActivities","use_time":0,"size":31}
[2023-06-04 20:53:21][[game_database-10]][SqlQuery] {"query":"update t_DynastyRank set dynasty_list='{ ... k_name='traitor_boss_honour_dynasty_rank'","use_time":0,"size":93}
[2023-06-04 20:53:21][[game_database-10]][SqlQuery] {"query":"update t_DynastyRank set dynasty_list='{ ... re rank_name='rush_activity_dynasty_rank'","use_time":0,"size":87}
[2023-06-04 20:53:21][[game_database-10]][SqlQuery] {"query":"update t_Rank set forbid_dict='{}',role_ ... ='{}' where rank_name='traitor_hurt_rank'","use_time":0,"size":85}
[2023-06-04 20:53:21][[game_database-10]][SqlQuery] {"query":"update t_Rank set forbid_dict='{}',role_list='{}' where rank_name='hunt_rank'","use_time":0,"size":77}
[2023-06-04 20:53:21][[game_database-10]][SqlQuery] {"query":"update t_Rank set forbid_dict='{}',role_ ... where rank_name='rush_activity_hunt_rank'","use_time":0,"size":91}
[2023-06-04 20:53:21][[game_database-10]][SqlQuery] {"query":"update t_Rank set forbid_dict='{}',role_ ... ' where rank_name='activity_stamina_rank'","use_time":0,"size":89}
[2023-06-04 20:53:21][[game_database-10]][SqlQuery] {"query":"update t_Rank set forbid_dict='{}',role_ ... where rank_name='rush_activity_food_rank'","use_time":0,"size":91}
[2023-06-04 20:53:21][[game_database-10]][SqlQuery] {"query":"update t_Rank set forbid_dict='{}',role_ ... \"rank\\\":1}}' where rank_name='level_rank'","use_time":0,"size":197}
[2023-06-04 20:53:21][[game_database-10]][SqlQuery] {"query":"update t_Rank set forbid_dict='{}',role_ ... '{}' where rank_name='traitor_feats_rank'","use_time":0,"size":86}
[2023-06-04 20:53:21][[game_database-10]][SqlQuery] {"query":"update t_Rank set forbid_dict='{}',role_ ... ' where rank_name='activity_soldier_rank'","use_time":0.0099999904632568,"size":89}
[2023-06-04 20:53:21][[game_database-10]][SqlQuery] {"query":"update t_Rank set forbid_dict='{}',role_ ... \"rank\\\":1}}' where rank_name='score_rank'","use_time":0,"size":200}
[2023-06-04 20:53:21][[game_database-10]][SqlQuery] {"query":"update t_Rank set forbid_dict='{}',role_ ... \":1}}' where rank_name='fight_score_rank'","use_time":0,"size":206}
[2023-06-04 20:53:21][[game_database-10]][SqlQuery] {"query":"update t_Rank set forbid_dict='{}',role_ ...  where rank_name='traitor_boss_hurt_rank'","use_time":0,"size":90}
[2023-06-04 20:53:21][[game_database-10]][SqlQuery] {"query":"update t_Rank set forbid_dict='{}',role_ ... here rank_name='rush_activity_money_rank'","use_time":0,"size":92}
[2023-06-04 20:53:21][[game_database-10]][SqlQuery] {"query":"update t_Rank set forbid_dict='{}',role_ ... rank_name='rush_activity_ringleader_rank'","use_time":0,"size":97}
[2023-06-04 20:53:21][[game_database-10]][SqlQuery] {"query":"update t_Rank set forbid_dict='{}',role_ ... {}' where rank_name='activity_score_rank'","use_time":0,"size":87}
[2023-06-04 20:53:21][[game_database-10]][SqlQuery] {"query":"update t_Rank set forbid_dict='{}',role_ ... here rank_name='rush_activity_party_rank'","use_time":0,"size":92}
[2023-06-04 20:53:21][[game_database-10]][SqlQuery] {"query":"update t_Rank set forbid_dict='{}',role_ ...  where rank_name='activity_intimacy_rank'","use_time":0.0099999904632568,"size":90}
[2023-06-04 20:53:21][[game_database-10]][SqlQuery] {"query":"update t_Rank set forbid_dict='{}',role_ ... ' where rank_name='activity_banquet_rank'","use_time":0,"size":89}
[2023-06-04 20:53:21][[game_database-10]][SqlQuery] {"query":"update t_Rank set forbid_dict='{}',role_ ... rank_name='rush_activity_checkpoint_rank'","use_time":0,"size":97}
[2023-06-04 20:53:21][[game_database-10]][SqlQuery] {"query":"update t_Rank set forbid_dict='{}',role_list='{}' where rank_name='train_rank'","use_time":0,"size":78}
[2023-06-04 20:53:21][[game_database-10]][SqlQuery] {"query":"update t_Rank set forbid_dict='{}',role_ ... {}' where rank_name='activity_login_rank'","use_time":0,"size":87}
[2023-06-04 20:53:21][[game_database-10]][SqlQuery] {"query":"update t_Rank set forbid_dict='{}',role_ ... {}' where rank_name='activity_money_rank'","use_time":0,"size":87}
[2023-06-04 20:53:21][[game_database-10]][SqlQuery] {"query":"update t_Rank set forbid_dict='{}',role_ ... e rank_name='rush_activity_recharge_rank'","use_time":0,"size":95}
[2023-06-04 20:53:21][[game_database-10]][SqlQuery] {"query":"update t_Rank set forbid_dict='{}',role_ ... e rank_name='rush_activity_intimacy_rank'","use_time":0,"size":95}
[2023-06-04 20:53:21][[game_database-10]][SqlQuery] {"query":"update t_Rank set forbid_dict='{}',role_ ... ere rank_name='activity_fight_score_rank'","use_time":0.0099999904632568,"size":93}
[2023-06-04 20:53:21][[game_database-10]][SqlQuery] {"query":"update t_Rank set forbid_dict='{}',role_ ... here rank_name='rush_activity_score_rank'","use_time":0,"size":214}
[2023-06-04 20:53:21][[game_database-10]][SqlQuery] {"query":"update t_Rank set forbid_dict='{}',role_ ... re rank_name='rush_activity_soldier_rank'","use_time":0,"size":94}
[2023-06-04 20:53:21][[game_database-10]][SqlQuery] {"query":"update t_Rank set forbid_dict='{}',role_ ... here rank_name='traitor_boss_honour_rank'","use_time":0,"size":92}
[2023-06-04 20:53:21][[game_database-10]][SqlQuery] {"query":"update t_Rank set forbid_dict='{}',role_ ... \\\":1}}' where rank_name='stage_star_rank'","use_time":0,"size":202}
[2023-06-04 20:53:21][[game_database-10]][SqlQuery] {"query":"update t_Rank set forbid_dict='{}',role_ ... ' where rank_name='traitor_max_hurt_rank'","use_time":0,"size":89}
[2023-06-04 20:53:21][[game_database-10]][SqlQuery] {"query":"update t_Rank set forbid_dict='{}',role_ ... ' where rank_name='activity_diamond_rank'","use_time":0,"size":89}
[2023-06-04 20:54:38][[agent-11]][SqlConnect] {"host":"127.0.0.1","user":"root"}
[2023-06-04 20:54:38][[agent-11]][SqlQuery] {"query":"use hd_game55","use_time":0,"size":13}
[2023-06-04 20:54:38][[agent-11]][SqlQuery] {"query":"SET NAMES utf8mb4","use_time":0,"size":17}
[2023-06-04 20:54:38][[agent-11]][SqlQuery] {"query":"select count(*) from t_Role","use_time":0,"size":27}
[2023-06-04 20:54:38][[agent-11]][SqlClose] {"host":"127.0.0.1","user":"root"}
[2023-06-04 20:54:38][[game_database-10]][SqlQuery] {"query":"select * from t_LoverActivities","use_time":0,"size":31}
[2023-06-04 20:58:29][[agent-11]][SqlConnect] {"host":"127.0.0.1","user":"root"}
[2023-06-04 20:58:29][[agent-11]][SqlQuery] {"query":"use hd_game55","use_time":0,"size":13}
[2023-06-04 20:58:29][[agent-11]][SqlQuery] {"query":"SET NAMES utf8mb4","use_time":0,"size":17}
[2023-06-04 20:58:29][[agent-11]][SqlQuery] {"query":"select count(*) from t_Role","use_time":0,"size":27}
[2023-06-04 20:58:29][[agent-11]][SqlClose] {"host":"127.0.0.1","user":"root"}
[2023-06-04 20:58:29][[game_database-10]][SqlQuery] {"query":"select * from t_LoverActivities","use_time":0,"size":31}
