[2023-06-08 16:01:44][[reload_watcher-a]][info] excel to reload:

[2023-06-08 16:01:44][[reload_watcher-a]][info] file to reload:
./gamelogic/service/agent/msg_handles/role.lua
[2023-06-08 16:01:44][[agent-11]][info] reload_mod begin: msg_handles.role <==> ./gamelogic/service/agent/msg_handles/role.lua
[2023-06-08 16:05:51][[reload_watcher-a]][info] excel to reload:

[2023-06-08 16:05:51][[reload_watcher-a]][info] file to reload:
./service/clusterd/clusterd_utils.lua
[2023-06-08 16:05:51][[clusterd-d]][info] reload_mod begin: clusterd_utils <==> ./service/clusterd/clusterd_utils.lua
[2023-06-08 16:06:34][[reload_watcher-a]][info] excel to reload:

[2023-06-08 16:06:34][[reload_watcher-a]][info] file to reload:
./gamelogic/service/agent/meta_table/recharge.lua
[2023-06-08 16:08:33][[reload_watcher-a]][info] excel to reload:

[2023-06-08 16:08:33][[reload_watcher-a]][info] file to reload:
./gamelogic/service/agent/msg_handles/role.lua
[2023-06-08 16:08:33][[agent-11]][info] reload_mod begin: msg_handles.role <==> ./gamelogic/service/agent/msg_handles/role.lua
[2023-06-08 16:08:36][[reload_watcher-a]][info] excel to reload:

[2023-06-08 16:08:36][[reload_watcher-a]][info] file to reload:
./gamelogic/service/agent/msg_handles/role.lua
[2023-06-08 16:08:36][[agent-11]][info] reload_mod begin: msg_handles.role <==> ./gamelogic/service/agent/msg_handles/role.lua
[2023-06-08 16:08:39][[reload_watcher-a]][info] excel to reload:

[2023-06-08 16:08:39][[reload_watcher-a]][info] file to reload:
./gamelogic/service/agent/msg_handles/role.lua
[2023-06-08 16:08:39][[agent-11]][info] reload_mod begin: msg_handles.role <==> ./gamelogic/service/agent/msg_handles/role.lua
[2023-06-08 16:09:26][[reload_watcher-a]][info] excel to reload:

[2023-06-08 16:09:26][[reload_watcher-a]][info] file to reload:
./gamelogic/service/world/lua_handles.lua
[2023-06-08 16:10:19][[reload_watcher-a]][info] excel to reload:

[2023-06-08 16:10:19][[reload_watcher-a]][info] file to reload:
./gamelogic/service/world/lua_handles.lua
[2023-06-08 16:11:26][[reload_watcher-a]][info] excel to reload:

[2023-06-08 16:11:26][[reload_watcher-a]][info] file to reload:
./gamelogic/service/world/lua_handles.lua
[2023-06-08 16:11:27][[reload_watcher-a]][info] excel to reload:

[2023-06-08 16:11:27][[reload_watcher-a]][info] file to reload:
./gamelogic/service/world/lua_handles.lua
[2023-06-08 16:12:36][[reload_watcher-a]][info] excel to reload:

[2023-06-08 16:12:36][[reload_watcher-a]][info] file to reload:
./gamelogic/service/world/lua_handles.lua
[2023-06-08 16:12:39][[reload_watcher-a]][info] excel to reload:

[2023-06-08 16:12:39][[reload_watcher-a]][info] file to reload:
./gamelogic/service/world/lua_handles.lua
[2023-06-08 16:12:48][[reload_watcher-a]][info] excel to reload:

[2023-06-08 16:12:48][[reload_watcher-a]][info] file to reload:
./gamelogic/service/world/lua_handles.lua
[2023-06-08 16:12:50][[reload_watcher-a]][info] excel to reload:

[2023-06-08 16:12:50][[reload_watcher-a]][info] file to reload:
./gamelogic/service/world/lua_handles.lua
[2023-06-08 16:12:54][[reload_watcher-a]][info] excel to reload:

[2023-06-08 16:12:54][[reload_watcher-a]][info] file to reload:
./gamelogic/service/world/lua_handles.lua
[2023-06-08 16:12:55][[reload_watcher-a]][info] excel to reload:

[2023-06-08 16:12:55][[reload_watcher-a]][info] file to reload:
./gamelogic/service/world/lua_handles.lua
[2023-06-08 16:13:04][[reload_watcher-a]][info] excel to reload:

[2023-06-08 16:13:04][[reload_watcher-a]][info] file to reload:
./gamelogic/service/world/lua_handles.lua
[2023-06-08 16:13:12][[reload_watcher-a]][info] excel to reload:

[2023-06-08 16:13:12][[reload_watcher-a]][info] file to reload:
./gamelogic/service/world/lua_handles.lua
[2023-06-08 16:13:14][[reload_watcher-a]][info] excel to reload:

[2023-06-08 16:13:14][[reload_watcher-a]][info] file to reload:
./gamelogic/service/world/lua_handles.lua
[2023-06-08 16:13:15][[reload_watcher-a]][info] excel to reload:

[2023-06-08 16:13:15][[reload_watcher-a]][info] file to reload:
./gamelogic/service/world/lua_handles.lua
[2023-06-08 16:13:17][[reload_watcher-a]][info] excel to reload:

[2023-06-08 16:13:17][[reload_watcher-a]][info] file to reload:
./gamelogic/service/world/lua_handles.lua
[2023-06-08 16:14:23][[reload_watcher-a]][info] excel to reload:

[2023-06-08 16:14:23][[reload_watcher-a]][info] file to reload:
./gamelogic/lualib/schema_world.lua
[2023-06-08 16:15:33][[reload_watcher-a]][info] excel to reload:

[2023-06-08 16:15:33][[reload_watcher-a]][info] file to reload:
./gamelogic/service/world/lua_handles.lua
[2023-06-08 16:15:39][[reload_watcher-a]][info] excel to reload:

[2023-06-08 16:15:39][[reload_watcher-a]][info] file to reload:
./gamelogic/service/world/lua_handles.lua
[2023-06-08 16:15:45][[reload_watcher-a]][info] excel to reload:

[2023-06-08 16:15:45][[reload_watcher-a]][info] file to reload:
./gamelogic/service/world/lua_handles.lua
[2023-06-08 16:15:46][[reload_watcher-a]][info] excel to reload:

[2023-06-08 16:15:46][[reload_watcher-a]][info] file to reload:
./gamelogic/service/world/lua_handles.lua
[2023-06-08 16:15:49][[reload_watcher-a]][info] excel to reload:

[2023-06-08 16:15:49][[reload_watcher-a]][info] file to reload:
./gamelogic/service/world/lua_handles.lua
[2023-06-08 16:15:58][[reload_watcher-a]][info] excel to reload:

[2023-06-08 16:15:58][[reload_watcher-a]][info] file to reload:
./gamelogic/service/agent/msg_handles/role.lua
[2023-06-08 16:15:58][[agent-11]][info] reload_mod begin: msg_handles.role <==> ./gamelogic/service/agent/msg_handles/role.lua
[2023-06-08 16:19:01][[reload_watcher-a]][info] excel to reload:

[2023-06-08 16:19:01][[reload_watcher-a]][info] file to reload:
./gamelogic/service/agent/msg_handles/role.lua
[2023-06-08 16:19:01][[agent-11]][info] reload_mod begin: msg_handles.role <==> ./gamelogic/service/agent/msg_handles/role.lua
[2023-06-08 16:19:07][[reload_watcher-a]][info] excel to reload:

[2023-06-08 16:19:07][[reload_watcher-a]][info] file to reload:
./gamelogic/service/agent/msg_handles/role.lua
[2023-06-08 16:19:07][[agent-11]][info] reload_mod begin: msg_handles.role <==> ./gamelogic/service/agent/msg_handles/role.lua
[2023-06-08 16:19:09][[reload_watcher-a]][info] excel to reload:

[2023-06-08 16:19:09][[reload_watcher-a]][info] file to reload:
./gamelogic/service/agent/msg_handles/role.lua
[2023-06-08 16:19:09][[agent-11]][info] reload_mod begin: msg_handles.role <==> ./gamelogic/service/agent/msg_handles/role.lua
[2023-06-08 16:19:16][[reload_watcher-a]][info] excel to reload:

[2023-06-08 16:19:16][[reload_watcher-a]][info] file to reload:
./gamelogic/service/agent/msg_handles/role.lua
[2023-06-08 16:19:16][[agent-11]][info] reload_mod begin: msg_handles.role <==> ./gamelogic/service/agent/msg_handles/role.lua
[2023-06-08 16:19:18][[reload_watcher-a]][info] excel to reload:

[2023-06-08 16:19:18][[reload_watcher-a]][info] file to reload:
./gamelogic/service/agent/msg_handles/role.lua
[2023-06-08 16:19:18][[agent-11]][info] reload_mod begin: msg_handles.role <==> ./gamelogic/service/agent/msg_handles/role.lua
[2023-06-08 16:19:20][[reload_watcher-a]][info] excel to reload:

[2023-06-08 16:19:20][[reload_watcher-a]][info] file to reload:
./gamelogic/service/agent/msg_handles/role.lua
[2023-06-08 16:19:20][[agent-11]][info] reload_mod begin: msg_handles.role <==> ./gamelogic/service/agent/msg_handles/role.lua
[2023-06-08 16:19:22][[reload_watcher-a]][info] excel to reload:

[2023-06-08 16:19:22][[reload_watcher-a]][info] file to reload:
./gamelogic/service/agent/msg_handles/role.lua
[2023-06-08 16:19:22][[agent-11]][info] reload_mod begin: msg_handles.role <==> ./gamelogic/service/agent/msg_handles/role.lua
[2023-06-08 16:19:25][[reload_watcher-a]][info] excel to reload:

[2023-06-08 16:19:25][[reload_watcher-a]][info] file to reload:
./gamelogic/service/agent/msg_handles/role.lua
[2023-06-08 16:19:25][[agent-11]][info] reload_mod begin: msg_handles.role <==> ./gamelogic/service/agent/msg_handles/role.lua
[2023-06-08 16:19:31][[reload_watcher-a]][info] excel to reload:

[2023-06-08 16:19:31][[reload_watcher-a]][info] file to reload:
./gamelogic/service/agent/msg_handles/role.lua
[2023-06-08 16:19:31][[agent-11]][info] reload_mod begin: msg_handles.role <==> ./gamelogic/service/agent/msg_handles/role.lua
[2023-06-08 16:19:33][[reload_watcher-a]][info] excel to reload:

[2023-06-08 16:19:33][[reload_watcher-a]][info] file to reload:
./gamelogic/service/agent/msg_handles/role.lua
[2023-06-08 16:19:33][[agent-11]][info] reload_mod begin: msg_handles.role <==> ./gamelogic/service/agent/msg_handles/role.lua
[2023-06-08 16:19:36][[reload_watcher-a]][info] excel to reload:

[2023-06-08 16:19:36][[reload_watcher-a]][info] file to reload:
./gamelogic/service/agent/msg_handles/role.lua
[2023-06-08 16:19:36][[agent-11]][info] reload_mod begin: msg_handles.role <==> ./gamelogic/service/agent/msg_handles/role.lua
[2023-06-08 16:19:38][[reload_watcher-a]][info] excel to reload:

[2023-06-08 16:19:38][[reload_watcher-a]][info] file to reload:
./gamelogic/service/agent/msg_handles/role.lua
[2023-06-08 16:19:38][[agent-11]][info] reload_mod begin: msg_handles.role <==> ./gamelogic/service/agent/msg_handles/role.lua
[2023-06-08 16:19:42][[reload_watcher-a]][info] excel to reload:

[2023-06-08 16:19:42][[reload_watcher-a]][info] file to reload:
./gamelogic/service/agent/msg_handles/role.lua
[2023-06-08 16:19:42][[agent-11]][info] reload_mod begin: msg_handles.role <==> ./gamelogic/service/agent/msg_handles/role.lua
[2023-06-08 16:19:44][[reload_watcher-a]][info] excel to reload:

[2023-06-08 16:19:44][[reload_watcher-a]][info] file to reload:
./gamelogic/service/agent/msg_handles/role.lua
[2023-06-08 16:19:44][[agent-11]][info] reload_mod begin: msg_handles.role <==> ./gamelogic/service/agent/msg_handles/role.lua
[2023-06-08 16:19:46][[reload_watcher-a]][info] excel to reload:

[2023-06-08 16:19:46][[reload_watcher-a]][info] file to reload:
./gamelogic/service/agent/msg_handles/role.lua
[2023-06-08 16:19:46][[agent-11]][info] reload_mod begin: msg_handles.role <==> ./gamelogic/service/agent/msg_handles/role.lua
[2023-06-08 16:19:57][[reload_watcher-a]][info] excel to reload:

[2023-06-08 16:19:57][[reload_watcher-a]][info] file to reload:
./gamelogic/service/agent/msg_handles/role.lua
[2023-06-08 16:19:57][[agent-11]][info] reload_mod begin: msg_handles.role <==> ./gamelogic/service/agent/msg_handles/role.lua
[2023-06-08 16:22:02][[reload_watcher-a]][info] excel to reload:

[2023-06-08 16:22:02][[reload_watcher-a]][info] file to reload:
./gamelogic/lualib/node_base.lua
[2023-06-08 16:22:02][[game_launcher-8]][info] reload_mod begin: node_base <==> ./gamelogic/lualib/node_base.lua
[2023-06-08 16:22:02][[child_marry-14]][info] reload_mod begin: msg_utils.sproto_msg_utils <==> ./lualib/msg_utils/sproto_msg_utils.lua
[2023-06-08 16:22:02][[agent_gate-12]][info] reload_mod begin: msg_utils.sproto_msg_utils <==> ./lualib/msg_utils/sproto_msg_utils.lua
[2023-06-08 16:22:02][[agent-11]][info] reload_mod begin: msg_utils.sproto_msg_utils <==> ./lualib/msg_utils/sproto_msg_utils.lua
[2023-06-08 16:22:02][[game_launcher-8]][info] reload_mod begin: msg_utils.sproto_msg_utils <==> ./lualib/msg_utils/sproto_msg_utils.lua
[2023-06-08 16:22:56][[reload_watcher-a]][info] excel to reload:

[2023-06-08 16:22:56][[reload_watcher-a]][info] file to reload:
./gamelogic/service/agent/msg_handles/role.lua
[2023-06-08 16:22:56][[agent-11]][info] reload_mod begin: msg_handles.role <==> ./gamelogic/service/agent/msg_handles/role.lua
[2023-06-08 16:23:01][[reload_watcher-a]][info] excel to reload:

[2023-06-08 16:23:01][[reload_watcher-a]][info] file to reload:
./gamelogic/service/agent/msg_handles/role.lua
[2023-06-08 16:23:01][[agent-11]][info] reload_mod begin: msg_handles.role <==> ./gamelogic/service/agent/msg_handles/role.lua
[2023-06-08 16:23:07][[reload_watcher-a]][info] excel to reload:

[2023-06-08 16:23:07][[reload_watcher-a]][info] file to reload:
./gamelogic/service/agent/msg_handles/role.lua
[2023-06-08 16:23:07][[agent-11]][info] reload_mod begin: msg_handles.role <==> ./gamelogic/service/agent/msg_handles/role.lua
[2023-06-08 16:24:02][[reload_watcher-a]][info] excel to reload:

[2023-06-08 16:24:02][[reload_watcher-a]][info] file to reload:
./gamelogic/service/agent/msg_handles/role.lua
[2023-06-08 16:24:02][[agent-11]][info] reload_mod begin: msg_handles.role <==> ./gamelogic/service/agent/msg_handles/role.lua
[2023-06-08 16:24:43][[reload_watcher-a]][info] excel to reload:

[2023-06-08 16:24:43][[reload_watcher-a]][info] file to reload:
./gamelogic/service/agent/msg_handles/role.lua
[2023-06-08 16:24:43][[agent-11]][info] reload_mod begin: msg_handles.role <==> ./gamelogic/service/agent/msg_handles/role.lua
[2023-06-08 16:28:26][[reload_watcher-a]][info] ["reload_watcher:",10]
[2023-06-08 16:28:26][[common_init-c]][info] uuid init<50|40>, tag<1E_14_>
[2023-06-08 16:28:26][[clusterd-d]][info] connect s2800_cluster_router 117.50.193.85:40301
[2023-06-08 16:28:26][[clusterd-d]][info] ["clusterd start:",13]
[2023-06-08 16:28:26][[clusterd-d]][info] socket accept from ::ffff:117.50.193.85:58066, 5
[2023-06-08 16:28:26][[clusterd-d]][info] clusterd show_self s2800_cluster_router
[2023-06-08 16:28:27][[common_init-c]][info] SqlQueryCount: 5
[2023-06-08 16:28:29][[gamelog-9]][info] ["gamelog start:",9]
[2023-06-08 16:28:29][[clusterd-d]][info] socket accept from ::ffff:117.50.193.85:58078, 8
[2023-06-08 16:28:29][[clusterd-d]][info] socket accept from ::ffff:117.50.193.85:58080, 9
[2023-06-08 16:28:29][[clusterd-d]][info] clusterd show_self s50_chat
[2023-06-08 16:28:29][[clusterd-d]][info] connect s50_chat 117.50.193.85:15018
[2023-06-08 16:28:29][[clusterd-d]][info] clusterd show_self s50_dynasty
[2023-06-08 16:28:29][[clusterd-d]][info] connect s50_dynasty 117.50.193.85:15020
[2023-06-08 16:28:29][[game_database-10]][info] gamedb service boot success!
[2023-06-08 16:28:29][[agent-11]][info] refresh schema:schema_game
[2023-06-08 16:28:29][[agent_gate-12]][info] ["agent_gate start:",18]
[2023-06-08 16:28:29][[agent-11]][info] ["agent_start:",17]
[2023-06-08 16:28:29][[child_marry-14]][info] ["child_marry start:",20]
[2023-06-08 16:28:30][[game_database-10]][info] SqlQueryCount: 140
[2023-06-08 16:33:46][[reload_watcher-a]][info] excel to reload:

[2023-06-08 16:33:46][[reload_watcher-a]][info] file to reload:
./gamelogic/service/world/lua_handles.lua
[2023-06-08 16:33:54][[reload_watcher-a]][info] excel to reload:

[2023-06-08 16:33:54][[reload_watcher-a]][info] file to reload:
./gamelogic/service/world/lua_handles.lua
[2023-06-08 16:34:00][[reload_watcher-a]][info] excel to reload:

[2023-06-08 16:34:00][[reload_watcher-a]][info] file to reload:
./gamelogic/service/world/lua_handles.lua
[2023-06-08 16:34:05][[reload_watcher-a]][info] excel to reload:

[2023-06-08 16:34:05][[reload_watcher-a]][info] file to reload:
./gamelogic/service/world/lua_handles.lua
[2023-06-08 16:34:11][[reload_watcher-a]][info] excel to reload:

[2023-06-08 16:34:11][[reload_watcher-a]][info] file to reload:
./gamelogic/service/world/lua_handles.lua
[2023-06-08 16:34:17][[reload_watcher-a]][info] excel to reload:

[2023-06-08 16:34:17][[reload_watcher-a]][info] file to reload:
./gamelogic/service/world/lua_handles.lua
[2023-06-08 16:34:18][[reload_watcher-a]][info] excel to reload:

[2023-06-08 16:34:18][[reload_watcher-a]][info] file to reload:
./gamelogic/service/world/lua_handles.lua
[2023-06-08 16:34:19][[reload_watcher-a]][info] excel to reload:

[2023-06-08 16:34:19][[reload_watcher-a]][info] file to reload:
./gamelogic/service/world/lua_handles.lua
[2023-06-08 16:34:22][[reload_watcher-a]][info] excel to reload:

[2023-06-08 16:34:22][[reload_watcher-a]][info] file to reload:
./gamelogic/service/world/lua_handles.lua
[2023-06-08 16:36:37][[reload_watcher-a]][info] excel to reload:

[2023-06-08 16:36:37][[reload_watcher-a]][info] file to reload:
./gamelogic/service/world/lua_handles.lua
[2023-06-08 16:38:30][[game_database-10]][info] SqlQueryCount: 32
[2023-06-08 16:38:53][[reload_watcher-a]][info] excel to reload:

[2023-06-08 16:38:53][[reload_watcher-a]][info] file to reload:
./gamelogic/service/world/lua_handles.lua
[2023-06-08 16:38:54][[reload_watcher-a]][info] excel to reload:

[2023-06-08 16:38:54][[reload_watcher-a]][info] file to reload:
./gamelogic/service/world/lua_handles.lua
[2023-06-08 16:39:05][[reload_watcher-a]][info] excel to reload:

[2023-06-08 16:39:05][[reload_watcher-a]][info] file to reload:
./gamelogic/service/world/lua_handles.lua
[2023-06-08 16:39:14][[reload_watcher-a]][info] excel to reload:

[2023-06-08 16:39:14][[reload_watcher-a]][info] file to reload:
./gamelogic/service/world/lua_handles.lua
[2023-06-08 16:39:23][[reload_watcher-a]][info] excel to reload:

[2023-06-08 16:39:23][[reload_watcher-a]][info] file to reload:
./gamelogic/service/world/lua_handles.lua
[2023-06-08 16:39:38][[reload_watcher-a]][info] excel to reload:

[2023-06-08 16:39:38][[reload_watcher-a]][info] file to reload:
./gamelogic/service/agent/msg_handles/role.lua
[2023-06-08 16:39:38][[agent-11]][info] reload_mod begin: msg_handles.role <==> ./gamelogic/service/agent/msg_handles/role.lua
[2023-06-08 16:39:43][[reload_watcher-a]][info] excel to reload:

[2023-06-08 16:39:43][[reload_watcher-a]][info] file to reload:
./gamelogic/service/agent/msg_handles/role.lua
[2023-06-08 16:39:43][[agent-11]][info] reload_mod begin: msg_handles.role <==> ./gamelogic/service/agent/msg_handles/role.lua
[2023-06-08 16:40:17][[reload_watcher-a]][info] excel to reload:

[2023-06-08 16:40:17][[reload_watcher-a]][info] file to reload:
./gamelogic/service/agent/msg_handles/role.lua
[2023-06-08 16:40:17][[agent-11]][info] reload_mod begin: msg_handles.role <==> ./gamelogic/service/agent/msg_handles/role.lua
[2023-06-08 16:41:32][[reload_watcher-a]][info] excel to reload:

[2023-06-08 16:41:32][[reload_watcher-a]][info] file to reload:
./gamelogic/service/agent/msg_handles/role.lua
[2023-06-08 16:41:32][[agent-11]][info] reload_mod begin: msg_handles.role <==> ./gamelogic/service/agent/msg_handles/role.lua
[2023-06-08 16:41:33][[reload_watcher-a]][info] excel to reload:

[2023-06-08 16:41:33][[reload_watcher-a]][info] file to reload:
./gamelogic/service/agent/msg_handles/role.lua
[2023-06-08 16:41:33][[agent-11]][info] reload_mod begin: msg_handles.role <==> ./gamelogic/service/agent/msg_handles/role.lua
[2023-06-08 16:41:50][[reload_watcher-a]][info] excel to reload:

[2023-06-08 16:41:50][[reload_watcher-a]][info] file to reload:
./gamelogic/service/agent/msg_handles/role.lua
[2023-06-08 16:41:50][[agent-11]][info] reload_mod begin: msg_handles.role <==> ./gamelogic/service/agent/msg_handles/role.lua
[2023-06-08 16:48:30][[game_database-10]][info] SqlQueryCount: 32
[2023-06-08 16:54:52][[reload_watcher-a]][info] excel to reload:

[2023-06-08 16:54:52][[reload_watcher-a]][info] file to reload:
./gamelogic/service/agent/msg_handles/role.lua
[2023-06-08 16:54:52][[agent-11]][info] reload_mod begin: msg_handles.role <==> ./gamelogic/service/agent/msg_handles/role.lua
[2023-06-08 16:54:53][[reload_watcher-a]][info] excel to reload:

[2023-06-08 16:54:53][[reload_watcher-a]][info] file to reload:
./gamelogic/service/agent/msg_handles/role.lua
[2023-06-08 16:54:53][[agent-11]][info] reload_mod begin: msg_handles.role <==> ./gamelogic/service/agent/msg_handles/role.lua
[2023-06-08 16:58:30][[game_database-10]][info] SqlQueryCount: 32
