[2023-06-05 19:01:21][[reload_watcher-a]][info] excel to reload:

[2023-06-05 19:01:21][[reload_watcher-a]][info] file to reload:
./gamelogic/service/world/gift_key.lua
[2023-06-05 19:01:25][[reload_watcher-a]][info] excel to reload:

[2023-06-05 19:01:25][[reload_watcher-a]][info] file to reload:
./gamelogic/service/world/gift_key.lua
[2023-06-05 19:01:28][[reload_watcher-a]][info] excel to reload:

[2023-06-05 19:01:28][[reload_watcher-a]][info] file to reload:
./gamelogic/service/world/gift_key.lua
[2023-06-05 19:01:29][[reload_watcher-a]][info] excel to reload:

[2023-06-05 19:01:29][[reload_watcher-a]][info] file to reload:
./gamelogic/service/world/gift_key.lua
[2023-06-05 19:01:54][[reload_watcher-a]][info] excel to reload:

[2023-06-05 19:01:54][[reload_watcher-a]][info] file to reload:
./gamelogic/service/world/gift_key.lua
[2023-06-05 19:01:55][[reload_watcher-a]][info] excel to reload:

[2023-06-05 19:01:55][[reload_watcher-a]][info] file to reload:
./gamelogic/service/world/gift_key.lua
[2023-06-05 19:01:59][[reload_watcher-a]][info] excel to reload:

[2023-06-05 19:01:59][[reload_watcher-a]][info] file to reload:
./gamelogic/service/world/gift_key.lua
[2023-06-05 19:02:00][[reload_watcher-a]][info] excel to reload:

[2023-06-05 19:02:00][[reload_watcher-a]][info] file to reload:
./gamelogic/service/world/gift_key.lua
[2023-06-05 19:02:01][[reload_watcher-a]][info] excel to reload:

[2023-06-05 19:02:01][[reload_watcher-a]][info] file to reload:
./gamelogic/service/world/gift_key.lua
[2023-06-05 19:02:02][[reload_watcher-a]][info] excel to reload:

[2023-06-05 19:02:02][[reload_watcher-a]][info] file to reload:
./gamelogic/service/world/gift_key.lua
[2023-06-05 19:02:56][[reload_watcher-a]][info] excel to reload:

[2023-06-05 19:02:56][[reload_watcher-a]][info] file to reload:
./gamelogic/service/world/gift_key.lua
[2023-06-05 19:03:10][[reload_watcher-a]][info] excel to reload:

[2023-06-05 19:03:10][[reload_watcher-a]][info] file to reload:
./gamelogic/service/world/gift_key.lua
[2023-06-05 19:03:11][[reload_watcher-a]][info] excel to reload:

[2023-06-05 19:03:11][[reload_watcher-a]][info] file to reload:
./gamelogic/service/world/gift_key.lua
[2023-06-05 19:03:16][[reload_watcher-a]][info] excel to reload:

[2023-06-05 19:03:16][[reload_watcher-a]][info] file to reload:
./gamelogic/service/world/gift_key.lua
[2023-06-05 19:03:17][[reload_watcher-a]][info] excel to reload:

[2023-06-05 19:03:17][[reload_watcher-a]][info] file to reload:
./gamelogic/service/world/gift_key.lua
[2023-06-05 19:03:45][[reload_watcher-a]][info] excel to reload:

[2023-06-05 19:03:45][[reload_watcher-a]][info] file to reload:
./gamelogic/service/world/gift_key.lua
[2023-06-05 19:03:47][[reload_watcher-a]][info] excel to reload:

[2023-06-05 19:03:47][[reload_watcher-a]][info] file to reload:
./gamelogic/service/world/gift_key.lua
[2023-06-05 19:03:50][[reload_watcher-a]][info] excel to reload:

[2023-06-05 19:03:50][[reload_watcher-a]][info] file to reload:
./gamelogic/service/world/gift_key.lua
[2023-06-05 19:03:52][[reload_watcher-a]][info] excel to reload:

[2023-06-05 19:03:52][[reload_watcher-a]][info] file to reload:
./gamelogic/service/world/gift_key.lua
[2023-06-05 19:04:20][[reload_watcher-a]][info] excel to reload:

[2023-06-05 19:04:20][[reload_watcher-a]][info] file to reload:
./gamelogic/service/world/gift_key.lua
[2023-06-05 19:04:22][[reload_watcher-a]][info] excel to reload:

[2023-06-05 19:04:22][[reload_watcher-a]][info] file to reload:
./gamelogic/service/world/gift_key.lua
[2023-06-05 19:04:23][[reload_watcher-a]][info] excel to reload:

[2023-06-05 19:04:23][[reload_watcher-a]][info] file to reload:
./gamelogic/service/world/gift_key.lua
[2023-06-05 19:04:30][[reload_watcher-a]][info] excel to reload:

[2023-06-05 19:04:30][[reload_watcher-a]][info] file to reload:
./gamelogic/service/world/gift_key.lua
[2023-06-05 19:04:31][[reload_watcher-a]][info] excel to reload:

[2023-06-05 19:04:31][[reload_watcher-a]][info] file to reload:
./gamelogic/service/world/gift_key.lua
[2023-06-05 19:04:33][[reload_watcher-a]][info] excel to reload:

[2023-06-05 19:04:33][[reload_watcher-a]][info] file to reload:
./gamelogic/service/world/gift_key.lua
[2023-06-05 19:04:38][[reload_watcher-a]][info] excel to reload:

[2023-06-05 19:04:38][[reload_watcher-a]][info] file to reload:
./gamelogic/service/world/gift_key.lua
[2023-06-05 19:04:39][[reload_watcher-a]][info] excel to reload:

[2023-06-05 19:04:39][[reload_watcher-a]][info] file to reload:
./gamelogic/service/world/gift_key.lua
[2023-06-05 19:04:40][[reload_watcher-a]][info] excel to reload:

[2023-06-05 19:04:40][[reload_watcher-a]][info] file to reload:
./gamelogic/service/world/gift_key.lua
[2023-06-05 19:04:41][[reload_watcher-a]][info] excel to reload:

[2023-06-05 19:04:41][[reload_watcher-a]][info] file to reload:
./gamelogic/service/world/gift_key.lua
[2023-06-05 19:04:45][[reload_watcher-a]][info] excel to reload:

[2023-06-05 19:04:45][[reload_watcher-a]][info] file to reload:
./gamelogic/service/world/gift_key.lua
[2023-06-05 19:04:46][[reload_watcher-a]][info] excel to reload:

[2023-06-05 19:04:46][[reload_watcher-a]][info] file to reload:
./gamelogic/service/world/gift_key.lua
[2023-06-05 19:04:48][[reload_watcher-a]][info] excel to reload:

[2023-06-05 19:04:48][[reload_watcher-a]][info] file to reload:
./gamelogic/service/world/gift_key.lua
[2023-06-05 19:04:49][[reload_watcher-a]][info] excel to reload:

[2023-06-05 19:04:49][[reload_watcher-a]][info] file to reload:
./gamelogic/service/world/gift_key.lua
[2023-06-05 19:16:31][[reload_watcher-a]][info] ["reload_watcher:",10]
[2023-06-05 19:16:31][[common_init-c]][info] uuid init<2810|14>, tag<262_E_>
[2023-06-05 19:16:31][[clusterd-d]][info] connect s2800_cluster_router 117.50.193.85:40301
[2023-06-05 19:16:31][[clusterd-d]][info] ["clusterd start:",13]
[2023-06-05 19:16:31][[clusterd-d]][info] socket accept from ::ffff:117.50.193.85:17052, 5
[2023-06-05 19:16:31][[clusterd-d]][info] clusterd show_self s2800_cluster_router
[2023-06-05 19:16:32][[common_init-c]][info] SqlQueryCount: 5
[2023-06-05 19:16:34][[gamelog-9]][info] ["gamelog start:",9]
[2023-06-05 19:16:35][[game_database-10]][info] gamedb service boot success!
[2023-06-05 19:16:35][[login-11]][info] refresh schema:schema_login
[2023-06-05 19:16:36][[game_database-10]][info] SqlQueryCount: 4
[2023-06-05 19:26:15][[reload_watcher-a]][info] excel to reload:

[2023-06-05 19:26:15][[reload_watcher-a]][info] file to reload:
./service/gm_router/gm_router.lua
[2023-06-05 19:35:38][[reload_watcher-a]][info] excel to reload:

[2023-06-05 19:35:38][[reload_watcher-a]][info] file to reload:
./gamelogic/service/world/gift_key.lua
[2023-06-05 19:36:04][[reload_watcher-a]][info] excel to reload:

[2023-06-05 19:36:04][[reload_watcher-a]][info] file to reload:
./gamelogic/service/world/gift_key.lua
[2023-06-05 19:43:11][[reload_watcher-a]][info] excel to reload:

[2023-06-05 19:43:11][[reload_watcher-a]][info] file to reload:
./gamelogic/service/world/lua_handles.lua
