[2023-06-05 10:24:18][[reload_watcher-a]][info] ["reload_watcher:",10]
[2023-06-05 10:24:18][[common_init-c]][info] uuid init<2810|11>, tag<262_B_>
[2023-06-05 10:24:18][[clusterd-d]][info] connect s2800_cluster_router 117.50.193.85:40301
[2023-06-05 10:24:18][[clusterd-d]][info] ["clusterd start:",13]
[2023-06-05 10:24:18][[clusterd-d]][info] socket accept from ::ffff:117.50.193.85:28152, 5
[2023-06-05 10:24:18][[clusterd-d]][info] clusterd show_self s2800_cluster_router
[2023-06-05 10:24:19][[common_init-c]][info] SqlQueryCount: 5
[2023-06-05 10:24:21][[gamelog-9]][info] ["gamelog start:",9]
[2023-06-05 10:24:21][[game_database-10]][info] gamedb service boot success!
[2023-06-05 10:24:21][[login-11]][info] refresh schema:schema_login
[2023-06-05 10:24:22][[game_database-10]][info] SqlQueryCount: 4
[2023-06-05 10:41:49][[reload_watcher-a]][info] excel to reload:

[2023-06-05 10:41:49][[reload_watcher-a]][info] file to reload:
./service/gm_router/gm_router.lua
[2023-06-05 10:41:53][[reload_watcher-a]][info] excel to reload:

[2023-06-05 10:41:53][[reload_watcher-a]][info] file to reload:
./service/gm_router/gm_router.lua
[2023-06-05 10:41:57][[reload_watcher-a]][info] excel to reload:

[2023-06-05 10:41:57][[reload_watcher-a]][info] file to reload:
./service/gm_router/gm_router.lua
[2023-06-05 10:43:49][[reload_watcher-a]][info] excel to reload:

[2023-06-05 10:43:49][[reload_watcher-a]][info] file to reload:
./service/gm_router/gm_router.lua
[2023-06-05 10:43:50][[reload_watcher-a]][info] excel to reload:

[2023-06-05 10:43:50][[reload_watcher-a]][info] file to reload:
./service/gm_router/gm_router.lua
