[2023-06-05 17:16:07][[reload_watcher-a]][info] excel to reload:

[2023-06-05 17:16:07][[reload_watcher-a]][info] file to reload:
./gamelogic/service/world/lua_handles.lua
[2023-06-05 17:16:18][[reload_watcher-a]][info] excel to reload:

[2023-06-05 17:16:18][[reload_watcher-a]][info] file to reload:
./gamelogic/service/world/gift_key.lua
[2023-06-05 17:17:48][[reload_watcher-a]][info] excel to reload:

[2023-06-05 17:17:48][[reload_watcher-a]][info] file to reload:
./gamelogic/service/world/lua_handles.lua
[2023-06-05 17:17:52][[reload_watcher-a]][info] excel to reload:

[2023-06-05 17:17:52][[reload_watcher-a]][info] file to reload:
./gamelogic/service/world/lua_handles.lua
[2023-06-05 17:17:58][[reload_watcher-a]][info] excel to reload:

[2023-06-05 17:17:58][[reload_watcher-a]][info] file to reload:
./gamelogic/service/world/lua_handles.lua
[2023-06-05 17:18:02][[reload_watcher-a]][info] excel to reload:

[2023-06-05 17:18:02][[reload_watcher-a]][info] file to reload:
./gamelogic/service/world/lua_handles.lua
[2023-06-05 17:18:06][[reload_watcher-a]][info] excel to reload:

[2023-06-05 17:18:06][[reload_watcher-a]][info] file to reload:
./gamelogic/service/world/lua_handles.lua
[2023-06-05 17:18:11][[reload_watcher-a]][info] excel to reload:

[2023-06-05 17:18:11][[reload_watcher-a]][info] file to reload:
./gamelogic/service/world/lua_handles.lua
[2023-06-05 17:38:14][[reload_watcher-a]][info] excel to reload:

[2023-06-05 17:38:14][[reload_watcher-a]][info] file to reload:
./gamelogic/service/world/gift_key.lua
[2023-06-05 17:38:15][[reload_watcher-a]][info] excel to reload:

[2023-06-05 17:38:15][[reload_watcher-a]][info] file to reload:
./gamelogic/service/world/gift_key.lua
[2023-06-05 17:38:54][[reload_watcher-a]][info] excel to reload:

[2023-06-05 17:38:54][[reload_watcher-a]][info] file to reload:
./gamelogic/service/world/gift_key.lua
[2023-06-05 17:38:58][[reload_watcher-a]][info] excel to reload:

[2023-06-05 17:38:58][[reload_watcher-a]][info] file to reload:
./gamelogic/service/world/gift_key.lua
[2023-06-05 17:39:02][[reload_watcher-a]][info] excel to reload:

[2023-06-05 17:39:02][[reload_watcher-a]][info] file to reload:
./gamelogic/service/world/gift_key.lua
[2023-06-05 17:39:07][[reload_watcher-a]][info] excel to reload:

[2023-06-05 17:39:07][[reload_watcher-a]][info] file to reload:
./gamelogic/service/world/gift_key.lua
[2023-06-05 17:39:24][[reload_watcher-a]][info] excel to reload:

[2023-06-05 17:39:24][[reload_watcher-a]][info] file to reload:
./gamelogic/service/world/gift_key.lua
[2023-06-05 17:39:26][[reload_watcher-a]][info] excel to reload:

[2023-06-05 17:39:26][[reload_watcher-a]][info] file to reload:
./gamelogic/service/world/gift_key.lua
[2023-06-05 17:39:30][[reload_watcher-a]][info] excel to reload:

[2023-06-05 17:39:30][[reload_watcher-a]][info] file to reload:
./gamelogic/service/world/gift_key.lua
[2023-06-05 17:39:34][[reload_watcher-a]][info] excel to reload:

[2023-06-05 17:39:34][[reload_watcher-a]][info] file to reload:
./gamelogic/service/world/gift_key.lua
[2023-06-05 17:39:42][[reload_watcher-a]][info] excel to reload:

[2023-06-05 17:39:42][[reload_watcher-a]][info] file to reload:
./gamelogic/service/world/gift_key.lua
[2023-06-05 17:43:19][[reload_watcher-a]][info] excel to reload:

[2023-06-05 17:43:19][[reload_watcher-a]][info] file to reload:
./gamelogic/service/world/gift_key.lua
[2023-06-05 17:43:24][[reload_watcher-a]][info] excel to reload:

[2023-06-05 17:43:24][[reload_watcher-a]][info] file to reload:
./gamelogic/service/world/gift_key.lua
[2023-06-05 17:43:27][[reload_watcher-a]][info] excel to reload:

[2023-06-05 17:43:27][[reload_watcher-a]][info] file to reload:
./gamelogic/service/world/gift_key.lua
[2023-06-05 17:44:49][[reload_watcher-a]][info] ["reload_watcher:",10]
[2023-06-05 17:44:49][[common_init-c]][info] uuid init<2810|12>, tag<262_C_>
[2023-06-05 17:44:49][[clusterd-d]][info] connect s2800_cluster_router 117.50.193.85:40301
[2023-06-05 17:44:49][[clusterd-d]][info] ["clusterd start:",13]
[2023-06-05 17:44:49][[clusterd-d]][info] socket accept from ::ffff:117.50.193.85:31854, 5
[2023-06-05 17:44:49][[clusterd-d]][info] clusterd show_self s2800_cluster_router
[2023-06-05 17:44:50][[common_init-c]][info] SqlQueryCount: 5
[2023-06-05 17:44:52][[gamelog-9]][info] ["gamelog start:",9]
[2023-06-05 17:44:52][[game_database-10]][info] gamedb service boot success!
[2023-06-05 17:44:52][[login-11]][info] refresh schema:schema_login
[2023-06-05 17:44:53][[game_database-10]][info] SqlQueryCount: 4
[2023-06-05 17:51:33][[reload_watcher-a]][info] ["reload_watcher:",10]
[2023-06-05 17:51:33][[common_init-c]][info] uuid init<2810|13>, tag<262_D_>
[2023-06-05 17:51:33][[clusterd-d]][info] connect s2800_cluster_router 117.50.193.85:40301
[2023-06-05 17:51:33][[clusterd-d]][info] ["clusterd start:",13]
[2023-06-05 17:51:33][[clusterd-d]][info] socket accept from ::ffff:117.50.193.85:31994, 5
[2023-06-05 17:51:33][[clusterd-d]][info] clusterd show_self s2800_cluster_router
[2023-06-05 17:51:34][[common_init-c]][info] SqlQueryCount: 5
[2023-06-05 17:51:36][[gamelog-9]][info] ["gamelog start:",9]
[2023-06-05 17:51:37][[game_database-10]][info] gamedb service boot success!
[2023-06-05 17:51:37][[login-11]][info] refresh schema:schema_login
[2023-06-05 17:51:38][[game_database-10]][info] SqlQueryCount: 4
[2023-06-05 17:53:04][[reload_watcher-a]][info] excel to reload:

[2023-06-05 17:53:04][[reload_watcher-a]][info] file to reload:
./gamelogic/lualib/schema_world.lua
[2023-06-05 17:55:06][[reload_watcher-a]][info] excel to reload:

[2023-06-05 17:55:06][[reload_watcher-a]][info] file to reload:
./gamelogic/lualib/schema_world.lua
[2023-06-05 17:55:07][[reload_watcher-a]][info] excel to reload:

[2023-06-05 17:55:07][[reload_watcher-a]][info] file to reload:
./gamelogic/lualib/schema_world.lua
