[2023-06-05 17:16:07][[reload_watcher-a]][info] excel to reload:

[2023-06-05 17:16:07][[reload_watcher-a]][info] file to reload:
./gamelogic/service/world/lua_handles.lua
[2023-06-05 17:16:18][[reload_watcher-a]][info] excel to reload:

[2023-06-05 17:16:18][[reload_watcher-a]][info] file to reload:
./gamelogic/service/world/gift_key.lua
[2023-06-05 17:17:48][[reload_watcher-a]][info] excel to reload:

[2023-06-05 17:17:48][[reload_watcher-a]][info] file to reload:
./gamelogic/service/world/lua_handles.lua
[2023-06-05 17:17:52][[reload_watcher-a]][info] excel to reload:

[2023-06-05 17:17:52][[reload_watcher-a]][info] file to reload:
./gamelogic/service/world/lua_handles.lua
[2023-06-05 17:17:58][[reload_watcher-a]][info] excel to reload:

[2023-06-05 17:17:58][[reload_watcher-a]][info] file to reload:
./gamelogic/service/world/lua_handles.lua
[2023-06-05 17:18:02][[reload_watcher-a]][info] excel to reload:

[2023-06-05 17:18:02][[reload_watcher-a]][info] file to reload:
./gamelogic/service/world/lua_handles.lua
[2023-06-05 17:18:06][[reload_watcher-a]][info] excel to reload:

[2023-06-05 17:18:06][[reload_watcher-a]][info] file to reload:
./gamelogic/service/world/lua_handles.lua
[2023-06-05 17:18:11][[reload_watcher-a]][info] excel to reload:

[2023-06-05 17:18:11][[reload_watcher-a]][info] file to reload:
./gamelogic/service/world/lua_handles.lua
[2023-06-05 17:38:14][[reload_watcher-a]][info] excel to reload:

[2023-06-05 17:38:14][[reload_watcher-a]][info] file to reload:
./gamelogic/service/world/gift_key.lua
[2023-06-05 17:38:15][[reload_watcher-a]][info] excel to reload:

[2023-06-05 17:38:15][[reload_watcher-a]][info] file to reload:
./gamelogic/service/world/gift_key.lua
[2023-06-05 17:38:54][[reload_watcher-a]][info] excel to reload:

[2023-06-05 17:38:54][[reload_watcher-a]][info] file to reload:
./gamelogic/service/world/gift_key.lua
[2023-06-05 17:38:58][[reload_watcher-a]][info] excel to reload:

[2023-06-05 17:38:58][[reload_watcher-a]][info] file to reload:
./gamelogic/service/world/gift_key.lua
[2023-06-05 17:39:02][[reload_watcher-a]][info] excel to reload:

[2023-06-05 17:39:02][[reload_watcher-a]][info] file to reload:
./gamelogic/service/world/gift_key.lua
[2023-06-05 17:39:07][[reload_watcher-a]][info] excel to reload:

[2023-06-05 17:39:07][[reload_watcher-a]][info] file to reload:
./gamelogic/service/world/gift_key.lua
[2023-06-05 17:39:24][[reload_watcher-a]][info] excel to reload:

[2023-06-05 17:39:24][[reload_watcher-a]][info] file to reload:
./gamelogic/service/world/gift_key.lua
[2023-06-05 17:39:26][[reload_watcher-a]][info] excel to reload:

[2023-06-05 17:39:26][[reload_watcher-a]][info] file to reload:
./gamelogic/service/world/gift_key.lua
[2023-06-05 17:39:30][[reload_watcher-a]][info] excel to reload:

[2023-06-05 17:39:30][[reload_watcher-a]][info] file to reload:
./gamelogic/service/world/gift_key.lua
[2023-06-05 17:39:34][[reload_watcher-a]][info] excel to reload:

[2023-06-05 17:39:34][[reload_watcher-a]][info] file to reload:
./gamelogic/service/world/gift_key.lua
[2023-06-05 17:39:42][[reload_watcher-a]][info] excel to reload:

[2023-06-05 17:39:42][[reload_watcher-a]][info] file to reload:
./gamelogic/service/world/gift_key.lua
[2023-06-05 17:43:19][[reload_watcher-a]][info] excel to reload:

[2023-06-05 17:43:19][[reload_watcher-a]][info] file to reload:
./gamelogic/service/world/gift_key.lua
[2023-06-05 17:43:24][[reload_watcher-a]][info] excel to reload:

[2023-06-05 17:43:24][[reload_watcher-a]][info] file to reload:
./gamelogic/service/world/gift_key.lua
[2023-06-05 17:43:27][[reload_watcher-a]][info] excel to reload:

[2023-06-05 17:43:27][[reload_watcher-a]][info] file to reload:
./gamelogic/service/world/gift_key.lua
[2023-06-05 17:45:00][[reload_watcher-a]][info] ["reload_watcher:",10]
[2023-06-05 17:45:00][[common_init-c]][info] uuid init<55|26>, tag<1J_Q_>
[2023-06-05 17:45:00][[clusterd-d]][info] connect s2800_cluster_router 117.50.193.85:40301
[2023-06-05 17:45:00][[clusterd-d]][info] ["clusterd start:",13]
[2023-06-05 17:45:00][[clusterd-d]][info] socket accept from ::ffff:117.50.193.85:46298, 5
[2023-06-05 17:45:00][[clusterd-d]][info] clusterd show_self s2800_cluster_router
[2023-06-05 17:45:01][[common_init-c]][info] SqlQueryCount: 5
[2023-06-05 17:45:03][[gamelog-9]][info] ["gamelog start:",9]
[2023-06-05 17:45:04][[clusterd-d]][info] connect s55_game 117.50.193.85:15516
[2023-06-05 17:45:04][[clusterd-d]][info] socket accept from ::ffff:117.50.193.85:46316, 7
[2023-06-05 17:45:04][[clusterd-d]][info] clusterd show_self s55_game
[2023-06-05 17:45:04][[chat-10]][info] ["chat start:",16]
[2023-06-05 17:51:45][[reload_watcher-a]][info] ["reload_watcher:",10]
[2023-06-05 17:51:45][[common_init-c]][info] uuid init<55|29>, tag<1J_T_>
[2023-06-05 17:51:45][[clusterd-d]][info] connect s2800_cluster_router 117.50.193.85:40301
[2023-06-05 17:51:45][[clusterd-d]][info] ["clusterd start:",13]
[2023-06-05 17:51:45][[clusterd-d]][info] socket accept from ::ffff:117.50.193.85:46444, 5
[2023-06-05 17:51:45][[clusterd-d]][info] clusterd show_self s2800_cluster_router
[2023-06-05 17:51:46][[common_init-c]][info] SqlQueryCount: 5
[2023-06-05 17:51:47][[clusterd-d]][info] connect s55_game 117.50.193.85:15516
[2023-06-05 17:51:47][[clusterd-d]][info] socket accept from ::ffff:117.50.193.85:46456, 7
[2023-06-05 17:51:47][[clusterd-d]][info] clusterd show_self s55_game
[2023-06-05 17:51:47][[chat-10]][info] ["chat start:",16]
[2023-06-05 17:51:48][[gamelog-9]][info] ["gamelog start:",9]
[2023-06-05 17:53:04][[reload_watcher-a]][info] excel to reload:

[2023-06-05 17:53:04][[reload_watcher-a]][info] file to reload:
./gamelogic/lualib/schema_world.lua
[2023-06-05 17:55:07][[reload_watcher-a]][info] excel to reload:

[2023-06-05 17:55:07][[reload_watcher-a]][info] file to reload:
./gamelogic/lualib/schema_world.lua
