CreateThread: 1759, skynet_worker
[2023-05-22 14:40:20][:00000002] LAUNCH snlua bootstrap
CreateThread: 1760, skynet_worker
CreateThread: 1761, skynet_worker
CreateThread: 1762, skynet_worker
CreateThread: 1763, skynet_worker
CreateThread: 1764, skynet_worker
CreateThread: 1765, skynet_worker
CreateThread: 1766, skynet_worker
CreateThread: 1756, thread_monitor
CreateThread: 1757, thread_timer
CreateThread: 1758, thread_socket
[2023-05-22 14:40:21][:00000003] LAUNCH snlua launcher
[2023-05-22 14:40:21][:00000004] LAUNCH snlua cdummy
[2023-05-22 14:40:21][:00000005] LAUNCH harbor 0 4
[2023-05-22 14:40:21][:00000006] LAUNCH snlua datacenterd
[2023-05-22 14:40:21][:00000007] LAUNCH snlua service_mgr
[2023-05-22 14:40:21][:00000008] LAUNCH snlua cluster_router_launcher
[2023-05-22 14:40:21][cluster_router_launcher-8]	load sproto:./bin/c2s.spb
[2023-05-22 14:40:21][cluster_router_launcher-8]	load sproto:./bin/s2c.spb
[2023-05-22 14:40:21][cluster_router_launcher-8]	[warn][node s2800_cluster_router]start begin
[2023-05-22 14:40:21][:00000009] LAUNCH snlua gamelog
[2023-05-22 14:40:21][gamelog-9]	true	exit	0
[2023-05-22 14:40:21][gamelog-9]	true	exit	0
[2023-05-22 14:40:21][gamelog-9]	true	exit	0
[2023-05-22 14:40:21][:0000000a] LAUNCH snlua reload_watcher
[2023-05-22 14:40:21][:0000000b] LAUNCH snlua debug_console 40302
[2023-05-22 14:40:21][:0000000b] Start debug console at 127.0.0.1:40302
[2023-05-22 14:40:21][:0000000c] LAUNCH snlua common_init
header:<25S_6_>, len:<6>
[2023-05-22 14:40:21][:0000000d] LAUNCH snlua clusterd
[2023-05-22 14:40:21][:0000000e] LAUNCH snlua sharedatad
[2023-05-22 14:40:21][:0000000f] LAUNCH gate M :0000000d :::40301 3 65535 2
[2023-05-22 14:40:21][:00000010] LAUNCH snlua cluster_router
CreateThread: 1781, socket_send_worker
CreateThread: 1782, socket_send_worker
[2023-05-22 14:40:21][cluster_router_launcher-8]	[warn][node s2800_cluster_router]all service booted
[2023-05-22 14:40:21][:00000002] KILL self
[2023-05-22 14:40:24][:0000000f] socket open: 4
[2023-05-22 14:40:24][:0000000f] socket open: 6
[2023-05-22 14:40:24][:0000000f] socket open: 8
[2023-05-22 14:40:24][:0000000f] socket open: a
[2023-05-22 14:40:42][:0000000f] socket open: c
[2023-05-22 14:40:42][:0000000f] socket open: e
[2023-05-22 14:40:42][:0000000f] socket open: 10
[2023-05-22 14:40:47][:0000000f] socket open: 12
[2023-05-22 14:40:47][:0000000f] socket open: 14
[2023-05-22 14:40:47][:0000000f] socket open: 16
