CreateThread: 1803, skynet_worker
[2023-05-22 14:40:23][:00000002] LAUNCH snlua bootstrap
CreateThread: 1798, skynet_worker
CreateThread: 1799, skynet_worker
CreateThread: 1794, thread_timer
CreateThread: 1795, thread_socket
CreateThread: 1796, skynet_worker
CreateThread: 1800, skynet_worker
CreateThread: 1801, skynet_worker
CreateThread: 1802, skynet_worker
CreateThread: 1797, skynet_worker
CreateThread: 1793, thread_monitor
[2023-05-22 14:40:23][:00000003] LAUNCH snlua launcher
[2023-05-22 14:40:23][:00000004] LAUNCH snlua cdummy
[2023-05-22 14:40:23][:00000005] LAUNCH harbor 0 4
[2023-05-22 14:40:23][:00000006] LAUNCH snlua datacenterd
[2023-05-22 14:40:23][:00000007] LAUNCH snlua service_mgr
[2023-05-22 14:40:23][:00000008] LAUNCH snlua world_launcher
[2023-05-22 14:40:23][world_launcher-8]	load sproto:./bin/c2s.spb
[2023-05-22 14:40:23][world_launcher-8]	load sproto:./bin/s2c.spb
[2023-05-22 14:40:23][world_launcher-8]	[warn][node s2801_world]start begin
[2023-05-22 14:40:23][:00000009] LAUNCH snlua gamelog
[2023-05-22 14:40:23][gamelog-9]	true	exit	0
[2023-05-22 14:40:24][gamelog-9]	true	exit	0
[2023-05-22 14:40:24][gamelog-9]	true	exit	0
[2023-05-22 14:40:24][:0000000a] LAUNCH snlua reload_watcher
[2023-05-22 14:40:24][:0000000b] LAUNCH snlua debug_console 40002
[2023-05-22 14:40:24][:0000000b] Start debug console at 127.0.0.1:40002
[2023-05-22 14:40:24][:0000000c] LAUNCH snlua common_init
header:<25T_6_>, len:<6>
[2023-05-22 14:40:24][:0000000d] LAUNCH snlua clusterd
[2023-05-22 14:40:24][:0000000e] LAUNCH snlua sharedatad
[2023-05-22 14:40:24][:0000000f] LAUNCH gate M :0000000d :::40001 3 65535 2
[2023-05-22 14:40:24][world_launcher-8]	load excel begin:	166.963844466
CreateThread: 1855, socket_send_worker
CreateThread: 1856, socket_send_worker
[2023-05-22 14:40:24][:0000000f] socket open: 5
[2023-05-22 14:40:24][:00000008] Memory warning 32.00 M
[2023-05-22 14:40:28][world_launcher-8]	=============no excel: MonsterBaseAttr.lua MonsterRateData.lua ExpData.lua LanguageData.lua SysUnlockData.lua
[2023-05-22 14:40:28][world_launcher-8]	load excel end:	170.842784886
[2023-05-22 14:40:28][:00000010] LAUNCH snlua game_database
[2023-05-22 14:40:28][:00000011] LAUNCH snlua world
[2023-05-22 14:40:28][world-11]	key..gift_key
[2023-05-22 14:40:28][world-11]	pay router listen port:40414
[2023-05-22 14:40:28][world-11]	pay router listen port:40414
[2023-05-22 14:40:28][world_launcher-8]	[warn][node s2801_world]all service booted
[2023-05-22 14:40:28][:00000002] KILL self
