CreateThread: 21721, skynet_worker
[2023-05-17 22:14:13][:00000002] LAUNCH snlua bootstrap
CreateThread: 21723, skynet_worker
CreateThread: 21722, skynet_worker
CreateThread: 21718, skynet_worker
CreateThread: 21713, thread_monitor
CreateThread: 21714, thread_timer
CreateThread: 21715, thread_socket
CreateThread: 21716, skynet_worker
CreateThread: 21717, skynet_worker
CreateThread: 21720, skynet_worker
CreateThread: 21719, skynet_worker
[2023-05-17 22:14:13][:00000003] LAUNCH snlua launcher
[2023-05-17 22:14:13][:00000004] LAUNCH snlua cdummy
[2023-05-17 22:14:13][:00000005] LAUNCH harbor 0 4
[2023-05-17 22:14:13][:00000006] LAUNCH snlua datacenterd
[2023-05-17 22:14:14][:00000007] LAUNCH snlua service_mgr
[2023-05-17 22:14:14][:00000008] LAUNCH snlua gm_router_launcher
[2023-05-17 22:14:14][gm_router_launcher-8]	load sproto:./bin/c2s.spb
[2023-05-17 22:14:14][gm_router_launcher-8]	load sproto:./bin/s2c.spb
[2023-05-17 22:14:14][gm_router_launcher-8]	[warn][node s2803_gm_router]start begin
[2023-05-17 22:14:14][:00000009] LAUNCH snlua gamelog
[2023-05-17 22:14:14][gamelog-9]	true	exit	0
[2023-05-17 22:14:14][gamelog-9]	true	exit	0
[2023-05-17 22:14:14][gamelog-9]	true	exit	0
[2023-05-17 22:14:14][:0000000a] LAUNCH snlua reload_watcher
[2023-05-17 22:14:14][:0000000b] LAUNCH snlua debug_console 40202
[2023-05-17 22:14:14][:0000000b] Start debug console at 127.0.0.1:40202
[2023-05-17 22:14:14][:0000000c] LAUNCH snlua common_init
header:<25V_15_>, len:<7>
[2023-05-17 22:14:14][:0000000d] LAUNCH snlua clusterd
[2023-05-17 22:14:14][:0000000e] LAUNCH snlua sharedatad
[2023-05-17 22:14:14][:0000000f] LAUNCH gate M :0000000d :::40201 3 65535 2
[2023-05-17 22:14:14][gm_router_launcher-8]	load excel begin:	4393761.7110934
CreateThread: 21767, socket_send_worker
CreateThread: 21768, socket_send_worker
[2023-05-17 22:14:14][:0000000f] socket open: 5
[2023-05-17 22:14:14][:00000008] Memory warning 32.00 M
[2023-05-17 22:14:18][gm_router_launcher-8]	=============no excel: MonsterBaseAttr.lua MonsterRateData.lua ExpData.lua LanguageData.lua SysUnlockData.lua
[2023-05-17 22:14:18][gm_router_launcher-8]	load excel end:	4393765.5451231
[2023-05-17 22:14:18][:00000010] LAUNCH snlua gm_router
[2023-05-17 22:14:18][gm_router-10]	gm router listen port:40203
[2023-05-17 22:14:18][gm_router_launcher-8]	[warn][node s2803_gm_router]all service booted
[2023-05-17 22:14:18][:00000002] KILL self
