[2023-06-06 10:48:06][[game_database-10]][info] SqlQueryCount: 4
[2023-06-06 10:51:10][[reload_watcher-a]][info] excel to reload:

[2023-06-06 10:51:10][[reload_watcher-a]][info] file to reload:
./gamelogic/service/world/gift_key.lua
[2023-06-06 10:51:10][[world-11]][info] reload_mod begin: gift_key <==> ./gamelogic/service/world/gift_key.lua
[2023-06-06 10:51:15][[reload_watcher-a]][info] excel to reload:

[2023-06-06 10:51:15][[reload_watcher-a]][info] file to reload:
./gamelogic/service/world/gift_key.lua
[2023-06-06 10:51:15][[world-11]][info] reload_mod begin: gift_key <==> ./gamelogic/service/world/gift_key.lua
[2023-06-06 10:51:20][[reload_watcher-a]][info] excel to reload:

[2023-06-06 10:51:20][[reload_watcher-a]][info] file to reload:
./gamelogic/service/world/gift_key.lua
[2023-06-06 10:51:20][[world-11]][info] reload_mod begin: gift_key <==> ./gamelogic/service/world/gift_key.lua
[2023-06-06 10:51:23][[reload_watcher-a]][info] excel to reload:

[2023-06-06 10:51:23][[reload_watcher-a]][info] file to reload:
./gamelogic/service/world/gift_key.lua
[2023-06-06 10:51:23][[world-11]][info] reload_mod begin: gift_key <==> ./gamelogic/service/world/gift_key.lua
[2023-06-06 10:51:26][[reload_watcher-a]][info] excel to reload:

[2023-06-06 10:51:26][[reload_watcher-a]][info] file to reload:
./gamelogic/service/world/gift_key.lua
[2023-06-06 10:51:26][[world-11]][info] reload_mod begin: gift_key <==> ./gamelogic/service/world/gift_key.lua
[2023-06-06 10:51:34][[reload_watcher-a]][info] excel to reload:

[2023-06-06 10:51:34][[reload_watcher-a]][info] file to reload:
./gamelogic/service/world/gift_key.lua
[2023-06-06 10:51:34][[world-11]][info] reload_mod begin: gift_key <==> ./gamelogic/service/world/gift_key.lua
[2023-06-06 10:52:23][[reload_watcher-a]][info] excel to reload:

[2023-06-06 10:52:23][[reload_watcher-a]][info] file to reload:
./gamelogic/service/world/gift_key.lua
[2023-06-06 10:52:23][[world-11]][info] reload_mod begin: gift_key <==> ./gamelogic/service/world/gift_key.lua
[2023-06-06 10:52:30][[reload_watcher-a]][info] excel to reload:

[2023-06-06 10:52:30][[reload_watcher-a]][info] file to reload:
./gamelogic/service/world/gift_key.lua
[2023-06-06 10:52:30][[world-11]][info] reload_mod begin: gift_key <==> ./gamelogic/service/world/gift_key.lua
[2023-06-06 10:52:37][[reload_watcher-a]][info] excel to reload:

[2023-06-06 10:52:37][[reload_watcher-a]][info] file to reload:
./gamelogic/service/world/gift_key.lua
[2023-06-06 10:52:37][[world-11]][info] reload_mod begin: gift_key <==> ./gamelogic/service/world/gift_key.lua
