[2023-06-05 19:01:21][[reload_watcher-a]][info] excel to reload:

[2023-06-05 19:01:21][[reload_watcher-a]][info] file to reload:
./gamelogic/service/world/gift_key.lua
[2023-06-05 19:01:25][[reload_watcher-a]][info] excel to reload:

[2023-06-05 19:01:25][[reload_watcher-a]][info] file to reload:
./gamelogic/service/world/gift_key.lua
[2023-06-05 19:01:26][[reload_watcher-a]][info] excel to reload:

[2023-06-05 19:01:26][[reload_watcher-a]][info] file to reload:
./gamelogic/service/world/gift_key.lua
[2023-06-05 19:01:28][[reload_watcher-a]][info] excel to reload:

[2023-06-05 19:01:28][[reload_watcher-a]][info] file to reload:
./gamelogic/service/world/gift_key.lua
[2023-06-05 19:01:29][[reload_watcher-a]][info] excel to reload:

[2023-06-05 19:01:29][[reload_watcher-a]][info] file to reload:
./gamelogic/service/world/gift_key.lua
[2023-06-05 19:01:55][[reload_watcher-a]][info] excel to reload:

[2023-06-05 19:01:55][[reload_watcher-a]][info] file to reload:
./gamelogic/service/world/gift_key.lua
[2023-06-05 19:01:59][[reload_watcher-a]][info] excel to reload:

[2023-06-05 19:01:59][[reload_watcher-a]][info] file to reload:
./gamelogic/service/world/gift_key.lua
[2023-06-05 19:02:00][[reload_watcher-a]][info] excel to reload:

[2023-06-05 19:02:00][[reload_watcher-a]][info] file to reload:
./gamelogic/service/world/gift_key.lua
[2023-06-05 19:02:01][[reload_watcher-a]][info] excel to reload:

[2023-06-05 19:02:01][[reload_watcher-a]][info] file to reload:
./gamelogic/service/world/gift_key.lua
[2023-06-05 19:02:02][[reload_watcher-a]][info] excel to reload:

[2023-06-05 19:02:02][[reload_watcher-a]][info] file to reload:
./gamelogic/service/world/gift_key.lua
[2023-06-05 19:02:57][[reload_watcher-a]][info] excel to reload:

[2023-06-05 19:02:57][[reload_watcher-a]][info] file to reload:
./gamelogic/service/world/gift_key.lua
[2023-06-05 19:03:10][[reload_watcher-a]][info] excel to reload:

[2023-06-05 19:03:10][[reload_watcher-a]][info] file to reload:
./gamelogic/service/world/gift_key.lua
[2023-06-05 19:03:11][[reload_watcher-a]][info] excel to reload:

[2023-06-05 19:03:11][[reload_watcher-a]][info] file to reload:
./gamelogic/service/world/gift_key.lua
[2023-06-05 19:03:16][[reload_watcher-a]][info] excel to reload:

[2023-06-05 19:03:16][[reload_watcher-a]][info] file to reload:
./gamelogic/service/world/gift_key.lua
[2023-06-05 19:03:17][[reload_watcher-a]][info] excel to reload:

[2023-06-05 19:03:17][[reload_watcher-a]][info] file to reload:
./gamelogic/service/world/gift_key.lua
[2023-06-05 19:03:45][[reload_watcher-a]][info] excel to reload:

[2023-06-05 19:03:45][[reload_watcher-a]][info] file to reload:

[2023-06-05 19:03:47][[reload_watcher-a]][info] excel to reload:

[2023-06-05 19:03:47][[reload_watcher-a]][info] file to reload:
./gamelogic/service/world/gift_key.lua
[2023-06-05 19:03:50][[reload_watcher-a]][info] excel to reload:

[2023-06-05 19:03:50][[reload_watcher-a]][info] file to reload:
./gamelogic/service/world/gift_key.lua
[2023-06-05 19:03:52][[reload_watcher-a]][info] excel to reload:

[2023-06-05 19:03:52][[reload_watcher-a]][info] file to reload:
./gamelogic/service/world/gift_key.lua
[2023-06-05 19:04:20][[reload_watcher-a]][info] excel to reload:

[2023-06-05 19:04:20][[reload_watcher-a]][info] file to reload:
./gamelogic/service/world/gift_key.lua
[2023-06-05 19:04:22][[reload_watcher-a]][info] excel to reload:

[2023-06-05 19:04:22][[reload_watcher-a]][info] file to reload:
./gamelogic/service/world/gift_key.lua
[2023-06-05 19:04:23][[reload_watcher-a]][info] excel to reload:

[2023-06-05 19:04:23][[reload_watcher-a]][info] file to reload:
./gamelogic/service/world/gift_key.lua
[2023-06-05 19:04:30][[reload_watcher-a]][info] excel to reload:

[2023-06-05 19:04:30][[reload_watcher-a]][info] file to reload:
./gamelogic/service/world/gift_key.lua
[2023-06-05 19:04:31][[reload_watcher-a]][info] excel to reload:

[2023-06-05 19:04:31][[reload_watcher-a]][info] file to reload:
./gamelogic/service/world/gift_key.lua
[2023-06-05 19:04:33][[reload_watcher-a]][info] excel to reload:

[2023-06-05 19:04:33][[reload_watcher-a]][info] file to reload:
./gamelogic/service/world/gift_key.lua
[2023-06-05 19:04:38][[reload_watcher-a]][info] excel to reload:

[2023-06-05 19:04:38][[reload_watcher-a]][info] file to reload:
./gamelogic/service/world/gift_key.lua
[2023-06-05 19:04:39][[reload_watcher-a]][info] excel to reload:

[2023-06-05 19:04:39][[reload_watcher-a]][info] file to reload:
./gamelogic/service/world/gift_key.lua
[2023-06-05 19:04:40][[reload_watcher-a]][info] excel to reload:

[2023-06-05 19:04:40][[reload_watcher-a]][info] file to reload:
./gamelogic/service/world/gift_key.lua
[2023-06-05 19:04:41][[reload_watcher-a]][info] excel to reload:

[2023-06-05 19:04:41][[reload_watcher-a]][info] file to reload:
./gamelogic/service/world/gift_key.lua
[2023-06-05 19:04:46][[reload_watcher-a]][info] excel to reload:

[2023-06-05 19:04:46][[reload_watcher-a]][info] file to reload:
./gamelogic/service/world/gift_key.lua
[2023-06-05 19:04:48][[reload_watcher-a]][info] excel to reload:

[2023-06-05 19:04:48][[reload_watcher-a]][info] file to reload:
./gamelogic/service/world/gift_key.lua
[2023-06-05 19:04:49][[reload_watcher-a]][info] excel to reload:

[2023-06-05 19:04:49][[reload_watcher-a]][info] file to reload:
./gamelogic/service/world/gift_key.lua
[2023-06-05 19:16:28][[reload_watcher-a]][info] ["reload_watcher:",10]
[2023-06-05 19:16:28][[common_init-c]][info] uuid init<2800|14>, tag<25S_E_>
[2023-06-05 19:16:28][[clusterd-d]][info] ["clusterd start:",13]
[2023-06-05 19:16:28][[cluster_router-10]][info] ["cluster_router start:",16]
[2023-06-05 19:16:29][[common_init-c]][info] SqlQueryCount: 5
[2023-06-05 19:16:30][[clusterd-d]][info] socket accept from ::ffff:117.50.193.85:53546, 4
[2023-06-05 19:16:30][[clusterd-d]][info] clusterd show_self s2801_world
[2023-06-05 19:16:30][[cluster_router-10]][info] ["NodeUp","s2801_world","117.50.193.85:40001"]
[2023-06-05 19:16:30][[clusterd-d]][info] connect s2801_world 117.50.193.85:40001
[2023-06-05 19:16:31][[gamelog-9]][info] ["gamelog start:",9]
[2023-06-05 19:16:31][[clusterd-d]][info] socket accept from ::ffff:117.50.193.85:53552, 6
[2023-06-05 19:16:31][[clusterd-d]][info] socket accept from ::ffff:117.50.193.85:53554, 7
[2023-06-05 19:16:31][[clusterd-d]][info] socket accept from ::ffff:117.50.193.85:53556, 8
[2023-06-05 19:16:31][[clusterd-d]][info] clusterd show_self s2810_login
[2023-06-05 19:16:31][[cluster_router-10]][info] ["NodeUp","s2810_login","117.50.193.85:38101"]
[2023-06-05 19:16:31][[clusterd-d]][info] connect s2810_login 117.50.193.85:38101
[2023-06-05 19:16:31][[clusterd-d]][info] clusterd show_self s2803_gm_router
[2023-06-05 19:16:31][[cluster_router-10]][info] ["NodeUp","s2803_gm_router","117.50.193.85:40201"]
[2023-06-05 19:16:31][[clusterd-d]][info] clusterd show_self s70_cross
[2023-06-05 19:16:31][[cluster_router-10]][info] ["NodeUp","s70_cross","117.50.193.85:17015"]
[2023-06-05 19:16:31][[clusterd-d]][info] connect s2803_gm_router 117.50.193.85:40201
[2023-06-05 19:16:31][[clusterd-d]][info] connect s70_cross 117.50.193.85:17015
[2023-06-05 19:16:41][[clusterd-d]][info] socket accept from ::ffff:117.50.193.85:53574, 12
[2023-06-05 19:16:41][[clusterd-d]][info] clusterd show_self s50_game
[2023-06-05 19:16:41][[cluster_router-10]][info] ["NodeUp","s50_game","117.50.193.85:15016"]
[2023-06-05 19:16:41][[clusterd-d]][info] connect s50_game 117.50.193.85:15016
[2023-06-05 19:16:41][[clusterd-d]][info] socket accept from ::ffff:117.50.193.85:53580, 14
[2023-06-05 19:16:41][[clusterd-d]][info] clusterd show_self s50_chat
[2023-06-05 19:16:41][[cluster_router-10]][info] ["NodeUp","s50_chat","117.50.193.85:15018"]
[2023-06-05 19:16:41][[clusterd-d]][info] connect s50_chat 117.50.193.85:15018
[2023-06-05 19:16:41][[clusterd-d]][info] socket accept from ::ffff:117.50.193.85:53584, 16
[2023-06-05 19:16:41][[clusterd-d]][info] clusterd show_self s50_dynasty
[2023-06-05 19:16:41][[cluster_router-10]][info] ["NodeUp","s50_dynasty","117.50.193.85:15020"]
[2023-06-05 19:16:41][[clusterd-d]][info] connect s50_dynasty 117.50.193.85:15020
[2023-06-05 19:16:46][[clusterd-d]][info] socket accept from ::ffff:117.50.193.85:53610, 18
[2023-06-05 19:16:46][[clusterd-d]][info] clusterd show_self s55_dynasty
[2023-06-05 19:16:46][[cluster_router-10]][info] ["NodeUp","s55_dynasty","117.50.193.85:15520"]
[2023-06-05 19:16:46][[clusterd-d]][info] connect s55_dynasty 117.50.193.85:15520
[2023-06-05 19:16:46][[clusterd-d]][info] socket accept from ::ffff:117.50.193.85:53612, 20
[2023-06-05 19:16:46][[clusterd-d]][info] socket accept from ::ffff:117.50.193.85:53616, 21
[2023-06-05 19:16:46][[clusterd-d]][info] clusterd show_self s55_game
[2023-06-05 19:16:46][[cluster_router-10]][info] ["NodeUp","s55_game","117.50.193.85:15516"]
[2023-06-05 19:16:46][[clusterd-d]][info] connect s55_game 117.50.193.85:15516
[2023-06-05 19:16:46][[clusterd-d]][info] clusterd show_self s55_chat
[2023-06-05 19:16:46][[cluster_router-10]][info] ["NodeUp","s55_chat","117.50.193.85:15518"]
[2023-06-05 19:16:46][[clusterd-d]][info] connect s55_chat 117.50.193.85:15518
[2023-06-05 19:26:15][[reload_watcher-a]][info] excel to reload:

[2023-06-05 19:26:15][[reload_watcher-a]][info] file to reload:
./service/gm_router/gm_router.lua
[2023-06-05 19:35:38][[reload_watcher-a]][info] excel to reload:

[2023-06-05 19:35:38][[reload_watcher-a]][info] file to reload:
./gamelogic/service/world/gift_key.lua
[2023-06-05 19:36:03][[reload_watcher-a]][info] excel to reload:

[2023-06-05 19:36:03][[reload_watcher-a]][info] file to reload:
./gamelogic/service/world/gift_key.lua
[2023-06-05 19:36:04][[reload_watcher-a]][info] excel to reload:

[2023-06-05 19:36:04][[reload_watcher-a]][info] file to reload:
./gamelogic/service/world/gift_key.lua
[2023-06-05 19:43:11][[reload_watcher-a]][info] excel to reload:

[2023-06-05 19:43:11][[reload_watcher-a]][info] file to reload:
./gamelogic/service/world/lua_handles.lua
