[2023-06-06 11:04:13][[reload_watcher-a]][info] excel to reload:

[2023-06-06 11:04:13][[reload_watcher-a]][info] file to reload:
./gamelogic/service/world/lua_handles.lua
[2023-06-06 11:04:20][[reload_watcher-a]][info] excel to reload:

[2023-06-06 11:04:20][[reload_watcher-a]][info] file to reload:
./gamelogic/service/world/lua_handles.lua
[2023-06-06 11:04:22][[reload_watcher-a]][info] excel to reload:

[2023-06-06 11:04:22][[reload_watcher-a]][info] file to reload:
./gamelogic/service/world/lua_handles.lua
[2023-06-06 11:04:26][[reload_watcher-a]][info] excel to reload:

[2023-06-06 11:04:26][[reload_watcher-a]][info] file to reload:
./gamelogic/service/world/lua_handles.lua
[2023-06-06 11:04:27][[reload_watcher-a]][info] excel to reload:

[2023-06-06 11:04:27][[reload_watcher-a]][info] file to reload:
./gamelogic/service/world/lua_handles.lua
[2023-06-06 11:04:36][[reload_watcher-a]][info] excel to reload:

[2023-06-06 11:04:36][[reload_watcher-a]][info] file to reload:
./service/gm_router/gm_router.lua
[2023-06-06 11:04:41][[reload_watcher-a]][info] excel to reload:

[2023-06-06 11:04:41][[reload_watcher-a]][info] file to reload:
./service/gm_router/gm_router.lua
[2023-06-06 11:04:46][[reload_watcher-a]][info] excel to reload:

[2023-06-06 11:04:46][[reload_watcher-a]][info] file to reload:
./service/gm_router/gm_router.lua
[2023-06-06 11:05:13][[reload_watcher-a]][info] excel to reload:

[2023-06-06 11:05:13][[reload_watcher-a]][info] file to reload:
./service/gm_router/gm_router.lua
[2023-06-06 11:06:35][[game_database-10]][info] SqlQueryCount: 15
[2023-06-06 11:06:41][[reload_watcher-a]][info] excel to reload:

[2023-06-06 11:06:41][[reload_watcher-a]][info] file to reload:
./service/gm_router/gm_router.lua
[2023-06-06 11:06:45][[reload_watcher-a]][info] excel to reload:

[2023-06-06 11:06:45][[reload_watcher-a]][info] file to reload:
./service/gm_router/gm_router.lua
[2023-06-06 11:06:52][[reload_watcher-a]][info] excel to reload:

[2023-06-06 11:06:52][[reload_watcher-a]][info] file to reload:
./service/gm_router/gm_router.lua
[2023-06-06 11:06:58][[reload_watcher-a]][info] excel to reload:

[2023-06-06 11:06:58][[reload_watcher-a]][info] file to reload:
./service/gm_router/gm_router.lua
[2023-06-06 11:07:04][[reload_watcher-a]][info] excel to reload:

[2023-06-06 11:07:04][[reload_watcher-a]][info] file to reload:
./service/gm_router/gm_router.lua
[2023-06-06 11:16:36][[game_database-10]][info] SqlQueryCount: 15
[2023-06-06 11:24:50][[reload_watcher-a]][info] excel to reload:

[2023-06-06 11:24:50][[reload_watcher-a]][info] file to reload:
./gamelogic/service/world/gift_key.lua
[2023-06-06 11:25:02][[reload_watcher-a]][info] excel to reload:

[2023-06-06 11:25:02][[reload_watcher-a]][info] file to reload:
./gamelogic/service/world/gift_key.lua
[2023-06-06 11:25:39][[reload_watcher-a]][info] excel to reload:

[2023-06-06 11:25:39][[reload_watcher-a]][info] file to reload:
./gamelogic/service/world/gift_key.lua
[2023-06-06 11:25:40][[reload_watcher-a]][info] excel to reload:

[2023-06-06 11:25:40][[reload_watcher-a]][info] file to reload:
./gamelogic/service/world/gift_key.lua
[2023-06-06 11:25:42][[reload_watcher-a]][info] excel to reload:

[2023-06-06 11:25:42][[reload_watcher-a]][info] file to reload:
./gamelogic/service/world/gift_key.lua
[2023-06-06 11:26:36][[game_database-10]][info] SqlQueryCount: 15
[2023-06-06 11:27:28][[reload_watcher-a]][info] excel to reload:

[2023-06-06 11:27:28][[reload_watcher-a]][info] file to reload:
./gamelogic/service/world/gift_key.lua
[2023-06-06 11:27:29][[reload_watcher-a]][info] excel to reload:

[2023-06-06 11:27:29][[reload_watcher-a]][info] file to reload:
./gamelogic/service/world/gift_key.lua
[2023-06-06 11:27:34][[reload_watcher-a]][info] excel to reload:

[2023-06-06 11:27:34][[reload_watcher-a]][info] file to reload:
./gamelogic/service/world/gift_key.lua
[2023-06-06 11:27:35][[reload_watcher-a]][info] excel to reload:

[2023-06-06 11:27:35][[reload_watcher-a]][info] file to reload:
./gamelogic/service/world/gift_key.lua
[2023-06-06 11:27:37][[reload_watcher-a]][info] excel to reload:

[2023-06-06 11:27:37][[reload_watcher-a]][info] file to reload:
./gamelogic/service/world/gift_key.lua
[2023-06-06 11:27:38][[reload_watcher-a]][info] excel to reload:

[2023-06-06 11:27:38][[reload_watcher-a]][info] file to reload:
./gamelogic/service/world/gift_key.lua
[2023-06-06 11:27:43][[reload_watcher-a]][info] excel to reload:

[2023-06-06 11:27:43][[reload_watcher-a]][info] file to reload:
./gamelogic/service/world/gift_key.lua
[2023-06-06 11:27:50][[reload_watcher-a]][info] excel to reload:

[2023-06-06 11:27:50][[reload_watcher-a]][info] file to reload:
./gamelogic/service/world/gift_key.lua
[2023-06-06 11:27:51][[reload_watcher-a]][info] excel to reload:

[2023-06-06 11:27:51][[reload_watcher-a]][info] file to reload:
./gamelogic/service/world/gift_key.lua
[2023-06-06 11:27:58][[reload_watcher-a]][info] excel to reload:

[2023-06-06 11:27:58][[reload_watcher-a]][info] file to reload:
./gamelogic/service/world/gift_key.lua
[2023-06-06 11:28:53][[reload_watcher-a]][info] excel to reload:

[2023-06-06 11:28:53][[reload_watcher-a]][info] file to reload:
./gamelogic/service/world/gift_key.lua
[2023-06-06 11:31:18][[reload_watcher-a]][info] excel to reload:

[2023-06-06 11:31:18][[reload_watcher-a]][info] file to reload:
./gamelogic/service/world/gift_key.lua
[2023-06-06 11:31:47][[reload_watcher-a]][info] excel to reload:

[2023-06-06 11:31:47][[reload_watcher-a]][info] file to reload:
./gamelogic/service/world/gift_key.lua
[2023-06-06 11:31:48][[reload_watcher-a]][info] excel to reload:

[2023-06-06 11:31:48][[reload_watcher-a]][info] file to reload:
./gamelogic/service/world/gift_key.lua
[2023-06-06 11:31:50][[reload_watcher-a]][info] excel to reload:

[2023-06-06 11:31:50][[reload_watcher-a]][info] file to reload:
./gamelogic/service/world/gift_key.lua
[2023-06-06 11:31:51][[reload_watcher-a]][info] excel to reload:

[2023-06-06 11:31:51][[reload_watcher-a]][info] file to reload:
./gamelogic/service/world/gift_key.lua
[2023-06-06 11:31:52][[reload_watcher-a]][info] excel to reload:

[2023-06-06 11:31:52][[reload_watcher-a]][info] file to reload:
./gamelogic/service/world/gift_key.lua
[2023-06-06 11:32:11][[reload_watcher-a]][info] excel to reload:

[2023-06-06 11:32:11][[reload_watcher-a]][info] file to reload:
./gamelogic/service/world/gift_key.lua
[2023-06-06 11:32:12][[reload_watcher-a]][info] excel to reload:

[2023-06-06 11:32:12][[reload_watcher-a]][info] file to reload:
./gamelogic/service/world/gift_key.lua
[2023-06-06 11:32:18][[reload_watcher-a]][info] excel to reload:

[2023-06-06 11:32:18][[reload_watcher-a]][info] file to reload:
./gamelogic/service/world/gift_key.lua
[2023-06-06 11:32:21][[reload_watcher-a]][info] excel to reload:

[2023-06-06 11:32:21][[reload_watcher-a]][info] file to reload:

[2023-06-06 11:32:25][[reload_watcher-a]][info] excel to reload:

[2023-06-06 11:32:25][[reload_watcher-a]][info] file to reload:
./gamelogic/service/world/gift_key.lua
[2023-06-06 11:32:30][[reload_watcher-a]][info] excel to reload:

[2023-06-06 11:32:30][[reload_watcher-a]][info] file to reload:
./gamelogic/service/world/gift_key.lua
[2023-06-06 11:32:41][[reload_watcher-a]][info] excel to reload:

[2023-06-06 11:32:41][[reload_watcher-a]][info] file to reload:
./gamelogic/service/world/gift_key.lua
[2023-06-06 11:32:51][[reload_watcher-a]][info] excel to reload:

[2023-06-06 11:32:51][[reload_watcher-a]][info] file to reload:
./gamelogic/service/world/gift_key.lua
[2023-06-06 11:32:52][[reload_watcher-a]][info] excel to reload:

[2023-06-06 11:32:52][[reload_watcher-a]][info] file to reload:
./gamelogic/service/world/gift_key.lua
[2023-06-06 11:33:29][[reload_watcher-a]][info] excel to reload:

[2023-06-06 11:33:29][[reload_watcher-a]][info] file to reload:
./gamelogic/service/world/gift_key.lua
[2023-06-06 11:33:30][[reload_watcher-a]][info] excel to reload:

[2023-06-06 11:33:30][[reload_watcher-a]][info] file to reload:
./gamelogic/service/world/gift_key.lua
[2023-06-06 11:33:34][[reload_watcher-a]][info] excel to reload:

[2023-06-06 11:33:34][[reload_watcher-a]][info] file to reload:
./gamelogic/service/world/gift_key.lua
[2023-06-06 11:34:28][[reload_watcher-a]][info] excel to reload:

[2023-06-06 11:34:28][[reload_watcher-a]][info] file to reload:
./gamelogic/service/world/gift_key.lua
[2023-06-06 11:34:30][[reload_watcher-a]][info] excel to reload:

[2023-06-06 11:34:30][[reload_watcher-a]][info] file to reload:
./gamelogic/service/world/gift_key.lua
[2023-06-06 11:34:33][[reload_watcher-a]][info] excel to reload:

[2023-06-06 11:34:33][[reload_watcher-a]][info] file to reload:
./gamelogic/service/world/gift_key.lua
[2023-06-06 11:34:34][[reload_watcher-a]][info] excel to reload:

[2023-06-06 11:34:34][[reload_watcher-a]][info] file to reload:
./gamelogic/service/world/gift_key.lua
[2023-06-06 11:34:36][[reload_watcher-a]][info] excel to reload:

[2023-06-06 11:34:36][[reload_watcher-a]][info] file to reload:
./gamelogic/service/world/gift_key.lua
[2023-06-06 11:34:37][[reload_watcher-a]][info] excel to reload:

[2023-06-06 11:34:37][[reload_watcher-a]][info] file to reload:
./gamelogic/service/world/gift_key.lua
[2023-06-06 11:36:03][[reload_watcher-a]][info] excel to reload:

[2023-06-06 11:36:03][[reload_watcher-a]][info] file to reload:
./gamelogic/service/world/gift_key.lua
[2023-06-06 11:36:10][[reload_watcher-a]][info] excel to reload:

[2023-06-06 11:36:10][[reload_watcher-a]][info] file to reload:
./gamelogic/service/world/gift_key.lua
[2023-06-06 11:36:12][[reload_watcher-a]][info] excel to reload:

[2023-06-06 11:36:12][[reload_watcher-a]][info] file to reload:
./gamelogic/service/world/gift_key.lua
[2023-06-06 11:36:25][[reload_watcher-a]][info] excel to reload:

[2023-06-06 11:36:25][[reload_watcher-a]][info] file to reload:
./gamelogic/service/world/gift_key.lua
[2023-06-06 11:36:29][[reload_watcher-a]][info] excel to reload:

[2023-06-06 11:36:29][[reload_watcher-a]][info] file to reload:
./gamelogic/service/world/gift_key.lua
[2023-06-06 11:36:36][[game_database-10]][info] SqlQueryCount: 15
[2023-06-06 11:36:56][[reload_watcher-a]][info] excel to reload:

[2023-06-06 11:36:56][[reload_watcher-a]][info] file to reload:
./gamelogic/service/world/gift_key.lua
[2023-06-06 11:36:58][[reload_watcher-a]][info] excel to reload:

[2023-06-06 11:36:58][[reload_watcher-a]][info] file to reload:
./gamelogic/service/world/gift_key.lua
[2023-06-06 11:36:59][[reload_watcher-a]][info] excel to reload:

[2023-06-06 11:36:59][[reload_watcher-a]][info] file to reload:
./gamelogic/service/world/gift_key.lua
[2023-06-06 11:37:35][[reload_watcher-a]][info] excel to reload:

[2023-06-06 11:37:35][[reload_watcher-a]][info] file to reload:
./gamelogic/service/world/gift_key.lua
[2023-06-06 11:37:44][[reload_watcher-a]][info] excel to reload:

[2023-06-06 11:37:44][[reload_watcher-a]][info] file to reload:
./gamelogic/service/world/gift_key.lua
[2023-06-06 11:37:50][[reload_watcher-a]][info] excel to reload:

[2023-06-06 11:37:50][[reload_watcher-a]][info] file to reload:
./gamelogic/service/world/gift_key.lua
[2023-06-06 11:37:52][[reload_watcher-a]][info] excel to reload:

[2023-06-06 11:37:52][[reload_watcher-a]][info] file to reload:
./gamelogic/service/world/gift_key.lua
[2023-06-06 11:37:58][[reload_watcher-a]][info] excel to reload:

[2023-06-06 11:37:58][[reload_watcher-a]][info] file to reload:
./gamelogic/service/world/gift_key.lua
[2023-06-06 11:38:27][[reload_watcher-a]][info] excel to reload:

[2023-06-06 11:38:27][[reload_watcher-a]][info] file to reload:
./gamelogic/service/world/gift_key.lua
[2023-06-06 11:38:28][[reload_watcher-a]][info] excel to reload:

[2023-06-06 11:38:28][[reload_watcher-a]][info] file to reload:
./gamelogic/service/world/gift_key.lua
[2023-06-06 11:39:00][[reload_watcher-a]][info] excel to reload:

[2023-06-06 11:39:00][[reload_watcher-a]][info] file to reload:
./gamelogic/service/world/lua_handles.lua
[2023-06-06 11:39:03][[reload_watcher-a]][info] excel to reload:

[2023-06-06 11:39:03][[reload_watcher-a]][info] file to reload:
./gamelogic/service/world/lua_handles.lua
[2023-06-06 11:39:07][[reload_watcher-a]][info] excel to reload:

[2023-06-06 11:39:07][[reload_watcher-a]][info] file to reload:
./gamelogic/service/world/lua_handles.lua
[2023-06-06 11:39:16][[reload_watcher-a]][info] excel to reload:

[2023-06-06 11:39:16][[reload_watcher-a]][info] file to reload:
./gamelogic/service/world/gift_key.lua
[2023-06-06 11:39:19][[reload_watcher-a]][info] excel to reload:

[2023-06-06 11:39:19][[reload_watcher-a]][info] file to reload:
./gamelogic/service/world/gift_key.lua
[2023-06-06 11:39:54][[reload_watcher-a]][info] excel to reload:

[2023-06-06 11:39:54][[reload_watcher-a]][info] file to reload:
./gamelogic/service/world/gift_key.lua
[2023-06-06 11:39:55][[reload_watcher-a]][info] excel to reload:

[2023-06-06 11:39:55][[reload_watcher-a]][info] file to reload:
./gamelogic/service/world/gift_key.lua
[2023-06-06 11:40:02][[reload_watcher-a]][info] excel to reload:

[2023-06-06 11:40:02][[reload_watcher-a]][info] file to reload:
./gamelogic/service/world/gift_key.lua
[2023-06-06 11:40:03][[reload_watcher-a]][info] excel to reload:

[2023-06-06 11:40:03][[reload_watcher-a]][info] file to reload:
./gamelogic/service/world/gift_key.lua
[2023-06-06 11:40:09][[reload_watcher-a]][info] excel to reload:

[2023-06-06 11:40:09][[reload_watcher-a]][info] file to reload:
./gamelogic/service/world/gift_key.lua
[2023-06-06 11:40:11][[reload_watcher-a]][info] excel to reload:

[2023-06-06 11:40:11][[reload_watcher-a]][info] file to reload:
./gamelogic/service/world/gift_key.lua
[2023-06-06 11:40:13][[reload_watcher-a]][info] excel to reload:

[2023-06-06 11:40:13][[reload_watcher-a]][info] file to reload:
./gamelogic/service/world/gift_key.lua
[2023-06-06 11:46:36][[game_database-10]][info] SqlQueryCount: 15
[2023-06-06 11:56:36][[game_database-10]][info] SqlQueryCount: 15
