[2023-05-17 22:14:15][[reload_watcher-a]][info] ["reload_watcher:",10]
[2023-05-17 22:14:15][[common_init-c]][info] uuid init<70|27>, tag<1Y_R_>
[2023-05-17 22:14:15][[clusterd-d]][info] connect s2800_cluster_router 117.50.192.198:40301
[2023-05-17 22:14:15][[clusterd-d]][info] ["clusterd start:",13]
[2023-05-17 22:14:15][[clusterd-d]][info] socket accept from ::ffff:117.50.192.198:36134, 5
[2023-05-17 22:14:15][[clusterd-d]][info] clusterd show_self s2800_cluster_router
[2023-05-17 22:14:16][[common_init-c]][info] SqlQueryCount: 5
[2023-05-17 22:14:18][[gamelog-9]][info] ["gamelog start:",9]
[2023-05-17 22:14:18][[game_database-10]][info] gamedb service boot success!
[2023-05-17 22:14:19][[chat-11]][info] ["chat start:",17]
[2023-05-17 22:14:19][[child_marry-12]][info] refresh schema:schema_cross
[2023-05-17 22:14:19][[child_marry-12]][info] ["child_marry start:",18]
[2023-05-17 22:14:19][[salon-13]][info] ["salon start:",19]
[2023-05-17 22:14:19][[party-14]][info] ["party start:",20]
[2023-05-17 22:14:19][[dynasty-15]][info] refresh schema:schema_dynasty
[2023-05-17 22:14:19][[dynasty-15]][info] ["dynasty_mgr_start start:",21]
[2023-05-17 22:14:19][[traitor-16]][info] ["traitor start:",22]
[2023-05-17 22:14:19][[rank-17]][info] ["rank start:",23]
[2023-05-17 22:14:19][[game_database-10]][info] SqlQueryCount: 36
[2023-05-17 22:14:30][[clusterd-d]][info] socket accept from ::ffff:117.50.192.198:36142, 7
[2023-05-17 22:14:30][[clusterd-d]][info] clusterd show_self s55_game
[2023-05-17 22:14:31][[clusterd-d]][info] close socket 7
[2023-05-17 22:14:36][[clusterd-d]][info] socket accept from ::ffff:117.50.192.198:36178, 8
[2023-05-17 22:14:36][[clusterd-d]][info] clusterd show_self s55_dynasty
[2023-05-17 22:14:37][[clusterd-d]][info] socket accept from ::ffff:117.50.192.198:36180, 9
[2023-05-17 22:14:37][[clusterd-d]][info] clusterd show_self s55_game
