[2023-06-08 16:01:44][[reload_watcher-a]][info] excel to reload:

[2023-06-08 16:01:44][[reload_watcher-a]][info] file to reload:
./gamelogic/service/agent/msg_handles/role.lua
[2023-06-08 16:05:51][[reload_watcher-a]][info] excel to reload:

[2023-06-08 16:05:51][[reload_watcher-a]][info] file to reload:
./service/clusterd/clusterd_utils.lua
[2023-06-08 16:05:51][[clusterd-d]][info] reload_mod begin: clusterd_utils <==> ./service/clusterd/clusterd_utils.lua
[2023-06-08 16:06:34][[reload_watcher-a]][info] excel to reload:

[2023-06-08 16:06:34][[reload_watcher-a]][info] file to reload:
./gamelogic/service/agent/meta_table/recharge.lua
[2023-06-08 16:08:33][[reload_watcher-a]][info] excel to reload:

[2023-06-08 16:08:33][[reload_watcher-a]][info] file to reload:
./gamelogic/service/agent/msg_handles/role.lua
[2023-06-08 16:08:36][[reload_watcher-a]][info] excel to reload:

[2023-06-08 16:08:36][[reload_watcher-a]][info] file to reload:
./gamelogic/service/agent/msg_handles/role.lua
[2023-06-08 16:08:38][[reload_watcher-a]][info] excel to reload:

[2023-06-08 16:08:38][[reload_watcher-a]][info] file to reload:
./gamelogic/service/agent/msg_handles/role.lua
[2023-06-08 16:09:26][[reload_watcher-a]][info] excel to reload:

[2023-06-08 16:09:26][[reload_watcher-a]][info] file to reload:
./gamelogic/service/world/lua_handles.lua
[2023-06-08 16:10:19][[reload_watcher-a]][info] excel to reload:

[2023-06-08 16:10:19][[reload_watcher-a]][info] file to reload:
./gamelogic/service/world/lua_handles.lua
[2023-06-08 16:11:26][[reload_watcher-a]][info] excel to reload:

[2023-06-08 16:11:26][[reload_watcher-a]][info] file to reload:
./gamelogic/service/world/lua_handles.lua
[2023-06-08 16:12:36][[reload_watcher-a]][info] excel to reload:

[2023-06-08 16:12:36][[reload_watcher-a]][info] file to reload:
./gamelogic/service/world/lua_handles.lua
[2023-06-08 16:12:39][[reload_watcher-a]][info] excel to reload:

[2023-06-08 16:12:39][[reload_watcher-a]][info] file to reload:
./gamelogic/service/world/lua_handles.lua
[2023-06-08 16:12:48][[reload_watcher-a]][info] excel to reload:

[2023-06-08 16:12:48][[reload_watcher-a]][info] file to reload:
./gamelogic/service/world/lua_handles.lua
[2023-06-08 16:12:50][[reload_watcher-a]][info] excel to reload:

[2023-06-08 16:12:50][[reload_watcher-a]][info] file to reload:
./gamelogic/service/world/lua_handles.lua
[2023-06-08 16:12:54][[reload_watcher-a]][info] excel to reload:

[2023-06-08 16:12:54][[reload_watcher-a]][info] file to reload:
./gamelogic/service/world/lua_handles.lua
[2023-06-08 16:12:55][[reload_watcher-a]][info] excel to reload:

[2023-06-08 16:12:55][[reload_watcher-a]][info] file to reload:
./gamelogic/service/world/lua_handles.lua
[2023-06-08 16:13:04][[reload_watcher-a]][info] excel to reload:

[2023-06-08 16:13:04][[reload_watcher-a]][info] file to reload:
./gamelogic/service/world/lua_handles.lua
[2023-06-08 16:13:12][[reload_watcher-a]][info] excel to reload:

[2023-06-08 16:13:12][[reload_watcher-a]][info] file to reload:
./gamelogic/service/world/lua_handles.lua
[2023-06-08 16:13:14][[reload_watcher-a]][info] excel to reload:

[2023-06-08 16:13:14][[reload_watcher-a]][info] file to reload:
./gamelogic/service/world/lua_handles.lua
[2023-06-08 16:13:15][[reload_watcher-a]][info] excel to reload:

[2023-06-08 16:13:15][[reload_watcher-a]][info] file to reload:
./gamelogic/service/world/lua_handles.lua
[2023-06-08 16:13:17][[reload_watcher-a]][info] excel to reload:

[2023-06-08 16:13:17][[reload_watcher-a]][info] file to reload:
./gamelogic/service/world/lua_handles.lua
[2023-06-08 16:14:22][[reload_watcher-a]][info] excel to reload:

[2023-06-08 16:14:22][[reload_watcher-a]][info] file to reload:
./gamelogic/lualib/schema_world.lua
[2023-06-08 16:15:33][[reload_watcher-a]][info] excel to reload:

[2023-06-08 16:15:33][[reload_watcher-a]][info] file to reload:
./gamelogic/service/world/lua_handles.lua
[2023-06-08 16:15:39][[reload_watcher-a]][info] excel to reload:

[2023-06-08 16:15:39][[reload_watcher-a]][info] file to reload:
./gamelogic/service/world/lua_handles.lua
[2023-06-08 16:15:45][[reload_watcher-a]][info] excel to reload:

[2023-06-08 16:15:45][[reload_watcher-a]][info] file to reload:
./gamelogic/service/world/lua_handles.lua
[2023-06-08 16:15:46][[reload_watcher-a]][info] excel to reload:

[2023-06-08 16:15:46][[reload_watcher-a]][info] file to reload:
./gamelogic/service/world/lua_handles.lua
[2023-06-08 16:15:49][[reload_watcher-a]][info] excel to reload:

[2023-06-08 16:15:49][[reload_watcher-a]][info] file to reload:
./gamelogic/service/world/lua_handles.lua
[2023-06-08 16:15:58][[reload_watcher-a]][info] excel to reload:

[2023-06-08 16:15:58][[reload_watcher-a]][info] file to reload:
./gamelogic/service/agent/msg_handles/role.lua
[2023-06-08 16:19:00][[reload_watcher-a]][info] excel to reload:

[2023-06-08 16:19:00][[reload_watcher-a]][info] file to reload:
./gamelogic/service/agent/msg_handles/role.lua
[2023-06-08 16:19:06][[reload_watcher-a]][info] excel to reload:

[2023-06-08 16:19:06][[reload_watcher-a]][info] file to reload:
./gamelogic/service/agent/msg_handles/role.lua
[2023-06-08 16:19:08][[reload_watcher-a]][info] excel to reload:

[2023-06-08 16:19:08][[reload_watcher-a]][info] file to reload:
./gamelogic/service/agent/msg_handles/role.lua
[2023-06-08 16:19:15][[reload_watcher-a]][info] excel to reload:

[2023-06-08 16:19:15][[reload_watcher-a]][info] file to reload:
./gamelogic/service/agent/msg_handles/role.lua
[2023-06-08 16:19:17][[reload_watcher-a]][info] excel to reload:

[2023-06-08 16:19:17][[reload_watcher-a]][info] file to reload:
./gamelogic/service/agent/msg_handles/role.lua
[2023-06-08 16:19:19][[reload_watcher-a]][info] excel to reload:

[2023-06-08 16:19:19][[reload_watcher-a]][info] file to reload:
./gamelogic/service/agent/msg_handles/role.lua
[2023-06-08 16:19:21][[reload_watcher-a]][info] excel to reload:

[2023-06-08 16:19:21][[reload_watcher-a]][info] file to reload:
./gamelogic/service/agent/msg_handles/role.lua
[2023-06-08 16:19:24][[reload_watcher-a]][info] excel to reload:

[2023-06-08 16:19:24][[reload_watcher-a]][info] file to reload:
./gamelogic/service/agent/msg_handles/role.lua
[2023-06-08 16:19:30][[reload_watcher-a]][info] excel to reload:

[2023-06-08 16:19:30][[reload_watcher-a]][info] file to reload:
./gamelogic/service/agent/msg_handles/role.lua
[2023-06-08 16:19:32][[reload_watcher-a]][info] excel to reload:

[2023-06-08 16:19:32][[reload_watcher-a]][info] file to reload:
./gamelogic/service/agent/msg_handles/role.lua
[2023-06-08 16:19:35][[reload_watcher-a]][info] excel to reload:

[2023-06-08 16:19:35][[reload_watcher-a]][info] file to reload:
./gamelogic/service/agent/msg_handles/role.lua
[2023-06-08 16:19:37][[reload_watcher-a]][info] excel to reload:

[2023-06-08 16:19:37][[reload_watcher-a]][info] file to reload:
./gamelogic/service/agent/msg_handles/role.lua
[2023-06-08 16:19:42][[reload_watcher-a]][info] excel to reload:

[2023-06-08 16:19:42][[reload_watcher-a]][info] file to reload:
./gamelogic/service/agent/msg_handles/role.lua
[2023-06-08 16:19:44][[reload_watcher-a]][info] excel to reload:

[2023-06-08 16:19:44][[reload_watcher-a]][info] file to reload:
./gamelogic/service/agent/msg_handles/role.lua
[2023-06-08 16:19:46][[reload_watcher-a]][info] excel to reload:

[2023-06-08 16:19:46][[reload_watcher-a]][info] file to reload:
./gamelogic/service/agent/msg_handles/role.lua
[2023-06-08 16:19:57][[reload_watcher-a]][info] excel to reload:

[2023-06-08 16:19:57][[reload_watcher-a]][info] file to reload:
./gamelogic/service/agent/msg_handles/role.lua
[2023-06-08 16:22:01][[reload_watcher-a]][info] excel to reload:

[2023-06-08 16:22:01][[reload_watcher-a]][info] file to reload:
./gamelogic/lualib/node_base.lua
[2023-06-08 16:22:01][[login_launcher-8]][info] reload_mod begin: node_base <==> ./gamelogic/lualib/node_base.lua
[2023-06-08 16:22:01][[login-11]][info] reload_mod begin: msg_utils.sproto_msg_utils <==> ./lualib/msg_utils/sproto_msg_utils.lua
[2023-06-08 16:22:01][[login_launcher-8]][info] reload_mod begin: msg_utils.sproto_msg_utils <==> ./lualib/msg_utils/sproto_msg_utils.lua
[2023-06-08 16:22:56][[reload_watcher-a]][info] excel to reload:

[2023-06-08 16:22:56][[reload_watcher-a]][info] file to reload:
./gamelogic/service/agent/msg_handles/role.lua
[2023-06-08 16:23:01][[reload_watcher-a]][info] excel to reload:

[2023-06-08 16:23:01][[reload_watcher-a]][info] file to reload:
./gamelogic/service/agent/msg_handles/role.lua
[2023-06-08 16:23:07][[reload_watcher-a]][info] excel to reload:

[2023-06-08 16:23:07][[reload_watcher-a]][info] file to reload:
./gamelogic/service/agent/msg_handles/role.lua
[2023-06-08 16:24:02][[reload_watcher-a]][info] excel to reload:

[2023-06-08 16:24:02][[reload_watcher-a]][info] file to reload:
./gamelogic/service/agent/msg_handles/role.lua
[2023-06-08 16:24:42][[reload_watcher-a]][info] excel to reload:

[2023-06-08 16:24:42][[reload_watcher-a]][info] file to reload:
./gamelogic/service/agent/msg_handles/role.lua
[2023-06-08 16:28:19][[reload_watcher-a]][info] ["reload_watcher:",10]
[2023-06-08 16:28:19][[common_init-c]][info] uuid init<2810|15>, tag<262_F_>
[2023-06-08 16:28:19][[clusterd-d]][info] connect s2800_cluster_router 117.50.193.85:40301
[2023-06-08 16:28:19][[clusterd-d]][info] ["clusterd start:",13]
[2023-06-08 16:28:19][[clusterd-d]][info] socket accept from ::ffff:117.50.193.85:61506, 5
[2023-06-08 16:28:19][[clusterd-d]][info] clusterd show_self s2800_cluster_router
[2023-06-08 16:28:20][[common_init-c]][info] SqlQueryCount: 5
[2023-06-08 16:28:22][[gamelog-9]][info] ["gamelog start:",9]
[2023-06-08 16:28:23][[game_database-10]][info] gamedb service boot success!
[2023-06-08 16:28:23][[login-11]][info] refresh schema:schema_login
[2023-06-08 16:28:24][[game_database-10]][info] SqlQueryCount: 4
[2023-06-08 16:33:45][[reload_watcher-a]][info] excel to reload:

[2023-06-08 16:33:45][[reload_watcher-a]][info] file to reload:
./gamelogic/service/world/lua_handles.lua
[2023-06-08 16:33:54][[reload_watcher-a]][info] excel to reload:

[2023-06-08 16:33:54][[reload_watcher-a]][info] file to reload:
./gamelogic/service/world/lua_handles.lua
[2023-06-08 16:34:00][[reload_watcher-a]][info] excel to reload:

[2023-06-08 16:34:00][[reload_watcher-a]][info] file to reload:
./gamelogic/service/world/lua_handles.lua
[2023-06-08 16:34:04][[reload_watcher-a]][info] excel to reload:

[2023-06-08 16:34:04][[reload_watcher-a]][info] file to reload:
./gamelogic/service/world/lua_handles.lua
[2023-06-08 16:34:10][[reload_watcher-a]][info] excel to reload:

[2023-06-08 16:34:10][[reload_watcher-a]][info] file to reload:
./gamelogic/service/world/lua_handles.lua
[2023-06-08 16:34:16][[reload_watcher-a]][info] excel to reload:

[2023-06-08 16:34:16][[reload_watcher-a]][info] file to reload:
./gamelogic/service/world/lua_handles.lua
[2023-06-08 16:34:18][[reload_watcher-a]][info] excel to reload:

[2023-06-08 16:34:18][[reload_watcher-a]][info] file to reload:
./gamelogic/service/world/lua_handles.lua
[2023-06-08 16:34:21][[reload_watcher-a]][info] excel to reload:

[2023-06-08 16:34:21][[reload_watcher-a]][info] file to reload:
./gamelogic/service/world/lua_handles.lua
[2023-06-08 16:36:37][[reload_watcher-a]][info] excel to reload:

[2023-06-08 16:36:37][[reload_watcher-a]][info] file to reload:
./gamelogic/service/world/lua_handles.lua
[2023-06-08 16:38:53][[reload_watcher-a]][info] excel to reload:

[2023-06-08 16:38:53][[reload_watcher-a]][info] file to reload:
./gamelogic/service/world/lua_handles.lua
[2023-06-08 16:39:05][[reload_watcher-a]][info] excel to reload:

[2023-06-08 16:39:05][[reload_watcher-a]][info] file to reload:
./gamelogic/service/world/lua_handles.lua
[2023-06-08 16:39:14][[reload_watcher-a]][info] excel to reload:

[2023-06-08 16:39:14][[reload_watcher-a]][info] file to reload:
./gamelogic/service/world/lua_handles.lua
[2023-06-08 16:39:22][[reload_watcher-a]][info] excel to reload:

[2023-06-08 16:39:22][[reload_watcher-a]][info] file to reload:
./gamelogic/service/world/lua_handles.lua
[2023-06-08 16:39:37][[reload_watcher-a]][info] excel to reload:

[2023-06-08 16:39:37][[reload_watcher-a]][info] file to reload:
./gamelogic/service/agent/msg_handles/role.lua
[2023-06-08 16:39:42][[reload_watcher-a]][info] excel to reload:

[2023-06-08 16:39:42][[reload_watcher-a]][info] file to reload:
./gamelogic/service/agent/msg_handles/role.lua
[2023-06-08 16:40:17][[reload_watcher-a]][info] excel to reload:

[2023-06-08 16:40:17][[reload_watcher-a]][info] file to reload:
./gamelogic/service/agent/msg_handles/role.lua
[2023-06-08 16:41:32][[reload_watcher-a]][info] excel to reload:

[2023-06-08 16:41:32][[reload_watcher-a]][info] file to reload:
./gamelogic/service/agent/msg_handles/role.lua
[2023-06-08 16:41:49][[reload_watcher-a]][info] excel to reload:

[2023-06-08 16:41:49][[reload_watcher-a]][info] file to reload:
./gamelogic/service/agent/msg_handles/role.lua
[2023-06-08 16:41:50][[reload_watcher-a]][info] excel to reload:

[2023-06-08 16:41:50][[reload_watcher-a]][info] file to reload:
./gamelogic/service/agent/msg_handles/role.lua
[2023-06-08 16:54:52][[reload_watcher-a]][info] excel to reload:

[2023-06-08 16:54:52][[reload_watcher-a]][info] file to reload:
./gamelogic/service/agent/msg_handles/role.lua
[2023-06-08 16:54:53][[reload_watcher-a]][info] excel to reload:

[2023-06-08 16:54:53][[reload_watcher-a]][info] file to reload:
./gamelogic/service/agent/msg_handles/role.lua
